#
# There is insufficient memory for the Java Runtime Environment to continue.
# Native memory allocation (malloc) failed to allocate 483616 bytes for Chunk::new
# Possible reasons:
#   The system is out of physical RAM or swap space
#   The process is running with CompressedOops enabled, and the Java Heap may be blocking the growth of the native heap
# Possible solutions:
#   Reduce memory load on the system
#   Increase physical memory or swap space
#   Check if swap backing store is full
#   Decrease Java heap size (-Xmx/-Xms)
#   Decrease number of Java threads
#   Decrease Java thread stack sizes (-Xss)
#   Set larger code cache with -XX:ReservedCodeCacheSize=
#   JVM is running with Unscaled Compressed Oops mode in which the Java heap is
#     placed in the first 4GB address space. The Java Heap base address is the
#     maximum limit for the native heap growth. Please use -XX:HeapBaseMinAddress
#     to set the Java Heap base and to place the Java Heap above 4GB virtual address.
# This output file may be truncated or incomplete.
#
#  Out of Memory Error (allocation.cpp:389), pid=75188, tid=0x0000000000012584
#
# JRE version: OpenJDK Runtime Environment (8.0_242-b01) (build 1.8.0_242-release-1644-b01)
# Java VM: OpenJDK 64-Bit Server VM (25.242-b01 mixed mode windows-amd64 compressed oops)
# Failed to write core dump. Minidumps are not enabled by default on client versions of Windows
#

---------------  T H R E A D  ---------------

Current thread (0x0000000017af5000):  JavaThread "C2 CompilerThread1" daemon [_thread_in_native, id=75140, stack(0x0000000019700000,0x0000000019800000)]

Stack: [0x0000000019700000,0x0000000019800000]
[error occurred during error reporting (printing stack bounds), id 0xc0000005]

Native frames: (J=compiled Java code, j=interpreted, Vv=VM code, C=native code)


Current CompileTask:
C2:  13630 5418       4       org.objectweb.asm.tree.MethodNode::accept (874 bytes)


---------------  P R O C E S S  ---------------

Java Threads: ( => current thread )
  0x000000001c35d800 JavaThread "Java2D Disposer" daemon [_thread_blocked, id=74916, stack(0x000000001cc60000,0x000000001cd60000)]
  0x000000001ba9c000 JavaThread "SDK 28 Main Thread" [_thread_in_Java, id=73924, stack(0x000000001b610000,0x000000001b710000)]
  0x00000000191b3000 JavaThread "Service Thread" daemon [_thread_blocked, id=75624, stack(0x0000000019900000,0x0000000019a00000)]
  0x0000000017af6000 JavaThread "C1 CompilerThread2" daemon [_thread_blocked, id=74792, stack(0x0000000019800000,0x0000000019900000)]
=>0x0000000017af5000 JavaThread "C2 CompilerThread1" daemon [_thread_in_native, id=75140, stack(0x0000000019700000,0x0000000019800000)]
  0x0000000017af0800 JavaThread "C2 CompilerThread0" daemon [_thread_in_native, id=75068, stack(0x0000000019600000,0x0000000019700000)]
  0x0000000019143000 JavaThread "Monitor Ctrl-Break" daemon [_thread_in_native, id=75092, stack(0x0000000019500000,0x0000000019600000)]
  0x0000000017ac5800 JavaThread "Attach Listener" daemon [_thread_blocked, id=75104, stack(0x0000000019000000,0x0000000019100000)]
  0x0000000017ac4800 JavaThread "Signal Dispatcher" daemon [_thread_blocked, id=73896, stack(0x0000000018f00000,0x0000000019000000)]
  0x0000000017aa3800 JavaThread "Finalizer" daemon [_thread_blocked, id=71464, stack(0x0000000018d00000,0x0000000018e00000)]
  0x0000000002d8d000 JavaThread "Reference Handler" daemon [_thread_blocked, id=73960, stack(0x0000000018c00000,0x0000000018d00000)]
  0x0000000002c99800 JavaThread "main" [_thread_blocked, id=7524, stack(0x0000000002b40000,0x0000000002c40000)]

Other Threads:
  0x0000000017a76800 VMThread [stack: 0x0000000018b00000,0x0000000018c00000] [id=5796]
  0x00000000191b6800 WatcherThread [stack: 0x0000000019a00000,0x0000000019b00000] [id=75464]

VM state:not at safepoint (normal execution)

VM Mutex/Monitor currently owned by a thread: None

heap address: 0x0000000081800000, size: 2024 MB, Compressed Oops mode: 32-bit
Narrow klass base: 0x0000000000000000, Narrow klass shift: 3
Compressed class space size: 1073741824 Address: 0x0000000100000000

Heap:
 PSYoungGen      total 328192K, used 236198K [0x00000000d5d80000, 0x00000000f3880000, 0x0000000100000000)
  eden space 314880K, 71% used [0x00000000d5d80000,0x00000000e3a1e0e8,0x00000000e9100000)
  from space 13312K, 77% used [0x00000000e9100000,0x00000000e9b0b948,0x00000000e9e00000)
  to   space 14336K, 0% used [0x00000000f2a80000,0x00000000f2a80000,0x00000000f3880000)
 ParOldGen       total 151040K, used 53262K [0x0000000081800000, 0x000000008ab80000, 0x00000000d5d80000)
  object space 151040K, 35% used [0x0000000081800000,0x0000000084c03958,0x000000008ab80000)
 Metaspace       used 52482K, capacity 58630K, committed 58968K, reserved 1099776K
  class space    used 6007K, capacity 7952K, committed 8064K, reserved 1048576K

Card table byte_map: [0x0000000012320000,0x0000000012720000] byte_map_base: 0x0000000011f14000

Marking Bits: (ParMarkBitMap*) 0x000000007169f030
 Begin Bits: [0x0000000012dd0000, 0x0000000014d70000)
 End Bits:   [0x0000000014d70000, 0x0000000016d10000)

Polling page: 0x0000000000e30000

CodeCache: size=245760Kb used=15581Kb max_used=15583Kb free=230178Kb
 bounds [0x0000000002f60000, 0x0000000003eb0000, 0x0000000011f60000]
 total_blobs=6091 nmethods=4884 adapters=1120
 compilation: enabled

Compilation events (10 events):
Event: 13.582 Thread 0x0000000017af6000 5420       3       java.lang.invoke.DirectMethodHandle::checkBase (7 bytes)
Event: 13.582 Thread 0x0000000017af6000 nmethod 5420 0x0000000003e97d90 code [0x0000000003e97ee0, 0x0000000003e980b0]
Event: 13.588 Thread 0x0000000017af5000 nmethod 5417 0x0000000003ea3510 code [0x0000000003ea36c0, 0x0000000003ea4888]
Event: 13.588 Thread 0x0000000017af5000 5418       4       org.objectweb.asm.tree.MethodNode::accept (874 bytes)
Event: 13.614 Thread 0x0000000017af6000 5432       3       sun.reflect.NativeConstructorAccessorImpl::<init> (10 bytes)
Event: 13.615 Thread 0x0000000017af6000 nmethod 5432 0x0000000003e955d0 code [0x0000000003e95740, 0x0000000003e959d0]
Event: 13.615 Thread 0x0000000017af6000 5433       3       sun.reflect.DelegatingConstructorAccessorImpl::<init> (10 bytes)
Event: 13.615 Thread 0x0000000017af6000 nmethod 5433 0x0000000003e95010 code [0x0000000003e95180, 0x0000000003e95470]
Event: 13.615 Thread 0x0000000017af6000 5434       3       sun.reflect.NativeConstructorAccessorImpl::setParent (6 bytes)
Event: 13.615 Thread 0x0000000017af6000 nmethod 5434 0x0000000003e94cd0 code [0x0000000003e94e20, 0x0000000003e94f90]

GC Heap History (10 events):
Event: 8.111 GC heap before
{Heap before GC invocations=14 (full 2):
 PSYoungGen      total 219648K, used 212212K [0x00000000d5d80000, 0x00000000e6a80000, 0x0000000100000000)
  eden space 207872K, 100% used [0x00000000d5d80000,0x00000000e2880000,0x00000000e2880000)
  from space 11776K, 36% used [0x00000000e2880000,0x00000000e2cbd218,0x00000000e3400000)
  to   space 11776K, 0% used [0x00000000e5f00000,0x00000000e5f00000,0x00000000e6a80000)
 ParOldGen       total 140288K, used 44768K [0x0000000081800000, 0x000000008a100000, 0x00000000d5d80000)
  object space 140288K, 31% used [0x0000000081800000,0x00000000843b8358,0x000000008a100000)
 Metaspace       used 33001K, capacity 36129K, committed 36352K, reserved 1081344K
  class space    used 3500K, capacity 4506K, committed 4608K, reserved 1048576K
Event: 8.124 GC heap after
Heap after GC invocations=14 (full 2):
 PSYoungGen      total 264192K, used 5997K [0x00000000d5d80000, 0x00000000e7700000, 0x0000000100000000)
  eden space 252416K, 0% used [0x00000000d5d80000,0x00000000d5d80000,0x00000000e5400000)
  from space 11776K, 50% used [0x00000000e5f00000,0x00000000e64db7d0,0x00000000e6a80000)
  to   space 11264K, 0% used [0x00000000e5400000,0x00000000e5400000,0x00000000e5f00000)
 ParOldGen       total 140288K, used 46669K [0x0000000081800000, 0x000000008a100000, 0x00000000d5d80000)
  object space 140288K, 33% used [0x0000000081800000,0x0000000084593778,0x000000008a100000)
 Metaspace       used 33001K, capacity 36129K, committed 36352K, reserved 1081344K
  class space    used 3500K, capacity 4506K, committed 4608K, reserved 1048576K
}
Event: 10.002 GC heap before
{Heap before GC invocations=15 (full 2):
 PSYoungGen      total 264192K, used 258413K [0x00000000d5d80000, 0x00000000e7700000, 0x0000000100000000)
  eden space 252416K, 100% used [0x00000000d5d80000,0x00000000e5400000,0x00000000e5400000)
  from space 11776K, 50% used [0x00000000e5f00000,0x00000000e64db7d0,0x00000000e6a80000)
  to   space 11264K, 0% used [0x00000000e5400000,0x00000000e5400000,0x00000000e5f00000)
 ParOldGen       total 140288K, used 46669K [0x0000000081800000, 0x000000008a100000, 0x00000000d5d80000)
  object space 140288K, 33% used [0x0000000081800000,0x0000000084593778,0x000000008a100000)
 Metaspace       used 39956K, capacity 44317K, committed 44376K, reserved 1087488K
  class space    used 4372K, capacity 5757K, committed 5760K, reserved 1048576K
Event: 10.018 GC heap after
Heap after GC invocations=15 (full 2):
 PSYoungGen      total 263680K, used 11238K [0x00000000d5d80000, 0x00000000eaa80000, 0x0000000100000000)
  eden space 252416K, 0% used [0x00000000d5d80000,0x00000000d5d80000,0x00000000e5400000)
  from space 11264K, 99% used [0x00000000e5400000,0x00000000e5ef99e8,0x00000000e5f00000)
  to   space 12800K, 0% used [0x00000000e9e00000,0x00000000e9e00000,0x00000000eaa80000)
 ParOldGen       total 140288K, used 48192K [0x0000000081800000, 0x000000008a100000, 0x00000000d5d80000)
  object space 140288K, 34% used [0x0000000081800000,0x00000000847101b8,0x000000008a100000)
 Metaspace       used 39956K, capacity 44317K, committed 44376K, reserved 1087488K
  class space    used 4372K, capacity 5757K, committed 5760K, reserved 1048576K
}
Event: 10.026 GC heap before
{Heap before GC invocations=16 (full 2):
 PSYoungGen      total 263680K, used 17871K [0x00000000d5d80000, 0x00000000eaa80000, 0x0000000100000000)
  eden space 252416K, 2% used [0x00000000d5d80000,0x00000000d63fa460,0x00000000e5400000)
  from space 11264K, 99% used [0x00000000e5400000,0x00000000e5ef99e8,0x00000000e5f00000)
  to   space 12800K, 0% used [0x00000000e9e00000,0x00000000e9e00000,0x00000000eaa80000)
 ParOldGen       total 140288K, used 48192K [0x0000000081800000, 0x000000008a100000, 0x00000000d5d80000)
  object space 140288K, 34% used [0x0000000081800000,0x00000000847101b8,0x000000008a100000)
 Metaspace       used 39985K, capacity 44317K, committed 44376K, reserved 1087488K
  class space    used 4372K, capacity 5757K, committed 5760K, reserved 1048576K
Event: 10.039 GC heap after
Heap after GC invocations=16 (full 2):
 PSYoungGen      total 327680K, used 184K [0x00000000d5d80000, 0x00000000ee900000, 0x0000000100000000)
  eden space 314880K, 0% used [0x00000000d5d80000,0x00000000d5d80000,0x00000000e9100000)
  from space 12800K, 1% used [0x00000000e9e00000,0x00000000e9e2e0c0,0x00000000eaa80000)
  to   space 13312K, 0% used [0x00000000e9100000,0x00000000e9100000,0x00000000e9e00000)
 ParOldGen       total 140288K, used 57521K [0x0000000081800000, 0x000000008a100000, 0x00000000d5d80000)
  object space 140288K, 41% used [0x0000000081800000,0x000000008502c6c0,0x000000008a100000)
 Metaspace       used 39985K, capacity 44317K, committed 44376K, reserved 1087488K
  class space    used 4372K, capacity 5757K, committed 5760K, reserved 1048576K
}
Event: 10.039 GC heap before
{Heap before GC invocations=17 (full 3):
 PSYoungGen      total 327680K, used 184K [0x00000000d5d80000, 0x00000000ee900000, 0x0000000100000000)
  eden space 314880K, 0% used [0x00000000d5d80000,0x00000000d5d80000,0x00000000e9100000)
  from space 12800K, 1% used [0x00000000e9e00000,0x00000000e9e2e0c0,0x00000000eaa80000)
  to   space 13312K, 0% used [0x00000000e9100000,0x00000000e9100000,0x00000000e9e00000)
 ParOldGen       total 140288K, used 57521K [0x0000000081800000, 0x000000008a100000, 0x00000000d5d80000)
  object space 140288K, 41% used [0x0000000081800000,0x000000008502c6c0,0x000000008a100000)
 Metaspace       used 39985K, capacity 44317K, committed 44376K, reserved 1087488K
  class space    used 4372K, capacity 5757K, committed 5760K, reserved 1048576K
Event: 10.279 GC heap after
Heap after GC invocations=17 (full 3):
 PSYoungGen      total 327680K, used 0K [0x00000000d5d80000, 0x00000000ee900000, 0x0000000100000000)
  eden space 314880K, 0% used [0x00000000d5d80000,0x00000000d5d80000,0x00000000e9100000)
  from space 12800K, 0% used [0x00000000e9e00000,0x00000000e9e00000,0x00000000eaa80000)
  to   space 13312K, 0% used [0x00000000e9100000,0x00000000e9100000,0x00000000e9e00000)
 ParOldGen       total 151040K, used 53254K [0x0000000081800000, 0x000000008ab80000, 0x00000000d5d80000)
  object space 151040K, 35% used [0x0000000081800000,0x0000000084c01958,0x000000008ab80000)
 Metaspace       used 39985K, capacity 44317K, committed 44376K, reserved 1087488K
  class space    used 4372K, capacity 5757K, committed 5760K, reserved 1048576K
}
Event: 12.207 GC heap before
{Heap before GC invocations=18 (full 3):
 PSYoungGen      total 327680K, used 314880K [0x00000000d5d80000, 0x00000000ee900000, 0x0000000100000000)
  eden space 314880K, 100% used [0x00000000d5d80000,0x00000000e9100000,0x00000000e9100000)
  from space 12800K, 0% used [0x00000000e9e00000,0x00000000e9e00000,0x00000000eaa80000)
  to   space 13312K, 0% used [0x00000000e9100000,0x00000000e9100000,0x00000000e9e00000)
 ParOldGen       total 151040K, used 53254K [0x0000000081800000, 0x000000008ab80000, 0x00000000d5d80000)
  object space 151040K, 35% used [0x0000000081800000,0x0000000084c01958,0x000000008ab80000)
 Metaspace       used 47529K, capacity 53136K, committed 53336K, reserved 1095680K
  class space    used 5506K, capacity 7269K, committed 7296K, reserved 1048576K
Event: 12.222 GC heap after
Heap after GC invocations=18 (full 3):
 PSYoungGen      total 328192K, used 10286K [0x00000000d5d80000, 0x00000000f3880000, 0x0000000100000000)
  eden space 314880K, 0% used [0x00000000d5d80000,0x00000000d5d80000,0x00000000e9100000)
  from space 13312K, 77% used [0x00000000e9100000,0x00000000e9b0b948,0x00000000e9e00000)
  to   space 14336K, 0% used [0x00000000f2a80000,0x00000000f2a80000,0x00000000f3880000)
 ParOldGen       total 151040K, used 53262K [0x0000000081800000, 0x000000008ab80000, 0x00000000d5d80000)
  object space 151040K, 35% used [0x0000000081800000,0x0000000084c03958,0x000000008ab80000)
 Metaspace       used 47529K, capacity 53136K, committed 53336K, reserved 1095680K
  class space    used 5506K, capacity 7269K, committed 7296K, reserved 1048576K
}

Deoptimization events (10 events):
Event: 12.955 Thread 0x000000001ba9c000 Uncommon trap: reason=bimorphic action=maybe_recompile pc=0x0000000003940d7c method=java.util.AbstractList$Itr.next()Ljava/lang/Object; @ 14
Event: 12.961 Thread 0x000000001ba9c000 Uncommon trap: reason=bimorphic action=maybe_recompile pc=0x0000000003940d7c method=java.util.AbstractList$Itr.next()Ljava/lang/Object; @ 14
Event: 12.961 Thread 0x000000001ba9c000 Uncommon trap: reason=bimorphic action=maybe_recompile pc=0x0000000003940d7c method=java.util.AbstractList$Itr.next()Ljava/lang/Object; @ 14
Event: 12.961 Thread 0x000000001ba9c000 Uncommon trap: reason=bimorphic action=maybe_recompile pc=0x0000000003940d7c method=java.util.AbstractList$Itr.next()Ljava/lang/Object; @ 14
Event: 12.962 Thread 0x000000001ba9c000 Uncommon trap: reason=unstable_if action=reinterpret pc=0x000000000367d708 method=org.objectweb.asm.ClassReader.readCode(Lorg/objectweb/asm/MethodVisitor;Lorg/objectweb/asm/Context;I)V @ 1778
Event: 12.962 Thread 0x000000001ba9c000 Uncommon trap: reason=unstable_if action=reinterpret pc=0x0000000003bd7b38 method=org.objectweb.asm.ClassReader.readElementValues(Lorg/objectweb/asm/AnnotationVisitor;IZ[C)I @ 78
Event: 12.963 Thread 0x000000001ba9c000 Uncommon trap: reason=unstable_if action=reinterpret pc=0x00000000032d6d2c method=org.objectweb.asm.tree.MethodNode.accept(Lorg/objectweb/asm/MethodVisitor;)V @ 760
Event: 13.128 Thread 0x000000001ba9c000 Uncommon trap: reason=unstable_if action=reinterpret pc=0x0000000003a707d4 method=java.util.regex.Pattern.atom()Ljava/util/regex/Pattern$Node; @ 255
Event: 13.435 Thread 0x000000001ba9c000 Uncommon trap: reason=unstable_if action=reinterpret pc=0x0000000003744274 method=org.objectweb.asm.SymbolTable.addConstantUtf8Reference(ILjava/lang/String;)Lorg/objectweb/asm/Symbol; @ 45
Event: 13.435 Thread 0x000000001ba9c000 Uncommon trap: reason=unstable_if action=reinterpret pc=0x0000000003716c90 method=org.objectweb.asm.ByteVector.putUTF8(Ljava/lang/String;)Lorg/objectweb/asm/ByteVector; @ 93

Classes redefined (0 events):
No events

Internal exceptions (10 events):
Event: 6.030 Thread 0x000000001ba9c000 Exception <a 'java/security/PrivilegedActionException'> (0x00000000d5fb01b0) thrown at [C:\src\AOSP-openjdk-git\hotspot\src\share\vm\prims\jvm.cpp, line 1502]
Event: 6.030 Thread 0x000000001ba9c000 Exception <a 'java/security/PrivilegedActionException'> (0x00000000d5fb05a8) thrown at [C:\src\AOSP-openjdk-git\hotspot\src\share\vm\prims\jvm.cpp, line 1502]
Event: 7.420 Thread 0x000000001ba9c000 Exception <a 'sun/nio/fs/WindowsException'> (0x00000000dae9f8d0) thrown at [C:\src\AOSP-openjdk-git\hotspot\src\share\vm\prims\jni.cpp, line 710]
Event: 8.186 Thread 0x000000001ba9c000 Exception <a 'java/lang/NoSuchFieldError': method resolution failed> (0x00000000d62dfac8) thrown at [C:\src\AOSP-openjdk-git\hotspot\src\share\vm\prims\methodHandles.cpp, line 1167]
Event: 10.506 Thread 0x000000001ba9c000 Exception <a 'java/lang/NoSuchFieldError': method resolution failed> (0x00000000d7823b00) thrown at [C:\src\AOSP-openjdk-git\hotspot\src\share\vm\prims\methodHandles.cpp, line 1167]
Event: 11.439 Thread 0x000000001ba9c000 Exception <a 'java/io/FileNotFoundException'> (0x00000000e2774908) thrown at [C:\src\AOSP-openjdk-git\hotspot\src\share\vm\prims\jni.cpp, line 710]
Event: 11.520 Thread 0x000000001ba9c000 Implicit null exception at 0x0000000003211ed5 to 0x00000000032120ad
Event: 12.814 Thread 0x000000001ba9c000 Exception <a 'java/lang/reflect/InvocationTargetException'> (0x00000000dc4a3b78) thrown at [C:\src\AOSP-openjdk-git\hotspot\src\share\vm\runtime\reflection.cpp, line 1092]
Event: 12.814 Thread 0x000000001ba9c000 Exception <a 'java/lang/AssertionError'> (0x00000000dc4a3970) thrown at [C:\src\AOSP-openjdk-git\hotspot\src\share\vm\prims\jni.cpp, line 710]
Event: 12.962 Thread 0x000000001ba9c000 Implicit null exception at 0x0000000003bd7a57 to 0x0000000003bd7b25

Events (10 events):
Event: 13.622 loading class android/media/IVolumeController
Event: 13.622 loading class android/media/IVolumeController done
Event: 13.623 loading class android/media/audiopolicy/AudioPolicyConfig
Event: 13.623 loading class android/media/audiopolicy/AudioPolicyConfig done
Event: 13.626 loading class android/media/IRingtonePlayer
Event: 13.626 loading class android/media/IRingtonePlayer done
Event: 13.626 loading class android/media/PlayerBase$PlayerIdCard
Event: 13.626 loading class android/media/PlayerBase$PlayerIdCard done
Event: 13.627 loading class android/media/IAudioRoutesObserver
Event: 13.627 loading class android/media/IAudioRoutesObserver done


Dynamic libraries:
0x00007ff6e20b0000 - 0x00007ff6e20e1000 	C:\Program Files\Android\Android Studio\jre\bin\java.exe
0x00007fff93090000 - 0x00007fff93286000 	C:\WINDOWS\SYSTEM32\ntdll.dll
0x00007fff92730000 - 0x00007fff927ed000 	C:\WINDOWS\System32\KERNEL32.DLL
0x00007fff90c30000 - 0x00007fff90ef8000 	C:\WINDOWS\System32\KERNELBASE.dll
0x00007fff92890000 - 0x00007fff9293a000 	C:\WINDOWS\System32\ADVAPI32.dll
0x00007fff92ab0000 - 0x00007fff92b4e000 	C:\WINDOWS\System32\msvcrt.dll
0x00007fff91180000 - 0x00007fff9121b000 	C:\WINDOWS\System32\sechost.dll
0x00007fff91690000 - 0x00007fff917b4000 	C:\WINDOWS\System32\RPCRT4.dll
0x00007fff92400000 - 0x00007fff925a0000 	C:\WINDOWS\System32\USER32.dll
0x00007fff910d0000 - 0x00007fff910f2000 	C:\WINDOWS\System32\win32u.dll
0x00007fff92a20000 - 0x00007fff92a4a000 	C:\WINDOWS\System32\GDI32.dll
0x00007fff90a40000 - 0x00007fff90b49000 	C:\WINDOWS\System32\gdi32full.dll
0x00007fff90f00000 - 0x00007fff90f9d000 	C:\WINDOWS\System32\msvcp_win.dll
0x00007fff90fa0000 - 0x00007fff910a0000 	C:\WINDOWS\System32\ucrtbase.dll
0x00007fff8fc00000 - 0x00007fff8fe9b000 	C:\WINDOWS\WinSxS\amd64_microsoft.windows.common-controls_6595b64144ccf1df_6.0.19041.488_none_ca04af081b815d21\COMCTL32.dll
0x00007fff92860000 - 0x00007fff92890000 	C:\WINDOWS\System32\IMM32.DLL
0x0000000071960000 - 0x0000000071a32000 	C:\Program Files\Android\Android Studio\jre\jre\bin\msvcr100.dll
0x0000000070ed0000 - 0x000000007171b000 	C:\Program Files\Android\Android Studio\jre\jre\bin\server\jvm.dll
0x00007fff92850000 - 0x00007fff92858000 	C:\WINDOWS\System32\PSAPI.DLL
0x00007fff89040000 - 0x00007fff89067000 	C:\WINDOWS\SYSTEM32\WINMM.dll
0x00007fff89070000 - 0x00007fff8907a000 	C:\WINDOWS\SYSTEM32\VERSION.dll
0x00007fff8b7b0000 - 0x00007fff8b7b9000 	C:\WINDOWS\SYSTEM32\WSOCK32.dll
0x00007fff925a0000 - 0x00007fff9260b000 	C:\WINDOWS\System32\WS2_32.dll
0x00007fff8b7a0000 - 0x00007fff8b7af000 	C:\Program Files\Android\Android Studio\jre\jre\bin\verify.dll
0x00007fff5e000000 - 0x00007fff5e029000 	C:\Program Files\Android\Android Studio\jre\jre\bin\java.dll
0x00007fff80a30000 - 0x00007fff80a53000 	C:\Program Files\Android\Android Studio\jre\jre\bin\instrument.dll
0x00007fff5ee90000 - 0x00007fff5eea6000 	C:\Program Files\Android\Android Studio\jre\jre\bin\zip.dll
0x00007fff91890000 - 0x00007fff91fd0000 	C:\WINDOWS\System32\SHELL32.dll
0x00007fff8e2d0000 - 0x00007fff8ea64000 	C:\WINDOWS\SYSTEM32\windows.storage.dll
0x00007fff912d0000 - 0x00007fff91625000 	C:\WINDOWS\System32\combase.dll
0x00007fff8fb60000 - 0x00007fff8fb8c000 	C:\WINDOWS\SYSTEM32\Wldp.dll
0x00007fff92940000 - 0x00007fff929ee000 	C:\WINDOWS\System32\SHCORE.dll
0x00007fff927f0000 - 0x00007fff92845000 	C:\WINDOWS\System32\shlwapi.dll
0x00007fff90710000 - 0x00007fff90736000 	C:\WINDOWS\SYSTEM32\profapi.dll
0x00007fff90190000 - 0x00007fff901aa000 	C:\Program Files\Android\Android Studio\bin\breakgen64.dll
0x00007fff5d1e0000 - 0x00007fff5d1fa000 	C:\Program Files\Android\Android Studio\jre\jre\bin\net.dll
0x00007fff8f900000 - 0x00007fff8f96a000 	C:\WINDOWS\system32\mswsock.dll
0x00007fff5c310000 - 0x00007fff5c323000 	C:\Program Files\Android\Android Studio\jre\jre\bin\nio.dll
0x00007fff90570000 - 0x00007fff90588000 	C:\WINDOWS\SYSTEM32\CRYPTSP.dll
0x00007fff8f290000 - 0x00007fff8f2c4000 	C:\WINDOWS\system32\rsaenh.dll
0x00007fff910a0000 - 0x00007fff910c7000 	C:\WINDOWS\System32\bcrypt.dll
0x00007fff90690000 - 0x00007fff906be000 	C:\WINDOWS\SYSTEM32\USERENV.dll
0x00007fff90b50000 - 0x00007fff90bcf000 	C:\WINDOWS\System32\bcryptprimitives.dll
0x00007fff8fad0000 - 0x00007fff8fadc000 	C:\WINDOWS\SYSTEM32\CRYPTBASE.dll
0x00007fff8f5f0000 - 0x00007fff8f62b000 	C:\WINDOWS\SYSTEM32\IPHLPAPI.DLL
0x00007fff92a10000 - 0x00007fff92a19000 	C:\WINDOWS\System32\NSI.dll
0x00007fff806a0000 - 0x00007fff806b7000 	C:\WINDOWS\SYSTEM32\dhcpcsvc6.DLL
0x00007fff80f40000 - 0x00007fff80f5d000 	C:\WINDOWS\SYSTEM32\dhcpcsvc.DLL
0x00007fff8f630000 - 0x00007fff8f6fb000 	C:\WINDOWS\SYSTEM32\DNSAPI.dll
0x00007fff548f0000 - 0x00007fff54914000 	C:\Program Files\Android\Android Studio\jre\jre\bin\sunec.dll
0x00007fff7e600000 - 0x00007fff7e60b000 	C:\Program Files\Android\Android Studio\jre\jre\bin\sunmscapi.dll
0x00007fff907e0000 - 0x00007fff9093d000 	C:\WINDOWS\System32\CRYPT32.dll
0x00007fff3ebd0000 - 0x00007fff3ed6c000 	C:\Program Files\Android\Android Studio\jre\jre\bin\awt.dll
0x00007fff917c0000 - 0x00007fff9188d000 	C:\WINDOWS\System32\OLEAUT32.dll
0x00007fff8dec0000 - 0x00007fff8deef000 	C:\WINDOWS\SYSTEM32\dwmapi.dll
0x00007fff8c100000 - 0x00007fff8c6c0000 	C:\WINDOWS\SYSTEM32\d2d1.dll
0x00007fff8dc00000 - 0x00007fff8dc90000 	C:\WINDOWS\SYSTEM32\apphelp.dll

VM Arguments:
jvm_args: -ea -Didea.test.cyclic.buffer.size=1048576 -javaagent:C:\Program Files\Android\Android Studio\lib\idea_rt.jar=51815:C:\Program Files\Android\Android Studio\bin -Dfile.encoding=UTF-8 
java_command: com.intellij.rt.junit.JUnitStarter -ideVersion5 -junit4 org.aplas.soccermatch.TestB3MultiActivities041
java_class_path (initial): C:\Program Files\Android\Android Studio\lib\idea_rt.jar;C:\Program Files\Android\Android Studio\plugins\junit\lib\junit5-rt.jar;C:\Program Files\Android\Android Studio\plugins\junit\lib\junit-rt.jar;C:\Users\Encrypted\AppData\Local\Android\Sdk\platforms\android-28\data\res;D:\Kuliah\Sem5\Mobile\Aplas\Aplas\SoccerMatch\app\build\intermediates\javac\debugUnitTest\classes;D:\Kuliah\Sem5\Mobile\Aplas\Aplas\SoccerMatch\app\build\intermediates\javac\debug\classes;D:\Kuliah\Sem5\Mobile\Aplas\Aplas\SoccerMatch\app\build\intermediates\compile_and_runtime_not_namespaced_r_class_jar\debug\R.jar;D:\Kuliah\Sem5\Mobile\Aplas\Aplas\SoccerMatch\app\build\intermediates\unit_test_config_directory\debugUnitTest\out;D:\Kuliah\Sem5\Mobile\Aplas\Aplas\SoccerMatch\app\build\generated\res\resValues\debug;C:\Users\Encrypted\.gradle\caches\modules-2\files-2.1\androidx.lifecycle\lifecycle-common\2.2.0\4ef09a745007778eef83b92f8f23987a8ea59496\lifecycle-common-2.2.0.jar;C:\Users\Encrypted\.gradle\caches\modules-2\files-2.1\androidx.collection\collection-ktx\1.1.0\f807b2f366f7b75142a67d2f3c10031065b5168\collection-ktx-1.1.0.jar;C:\Users\Encrypted\.gradle\caches\modules-2\files-2.1\androidx.collection\collection\1.1.0\1f27220b47669781457de0d600849a5de0e89909\collection-1.1.0.jar;C:\Users\Encrypted\.gradle\caches\modules-2\files-2.1\androidx.arch.core\core-common\2.1.0\b3152fc64428c9354344bd89848ecddc09b6f07e\core-common-2.1.0.jar;C:\Users\Encrypted\.gradle\caches\modules-2\files-2.1\androidx.annotation\annotation\1.1.0\e3a6fb2f40e3a3842e6b7472628ba4ce416ea4c8\annotation-1.1.0.jar;C:\Users\Encrypted\.gradle\caches\modules-2\files-2.1\androidx.constraintlayout\constraintlayout-solver\1.1.3\54abe9ffb22cc9019b0b6fcc10f185cc4e67b34e\constraintlayout-solver-1.1.3.jar;C:\Users\Encrypted\.gradle\caches\modules-2\files-2.1\org.jetbrains.kotlinx\kotlinx-coroutines-android\1.3.0\804a29e0b22cfb30e04487574ad1cb888daa716d\kotlinx-coroutines-android-1.3.0.jar;C:\Users\Encrypted\.gra
Launcher Type: SUN_STANDARD

Environment Variables:
PATH=C:\Program Files (x86)\Common Files\Intel\Shared Libraries\redist\intel64\compiler;C:\Program Files (x86)\Common Files\Oracle\Java\javapath;C:\Program Files (x86)\Common Files\Intel\Shared Files\cpp\bin\Intel64;C:\ProgramData\Oracle\Java\javapath;C:\WINDOWS\system32;C:\WINDOWS;C:\WINDOWS\System32\Wbem;C:\WINDOWS\System32\WindowsPowerShell\v1.0\;C:\WINDOWS\System32\OpenSSH\;C:\Program Files\Git\cmd;C:\Program Files\Microsoft SQL Server\Client SDK\ODBC\170\Tools\Binn\;C:\Program Files (x86)\Microsoft SQL Server\150\Tools\Binn\;C:\Program Files\Microsoft SQL Server\150\Tools\Binn\;C:\Program Files\Microsoft SQL Server\150\DTS\Binn\;C:\Program Files (x86)\Microsoft SQL Server\150\DTS\Binn\;C:\Program Files\nodejs\;C:\xampp\php;C:\ProgramData\ComposerSetup\bin;C:\Program Files\gradle-6.6.1\bin;C:\Program Files\Microsoft SQL Server\130\Tools\Binn\;C:\Program Files (x86)\Microsoft SQL Server\110\DTS\Binn\;C:\Program Files (x86)\Microsoft SQL Server\120\DTS\Binn\;C:\Program Files (x86)\Microsoft SQL Server\130\DTS\Binn\;C:\Program Files (x86)\Microsoft SQL Server\140\DTS\Binn\;C:\cygnus\cygwin-b20\H-i586-cygwin32\bin;C:\Users\Encrypted\AppData\Local\Microsoft\WindowsApps;C:\Users\Encrypted\AppData\Local\Programs\Microsoft VS Code\bin;C:\Users\Encrypted\AppData\Local\GitHubDesktop\bin;C:\Users\Encrypted\AppData\Local\Microsoft\WindowsApps;C:\Users\Encrypted\AppData\Roaming\npm;C:\Users\Encrypted\AppData\Roaming\Composer\vendor\bin;C:\Program Files\heroku\bin;
USERNAME=Encrypted
OS=Windows_NT
PROCESSOR_IDENTIFIER=Intel64 Family 6 Model 69 Stepping 1, GenuineIntel



---------------  S Y S T E M  ---------------

OS: Windows 10.0 , 64 bit Build 19041 (10.0.19041.546)

CPU:total 4 (initial active 4) (2 cores per cpu, 2 threads per core) family 6 model 69 stepping 1, cmov, cx8, fxsr, mmx, sse, sse2, sse3, ssse3, sse4.1, sse4.2, popcnt, avx, avx2, aes, clmul, erms, lzcnt, ht, tsc, tscinvbit, bmi1, bmi2

Memory: 4k page, physical 8285320k(820108k free), swap 10238088k(5248k free)

vm_info: OpenJDK 64-Bit Server VM (25.242-b01) for windows-amd64 JRE (1.8.0_242-release-1644-b01), built by "builder" with MS VC++ 10.0 (VS2010)

time: Mon Oct 26 02:24:16 2020
timezone: SE Asia Standard Time
elapsed time: 13 seconds (0d 0h 0m 13s)

