#
# There is insufficient memory for the Java Runtime Environment to continue.
# Native memory allocation (malloc) failed to allocate 32744 bytes for ChunkPool::allocate
# Possible reasons:
#   The system is out of physical RAM or swap space
#   The process is running with CompressedOops enabled, and the Java Heap may be blocking the growth of the native heap
# Possible solutions:
#   Reduce memory load on the system
#   Increase physical memory or swap space
#   Check if swap backing store is full
#   Decrease Java heap size (-Xmx/-Xms)
#   Decrease number of Java threads
#   Decrease Java thread stack sizes (-Xss)
#   Set larger code cache with -XX:ReservedCodeCacheSize=
#   JVM is running with Unscaled Compressed Oops mode in which the Java heap is
#     placed in the first 4GB address space. The Java Heap base address is the
#     maximum limit for the native heap growth. Please use -XX:HeapBaseMinAddress
#     to set the Java Heap base and to place the Java Heap above 4GB virtual address.
# This output file may be truncated or incomplete.
#
#  Out of Memory Error (allocation.cpp:272), pid=75136, tid=0x00000000000123c8
#
# JRE version: OpenJDK Runtime Environment (8.0_242-b01) (build 1.8.0_242-release-1644-b01)
# Java VM: OpenJDK 64-Bit Server VM (25.242-b01 mixed mode windows-amd64 compressed oops)
# Failed to write core dump. Minidumps are not enabled by default on client versions of Windows
#

---------------  T H R E A D  ---------------

Current thread (0x0000000017356800):  JavaThread "C1 CompilerThread2" daemon [_thread_in_native, id=74696, stack(0x0000000019060000,0x0000000019160000)]

Stack: [0x0000000019060000,0x0000000019160000]
[error occurred during error reporting (printing stack bounds), id 0xc0000005]

Native frames: (J=compiled Java code, j=interpreted, Vv=VM code, C=native code)


Current CompileTask:
C1:  13276 4856       3       org.robolectric.res.android.CppAssetManager2::GetResource (222 bytes)


---------------  P R O C E S S  ---------------

Java Threads: ( => current thread )
  0x000000001b785000 JavaThread "Java2D Disposer" daemon [_thread_blocked, id=67224, stack(0x000000001ec80000,0x000000001ed80000)]
  0x0000000018aa8800 JavaThread "SDK 28 Main Thread" [_thread_in_Java, id=73820, stack(0x000000001ae70000,0x000000001af70000)]
  0x0000000018a17800 JavaThread "Service Thread" daemon [_thread_blocked, id=68252, stack(0x0000000019160000,0x0000000019260000)]
=>0x0000000017356800 JavaThread "C1 CompilerThread2" daemon [_thread_in_native, id=74696, stack(0x0000000019060000,0x0000000019160000)]
  0x0000000017355000 JavaThread "C2 CompilerThread1" daemon [_thread_in_native, id=51936, stack(0x0000000018f60000,0x0000000019060000)]
  0x0000000017350800 JavaThread "C2 CompilerThread0" daemon [_thread_in_native, id=60388, stack(0x0000000018e60000,0x0000000018f60000)]
  0x00000000189a3000 JavaThread "Monitor Ctrl-Break" daemon [_thread_in_native, id=75156, stack(0x0000000018d60000,0x0000000018e60000)]
  0x0000000017325800 JavaThread "Attach Listener" daemon [_thread_blocked, id=68740, stack(0x0000000018860000,0x0000000018960000)]
  0x0000000017324800 JavaThread "Signal Dispatcher" daemon [_thread_blocked, id=74028, stack(0x0000000018760000,0x0000000018860000)]
  0x0000000017303800 JavaThread "Finalizer" daemon [_thread_blocked, id=74444, stack(0x0000000018560000,0x0000000018660000)]
  0x00000000026bd000 JavaThread "Reference Handler" daemon [_thread_blocked, id=69308, stack(0x0000000018460000,0x0000000018560000)]
  0x00000000025c9800 JavaThread "main" [_thread_blocked, id=74212, stack(0x00000000024c0000,0x00000000025c0000)]

Other Threads:
  0x00000000172d6800 VMThread [stack: 0x0000000018360000,0x0000000018460000] [id=11248]
  0x0000000018a19000 WatcherThread [stack: 0x0000000019260000,0x0000000019360000] [id=73900]

VM state:not at safepoint (normal execution)

VM Mutex/Monitor currently owned by a thread: None

heap address: 0x0000000081800000, size: 2024 MB, Compressed Oops mode: 32-bit
Narrow klass base: 0x0000000000000000, Narrow klass shift: 3
Compressed class space size: 1073741824 Address: 0x0000000100000000

Heap:
 PSYoungGen      total 372736K, used 44322K [0x00000000d5d80000, 0x00000000ee680000, 0x0000000100000000)
  eden space 365056K, 12% used [0x00000000d5d80000,0x00000000d88c8a18,0x00000000ec200000)
  from space 7680K, 0% used [0x00000000edf00000,0x00000000edf00000,0x00000000ee680000)
  to   space 12288K, 0% used [0x00000000ece80000,0x00000000ece80000,0x00000000eda80000)
 ParOldGen       total 135680K, used 59454K [0x0000000081800000, 0x0000000089c80000, 0x00000000d5d80000)
  object space 135680K, 43% used [0x0000000081800000,0x000000008520fb20,0x0000000089c80000)
 Metaspace       used 46199K, capacity 51696K, committed 51928K, reserved 1093632K
  class space    used 5383K, capacity 7105K, committed 7168K, reserved 1048576K

Card table byte_map: [0x0000000011b80000,0x0000000011f80000] byte_map_base: 0x0000000011774000

Marking Bits: (ParMarkBitMap*) 0x000000007169f030
 Begin Bits: [0x0000000012630000, 0x00000000145d0000)
 End Bits:   [0x00000000145d0000, 0x0000000016570000)

Polling page: 0x0000000000700000

CodeCache: size=245760Kb used=12940Kb max_used=12942Kb free=232820Kb
 bounds [0x00000000027c0000, 0x0000000003470000, 0x00000000117c0000]
 total_blobs=5429 nmethods=4341 adapters=1000
 compilation: enabled

Compilation events (10 events):
Event: 13.159 Thread 0x0000000017350800 4849       4       java.nio.DirectLongBufferU::put (18 bytes)
Event: 13.160 Thread 0x0000000017350800 nmethod 4849 0x0000000003451690 code [0x00000000034517c0, 0x0000000003451858]
Event: 13.195 Thread 0x0000000017350800 4850       4       org.objectweb.asm.Frame::execute (2318 bytes)
Event: 13.248 Thread 0x0000000017356800 4853       3       org.objectweb.asm.MethodVisitor::visitMethodInsn (55 bytes)
Event: 13.248 Thread 0x0000000017356800 nmethod 4853 0x000000000346ccd0 code [0x000000000346ce60, 0x000000000346d218]
Event: 13.266 Thread 0x0000000017356800 4854   !   2       java.lang.ClassLoader::getPackage (118 bytes)
Event: 13.267 Thread 0x0000000017356800 nmethod 4854 0x000000000346c210 code [0x000000000346c3c0, 0x000000000346c9e8]
Event: 13.270 Thread 0x0000000017356800 4855       3       java.lang.Class::privateGetDeclaredFields (67 bytes)
Event: 13.271 Thread 0x0000000017356800 nmethod 4855 0x000000000346b350 code [0x000000000346b540, 0x000000000346be68]
Event: 13.271 Thread 0x0000000017356800 4856       3       org.robolectric.res.android.CppAssetManager2::GetResource (222 bytes)

GC Heap History (10 events):
Event: 7.424 GC heap before
{Heap before GC invocations=11 (full 2):
 PSYoungGen      total 273408K, used 8889K [0x00000000d5d80000, 0x00000000eeb00000, 0x0000000100000000)
  eden space 261120K, 0% used [0x00000000d5d80000,0x00000000d5d80000,0x00000000e5c80000)
  from space 12288K, 72% used [0x00000000e5c80000,0x00000000e652e688,0x00000000e6880000)
  to   space 12288K, 0% used [0x00000000edf00000,0x00000000edf00000,0x00000000eeb00000)
 ParOldGen       total 110080K, used 95128K [0x0000000081800000, 0x0000000088380000, 0x00000000d5d80000)
  object space 110080K, 86% used [0x0000000081800000,0x00000000874e60c0,0x0000000088380000)
 Metaspace       used 26918K, capacity 29739K, committed 30080K, reserved 1075200K
  class space    used 2989K, capacity 3877K, committed 3968K, reserved 1048576K
Event: 7.491 GC heap after
Heap after GC invocations=11 (full 2):
 PSYoungGen      total 273408K, used 0K [0x00000000d5d80000, 0x00000000eeb00000, 0x0000000100000000)
  eden space 261120K, 0% used [0x00000000d5d80000,0x00000000d5d80000,0x00000000e5c80000)
  from space 12288K, 0% used [0x00000000e5c80000,0x00000000e5c80000,0x00000000e6880000)
  to   space 12288K, 0% used [0x00000000edf00000,0x00000000edf00000,0x00000000eeb00000)
 ParOldGen       total 135680K, used 46762K [0x0000000081800000, 0x0000000089c80000, 0x00000000d5d80000)
  object space 135680K, 34% used [0x0000000081800000,0x00000000845aa830,0x0000000089c80000)
 Metaspace       used 26918K, capacity 29739K, committed 30080K, reserved 1075200K
  class space    used 2989K, capacity 3877K, committed 3968K, reserved 1048576K
}
Event: 9.184 GC heap before
{Heap before GC invocations=12 (full 2):
 PSYoungGen      total 273408K, used 261120K [0x00000000d5d80000, 0x00000000eeb00000, 0x0000000100000000)
  eden space 261120K, 100% used [0x00000000d5d80000,0x00000000e5c80000,0x00000000e5c80000)
  from space 12288K, 0% used [0x00000000e5c80000,0x00000000e5c80000,0x00000000e6880000)
  to   space 12288K, 0% used [0x00000000edf00000,0x00000000edf00000,0x00000000eeb00000)
 ParOldGen       total 135680K, used 46762K [0x0000000081800000, 0x0000000089c80000, 0x00000000d5d80000)
  object space 135680K, 34% used [0x0000000081800000,0x00000000845aa830,0x0000000089c80000)
 Metaspace       used 32773K, capacity 35901K, committed 35968K, reserved 1081344K
  class space    used 3467K, capacity 4442K, committed 4480K, reserved 1048576K
Event: 9.201 GC heap after
Heap after GC invocations=12 (full 2):
 PSYoungGen      total 372736K, used 7278K [0x00000000d5d80000, 0x00000000ee680000, 0x0000000100000000)
  eden space 365056K, 0% used [0x00000000d5d80000,0x00000000d5d80000,0x00000000ec200000)
  from space 7680K, 94% used [0x00000000edf00000,0x00000000ee61b870,0x00000000ee680000)
  to   space 12288K, 0% used [0x00000000ece80000,0x00000000ece80000,0x00000000eda80000)
 ParOldGen       total 135680K, used 46762K [0x0000000081800000, 0x0000000089c80000, 0x00000000d5d80000)
  object space 135680K, 34% used [0x0000000081800000,0x00000000845aa830,0x0000000089c80000)
 Metaspace       used 32773K, capacity 35901K, committed 35968K, reserved 1081344K
  class space    used 3467K, capacity 4442K, committed 4480K, reserved 1048576K
}
Event: 11.810 GC heap before
{Heap before GC invocations=13 (full 2):
 PSYoungGen      total 372736K, used 372334K [0x00000000d5d80000, 0x00000000ee680000, 0x0000000100000000)
  eden space 365056K, 100% used [0x00000000d5d80000,0x00000000ec200000,0x00000000ec200000)
  from space 7680K, 94% used [0x00000000edf00000,0x00000000ee61b870,0x00000000ee680000)
  to   space 12288K, 0% used [0x00000000ece80000,0x00000000ece80000,0x00000000eda80000)
 ParOldGen       total 135680K, used 46762K [0x0000000081800000, 0x0000000089c80000, 0x00000000d5d80000)
  object space 135680K, 34% used [0x0000000081800000,0x00000000845aa830,0x0000000089c80000)
 Metaspace       used 42574K, capacity 47500K, committed 47744K, reserved 1091584K
  class space    used 4934K, capacity 6473K, committed 6528K, reserved 1048576K
Event: 11.838 GC heap after
Heap after GC invocations=13 (full 2):
 PSYoungGen      total 377344K, used 12259K [0x00000000d5d80000, 0x00000000ee680000, 0x0000000100000000)
  eden space 365056K, 0% used [0x00000000d5d80000,0x00000000d5d80000,0x00000000ec200000)
  from space 12288K, 99% used [0x00000000ece80000,0x00000000eda78dd8,0x00000000eda80000)
  to   space 7680K, 0% used [0x00000000edf00000,0x00000000edf00000,0x00000000ee680000)
 ParOldGen       total 135680K, used 53018K [0x0000000081800000, 0x0000000089c80000, 0x00000000d5d80000)
  object space 135680K, 39% used [0x0000000081800000,0x0000000084bc6ad0,0x0000000089c80000)
 Metaspace       used 42574K, capacity 47500K, committed 47744K, reserved 1091584K
  class space    used 4934K, capacity 6473K, committed 6528K, reserved 1048576K
}
Event: 12.564 GC heap before
{Heap before GC invocations=14 (full 2):
 PSYoungGen      total 377344K, used 127696K [0x00000000d5d80000, 0x00000000ee680000, 0x0000000100000000)
  eden space 365056K, 31% used [0x00000000d5d80000,0x00000000dce3b230,0x00000000ec200000)
  from space 12288K, 99% used [0x00000000ece80000,0x00000000eda78dd8,0x00000000eda80000)
  to   space 7680K, 0% used [0x00000000edf00000,0x00000000edf00000,0x00000000ee680000)
 ParOldGen       total 135680K, used 53018K [0x0000000081800000, 0x0000000089c80000, 0x00000000d5d80000)
  object space 135680K, 39% used [0x0000000081800000,0x0000000084bc6ad0,0x0000000089c80000)
 Metaspace       used 44822K, capacity 50016K, committed 50136K, reserved 1093632K
  class space    used 5223K, capacity 6863K, committed 6912K, reserved 1048576K
Event: 12.584 GC heap after
Heap after GC invocations=14 (full 2):
 PSYoungGen      total 372736K, used 3222K [0x00000000d5d80000, 0x00000000ee680000, 0x0000000100000000)
  eden space 365056K, 0% used [0x00000000d5d80000,0x00000000d5d80000,0x00000000ec200000)
  from space 7680K, 41% used [0x00000000edf00000,0x00000000ee225960,0x00000000ee680000)
  to   space 12288K, 0% used [0x00000000ece80000,0x00000000ece80000,0x00000000eda80000)
 ParOldGen       total 135680K, used 62449K [0x0000000081800000, 0x0000000089c80000, 0x00000000d5d80000)
  object space 135680K, 46% used [0x0000000081800000,0x00000000854fc598,0x0000000089c80000)
 Metaspace       used 44822K, capacity 50016K, committed 50136K, reserved 1093632K
  class space    used 5223K, capacity 6863K, committed 6912K, reserved 1048576K
}
Event: 12.584 GC heap before
{Heap before GC invocations=15 (full 3):
 PSYoungGen      total 372736K, used 3222K [0x00000000d5d80000, 0x00000000ee680000, 0x0000000100000000)
  eden space 365056K, 0% used [0x00000000d5d80000,0x00000000d5d80000,0x00000000ec200000)
  from space 7680K, 41% used [0x00000000edf00000,0x00000000ee225960,0x00000000ee680000)
  to   space 12288K, 0% used [0x00000000ece80000,0x00000000ece80000,0x00000000eda80000)
 ParOldGen       total 135680K, used 62449K [0x0000000081800000, 0x0000000089c80000, 0x00000000d5d80000)
  object space 135680K, 46% used [0x0000000081800000,0x00000000854fc598,0x0000000089c80000)
 Metaspace       used 44822K, capacity 50016K, committed 50136K, reserved 1093632K
  class space    used 5223K, capacity 6863K, committed 6912K, reserved 1048576K
Event: 12.885 GC heap after
Heap after GC invocations=15 (full 3):
 PSYoungGen      total 372736K, used 0K [0x00000000d5d80000, 0x00000000ee680000, 0x0000000100000000)
  eden space 365056K, 0% used [0x00000000d5d80000,0x00000000d5d80000,0x00000000ec200000)
  from space 7680K, 0% used [0x00000000edf00000,0x00000000edf00000,0x00000000ee680000)
  to   space 12288K, 0% used [0x00000000ece80000,0x00000000ece80000,0x00000000eda80000)
 ParOldGen       total 135680K, used 59454K [0x0000000081800000, 0x0000000089c80000, 0x00000000d5d80000)
  object space 135680K, 43% used [0x0000000081800000,0x000000008520fb20,0x0000000089c80000)
 Metaspace       used 44822K, capacity 50016K, committed 50136K, reserved 1093632K
  class space    used 5223K, capacity 6863K, committed 6912K, reserved 1048576K
}

Deoptimization events (10 events):
Event: 8.353 Thread 0x0000000018aa8800 Uncommon trap: reason=null_check action=make_not_entrant pc=0x0000000003292e28 method=sun.invoke.util.VerifyType.isNullConversion(Ljava/lang/Class;Ljava/lang/Class;Z)Z @ 12
Event: 8.548 Thread 0x0000000018aa8800 Uncommon trap: reason=null_check action=make_not_entrant pc=0x00000000032b4308 method=sun.invoke.util.VerifyType.isNullConversion(Ljava/lang/Class;Ljava/lang/Class;Z)Z @ 22
Event: 8.550 Thread 0x0000000018aa8800 Uncommon trap: reason=unstable_if action=reinterpret pc=0x00000000032bf110 method=org.objectweb.asm.Frame.execute(IILorg/objectweb/asm/Symbol;Lorg/objectweb/asm/SymbolTable;)V @ 2191
Event: 10.064 Thread 0x0000000018aa8800 Uncommon trap: reason=unstable_if action=reinterpret pc=0x0000000003034838 method=org.objectweb.asm.Frame.pop(Ljava/lang/String;)V @ 36
Event: 10.065 Thread 0x0000000018aa8800 Uncommon trap: reason=unstable_if action=reinterpret pc=0x00000000030ec190 method=org.objectweb.asm.Frame.pop(Ljava/lang/String;)V @ 36
Event: 10.191 Thread 0x0000000018aa8800 Uncommon trap: reason=unstable_if action=reinterpret pc=0x0000000002bafb48 method=java.lang.ThreadLocal$ThreadLocalMap.getEntry(Ljava/lang/ThreadLocal;)Ljava/lang/ThreadLocal$ThreadLocalMap$Entry; @ 29
Event: 10.191 Thread 0x0000000018aa8800 Uncommon trap: reason=unstable_if action=reinterpret pc=0x0000000002bac5dc method=java.lang.ThreadLocal$ThreadLocalMap.getEntry(Ljava/lang/ThreadLocal;)Ljava/lang/ThreadLocal$ThreadLocalMap$Entry; @ 29
Event: 13.006 Thread 0x0000000018aa8800 Uncommon trap: reason=unstable_if action=reinterpret pc=0x0000000002a511bc method=java.util.HashMap.hash(Ljava/lang/Object;)I @ 1
Event: 13.132 Thread 0x0000000018aa8800 Uncommon trap: reason=unstable_if action=reinterpret pc=0x0000000002e03310 method=org.objectweb.asm.Frame.getInitializedType(Lorg/objectweb/asm/SymbolTable;I)I @ 3
Event: 13.146 Thread 0x0000000018aa8800 Uncommon trap: reason=unstable_if action=reinterpret pc=0x0000000002c16730 method=org.objectweb.asm.Frame.execute(IILorg/objectweb/asm/Symbol;Lorg/objectweb/asm/SymbolTable;)V @ 1299

Classes redefined (0 events):
No events

Internal exceptions (10 events):
Event: 6.481 Thread 0x0000000018aa8800 Exception <a 'java/lang/NoSuchFieldError': method resolution failed> (0x00000000dcbdf940) thrown at [C:\src\AOSP-openjdk-git\hotspot\src\share\vm\prims\methodHandles.cpp, line 1167]
Event: 6.703 Thread 0x0000000018aa8800 Exception <a 'java/security/PrivilegedActionException'> (0x00000000de103198) thrown at [C:\src\AOSP-openjdk-git\hotspot\src\share\vm\prims\jvm.cpp, line 1502]
Event: 6.703 Thread 0x0000000018aa8800 Exception <a 'java/security/PrivilegedActionException'> (0x00000000de103590) thrown at [C:\src\AOSP-openjdk-git\hotspot\src\share\vm\prims\jvm.cpp, line 1502]
Event: 6.703 Thread 0x0000000018aa8800 Exception <a 'java/security/PrivilegedActionException'> (0x00000000de104db8) thrown at [C:\src\AOSP-openjdk-git\hotspot\src\share\vm\prims\jvm.cpp, line 1502]
Event: 6.703 Thread 0x0000000018aa8800 Exception <a 'java/security/PrivilegedActionException'> (0x00000000de1051b0) thrown at [C:\src\AOSP-openjdk-git\hotspot\src\share\vm\prims\jvm.cpp, line 1502]
Event: 8.371 Thread 0x0000000018aa8800 Exception <a 'sun/nio/fs/WindowsException'> (0x00000000dedf1bc8) thrown at [C:\src\AOSP-openjdk-git\hotspot\src\share\vm\prims\jni.cpp, line 710]
Event: 9.327 Thread 0x0000000018aa8800 Exception <a 'java/lang/NoSuchFieldError': method resolution failed> (0x00000000d70d3f10) thrown at [C:\src\AOSP-openjdk-git\hotspot\src\share\vm\prims\methodHandles.cpp, line 1167]
Event: 11.305 Thread 0x0000000018aa8800 Exception <a 'java/lang/NoSuchFieldError': method resolution failed> (0x00000000e7bfc9f8) thrown at [C:\src\AOSP-openjdk-git\hotspot\src\share\vm\prims\methodHandles.cpp, line 1167]
Event: 12.556 Thread 0x0000000018aa8800 Exception <a 'java/io/FileNotFoundException'> (0x00000000dc7d0030) thrown at [C:\src\AOSP-openjdk-git\hotspot\src\share\vm\prims\jni.cpp, line 710]
Event: 13.006 Thread 0x0000000018aa8800 Implicit null exception at 0x0000000002a50fd5 to 0x0000000002a511ad

Events (10 events):
Event: 13.273 loading class android/text/Editable$Factory
Event: 13.273 loading class android/text/Editable$Factory done
Event: 13.273 loading class android/text/Spannable$Factory
Event: 13.273 loading class android/text/Spannable$Factory done
Event: 13.273 loading class android/text/Spannable$Factory
Event: 13.273 loading class android/text/Spannable$Factory done
Event: 13.273 loading class android/text/Spannable$Factory
Event: 13.273 loading class android/text/Spannable$Factory done
Event: 13.273 loading class android/text/Spannable$Factory
Event: 13.273 loading class android/text/Spannable$Factory done


Dynamic libraries:
0x00007ff6e20b0000 - 0x00007ff6e20e1000 	C:\Program Files\Android\Android Studio\jre\bin\java.exe
0x00007fff93090000 - 0x00007fff93286000 	C:\WINDOWS\SYSTEM32\ntdll.dll
0x00007fff92730000 - 0x00007fff927ed000 	C:\WINDOWS\System32\KERNEL32.DLL
0x00007fff90c30000 - 0x00007fff90ef8000 	C:\WINDOWS\System32\KERNELBASE.dll
0x00007fff92890000 - 0x00007fff9293a000 	C:\WINDOWS\System32\ADVAPI32.dll
0x00007fff92ab0000 - 0x00007fff92b4e000 	C:\WINDOWS\System32\msvcrt.dll
0x00007fff91180000 - 0x00007fff9121b000 	C:\WINDOWS\System32\sechost.dll
0x00007fff91690000 - 0x00007fff917b4000 	C:\WINDOWS\System32\RPCRT4.dll
0x00007fff92400000 - 0x00007fff925a0000 	C:\WINDOWS\System32\USER32.dll
0x00007fff910d0000 - 0x00007fff910f2000 	C:\WINDOWS\System32\win32u.dll
0x00007fff92a20000 - 0x00007fff92a4a000 	C:\WINDOWS\System32\GDI32.dll
0x00007fff90a40000 - 0x00007fff90b49000 	C:\WINDOWS\System32\gdi32full.dll
0x00007fff90f00000 - 0x00007fff90f9d000 	C:\WINDOWS\System32\msvcp_win.dll
0x00007fff90fa0000 - 0x00007fff910a0000 	C:\WINDOWS\System32\ucrtbase.dll
0x00007fff8fc00000 - 0x00007fff8fe9b000 	C:\WINDOWS\WinSxS\amd64_microsoft.windows.common-controls_6595b64144ccf1df_6.0.19041.488_none_ca04af081b815d21\COMCTL32.dll
0x00007fff92860000 - 0x00007fff92890000 	C:\WINDOWS\System32\IMM32.DLL
0x0000000071960000 - 0x0000000071a32000 	C:\Program Files\Android\Android Studio\jre\jre\bin\msvcr100.dll
0x0000000070ed0000 - 0x000000007171b000 	C:\Program Files\Android\Android Studio\jre\jre\bin\server\jvm.dll
0x00007fff92850000 - 0x00007fff92858000 	C:\WINDOWS\System32\PSAPI.DLL
0x00007fff8b7b0000 - 0x00007fff8b7b9000 	C:\WINDOWS\SYSTEM32\WSOCK32.dll
0x00007fff89040000 - 0x00007fff89067000 	C:\WINDOWS\SYSTEM32\WINMM.dll
0x00007fff925a0000 - 0x00007fff9260b000 	C:\WINDOWS\System32\WS2_32.dll
0x00007fff89070000 - 0x00007fff8907a000 	C:\WINDOWS\SYSTEM32\VERSION.dll
0x00007fff8b7a0000 - 0x00007fff8b7af000 	C:\Program Files\Android\Android Studio\jre\jre\bin\verify.dll
0x00007fff5e000000 - 0x00007fff5e029000 	C:\Program Files\Android\Android Studio\jre\jre\bin\java.dll
0x00007fff80a30000 - 0x00007fff80a53000 	C:\Program Files\Android\Android Studio\jre\jre\bin\instrument.dll
0x00007fff5ee90000 - 0x00007fff5eea6000 	C:\Program Files\Android\Android Studio\jre\jre\bin\zip.dll
0x00007fff91890000 - 0x00007fff91fd0000 	C:\WINDOWS\System32\SHELL32.dll
0x00007fff8e2d0000 - 0x00007fff8ea64000 	C:\WINDOWS\SYSTEM32\windows.storage.dll
0x00007fff912d0000 - 0x00007fff91625000 	C:\WINDOWS\System32\combase.dll
0x00007fff8fb60000 - 0x00007fff8fb8c000 	C:\WINDOWS\SYSTEM32\Wldp.dll
0x00007fff92940000 - 0x00007fff929ee000 	C:\WINDOWS\System32\SHCORE.dll
0x00007fff927f0000 - 0x00007fff92845000 	C:\WINDOWS\System32\shlwapi.dll
0x00007fff90710000 - 0x00007fff90736000 	C:\WINDOWS\SYSTEM32\profapi.dll
0x00007fff90190000 - 0x00007fff901aa000 	C:\Program Files\Android\Android Studio\bin\breakgen64.dll
0x00007fff5d1e0000 - 0x00007fff5d1fa000 	C:\Program Files\Android\Android Studio\jre\jre\bin\net.dll
0x00007fff8f900000 - 0x00007fff8f96a000 	C:\WINDOWS\system32\mswsock.dll
0x00007fff5c310000 - 0x00007fff5c323000 	C:\Program Files\Android\Android Studio\jre\jre\bin\nio.dll
0x00007fff90570000 - 0x00007fff90588000 	C:\WINDOWS\SYSTEM32\CRYPTSP.dll
0x00007fff8f290000 - 0x00007fff8f2c4000 	C:\WINDOWS\system32\rsaenh.dll
0x00007fff910a0000 - 0x00007fff910c7000 	C:\WINDOWS\System32\bcrypt.dll
0x00007fff90690000 - 0x00007fff906be000 	C:\WINDOWS\SYSTEM32\USERENV.dll
0x00007fff90b50000 - 0x00007fff90bcf000 	C:\WINDOWS\System32\bcryptprimitives.dll
0x00007fff8fad0000 - 0x00007fff8fadc000 	C:\WINDOWS\SYSTEM32\CRYPTBASE.dll
0x00007fff8f5f0000 - 0x00007fff8f62b000 	C:\WINDOWS\SYSTEM32\IPHLPAPI.DLL
0x00007fff92a10000 - 0x00007fff92a19000 	C:\WINDOWS\System32\NSI.dll
0x00007fff806a0000 - 0x00007fff806b7000 	C:\WINDOWS\SYSTEM32\dhcpcsvc6.DLL
0x00007fff80f40000 - 0x00007fff80f5d000 	C:\WINDOWS\SYSTEM32\dhcpcsvc.DLL
0x00007fff8f630000 - 0x00007fff8f6fb000 	C:\WINDOWS\SYSTEM32\DNSAPI.dll
0x00007fff548f0000 - 0x00007fff54914000 	C:\Program Files\Android\Android Studio\jre\jre\bin\sunec.dll
0x00007fff7e600000 - 0x00007fff7e60b000 	C:\Program Files\Android\Android Studio\jre\jre\bin\sunmscapi.dll
0x00007fff907e0000 - 0x00007fff9093d000 	C:\WINDOWS\System32\CRYPT32.dll
0x00007fff3ebd0000 - 0x00007fff3ed6c000 	C:\Program Files\Android\Android Studio\jre\jre\bin\awt.dll
0x00007fff917c0000 - 0x00007fff9188d000 	C:\WINDOWS\System32\OLEAUT32.dll
0x00007fff8dec0000 - 0x00007fff8deef000 	C:\WINDOWS\SYSTEM32\dwmapi.dll
0x00007fff8c100000 - 0x00007fff8c6c0000 	C:\WINDOWS\SYSTEM32\d2d1.dll
0x00007fff8dc00000 - 0x00007fff8dc90000 	C:\WINDOWS\SYSTEM32\apphelp.dll

VM Arguments:
jvm_args: -ea -Didea.test.cyclic.buffer.size=1048576 -javaagent:C:\Program Files\Android\Android Studio\lib\idea_rt.jar=51795:C:\Program Files\Android\Android Studio\bin -Dfile.encoding=UTF-8 
java_command: com.intellij.rt.junit.JUnitStarter -ideVersion5 -junit4 org.aplas.soccermatch.TestB3MultiActivities041
java_class_path (initial): C:\Program Files\Android\Android Studio\lib\idea_rt.jar;C:\Program Files\Android\Android Studio\plugins\junit\lib\junit5-rt.jar;C:\Program Files\Android\Android Studio\plugins\junit\lib\junit-rt.jar;C:\Users\Encrypted\AppData\Local\Android\Sdk\platforms\android-28\data\res;D:\Kuliah\Sem5\Mobile\Aplas\Aplas\SoccerMatch\app\build\intermediates\javac\debugUnitTest\classes;D:\Kuliah\Sem5\Mobile\Aplas\Aplas\SoccerMatch\app\build\intermediates\javac\debug\classes;D:\Kuliah\Sem5\Mobile\Aplas\Aplas\SoccerMatch\app\build\intermediates\compile_and_runtime_not_namespaced_r_class_jar\debug\R.jar;D:\Kuliah\Sem5\Mobile\Aplas\Aplas\SoccerMatch\app\build\intermediates\unit_test_config_directory\debugUnitTest\out;D:\Kuliah\Sem5\Mobile\Aplas\Aplas\SoccerMatch\app\build\generated\res\resValues\debug;C:\Users\Encrypted\.gradle\caches\modules-2\files-2.1\androidx.lifecycle\lifecycle-common\2.2.0\4ef09a745007778eef83b92f8f23987a8ea59496\lifecycle-common-2.2.0.jar;C:\Users\Encrypted\.gradle\caches\modules-2\files-2.1\androidx.collection\collection-ktx\1.1.0\f807b2f366f7b75142a67d2f3c10031065b5168\collection-ktx-1.1.0.jar;C:\Users\Encrypted\.gradle\caches\modules-2\files-2.1\androidx.collection\collection\1.1.0\1f27220b47669781457de0d600849a5de0e89909\collection-1.1.0.jar;C:\Users\Encrypted\.gradle\caches\modules-2\files-2.1\androidx.arch.core\core-common\2.1.0\b3152fc64428c9354344bd89848ecddc09b6f07e\core-common-2.1.0.jar;C:\Users\Encrypted\.gradle\caches\modules-2\files-2.1\androidx.annotation\annotation\1.1.0\e3a6fb2f40e3a3842e6b7472628ba4ce416ea4c8\annotation-1.1.0.jar;C:\Users\Encrypted\.gradle\caches\modules-2\files-2.1\androidx.constraintlayout\constraintlayout-solver\1.1.3\54abe9ffb22cc9019b0b6fcc10f185cc4e67b34e\constraintlayout-solver-1.1.3.jar;C:\Users\Encrypted\.gradle\caches\modules-2\files-2.1\org.jetbrains.kotlinx\kotlinx-coroutines-android\1.3.0\804a29e0b22cfb30e04487574ad1cb888daa716d\kotlinx-coroutines-android-1.3.0.jar;C:\Users\Encrypted\.gra
Launcher Type: SUN_STANDARD

Environment Variables:
PATH=C:\Program Files (x86)\Common Files\Intel\Shared Libraries\redist\intel64\compiler;C:\Program Files (x86)\Common Files\Oracle\Java\javapath;C:\Program Files (x86)\Common Files\Intel\Shared Files\cpp\bin\Intel64;C:\ProgramData\Oracle\Java\javapath;C:\WINDOWS\system32;C:\WINDOWS;C:\WINDOWS\System32\Wbem;C:\WINDOWS\System32\WindowsPowerShell\v1.0\;C:\WINDOWS\System32\OpenSSH\;C:\Program Files\Git\cmd;C:\Program Files\Microsoft SQL Server\Client SDK\ODBC\170\Tools\Binn\;C:\Program Files (x86)\Microsoft SQL Server\150\Tools\Binn\;C:\Program Files\Microsoft SQL Server\150\Tools\Binn\;C:\Program Files\Microsoft SQL Server\150\DTS\Binn\;C:\Program Files (x86)\Microsoft SQL Server\150\DTS\Binn\;C:\Program Files\nodejs\;C:\xampp\php;C:\ProgramData\ComposerSetup\bin;C:\Program Files\gradle-6.6.1\bin;C:\Program Files\Microsoft SQL Server\130\Tools\Binn\;C:\Program Files (x86)\Microsoft SQL Server\110\DTS\Binn\;C:\Program Files (x86)\Microsoft SQL Server\120\DTS\Binn\;C:\Program Files (x86)\Microsoft SQL Server\130\DTS\Binn\;C:\Program Files (x86)\Microsoft SQL Server\140\DTS\Binn\;C:\cygnus\cygwin-b20\H-i586-cygwin32\bin;C:\Users\Encrypted\AppData\Local\Microsoft\WindowsApps;C:\Users\Encrypted\AppData\Local\Programs\Microsoft VS Code\bin;C:\Users\Encrypted\AppData\Local\GitHubDesktop\bin;C:\Users\Encrypted\AppData\Local\Microsoft\WindowsApps;C:\Users\Encrypted\AppData\Roaming\npm;C:\Users\Encrypted\AppData\Roaming\Composer\vendor\bin;C:\Program Files\heroku\bin;
USERNAME=Encrypted
OS=Windows_NT
PROCESSOR_IDENTIFIER=Intel64 Family 6 Model 69 Stepping 1, GenuineIntel



---------------  S Y S T E M  ---------------

OS: Windows 10.0 , 64 bit Build 19041 (10.0.19041.546)

CPU:total 4 (initial active 4) (2 cores per cpu, 2 threads per core) family 6 model 69 stepping 1, cmov, cx8, fxsr, mmx, sse, sse2, sse3, ssse3, sse4.1, sse4.2, popcnt, avx, avx2, aes, clmul, erms, lzcnt, ht, tsc, tscinvbit, bmi1, bmi2

Memory: 4k page, physical 8285320k(503592k free), swap 10238088k(4144k free)

vm_info: OpenJDK 64-Bit Server VM (25.242-b01) for windows-amd64 JRE (1.8.0_242-release-1644-b01), built by "builder" with MS VC++ 10.0 (VS2010)

time: Mon Oct 26 02:23:49 2020
timezone: SE Asia Standard Time
elapsed time: 13 seconds (0d 0h 0m 13s)

