#
# There is insufficient memory for the Java Runtime Environment to continue.
# Native memory allocation (malloc) failed to allocate 1997456 bytes for Chunk::new
# Possible reasons:
#   The system is out of physical RAM or swap space
#   The process is running with CompressedOops enabled, and the Java Heap may be blocking the growth of the native heap
# Possible solutions:
#   Reduce memory load on the system
#   Increase physical memory or swap space
#   Check if swap backing store is full
#   Decrease Java heap size (-Xmx/-Xms)
#   Decrease number of Java threads
#   Decrease Java thread stack sizes (-Xss)
#   Set larger code cache with -XX:ReservedCodeCacheSize=
#   JVM is running with Unscaled Compressed Oops mode in which the Java heap is
#     placed in the first 4GB address space. The Java Heap base address is the
#     maximum limit for the native heap growth. Please use -XX:HeapBaseMinAddress
#     to set the Java Heap base and to place the Java Heap above 4GB virtual address.
# This output file may be truncated or incomplete.
#
#  Out of Memory Error (allocation.cpp:389), pid=73716, tid=0x0000000000012134
#
# JRE version: OpenJDK Runtime Environment (8.0_242-b01) (build 1.8.0_242-release-1644-b01)
# Java VM: OpenJDK 64-Bit Server VM (25.242-b01 mixed mode windows-amd64 compressed oops)
# Failed to write core dump. Minidumps are not enabled by default on client versions of Windows
#

---------------  T H R E A D  ---------------

Current thread (0x00000000180de000):  JavaThread "C2 CompilerThread1" daemon [_thread_in_native, id=74036, stack(0x0000000019cd0000,0x0000000019dd0000)]

Stack: [0x0000000019cd0000,0x0000000019dd0000]
[error occurred during error reporting (printing stack bounds), id 0xc0000005]

Native frames: (J=compiled Java code, j=interpreted, Vv=VM code, C=native code)


Current CompileTask:
C2:  19365 5423       4       org.objectweb.asm.ClassReader::readCode (5089 bytes)


---------------  P R O C E S S  ---------------

Java Threads: ( => current thread )
  0x000000001e93e800 JavaThread "Java2D Disposer" daemon [_thread_blocked, id=73824, stack(0x000000001f5c0000,0x000000001f6c0000)]
  0x000000001b401000 JavaThread "SDK 28 Main Thread" [_thread_in_native, id=67324, stack(0x000000001cbb0000,0x000000001ccb0000)]
  0x0000000019765800 JavaThread "Service Thread" daemon [_thread_blocked, id=70264, stack(0x0000000019ed0000,0x0000000019fd0000)]
  0x0000000019750800 JavaThread "C1 CompilerThread2" daemon [_thread_blocked, id=74068, stack(0x0000000019dd0000,0x0000000019ed0000)]
=>0x00000000180de000 JavaThread "C2 CompilerThread1" daemon [_thread_in_native, id=74036, stack(0x0000000019cd0000,0x0000000019dd0000)]
  0x00000000180bf800 JavaThread "C2 CompilerThread0" daemon [_thread_in_native, id=74040, stack(0x0000000019bd0000,0x0000000019cd0000)]
  0x0000000019713800 JavaThread "Monitor Ctrl-Break" daemon [_thread_in_native, id=74104, stack(0x0000000019ad0000,0x0000000019bd0000)]
  0x0000000018094000 JavaThread "Attach Listener" daemon [_thread_blocked, id=74100, stack(0x00000000195d0000,0x00000000196d0000)]
  0x0000000018092800 JavaThread "Signal Dispatcher" daemon [_thread_blocked, id=73932, stack(0x00000000194d0000,0x00000000195d0000)]
  0x000000001806e000 JavaThread "Finalizer" daemon [_thread_blocked, id=26852, stack(0x00000000192d0000,0x00000000193d0000)]
  0x000000000336d800 JavaThread "Reference Handler" daemon [_thread_blocked, id=72724, stack(0x00000000191d0000,0x00000000192d0000)]
  0x0000000003279800 JavaThread "main" [_thread_blocked, id=72804, stack(0x0000000003070000,0x0000000003170000)]

Other Threads:
  0x0000000018047000 VMThread [stack: 0x00000000190d0000,0x00000000191d0000] [id=73460]
  0x000000001975f000 WatcherThread [stack: 0x0000000019fd0000,0x000000001a0d0000] [id=67272]

VM state:not at safepoint (normal execution)

VM Mutex/Monitor currently owned by a thread: None

heap address: 0x0000000081800000, size: 2024 MB, Compressed Oops mode: 32-bit
Narrow klass base: 0x0000000000000000, Narrow klass shift: 3
Compressed class space size: 1073741824 Address: 0x0000000100000000

Heap:
 PSYoungGen      total 300544K, used 205184K [0x00000000d5d80000, 0x00000000ee780000, 0x0000000100000000)
  eden space 287744K, 67% used [0x00000000d5d80000,0x00000000e1c4bfb8,0x00000000e7680000)
  from space 12800K, 76% used [0x00000000e7680000,0x00000000e80141e0,0x00000000e8300000)
  to   space 13312K, 0% used [0x00000000eda80000,0x00000000eda80000,0x00000000ee780000)
 ParOldGen       total 170496K, used 53678K [0x0000000081800000, 0x000000008be80000, 0x00000000d5d80000)
  object space 170496K, 31% used [0x0000000081800000,0x0000000084c6b818,0x000000008be80000)
 Metaspace       used 51179K, capacity 57240K, committed 57600K, reserved 1099776K
  class space    used 5917K, capacity 7827K, committed 7936K, reserved 1048576K

Card table byte_map: [0x00000000128f0000,0x0000000012cf0000] byte_map_base: 0x00000000124e4000

Marking Bits: (ParMarkBitMap*) 0x000000007169f030
 Begin Bits: [0x00000000133a0000, 0x0000000015340000)
 End Bits:   [0x0000000015340000, 0x00000000172e0000)

Polling page: 0x0000000003020000

CodeCache: size=245760Kb used=14138Kb max_used=14891Kb free=231621Kb
 bounds [0x0000000003530000, 0x0000000004420000, 0x0000000012530000]
 total_blobs=5698 nmethods=4507 adapters=1104
 compilation: enabled

Compilation events (10 events):
Event: 19.275 Thread 0x0000000019750800 5440   !   3       org.robolectric.internal.bytecode.RobolectricInternals::performStaticInitialization (59 bytes)
Event: 19.276 Thread 0x0000000019750800 nmethod 5440 0x00000000037839d0 code [0x0000000003783c40, 0x0000000003784ba8]
Event: 19.298 Thread 0x00000000180bf800 nmethod 5437 0x0000000003786c50 code [0x0000000003786e40, 0x00000000037881d0]
Event: 19.298 Thread 0x00000000180bf800 5441       4       java.io.DataOutputStream::writeByte (14 bytes)
Event: 19.300 Thread 0x0000000019750800 5442       3       sun.misc.ProxyGenerator::getParameterDescriptors (47 bytes)
Event: 19.302 Thread 0x0000000019750800 nmethod 5442 0x00000000039b9a10 code [0x00000000039b9c60, 0x00000000039baa38]
Event: 19.306 Thread 0x00000000180bf800 nmethod 5441 0x0000000003b14010 code [0x0000000003b14180, 0x0000000003b147d8]
Event: 19.306 Thread 0x00000000180bf800 5443       4       sun.misc.ProxyGenerator$ConstantPool$Entry::<init> (5 bytes)
Event: 19.306 Thread 0x00000000180bf800 nmethod 5443 0x0000000003658790 code [0x00000000036588c0, 0x0000000003658918]
Event: 19.338 Thread 0x00000000180bf800 5444       4       org.robolectric.internal.bytecode.InstrumentationConfiguration::shouldAcquire (128 bytes)

GC Heap History (10 events):
Event: 12.115 GC heap before
{Heap before GC invocations=14 (full 2):
 PSYoungGen      total 218112K, used 211405K [0x00000000d5d80000, 0x00000000e5500000, 0x0000000100000000)
  eden space 207360K, 100% used [0x00000000d5d80000,0x00000000e2800000,0x00000000e2800000)
  from space 10752K, 37% used [0x00000000e2800000,0x00000000e2bf3750,0x00000000e3280000)
  to   space 10240K, 0% used [0x00000000e4b00000,0x00000000e4b00000,0x00000000e5500000)
 ParOldGen       total 148992K, used 44661K [0x0000000081800000, 0x000000008a980000, 0x00000000d5d80000)
  object space 148992K, 29% used [0x0000000081800000,0x000000008439d6e0,0x000000008a980000)
 Metaspace       used 32865K, capacity 36017K, committed 36352K, reserved 1081344K
  class space    used 3477K, capacity 4506K, committed 4608K, reserved 1048576K
Event: 12.133 GC heap after
Heap after GC invocations=14 (full 2):
 PSYoungGen      total 242688K, used 7828K [0x00000000d5d80000, 0x00000000e6e00000, 0x0000000100000000)
  eden space 232448K, 0% used [0x00000000d5d80000,0x00000000d5d80000,0x00000000e4080000)
  from space 10240K, 76% used [0x00000000e4b00000,0x00000000e52a50a8,0x00000000e5500000)
  to   space 10752K, 0% used [0x00000000e4080000,0x00000000e4080000,0x00000000e4b00000)
 ParOldGen       total 148992K, used 44669K [0x0000000081800000, 0x000000008a980000, 0x00000000d5d80000)
  object space 148992K, 29% used [0x0000000081800000,0x000000008439f6e0,0x000000008a980000)
 Metaspace       used 32865K, capacity 36017K, committed 36352K, reserved 1081344K
  class space    used 3477K, capacity 4506K, committed 4608K, reserved 1048576K
}
Event: 14.311 GC heap before
{Heap before GC invocations=15 (full 2):
 PSYoungGen      total 242688K, used 240276K [0x00000000d5d80000, 0x00000000e6e00000, 0x0000000100000000)
  eden space 232448K, 100% used [0x00000000d5d80000,0x00000000e4080000,0x00000000e4080000)
  from space 10240K, 76% used [0x00000000e4b00000,0x00000000e52a50a8,0x00000000e5500000)
  to   space 10752K, 0% used [0x00000000e4080000,0x00000000e4080000,0x00000000e4b00000)
 ParOldGen       total 148992K, used 44669K [0x0000000081800000, 0x000000008a980000, 0x00000000d5d80000)
  object space 148992K, 29% used [0x0000000081800000,0x000000008439f6e0,0x000000008a980000)
 Metaspace       used 39308K, capacity 43633K, committed 43904K, reserved 1087488K
  class space    used 4294K, capacity 5675K, committed 5760K, reserved 1048576K
Event: 14.345 GC heap after
Heap after GC invocations=15 (full 2):
 PSYoungGen      total 243200K, used 10720K [0x00000000d5d80000, 0x00000000e9000000, 0x0000000100000000)
  eden space 232448K, 0% used [0x00000000d5d80000,0x00000000d5d80000,0x00000000e4080000)
  from space 10752K, 99% used [0x00000000e4080000,0x00000000e4af8010,0x00000000e4b00000)
  to   space 13312K, 0% used [0x00000000e8300000,0x00000000e8300000,0x00000000e9000000)
 ParOldGen       total 148992K, used 47339K [0x0000000081800000, 0x000000008a980000, 0x00000000d5d80000)
  object space 148992K, 31% used [0x0000000081800000,0x000000008463aee8,0x000000008a980000)
 Metaspace       used 39308K, capacity 43633K, committed 43904K, reserved 1087488K
  class space    used 4294K, capacity 5675K, committed 5760K, reserved 1048576K
}
Event: 14.527 GC heap before
{Heap before GC invocations=16 (full 2):
 PSYoungGen      total 243200K, used 49067K [0x00000000d5d80000, 0x00000000e9000000, 0x0000000100000000)
  eden space 232448K, 16% used [0x00000000d5d80000,0x00000000d82f2d88,0x00000000e4080000)
  from space 10752K, 99% used [0x00000000e4080000,0x00000000e4af8010,0x00000000e4b00000)
  to   space 13312K, 0% used [0x00000000e8300000,0x00000000e8300000,0x00000000e9000000)
 ParOldGen       total 148992K, used 47339K [0x0000000081800000, 0x000000008a980000, 0x00000000d5d80000)
  object space 148992K, 31% used [0x0000000081800000,0x000000008463aee8,0x000000008a980000)
 Metaspace       used 40106K, capacity 44517K, committed 44588K, reserved 1087488K
  class space    used 4392K, capacity 5819K, committed 5888K, reserved 1048576K
Event: 14.551 GC heap after
Heap after GC invocations=16 (full 2):
 PSYoungGen      total 301056K, used 6911K [0x00000000d5d80000, 0x00000000eac00000, 0x0000000100000000)
  eden space 287744K, 0% used [0x00000000d5d80000,0x00000000d5d80000,0x00000000e7680000)
  from space 13312K, 51% used [0x00000000e8300000,0x00000000e89bfc90,0x00000000e9000000)
  to   space 12800K, 0% used [0x00000000e7680000,0x00000000e7680000,0x00000000e8300000)
 ParOldGen       total 148992K, used 52281K [0x0000000081800000, 0x000000008a980000, 0x00000000d5d80000)
  object space 148992K, 35% used [0x0000000081800000,0x0000000084b0e440,0x000000008a980000)
 Metaspace       used 40106K, capacity 44517K, committed 44588K, reserved 1087488K
  class space    used 4392K, capacity 5819K, committed 5888K, reserved 1048576K
}
Event: 14.551 GC heap before
{Heap before GC invocations=17 (full 3):
 PSYoungGen      total 301056K, used 6911K [0x00000000d5d80000, 0x00000000eac00000, 0x0000000100000000)
  eden space 287744K, 0% used [0x00000000d5d80000,0x00000000d5d80000,0x00000000e7680000)
  from space 13312K, 51% used [0x00000000e8300000,0x00000000e89bfc90,0x00000000e9000000)
  to   space 12800K, 0% used [0x00000000e7680000,0x00000000e7680000,0x00000000e8300000)
 ParOldGen       total 148992K, used 52281K [0x0000000081800000, 0x000000008a980000, 0x00000000d5d80000)
  object space 148992K, 35% used [0x0000000081800000,0x0000000084b0e440,0x000000008a980000)
 Metaspace       used 40106K, capacity 44517K, committed 44588K, reserved 1087488K
  class space    used 4392K, capacity 5819K, committed 5888K, reserved 1048576K
Event: 14.777 GC heap after
Heap after GC invocations=17 (full 3):
 PSYoungGen      total 301056K, used 0K [0x00000000d5d80000, 0x00000000eac00000, 0x0000000100000000)
  eden space 287744K, 0% used [0x00000000d5d80000,0x00000000d5d80000,0x00000000e7680000)
  from space 13312K, 0% used [0x00000000e8300000,0x00000000e8300000,0x00000000e9000000)
  to   space 12800K, 0% used [0x00000000e7680000,0x00000000e7680000,0x00000000e8300000)
 ParOldGen       total 170496K, used 53670K [0x0000000081800000, 0x000000008be80000, 0x00000000d5d80000)
  object space 170496K, 31% used [0x0000000081800000,0x0000000084c69818,0x000000008be80000)
 Metaspace       used 40106K, capacity 44517K, committed 44588K, reserved 1087488K
  class space    used 4392K, capacity 5819K, committed 5888K, reserved 1048576K
}
Event: 17.742 GC heap before
{Heap before GC invocations=18 (full 3):
 PSYoungGen      total 301056K, used 287744K [0x00000000d5d80000, 0x00000000eac00000, 0x0000000100000000)
  eden space 287744K, 100% used [0x00000000d5d80000,0x00000000e7680000,0x00000000e7680000)
  from space 13312K, 0% used [0x00000000e8300000,0x00000000e8300000,0x00000000e9000000)
  to   space 12800K, 0% used [0x00000000e7680000,0x00000000e7680000,0x00000000e8300000)
 ParOldGen       total 170496K, used 53670K [0x0000000081800000, 0x000000008be80000, 0x00000000d5d80000)
  object space 170496K, 31% used [0x0000000081800000,0x0000000084c69818,0x000000008be80000)
 Metaspace       used 47058K, capacity 52722K, committed 52864K, reserved 1095680K
  class space    used 5478K, capacity 7236K, committed 7296K, reserved 1048576K
Event: 17.756 GC heap after
Heap after GC invocations=18 (full 3):
 PSYoungGen      total 300544K, used 9808K [0x00000000d5d80000, 0x00000000ee780000, 0x0000000100000000)
  eden space 287744K, 0% used [0x00000000d5d80000,0x00000000d5d80000,0x00000000e7680000)
  from space 12800K, 76% used [0x00000000e7680000,0x00000000e80141e0,0x00000000e8300000)
  to   space 13312K, 0% used [0x00000000eda80000,0x00000000eda80000,0x00000000ee780000)
 ParOldGen       total 170496K, used 53678K [0x0000000081800000, 0x000000008be80000, 0x00000000d5d80000)
  object space 170496K, 31% used [0x0000000081800000,0x0000000084c6b818,0x000000008be80000)
 Metaspace       used 47058K, capacity 52722K, committed 52864K, reserved 1095680K
  class space    used 5478K, capacity 7236K, committed 7296K, reserved 1048576K
}

Deoptimization events (10 events):
Event: 18.790 Thread 0x000000001b401000 Uncommon trap: reason=bimorphic action=maybe_recompile pc=0x0000000003a6877c method=java.util.AbstractList$Itr.next()Ljava/lang/Object; @ 14
Event: 18.799 Thread 0x000000001b401000 Uncommon trap: reason=bimorphic action=maybe_recompile pc=0x0000000003a6877c method=java.util.AbstractList$Itr.next()Ljava/lang/Object; @ 14
Event: 18.799 Thread 0x000000001b401000 Uncommon trap: reason=bimorphic action=maybe_recompile pc=0x0000000003a6877c method=java.util.AbstractList$Itr.next()Ljava/lang/Object; @ 14
Event: 18.799 Thread 0x000000001b401000 Uncommon trap: reason=bimorphic action=maybe_recompile pc=0x0000000003a6877c method=java.util.AbstractList$Itr.next()Ljava/lang/Object; @ 14
Event: 18.802 Thread 0x000000001b401000 Uncommon trap: reason=unstable_if action=reinterpret pc=0x0000000004064f04 method=org.objectweb.asm.ClassReader.readCode(Lorg/objectweb/asm/MethodVisitor;Lorg/objectweb/asm/Context;I)V @ 1778
Event: 18.802 Thread 0x000000001b401000 Uncommon trap: reason=unstable_if action=reinterpret pc=0x0000000004204064 method=org.objectweb.asm.ClassReader.readElementValues(Lorg/objectweb/asm/AnnotationVisitor;IZ[C)I @ 78
Event: 18.802 Thread 0x000000001b401000 Uncommon trap: reason=unstable_if action=reinterpret pc=0x000000000407b9d0 method=org.objectweb.asm.tree.MethodNode.accept(Lorg/objectweb/asm/MethodVisitor;)V @ 760
Event: 19.075 Thread 0x000000001b401000 Uncommon trap: reason=unstable_if action=reinterpret pc=0x00000000038916f0 method=java.util.regex.Pattern.atom()Ljava/util/regex/Pattern$Node; @ 255
Event: 19.075 Thread 0x000000001b401000 Uncommon trap: reason=bimorphic action=maybe_recompile pc=0x0000000004315d74 method=java.util.regex.Pattern$Curly.study(Ljava/util/regex/Pattern$TreeInfo;)Z @ 31
Event: 19.075 Thread 0x000000001b401000 Uncommon trap: reason=bimorphic action=maybe_recompile pc=0x0000000004315d74 method=java.util.regex.Pattern$Curly.study(Ljava/util/regex/Pattern$TreeInfo;)Z @ 31

Classes redefined (0 events):
No events

Internal exceptions (10 events):
Event: 8.692 Thread 0x000000001b401000 Exception <a 'java/security/PrivilegedActionException'> (0x00000000d5fd93f8) thrown at [C:\src\AOSP-openjdk-git\hotspot\src\share\vm\prims\jvm.cpp, line 1502]
Event: 8.692 Thread 0x000000001b401000 Exception <a 'java/security/PrivilegedActionException'> (0x00000000d5fd97f0) thrown at [C:\src\AOSP-openjdk-git\hotspot\src\share\vm\prims\jvm.cpp, line 1502]
Event: 11.121 Thread 0x000000001b401000 Exception <a 'sun/nio/fs/WindowsException'> (0x00000000db6bdbf8) thrown at [C:\src\AOSP-openjdk-git\hotspot\src\share\vm\prims\jni.cpp, line 710]
Event: 12.312 Thread 0x000000001b401000 Exception <a 'java/lang/NoSuchFieldError': method resolution failed> (0x00000000d6ba90d8) thrown at [C:\src\AOSP-openjdk-git\hotspot\src\share\vm\prims\methodHandles.cpp, line 1167]
Event: 15.138 Thread 0x000000001b401000 Exception <a 'java/lang/NoSuchFieldError': method resolution failed> (0x00000000d76ebdd8) thrown at [C:\src\AOSP-openjdk-git\hotspot\src\share\vm\prims\methodHandles.cpp, line 1167]
Event: 17.037 Thread 0x000000001b401000 Exception <a 'java/io/FileNotFoundException'> (0x00000000e2640ea0) thrown at [C:\src\AOSP-openjdk-git\hotspot\src\share\vm\prims\jni.cpp, line 710]
Event: 17.174 Thread 0x000000001b401000 Implicit null exception at 0x00000000037d0e95 to 0x00000000037d106d
Event: 18.512 Thread 0x000000001b401000 Exception <a 'java/lang/reflect/InvocationTargetException'> (0x00000000dd870b88) thrown at [C:\src\AOSP-openjdk-git\hotspot\src\share\vm\runtime\reflection.cpp, line 1092]
Event: 18.513 Thread 0x000000001b401000 Exception <a 'java/lang/AssertionError'> (0x00000000dd870980) thrown at [C:\src\AOSP-openjdk-git\hotspot\src\share\vm\prims\jni.cpp, line 710]
Event: 18.802 Thread 0x000000001b401000 Implicit null exception at 0x0000000004203f29 to 0x0000000004204051

Events (10 events):
Event: 19.341 loading class android/os/DropBoxManager$Entry$1
Event: 19.341 loading class android/os/DropBoxManager$Entry$1 done
Event: 19.341 loading class android/os/DropBoxManager$Entry$1
Event: 19.341 loading class android/os/DropBoxManager$Entry$1 done
Event: 19.342 loading class android/app/admin/IDevicePolicyManager
Event: 19.342 loading class android/app/admin/IDevicePolicyManager done
Event: 19.345 loading class android/telephony/data/ApnSetting
Event: 19.345 loading class android/telephony/data/ApnSetting done
Event: 19.352 loading class android/content/pm/StringParceledListSlice
Event: 19.352 loading class android/content/pm/StringParceledListSlice done


Dynamic libraries:
0x00007ff6e20b0000 - 0x00007ff6e20e1000 	C:\Program Files\Android\Android Studio\jre\bin\java.exe
0x00007fff93090000 - 0x00007fff93286000 	C:\WINDOWS\SYSTEM32\ntdll.dll
0x00007fff92730000 - 0x00007fff927ed000 	C:\WINDOWS\System32\KERNEL32.DLL
0x00007fff90c30000 - 0x00007fff90ef8000 	C:\WINDOWS\System32\KERNELBASE.dll
0x00007fff92890000 - 0x00007fff9293a000 	C:\WINDOWS\System32\ADVAPI32.dll
0x00007fff92ab0000 - 0x00007fff92b4e000 	C:\WINDOWS\System32\msvcrt.dll
0x00007fff91180000 - 0x00007fff9121b000 	C:\WINDOWS\System32\sechost.dll
0x00007fff91690000 - 0x00007fff917b4000 	C:\WINDOWS\System32\RPCRT4.dll
0x00007fff92400000 - 0x00007fff925a0000 	C:\WINDOWS\System32\USER32.dll
0x00007fff910d0000 - 0x00007fff910f2000 	C:\WINDOWS\System32\win32u.dll
0x00007fff92a20000 - 0x00007fff92a4a000 	C:\WINDOWS\System32\GDI32.dll
0x00007fff90a40000 - 0x00007fff90b49000 	C:\WINDOWS\System32\gdi32full.dll
0x00007fff90f00000 - 0x00007fff90f9d000 	C:\WINDOWS\System32\msvcp_win.dll
0x00007fff90fa0000 - 0x00007fff910a0000 	C:\WINDOWS\System32\ucrtbase.dll
0x00007fff8fc00000 - 0x00007fff8fe9b000 	C:\WINDOWS\WinSxS\amd64_microsoft.windows.common-controls_6595b64144ccf1df_6.0.19041.488_none_ca04af081b815d21\COMCTL32.dll
0x00007fff92860000 - 0x00007fff92890000 	C:\WINDOWS\System32\IMM32.DLL
0x0000000071960000 - 0x0000000071a32000 	C:\Program Files\Android\Android Studio\jre\jre\bin\msvcr100.dll
0x0000000070ed0000 - 0x000000007171b000 	C:\Program Files\Android\Android Studio\jre\jre\bin\server\jvm.dll
0x00007fff92850000 - 0x00007fff92858000 	C:\WINDOWS\System32\PSAPI.DLL
0x00007fff8b7b0000 - 0x00007fff8b7b9000 	C:\WINDOWS\SYSTEM32\WSOCK32.dll
0x00007fff89040000 - 0x00007fff89067000 	C:\WINDOWS\SYSTEM32\WINMM.dll
0x00007fff89070000 - 0x00007fff8907a000 	C:\WINDOWS\SYSTEM32\VERSION.dll
0x00007fff925a0000 - 0x00007fff9260b000 	C:\WINDOWS\System32\WS2_32.dll
0x00007fff8b7a0000 - 0x00007fff8b7af000 	C:\Program Files\Android\Android Studio\jre\jre\bin\verify.dll
0x00007fff5e000000 - 0x00007fff5e029000 	C:\Program Files\Android\Android Studio\jre\jre\bin\java.dll
0x00007fff80a30000 - 0x00007fff80a53000 	C:\Program Files\Android\Android Studio\jre\jre\bin\instrument.dll
0x00007fff5ee90000 - 0x00007fff5eea6000 	C:\Program Files\Android\Android Studio\jre\jre\bin\zip.dll
0x00007fff91890000 - 0x00007fff91fd0000 	C:\WINDOWS\System32\SHELL32.dll
0x00007fff8e2d0000 - 0x00007fff8ea64000 	C:\WINDOWS\SYSTEM32\windows.storage.dll
0x00007fff912d0000 - 0x00007fff91625000 	C:\WINDOWS\System32\combase.dll
0x00007fff8fb60000 - 0x00007fff8fb8c000 	C:\WINDOWS\SYSTEM32\Wldp.dll
0x00007fff92940000 - 0x00007fff929ee000 	C:\WINDOWS\System32\SHCORE.dll
0x00007fff927f0000 - 0x00007fff92845000 	C:\WINDOWS\System32\shlwapi.dll
0x00007fff90710000 - 0x00007fff90736000 	C:\WINDOWS\SYSTEM32\profapi.dll
0x00007fff90190000 - 0x00007fff901aa000 	C:\Program Files\Android\Android Studio\bin\breakgen64.dll
0x00007fff5d1e0000 - 0x00007fff5d1fa000 	C:\Program Files\Android\Android Studio\jre\jre\bin\net.dll
0x00007fff8f900000 - 0x00007fff8f96a000 	C:\WINDOWS\system32\mswsock.dll
0x00007fff5c310000 - 0x00007fff5c323000 	C:\Program Files\Android\Android Studio\jre\jre\bin\nio.dll
0x00007fff90570000 - 0x00007fff90588000 	C:\WINDOWS\SYSTEM32\CRYPTSP.dll
0x00007fff8f290000 - 0x00007fff8f2c4000 	C:\WINDOWS\system32\rsaenh.dll
0x00007fff910a0000 - 0x00007fff910c7000 	C:\WINDOWS\System32\bcrypt.dll
0x00007fff90690000 - 0x00007fff906be000 	C:\WINDOWS\SYSTEM32\USERENV.dll
0x00007fff90b50000 - 0x00007fff90bcf000 	C:\WINDOWS\System32\bcryptprimitives.dll
0x00007fff8fad0000 - 0x00007fff8fadc000 	C:\WINDOWS\SYSTEM32\CRYPTBASE.dll
0x00007fff8f5f0000 - 0x00007fff8f62b000 	C:\WINDOWS\SYSTEM32\IPHLPAPI.DLL
0x00007fff92a10000 - 0x00007fff92a19000 	C:\WINDOWS\System32\NSI.dll
0x00007fff806a0000 - 0x00007fff806b7000 	C:\WINDOWS\SYSTEM32\dhcpcsvc6.DLL
0x00007fff80f40000 - 0x00007fff80f5d000 	C:\WINDOWS\SYSTEM32\dhcpcsvc.DLL
0x00007fff8f630000 - 0x00007fff8f6fb000 	C:\WINDOWS\SYSTEM32\DNSAPI.dll
0x00007fff548f0000 - 0x00007fff54914000 	C:\Program Files\Android\Android Studio\jre\jre\bin\sunec.dll
0x00007fff7e600000 - 0x00007fff7e60b000 	C:\Program Files\Android\Android Studio\jre\jre\bin\sunmscapi.dll
0x00007fff907e0000 - 0x00007fff9093d000 	C:\WINDOWS\System32\CRYPT32.dll
0x00007fff3ebd0000 - 0x00007fff3ed6c000 	C:\Program Files\Android\Android Studio\jre\jre\bin\awt.dll
0x00007fff917c0000 - 0x00007fff9188d000 	C:\WINDOWS\System32\OLEAUT32.dll
0x00007fff8dec0000 - 0x00007fff8deef000 	C:\WINDOWS\SYSTEM32\dwmapi.dll
0x00007fff8c100000 - 0x00007fff8c6c0000 	C:\WINDOWS\SYSTEM32\d2d1.dll
0x00007fff8dc00000 - 0x00007fff8dc90000 	C:\WINDOWS\SYSTEM32\apphelp.dll

VM Arguments:
jvm_args: -ea -Didea.test.cyclic.buffer.size=1048576 -javaagent:C:\Program Files\Android\Android Studio\lib\idea_rt.jar=51641:C:\Program Files\Android\Android Studio\bin -Dfile.encoding=UTF-8 
java_command: com.intellij.rt.junit.JUnitStarter -ideVersion5 -junit4 org.aplas.soccermatch.TestB3MultiActivities041
java_class_path (initial): C:\Program Files\Android\Android Studio\lib\idea_rt.jar;C:\Program Files\Android\Android Studio\plugins\junit\lib\junit5-rt.jar;C:\Program Files\Android\Android Studio\plugins\junit\lib\junit-rt.jar;C:\Users\Encrypted\AppData\Local\Android\Sdk\platforms\android-28\data\res;D:\Kuliah\Sem5\Mobile\Aplas\Aplas\SoccerMatch\app\build\intermediates\javac\debugUnitTest\classes;D:\Kuliah\Sem5\Mobile\Aplas\Aplas\SoccerMatch\app\build\intermediates\javac\debug\classes;D:\Kuliah\Sem5\Mobile\Aplas\Aplas\SoccerMatch\app\build\intermediates\compile_and_runtime_not_namespaced_r_class_jar\debug\R.jar;D:\Kuliah\Sem5\Mobile\Aplas\Aplas\SoccerMatch\app\build\intermediates\unit_test_config_directory\debugUnitTest\out;D:\Kuliah\Sem5\Mobile\Aplas\Aplas\SoccerMatch\app\build\generated\res\resValues\debug;C:\Users\Encrypted\.gradle\caches\modules-2\files-2.1\androidx.lifecycle\lifecycle-common\2.2.0\4ef09a745007778eef83b92f8f23987a8ea59496\lifecycle-common-2.2.0.jar;C:\Users\Encrypted\.gradle\caches\modules-2\files-2.1\androidx.collection\collection-ktx\1.1.0\f807b2f366f7b75142a67d2f3c10031065b5168\collection-ktx-1.1.0.jar;C:\Users\Encrypted\.gradle\caches\modules-2\files-2.1\androidx.collection\collection\1.1.0\1f27220b47669781457de0d600849a5de0e89909\collection-1.1.0.jar;C:\Users\Encrypted\.gradle\caches\modules-2\files-2.1\androidx.arch.core\core-common\2.1.0\b3152fc64428c9354344bd89848ecddc09b6f07e\core-common-2.1.0.jar;C:\Users\Encrypted\.gradle\caches\modules-2\files-2.1\androidx.annotation\annotation\1.1.0\e3a6fb2f40e3a3842e6b7472628ba4ce416ea4c8\annotation-1.1.0.jar;C:\Users\Encrypted\.gradle\caches\modules-2\files-2.1\androidx.constraintlayout\constraintlayout-solver\1.1.3\54abe9ffb22cc9019b0b6fcc10f185cc4e67b34e\constraintlayout-solver-1.1.3.jar;C:\Users\Encrypted\.gradle\caches\modules-2\files-2.1\org.jetbrains.kotlinx\kotlinx-coroutines-android\1.3.0\804a29e0b22cfb30e04487574ad1cb888daa716d\kotlinx-coroutines-android-1.3.0.jar;C:\Users\Encrypted\.gra
Launcher Type: SUN_STANDARD

Environment Variables:
PATH=C:\Program Files (x86)\Common Files\Intel\Shared Libraries\redist\intel64\compiler;C:\Program Files (x86)\Common Files\Oracle\Java\javapath;C:\Program Files (x86)\Common Files\Intel\Shared Files\cpp\bin\Intel64;C:\ProgramData\Oracle\Java\javapath;C:\WINDOWS\system32;C:\WINDOWS;C:\WINDOWS\System32\Wbem;C:\WINDOWS\System32\WindowsPowerShell\v1.0\;C:\WINDOWS\System32\OpenSSH\;C:\Program Files\Git\cmd;C:\Program Files\Microsoft SQL Server\Client SDK\ODBC\170\Tools\Binn\;C:\Program Files (x86)\Microsoft SQL Server\150\Tools\Binn\;C:\Program Files\Microsoft SQL Server\150\Tools\Binn\;C:\Program Files\Microsoft SQL Server\150\DTS\Binn\;C:\Program Files (x86)\Microsoft SQL Server\150\DTS\Binn\;C:\Program Files\nodejs\;C:\xampp\php;C:\ProgramData\ComposerSetup\bin;C:\Program Files\gradle-6.6.1\bin;C:\Program Files\Microsoft SQL Server\130\Tools\Binn\;C:\Program Files (x86)\Microsoft SQL Server\110\DTS\Binn\;C:\Program Files (x86)\Microsoft SQL Server\120\DTS\Binn\;C:\Program Files (x86)\Microsoft SQL Server\130\DTS\Binn\;C:\Program Files (x86)\Microsoft SQL Server\140\DTS\Binn\;C:\cygnus\cygwin-b20\H-i586-cygwin32\bin;C:\Users\Encrypted\AppData\Local\Microsoft\WindowsApps;C:\Users\Encrypted\AppData\Local\Programs\Microsoft VS Code\bin;C:\Users\Encrypted\AppData\Local\GitHubDesktop\bin;C:\Users\Encrypted\AppData\Local\Microsoft\WindowsApps;C:\Users\Encrypted\AppData\Roaming\npm;C:\Users\Encrypted\AppData\Roaming\Composer\vendor\bin;C:\Program Files\heroku\bin;
USERNAME=Encrypted
OS=Windows_NT
PROCESSOR_IDENTIFIER=Intel64 Family 6 Model 69 Stepping 1, GenuineIntel



---------------  S Y S T E M  ---------------

OS: Windows 10.0 , 64 bit Build 19041 (10.0.19041.546)

CPU:total 4 (initial active 4) (2 cores per cpu, 2 threads per core) family 6 model 69 stepping 1, cmov, cx8, fxsr, mmx, sse, sse2, sse3, ssse3, sse4.1, sse4.2, popcnt, avx, avx2, aes, clmul, erms, lzcnt, ht, tsc, tscinvbit, bmi1, bmi2

Memory: 4k page, physical 8285320k(664812k free), swap 10238088k(5476k free)

vm_info: OpenJDK 64-Bit Server VM (25.242-b01) for windows-amd64 JRE (1.8.0_242-release-1644-b01), built by "builder" with MS VC++ 10.0 (VS2010)

time: Mon Oct 26 02:13:58 2020
timezone: SE Asia Standard Time
elapsed time: 19 seconds (0d 0h 0m 19s)

