#
# There is insufficient memory for the Java Runtime Environment to continue.
# Native memory allocation (malloc) failed to allocate 962336 bytes for Chunk::new
# Possible reasons:
#   The system is out of physical RAM or swap space
#   The process is running with CompressedOops enabled, and the Java Heap may be blocking the growth of the native heap
# Possible solutions:
#   Reduce memory load on the system
#   Increase physical memory or swap space
#   Check if swap backing store is full
#   Decrease Java heap size (-Xmx/-Xms)
#   Decrease number of Java threads
#   Decrease Java thread stack sizes (-Xss)
#   Set larger code cache with -XX:ReservedCodeCacheSize=
#   JVM is running with Unscaled Compressed Oops mode in which the Java heap is
#     placed in the first 4GB address space. The Java Heap base address is the
#     maximum limit for the native heap growth. Please use -XX:HeapBaseMinAddress
#     to set the Java Heap base and to place the Java Heap above 4GB virtual address.
# This output file may be truncated or incomplete.
#
#  Out of Memory Error (allocation.cpp:389), pid=74868, tid=0x00000000000124e0
#
# JRE version: OpenJDK Runtime Environment (8.0_242-b01) (build 1.8.0_242-release-1644-b01)
# Java VM: OpenJDK 64-Bit Server VM (25.242-b01 mixed mode windows-amd64 compressed oops)
# Failed to write core dump. Minidumps are not enabled by default on client versions of Windows
#

---------------  T H R E A D  ---------------

Current thread (0x0000000017b00800):  JavaThread "C2 CompilerThread0" daemon [_thread_in_native, id=74976, stack(0x0000000019640000,0x0000000019740000)]

Stack: [0x0000000019640000,0x0000000019740000]
[error occurred during error reporting (printing stack bounds), id 0xc0000005]

Native frames: (J=compiled Java code, j=interpreted, Vv=VM code, C=native code)


Current CompileTask:
C2:  13637 4992       4       sun.misc.URLClassPath::findResource (47 bytes)


---------------  P R O C E S S  ---------------

Java Threads: ( => current thread )
  0x000000001bedc000 JavaThread "Java2D Disposer" daemon [_thread_blocked, id=75264, stack(0x0000000020100000,0x0000000020200000)]
  0x000000001b22c800 JavaThread "SDK 28 Main Thread" [_thread_in_vm, id=75008, stack(0x000000001c620000,0x000000001c720000)]
  0x00000000191f4800 JavaThread "Service Thread" daemon [_thread_blocked, id=74988, stack(0x0000000019940000,0x0000000019a40000)]
  0x0000000017b06000 JavaThread "C1 CompilerThread2" daemon [_thread_blocked, id=74984, stack(0x0000000019840000,0x0000000019940000)]
  0x0000000017b05000 JavaThread "C2 CompilerThread1" daemon [_thread_in_native, id=74980, stack(0x0000000019740000,0x0000000019840000)]
=>0x0000000017b00800 JavaThread "C2 CompilerThread0" daemon [_thread_in_native, id=74976, stack(0x0000000019640000,0x0000000019740000)]
  0x0000000019183000 JavaThread "Monitor Ctrl-Break" daemon [_thread_in_native, id=74972, stack(0x0000000019540000,0x0000000019640000)]
  0x0000000017ad6000 JavaThread "Attach Listener" daemon [_thread_blocked, id=74968, stack(0x0000000019040000,0x0000000019140000)]
  0x0000000017ad5000 JavaThread "Signal Dispatcher" daemon [_thread_blocked, id=74964, stack(0x0000000018f40000,0x0000000019040000)]
  0x0000000017ab4800 JavaThread "Finalizer" daemon [_thread_blocked, id=74956, stack(0x0000000018d40000,0x0000000018e40000)]
  0x0000000002d6e000 JavaThread "Reference Handler" daemon [_thread_blocked, id=74952, stack(0x0000000018c40000,0x0000000018d40000)]
  0x0000000002c79800 JavaThread "main" [_thread_blocked, id=74928, stack(0x0000000002af0000,0x0000000002bf0000)]

Other Threads:
  0x0000000017a86800 VMThread [stack: 0x0000000018b40000,0x0000000018c40000] [id=74948]
  0x00000000191fa000 WatcherThread [stack: 0x0000000019a40000,0x0000000019b40000] [id=74992]

VM state:not at safepoint (normal execution)

VM Mutex/Monitor currently owned by a thread: None

heap address: 0x0000000081800000, size: 2024 MB, Compressed Oops mode: 32-bit
Narrow klass base: 0x0000000000000000, Narrow klass shift: 3
Compressed class space size: 1073741824 Address: 0x0000000100000000

Heap:
 PSYoungGen      total 387072K, used 46125K [0x00000000d5d80000, 0x00000000ef280000, 0x0000000100000000)
  eden space 379392K, 12% used [0x00000000d5d80000,0x00000000d8a8b498,0x00000000ed000000)
  from space 7680K, 0% used [0x00000000eeb00000,0x00000000eeb00000,0x00000000ef280000)
  to   space 11776K, 0% used [0x00000000edb80000,0x00000000edb80000,0x00000000ee700000)
 ParOldGen       total 129024K, used 59312K [0x0000000081800000, 0x0000000089600000, 0x00000000d5d80000)
  object space 129024K, 45% used [0x0000000081800000,0x00000000851ec200,0x0000000089600000)
 Metaspace       used 46279K, capacity 51828K, committed 51928K, reserved 1093632K
  class space    used 5401K, capacity 7131K, committed 7168K, reserved 1048576K

Card table byte_map: [0x0000000012330000,0x0000000012730000] byte_map_base: 0x0000000011f24000

Marking Bits: (ParMarkBitMap*) 0x000000007169f030
 Begin Bits: [0x0000000012de0000, 0x0000000014d80000)
 End Bits:   [0x0000000014d80000, 0x0000000016d20000)

Polling page: 0x0000000002bf0000

CodeCache: size=245760Kb used=14020Kb max_used=14020Kb free=231739Kb
 bounds [0x0000000002f70000, 0x0000000003d40000, 0x0000000011f70000]
 total_blobs=5458 nmethods=4367 adapters=1003
 compilation: enabled

Compilation events (10 events):
Event: 13.620 Thread 0x0000000017b06000 5007       3       java.lang.invoke.LambdaForm$MH/1353698500::exactInvoker (51 bytes)
Event: 13.621 Thread 0x0000000017b06000 nmethod 5007 0x00000000036abe90 code [0x00000000036ac080, 0x00000000036acd08]
Event: 13.626 Thread 0x0000000017b06000 5010   !   3       com.sun.proxy.$Proxy18::className (29 bytes)
Event: 13.626 Thread 0x0000000017b06000 nmethod 5010 0x000000000344d4d0 code [0x000000000344d660, 0x000000000344da98]
Event: 13.626 Thread 0x0000000017b06000 5013       3       org.robolectric.internal.bytecode.ShadowMap::obtainShadowInfo (85 bytes)
Event: 13.628 Thread 0x0000000017b06000 nmethod 5013 0x0000000003877790 code [0x0000000003877ac0, 0x0000000003879598]
Event: 13.628 Thread 0x0000000017b06000 5011       3       org.robolectric.internal.bytecode.ShadowInfo::<init> (37 bytes)
Event: 13.630 Thread 0x0000000017b06000 nmethod 5011 0x0000000003867e10 code [0x00000000038680e0, 0x00000000038696a8]
Event: 13.630 Thread 0x0000000017b06000 5012   !   3       com.sun.proxy.$Proxy18::callThroughByDefault (32 bytes)
Event: 13.631 Thread 0x0000000017b06000 nmethod 5012 0x000000000344cc50 code [0x000000000344cde0, 0x000000000344d2b8]

GC Heap History (10 events):
Event: 7.361 GC heap before
{Heap before GC invocations=11 (full 2):
 PSYoungGen      total 272384K, used 8854K [0x00000000d5d80000, 0x00000000ef680000, 0x0000000100000000)
  eden space 261120K, 0% used [0x00000000d5d80000,0x00000000d5d80000,0x00000000e5c80000)
  from space 11264K, 78% used [0x00000000e5c80000,0x00000000e65258f8,0x00000000e6780000)
  to   space 11776K, 0% used [0x00000000eeb00000,0x00000000eeb00000,0x00000000ef680000)
 ParOldGen       total 107520K, used 95208K [0x0000000081800000, 0x0000000088100000, 0x00000000d5d80000)
  object space 107520K, 88% used [0x0000000081800000,0x00000000874fa1e0,0x0000000088100000)
 Metaspace       used 26921K, capacity 29735K, committed 30080K, reserved 1075200K
  class space    used 3000K, capacity 3877K, committed 3968K, reserved 1048576K
Event: 7.425 GC heap after
Heap after GC invocations=11 (full 2):
 PSYoungGen      total 272384K, used 0K [0x00000000d5d80000, 0x00000000ef680000, 0x0000000100000000)
  eden space 261120K, 0% used [0x00000000d5d80000,0x00000000d5d80000,0x00000000e5c80000)
  from space 11264K, 0% used [0x00000000e5c80000,0x00000000e5c80000,0x00000000e6780000)
  to   space 11776K, 0% used [0x00000000eeb00000,0x00000000eeb00000,0x00000000ef680000)
 ParOldGen       total 129024K, used 46790K [0x0000000081800000, 0x0000000089600000, 0x00000000d5d80000)
  object space 129024K, 36% used [0x0000000081800000,0x00000000845b1bd0,0x0000000089600000)
 Metaspace       used 26921K, capacity 29735K, committed 30080K, reserved 1075200K
  class space    used 3000K, capacity 3877K, committed 3968K, reserved 1048576K
}
Event: 8.941 GC heap before
{Heap before GC invocations=12 (full 2):
 PSYoungGen      total 272384K, used 261120K [0x00000000d5d80000, 0x00000000ef680000, 0x0000000100000000)
  eden space 261120K, 100% used [0x00000000d5d80000,0x00000000e5c80000,0x00000000e5c80000)
  from space 11264K, 0% used [0x00000000e5c80000,0x00000000e5c80000,0x00000000e6780000)
  to   space 11776K, 0% used [0x00000000eeb00000,0x00000000eeb00000,0x00000000ef680000)
 ParOldGen       total 129024K, used 46790K [0x0000000081800000, 0x0000000089600000, 0x00000000d5d80000)
  object space 129024K, 36% used [0x0000000081800000,0x00000000845b1bd0,0x0000000089600000)
 Metaspace       used 32757K, capacity 35953K, committed 36096K, reserved 1081344K
  class space    used 3479K, capacity 4506K, committed 4608K, reserved 1048576K
Event: 8.953 GC heap after
Heap after GC invocations=12 (full 2):
 PSYoungGen      total 387072K, used 7656K [0x00000000d5d80000, 0x00000000ef280000, 0x0000000100000000)
  eden space 379392K, 0% used [0x00000000d5d80000,0x00000000d5d80000,0x00000000ed000000)
  from space 7680K, 99% used [0x00000000eeb00000,0x00000000ef27a3b8,0x00000000ef280000)
  to   space 11776K, 0% used [0x00000000edb80000,0x00000000edb80000,0x00000000ee700000)
 ParOldGen       total 129024K, used 46798K [0x0000000081800000, 0x0000000089600000, 0x00000000d5d80000)
  object space 129024K, 36% used [0x0000000081800000,0x00000000845b3bd0,0x0000000089600000)
 Metaspace       used 32757K, capacity 35953K, committed 36096K, reserved 1081344K
  class space    used 3479K, capacity 4506K, committed 4608K, reserved 1048576K
}
Event: 12.114 GC heap before
{Heap before GC invocations=13 (full 2):
 PSYoungGen      total 387072K, used 387048K [0x00000000d5d80000, 0x00000000ef280000, 0x0000000100000000)
  eden space 379392K, 100% used [0x00000000d5d80000,0x00000000ed000000,0x00000000ed000000)
  from space 7680K, 99% used [0x00000000eeb00000,0x00000000ef27a3b8,0x00000000ef280000)
  to   space 11776K, 0% used [0x00000000edb80000,0x00000000edb80000,0x00000000ee700000)
 ParOldGen       total 129024K, used 46798K [0x0000000081800000, 0x0000000089600000, 0x00000000d5d80000)
  object space 129024K, 36% used [0x0000000081800000,0x00000000845b3bd0,0x0000000089600000)
 Metaspace       used 42765K, capacity 47664K, committed 47744K, reserved 1091584K
  class space    used 4943K, capacity 6507K, committed 6528K, reserved 1048576K
Event: 12.139 GC heap after
Heap after GC invocations=13 (full 2):
 PSYoungGen      total 391168K, used 11775K [0x00000000d5d80000, 0x00000000ef280000, 0x0000000100000000)
  eden space 379392K, 0% used [0x00000000d5d80000,0x00000000d5d80000,0x00000000ed000000)
  from space 11776K, 99% used [0x00000000edb80000,0x00000000ee6fff98,0x00000000ee700000)
  to   space 7680K, 0% used [0x00000000eeb00000,0x00000000eeb00000,0x00000000ef280000)
 ParOldGen       total 129024K, used 53292K [0x0000000081800000, 0x0000000089600000, 0x00000000d5d80000)
  object space 129024K, 41% used [0x0000000081800000,0x0000000084c0b1b0,0x0000000089600000)
 Metaspace       used 42765K, capacity 47664K, committed 47744K, reserved 1091584K
  class space    used 4943K, capacity 6507K, committed 6528K, reserved 1048576K
}
Event: 12.943 GC heap before
{Heap before GC invocations=14 (full 2):
 PSYoungGen      total 391168K, used 109724K [0x00000000d5d80000, 0x00000000ef280000, 0x0000000100000000)
  eden space 379392K, 25% used [0x00000000d5d80000,0x00000000dbd27428,0x00000000ed000000)
  from space 11776K, 99% used [0x00000000edb80000,0x00000000ee6fff98,0x00000000ee700000)
  to   space 7680K, 0% used [0x00000000eeb00000,0x00000000eeb00000,0x00000000ef280000)
 ParOldGen       total 129024K, used 53292K [0x0000000081800000, 0x0000000089600000, 0x00000000d5d80000)
  object space 129024K, 41% used [0x0000000081800000,0x0000000084c0b1b0,0x0000000089600000)
 Metaspace       used 44838K, capacity 50024K, committed 50136K, reserved 1093632K
  class space    used 5224K, capacity 6863K, committed 6912K, reserved 1048576K
Event: 12.959 GC heap after
Heap after GC invocations=14 (full 2):
 PSYoungGen      total 387072K, used 2950K [0x00000000d5d80000, 0x00000000ef280000, 0x0000000100000000)
  eden space 379392K, 0% used [0x00000000d5d80000,0x00000000d5d80000,0x00000000ed000000)
  from space 7680K, 38% used [0x00000000eeb00000,0x00000000eede1970,0x00000000ef280000)
  to   space 11776K, 0% used [0x00000000edb80000,0x00000000edb80000,0x00000000ee700000)
 ParOldGen       total 129024K, used 62904K [0x0000000081800000, 0x0000000089600000, 0x00000000d5d80000)
  object space 129024K, 48% used [0x0000000081800000,0x000000008556e088,0x0000000089600000)
 Metaspace       used 44838K, capacity 50024K, committed 50136K, reserved 1093632K
  class space    used 5224K, capacity 6863K, committed 6912K, reserved 1048576K
}
Event: 12.959 GC heap before
{Heap before GC invocations=15 (full 3):
 PSYoungGen      total 387072K, used 2950K [0x00000000d5d80000, 0x00000000ef280000, 0x0000000100000000)
  eden space 379392K, 0% used [0x00000000d5d80000,0x00000000d5d80000,0x00000000ed000000)
  from space 7680K, 38% used [0x00000000eeb00000,0x00000000eede1970,0x00000000ef280000)
  to   space 11776K, 0% used [0x00000000edb80000,0x00000000edb80000,0x00000000ee700000)
 ParOldGen       total 129024K, used 62904K [0x0000000081800000, 0x0000000089600000, 0x00000000d5d80000)
  object space 129024K, 48% used [0x0000000081800000,0x000000008556e088,0x0000000089600000)
 Metaspace       used 44838K, capacity 50024K, committed 50136K, reserved 1093632K
  class space    used 5224K, capacity 6863K, committed 6912K, reserved 1048576K
Event: 13.286 GC heap after
Heap after GC invocations=15 (full 3):
 PSYoungGen      total 387072K, used 0K [0x00000000d5d80000, 0x00000000ef280000, 0x0000000100000000)
  eden space 379392K, 0% used [0x00000000d5d80000,0x00000000d5d80000,0x00000000ed000000)
  from space 7680K, 0% used [0x00000000eeb00000,0x00000000eeb00000,0x00000000ef280000)
  to   space 11776K, 0% used [0x00000000edb80000,0x00000000edb80000,0x00000000ee700000)
 ParOldGen       total 129024K, used 59312K [0x0000000081800000, 0x0000000089600000, 0x00000000d5d80000)
  object space 129024K, 45% used [0x0000000081800000,0x00000000851ec200,0x0000000089600000)
 Metaspace       used 44838K, capacity 50024K, committed 50136K, reserved 1093632K
  class space    used 5224K, capacity 6863K, committed 6912K, reserved 1048576K
}

Deoptimization events (10 events):
Event: 9.784 Thread 0x000000001b22c800 Uncommon trap: reason=unstable_if action=reinterpret pc=0x0000000003a8ada4 method=org.objectweb.asm.Frame.pop(Ljava/lang/String;)V @ 36
Event: 9.848 Thread 0x000000001b22c800 Uncommon trap: reason=unstable_if action=reinterpret pc=0x0000000003397b78 method=org.objectweb.asm.tree.MethodNode.accept(Lorg/objectweb/asm/MethodVisitor;)V @ 4
Event: 9.904 Thread 0x000000001b22c800 Uncommon trap: reason=unstable_if action=reinterpret pc=0x000000000340bf88 method=java.lang.ThreadLocal$ThreadLocalMap.getEntry(Ljava/lang/ThreadLocal;)Ljava/lang/ThreadLocal$ThreadLocalMap$Entry; @ 29
Event: 9.904 Thread 0x000000001b22c800 Uncommon trap: reason=unstable_if action=reinterpret pc=0x000000000341515c method=java.lang.ThreadLocal$ThreadLocalMap.getEntry(Ljava/lang/ThreadLocal;)Ljava/lang/ThreadLocal$ThreadLocalMap$Entry; @ 29
Event: 10.985 Thread 0x000000001b22c800 Uncommon trap: reason=unstable_if action=reinterpret pc=0x000000000377210c method=org.robolectric.internal.bytecode.InstrumentationConfiguration.shouldAcquire(Ljava/lang/String;)Z @ 51
Event: 11.179 Thread 0x000000001b22c800 Uncommon trap: reason=unstable_if action=reinterpret pc=0x0000000003bf8a44 method=org.objectweb.asm.Frame.pop(Ljava/lang/String;)V @ 36
Event: 12.921 Thread 0x000000001b22c800 Uncommon trap: reason=unstable_if action=reinterpret pc=0x0000000003c7587c method=java.util.ArrayList.remove(I)Ljava/lang/Object; @ 31
Event: 13.378 Thread 0x000000001b22c800 Uncommon trap: reason=unstable_if action=reinterpret pc=0x00000000031f40bc method=java.util.HashMap.hash(Ljava/lang/Object;)I @ 1
Event: 13.456 Thread 0x000000001b22c800 Uncommon trap: reason=unstable_if action=reinterpret pc=0x00000000036d45e0 method=org.objectweb.asm.Frame.execute(IILorg/objectweb/asm/Symbol;Lorg/objectweb/asm/SymbolTable;)V @ 1299
Event: 13.493 Thread 0x000000001b22c800 Uncommon trap: reason=unstable_if action=reinterpret pc=0x0000000003967df8 method=org.objectweb.asm.Frame.getInitializedType(Lorg/objectweb/asm/SymbolTable;I)I @ 3

Classes redefined (0 events):
No events

Internal exceptions (10 events):
Event: 6.456 Thread 0x000000001b22c800 Exception <a 'java/lang/NoSuchFieldError': method resolution failed> (0x00000000dcbecd38) thrown at [C:\src\AOSP-openjdk-git\hotspot\src\share\vm\prims\methodHandles.cpp, line 1167]
Event: 6.575 Thread 0x000000001b22c800 Exception <a 'java/security/PrivilegedActionException'> (0x00000000de1104d0) thrown at [C:\src\AOSP-openjdk-git\hotspot\src\share\vm\prims\jvm.cpp, line 1502]
Event: 6.575 Thread 0x000000001b22c800 Exception <a 'java/security/PrivilegedActionException'> (0x00000000de1108c8) thrown at [C:\src\AOSP-openjdk-git\hotspot\src\share\vm\prims\jvm.cpp, line 1502]
Event: 6.575 Thread 0x000000001b22c800 Exception <a 'java/security/PrivilegedActionException'> (0x00000000de1120f0) thrown at [C:\src\AOSP-openjdk-git\hotspot\src\share\vm\prims\jvm.cpp, line 1502]
Event: 6.575 Thread 0x000000001b22c800 Exception <a 'java/security/PrivilegedActionException'> (0x00000000de1124e8) thrown at [C:\src\AOSP-openjdk-git\hotspot\src\share\vm\prims\jvm.cpp, line 1502]
Event: 8.320 Thread 0x000000001b22c800 Exception <a 'sun/nio/fs/WindowsException'> (0x00000000dee409b0) thrown at [C:\src\AOSP-openjdk-git\hotspot\src\share\vm\prims\jni.cpp, line 710]
Event: 9.085 Thread 0x000000001b22c800 Exception <a 'java/lang/NoSuchFieldError': method resolution failed> (0x00000000d711fb78) thrown at [C:\src\AOSP-openjdk-git\hotspot\src\share\vm\prims\methodHandles.cpp, line 1167]
Event: 11.239 Thread 0x000000001b22c800 Exception <a 'java/lang/NoSuchFieldError': method resolution failed> (0x00000000e7d38f68) thrown at [C:\src\AOSP-openjdk-git\hotspot\src\share\vm\prims\methodHandles.cpp, line 1167]
Event: 12.935 Thread 0x000000001b22c800 Exception <a 'java/io/FileNotFoundException'> (0x00000000dbbbd7f0) thrown at [C:\src\AOSP-openjdk-git\hotspot\src\share\vm\prims\jni.cpp, line 710]
Event: 13.378 Thread 0x000000001b22c800 Implicit null exception at 0x00000000031f3ed5 to 0x00000000031f40ad

Events (10 events):
Event: 13.625 loading class android/widget/TextView
Event: 13.625 loading class android/widget/TextView done
Event: 13.626 loading class android/content/res/ColorStateList
Event: 13.626 loading class android/content/res/ColorStateList done
Event: 13.626 loading class android/widget/TextView
Event: 13.626 loading class android/widget/TextView done
Event: 13.626 loading class android/widget/TextView
Event: 13.626 loading class android/widget/TextView done
Event: 13.627 loading class android/widget/TextView
Event: 13.627 loading class android/widget/TextView done


Dynamic libraries:
0x00007ff6e20b0000 - 0x00007ff6e20e1000 	C:\Program Files\Android\Android Studio\jre\bin\java.exe
0x00007fff93090000 - 0x00007fff93286000 	C:\WINDOWS\SYSTEM32\ntdll.dll
0x00007fff92730000 - 0x00007fff927ed000 	C:\WINDOWS\System32\KERNEL32.DLL
0x00007fff90c30000 - 0x00007fff90ef8000 	C:\WINDOWS\System32\KERNELBASE.dll
0x00007fff92890000 - 0x00007fff9293a000 	C:\WINDOWS\System32\ADVAPI32.dll
0x00007fff92ab0000 - 0x00007fff92b4e000 	C:\WINDOWS\System32\msvcrt.dll
0x00007fff91180000 - 0x00007fff9121b000 	C:\WINDOWS\System32\sechost.dll
0x00007fff91690000 - 0x00007fff917b4000 	C:\WINDOWS\System32\RPCRT4.dll
0x00007fff92400000 - 0x00007fff925a0000 	C:\WINDOWS\System32\USER32.dll
0x00007fff910d0000 - 0x00007fff910f2000 	C:\WINDOWS\System32\win32u.dll
0x00007fff92a20000 - 0x00007fff92a4a000 	C:\WINDOWS\System32\GDI32.dll
0x00007fff90a40000 - 0x00007fff90b49000 	C:\WINDOWS\System32\gdi32full.dll
0x00007fff90f00000 - 0x00007fff90f9d000 	C:\WINDOWS\System32\msvcp_win.dll
0x00007fff90fa0000 - 0x00007fff910a0000 	C:\WINDOWS\System32\ucrtbase.dll
0x00007fff8fc00000 - 0x00007fff8fe9b000 	C:\WINDOWS\WinSxS\amd64_microsoft.windows.common-controls_6595b64144ccf1df_6.0.19041.488_none_ca04af081b815d21\COMCTL32.dll
0x00007fff92860000 - 0x00007fff92890000 	C:\WINDOWS\System32\IMM32.DLL
0x0000000071960000 - 0x0000000071a32000 	C:\Program Files\Android\Android Studio\jre\jre\bin\msvcr100.dll
0x0000000070ed0000 - 0x000000007171b000 	C:\Program Files\Android\Android Studio\jre\jre\bin\server\jvm.dll
0x00007fff92850000 - 0x00007fff92858000 	C:\WINDOWS\System32\PSAPI.DLL
0x00007fff8b7b0000 - 0x00007fff8b7b9000 	C:\WINDOWS\SYSTEM32\WSOCK32.dll
0x00007fff89040000 - 0x00007fff89067000 	C:\WINDOWS\SYSTEM32\WINMM.dll
0x00007fff925a0000 - 0x00007fff9260b000 	C:\WINDOWS\System32\WS2_32.dll
0x00007fff89070000 - 0x00007fff8907a000 	C:\WINDOWS\SYSTEM32\VERSION.dll
0x00007fff8b7a0000 - 0x00007fff8b7af000 	C:\Program Files\Android\Android Studio\jre\jre\bin\verify.dll
0x00007fff5e000000 - 0x00007fff5e029000 	C:\Program Files\Android\Android Studio\jre\jre\bin\java.dll
0x00007fff80a30000 - 0x00007fff80a53000 	C:\Program Files\Android\Android Studio\jre\jre\bin\instrument.dll
0x00007fff5ee90000 - 0x00007fff5eea6000 	C:\Program Files\Android\Android Studio\jre\jre\bin\zip.dll
0x00007fff91890000 - 0x00007fff91fd0000 	C:\WINDOWS\System32\SHELL32.dll
0x00007fff8e2d0000 - 0x00007fff8ea64000 	C:\WINDOWS\SYSTEM32\windows.storage.dll
0x00007fff912d0000 - 0x00007fff91625000 	C:\WINDOWS\System32\combase.dll
0x00007fff8fb60000 - 0x00007fff8fb8c000 	C:\WINDOWS\SYSTEM32\Wldp.dll
0x00007fff92940000 - 0x00007fff929ee000 	C:\WINDOWS\System32\SHCORE.dll
0x00007fff927f0000 - 0x00007fff92845000 	C:\WINDOWS\System32\shlwapi.dll
0x00007fff90710000 - 0x00007fff90736000 	C:\WINDOWS\SYSTEM32\profapi.dll
0x00007fff8aa90000 - 0x00007fff8aaaa000 	C:\Program Files\Android\Android Studio\bin\breakgen64.dll
0x00007fff5d1e0000 - 0x00007fff5d1fa000 	C:\Program Files\Android\Android Studio\jre\jre\bin\net.dll
0x00007fff8f900000 - 0x00007fff8f96a000 	C:\WINDOWS\system32\mswsock.dll
0x00007fff5c310000 - 0x00007fff5c323000 	C:\Program Files\Android\Android Studio\jre\jre\bin\nio.dll
0x00007fff90570000 - 0x00007fff90588000 	C:\WINDOWS\SYSTEM32\CRYPTSP.dll
0x00007fff8f290000 - 0x00007fff8f2c4000 	C:\WINDOWS\system32\rsaenh.dll
0x00007fff910a0000 - 0x00007fff910c7000 	C:\WINDOWS\System32\bcrypt.dll
0x00007fff90690000 - 0x00007fff906be000 	C:\WINDOWS\SYSTEM32\USERENV.dll
0x00007fff90b50000 - 0x00007fff90bcf000 	C:\WINDOWS\System32\bcryptprimitives.dll
0x00007fff8fad0000 - 0x00007fff8fadc000 	C:\WINDOWS\SYSTEM32\CRYPTBASE.dll
0x00007fff8f5f0000 - 0x00007fff8f62b000 	C:\WINDOWS\SYSTEM32\IPHLPAPI.DLL
0x00007fff92a10000 - 0x00007fff92a19000 	C:\WINDOWS\System32\NSI.dll
0x00007fff806a0000 - 0x00007fff806b7000 	C:\WINDOWS\SYSTEM32\dhcpcsvc6.DLL
0x00007fff80f40000 - 0x00007fff80f5d000 	C:\WINDOWS\SYSTEM32\dhcpcsvc.DLL
0x00007fff8f630000 - 0x00007fff8f6fb000 	C:\WINDOWS\SYSTEM32\DNSAPI.dll
0x00007fff548f0000 - 0x00007fff54914000 	C:\Program Files\Android\Android Studio\jre\jre\bin\sunec.dll
0x00007fff7e600000 - 0x00007fff7e60b000 	C:\Program Files\Android\Android Studio\jre\jre\bin\sunmscapi.dll
0x00007fff907e0000 - 0x00007fff9093d000 	C:\WINDOWS\System32\CRYPT32.dll
0x00007fff3ebd0000 - 0x00007fff3ed6c000 	C:\Program Files\Android\Android Studio\jre\jre\bin\awt.dll
0x00007fff917c0000 - 0x00007fff9188d000 	C:\WINDOWS\System32\OLEAUT32.dll
0x00007fff8dec0000 - 0x00007fff8deef000 	C:\WINDOWS\SYSTEM32\dwmapi.dll
0x00007fff8c100000 - 0x00007fff8c6c0000 	C:\WINDOWS\SYSTEM32\d2d1.dll
0x00007fff8dc00000 - 0x00007fff8dc90000 	C:\WINDOWS\SYSTEM32\apphelp.dll

VM Arguments:
jvm_args: -ea -Didea.test.cyclic.buffer.size=1048576 -javaagent:C:\Program Files\Android\Android Studio\lib\idea_rt.jar=51731:C:\Program Files\Android\Android Studio\bin -Dfile.encoding=UTF-8 
java_command: com.intellij.rt.junit.JUnitStarter -ideVersion5 -junit4 org.aplas.soccermatch.TestB3MultiActivities041
java_class_path (initial): C:\Program Files\Android\Android Studio\lib\idea_rt.jar;C:\Program Files\Android\Android Studio\plugins\junit\lib\junit5-rt.jar;C:\Program Files\Android\Android Studio\plugins\junit\lib\junit-rt.jar;C:\Users\Encrypted\AppData\Local\Android\Sdk\platforms\android-28\data\res;D:\Kuliah\Sem5\Mobile\Aplas\Aplas\SoccerMatch\app\build\intermediates\javac\debugUnitTest\classes;D:\Kuliah\Sem5\Mobile\Aplas\Aplas\SoccerMatch\app\build\intermediates\javac\debug\classes;D:\Kuliah\Sem5\Mobile\Aplas\Aplas\SoccerMatch\app\build\intermediates\compile_and_runtime_not_namespaced_r_class_jar\debug\R.jar;D:\Kuliah\Sem5\Mobile\Aplas\Aplas\SoccerMatch\app\build\intermediates\unit_test_config_directory\debugUnitTest\out;D:\Kuliah\Sem5\Mobile\Aplas\Aplas\SoccerMatch\app\build\generated\res\resValues\debug;C:\Users\Encrypted\.gradle\caches\modules-2\files-2.1\androidx.lifecycle\lifecycle-common\2.2.0\4ef09a745007778eef83b92f8f23987a8ea59496\lifecycle-common-2.2.0.jar;C:\Users\Encrypted\.gradle\caches\modules-2\files-2.1\androidx.collection\collection-ktx\1.1.0\f807b2f366f7b75142a67d2f3c10031065b5168\collection-ktx-1.1.0.jar;C:\Users\Encrypted\.gradle\caches\modules-2\files-2.1\androidx.collection\collection\1.1.0\1f27220b47669781457de0d600849a5de0e89909\collection-1.1.0.jar;C:\Users\Encrypted\.gradle\caches\modules-2\files-2.1\androidx.arch.core\core-common\2.1.0\b3152fc64428c9354344bd89848ecddc09b6f07e\core-common-2.1.0.jar;C:\Users\Encrypted\.gradle\caches\modules-2\files-2.1\androidx.annotation\annotation\1.1.0\e3a6fb2f40e3a3842e6b7472628ba4ce416ea4c8\annotation-1.1.0.jar;C:\Users\Encrypted\.gradle\caches\modules-2\files-2.1\androidx.constraintlayout\constraintlayout-solver\1.1.3\54abe9ffb22cc9019b0b6fcc10f185cc4e67b34e\constraintlayout-solver-1.1.3.jar;C:\Users\Encrypted\.gradle\caches\modules-2\files-2.1\org.jetbrains.kotlinx\kotlinx-coroutines-android\1.3.0\804a29e0b22cfb30e04487574ad1cb888daa716d\kotlinx-coroutines-android-1.3.0.jar;C:\Users\Encrypted\.gra
Launcher Type: SUN_STANDARD

Environment Variables:
PATH=C:\Program Files (x86)\Common Files\Intel\Shared Libraries\redist\intel64\compiler;C:\Program Files (x86)\Common Files\Oracle\Java\javapath;C:\Program Files (x86)\Common Files\Intel\Shared Files\cpp\bin\Intel64;C:\ProgramData\Oracle\Java\javapath;C:\WINDOWS\system32;C:\WINDOWS;C:\WINDOWS\System32\Wbem;C:\WINDOWS\System32\WindowsPowerShell\v1.0\;C:\WINDOWS\System32\OpenSSH\;C:\Program Files\Git\cmd;C:\Program Files\Microsoft SQL Server\Client SDK\ODBC\170\Tools\Binn\;C:\Program Files (x86)\Microsoft SQL Server\150\Tools\Binn\;C:\Program Files\Microsoft SQL Server\150\Tools\Binn\;C:\Program Files\Microsoft SQL Server\150\DTS\Binn\;C:\Program Files (x86)\Microsoft SQL Server\150\DTS\Binn\;C:\Program Files\nodejs\;C:\xampp\php;C:\ProgramData\ComposerSetup\bin;C:\Program Files\gradle-6.6.1\bin;C:\Program Files\Microsoft SQL Server\130\Tools\Binn\;C:\Program Files (x86)\Microsoft SQL Server\110\DTS\Binn\;C:\Program Files (x86)\Microsoft SQL Server\120\DTS\Binn\;C:\Program Files (x86)\Microsoft SQL Server\130\DTS\Binn\;C:\Program Files (x86)\Microsoft SQL Server\140\DTS\Binn\;C:\cygnus\cygwin-b20\H-i586-cygwin32\bin;C:\Users\Encrypted\AppData\Local\Microsoft\WindowsApps;C:\Users\Encrypted\AppData\Local\Programs\Microsoft VS Code\bin;C:\Users\Encrypted\AppData\Local\GitHubDesktop\bin;C:\Users\Encrypted\AppData\Local\Microsoft\WindowsApps;C:\Users\Encrypted\AppData\Roaming\npm;C:\Users\Encrypted\AppData\Roaming\Composer\vendor\bin;C:\Program Files\heroku\bin;
USERNAME=Encrypted
OS=Windows_NT
PROCESSOR_IDENTIFIER=Intel64 Family 6 Model 69 Stepping 1, GenuineIntel



---------------  S Y S T E M  ---------------

OS: Windows 10.0 , 64 bit Build 19041 (10.0.19041.546)

CPU:total 4 (initial active 4) (2 cores per cpu, 2 threads per core) family 6 model 69 stepping 1, cmov, cx8, fxsr, mmx, sse, sse2, sse3, ssse3, sse4.1, sse4.2, popcnt, avx, avx2, aes, clmul, erms, lzcnt, ht, tsc, tscinvbit, bmi1, bmi2

Memory: 4k page, physical 8285320k(547316k free), swap 10238088k(5136k free)

vm_info: OpenJDK 64-Bit Server VM (25.242-b01) for windows-amd64 JRE (1.8.0_242-release-1644-b01), built by "builder" with MS VC++ 10.0 (VS2010)

time: Mon Oct 26 02:20:10 2020
timezone: SE Asia Standard Time
elapsed time: 13 seconds (0d 0h 0m 13s)

