#
# There is insufficient memory for the Java Runtime Environment to continue.
# Native memory allocation (malloc) failed to allocate 554096 bytes for Chunk::new
# Possible reasons:
#   The system is out of physical RAM or swap space
#   The process is running with CompressedOops enabled, and the Java Heap may be blocking the growth of the native heap
# Possible solutions:
#   Reduce memory load on the system
#   Increase physical memory or swap space
#   Check if swap backing store is full
#   Decrease Java heap size (-Xmx/-Xms)
#   Decrease number of Java threads
#   Decrease Java thread stack sizes (-Xss)
#   Set larger code cache with -XX:ReservedCodeCacheSize=
#   JVM is running with Unscaled Compressed Oops mode in which the Java heap is
#     placed in the first 4GB address space. The Java Heap base address is the
#     maximum limit for the native heap growth. Please use -XX:HeapBaseMinAddress
#     to set the Java Heap base and to place the Java Heap above 4GB virtual address.
# This output file may be truncated or incomplete.
#
#  Out of Memory Error (allocation.cpp:389), pid=73116, tid=0x00000000000121b8
#
# JRE version: OpenJDK Runtime Environment (8.0_242-b01) (build 1.8.0_242-release-1644-b01)
# Java VM: OpenJDK 64-Bit Server VM (25.242-b01 mixed mode windows-amd64 compressed oops)
# Failed to write core dump. Minidumps are not enabled by default on client versions of Windows
#

---------------  T H R E A D  ---------------

Current thread (0x0000000017394000):  JavaThread "C2 CompilerThread1" daemon [_thread_in_native, id=74168, stack(0x0000000018fa0000,0x00000000190a0000)]

Stack: [0x0000000018fa0000,0x00000000190a0000]
[error occurred during error reporting (printing stack bounds), id 0xc0000005]

Native frames: (J=compiled Java code, j=interpreted, Vv=VM code, C=native code)


Current CompileTask:
C2:  14432 5193       4       org.objectweb.asm.Frame::execute (2318 bytes)


---------------  P R O C E S S  ---------------

Java Threads: ( => current thread )
  0x0000000018d17800 JavaThread "Java2D Disposer" daemon [_thread_blocked, id=73524, stack(0x000000001d8b0000,0x000000001d9b0000)]
  0x0000000019ef5800 JavaThread "SDK 28 Main Thread" [_thread_in_native, id=67716, stack(0x000000001aeb0000,0x000000001afb0000)]
  0x0000000018a57000 JavaThread "Service Thread" daemon [_thread_blocked, id=74484, stack(0x00000000191a0000,0x00000000192a0000)]
  0x0000000017395000 JavaThread "C1 CompilerThread2" daemon [_thread_blocked, id=74380, stack(0x00000000190a0000,0x00000000191a0000)]
=>0x0000000017394000 JavaThread "C2 CompilerThread1" daemon [_thread_in_native, id=74168, stack(0x0000000018fa0000,0x00000000190a0000)]
  0x000000001738f800 JavaThread "C2 CompilerThread0" daemon [_thread_blocked, id=74580, stack(0x0000000018ea0000,0x0000000018fa0000)]
  0x00000000189e3000 JavaThread "Monitor Ctrl-Break" daemon [_thread_in_native, id=74196, stack(0x0000000018da0000,0x0000000018ea0000)]
  0x0000000017364800 JavaThread "Attach Listener" daemon [_thread_blocked, id=73492, stack(0x00000000188a0000,0x00000000189a0000)]
  0x0000000017363800 JavaThread "Signal Dispatcher" daemon [_thread_blocked, id=74728, stack(0x00000000187a0000,0x00000000188a0000)]
  0x0000000017343800 JavaThread "Finalizer" daemon [_thread_blocked, id=71872, stack(0x00000000185a0000,0x00000000186a0000)]
  0x00000000026fd000 JavaThread "Reference Handler" daemon [_thread_blocked, id=54588, stack(0x00000000184a0000,0x00000000185a0000)]
  0x0000000002609800 JavaThread "main" [_thread_blocked, id=74532, stack(0x0000000002500000,0x0000000002600000)]

Other Threads:
  0x0000000017316800 VMThread [stack: 0x00000000183a0000,0x00000000184a0000] [id=54904]
  0x0000000018a3c000 WatcherThread [stack: 0x00000000192a0000,0x00000000193a0000] [id=70460]

VM state:not at safepoint (normal execution)

VM Mutex/Monitor currently owned by a thread: None

heap address: 0x0000000081800000, size: 2024 MB, Compressed Oops mode: 32-bit
Narrow klass base: 0x0000000000000000, Narrow klass shift: 3
Compressed class space size: 1073741824 Address: 0x0000000100000000

Heap:
 PSYoungGen      total 316928K, used 144180K [0x00000000d5d80000, 0x00000000ef680000, 0x0000000100000000)
  eden space 304128K, 44% used [0x00000000d5d80000,0x00000000de04e030,0x00000000e8680000)
  from space 12800K, 79% used [0x00000000e8680000,0x00000000e907f110,0x00000000e9300000)
  to   space 13824K, 0% used [0x00000000ee900000,0x00000000ee900000,0x00000000ef680000)
 ParOldGen       total 164352K, used 53395K [0x0000000081800000, 0x000000008b880000, 0x00000000d5d80000)
  object space 164352K, 32% used [0x0000000081800000,0x0000000084c24c90,0x000000008b880000)
 Metaspace       used 49499K, capacity 55570K, committed 55896K, reserved 1097728K
  class space    used 5761K, capacity 7684K, committed 7808K, reserved 1048576K

Card table byte_map: [0x0000000011bc0000,0x0000000011fc0000] byte_map_base: 0x00000000117b4000

Marking Bits: (ParMarkBitMap*) 0x000000007169f030
 Begin Bits: [0x0000000012670000, 0x0000000014610000)
 End Bits:   [0x0000000014610000, 0x00000000165b0000)

Polling page: 0x0000000000730000

CodeCache: size=245760Kb used=14184Kb max_used=14195Kb free=231575Kb
 bounds [0x0000000002800000, 0x00000000035f0000, 0x0000000011800000]
 total_blobs=5865 nmethods=4719 adapters=1059
 compilation: enabled

Compilation events (10 events):
Event: 14.365 Thread 0x0000000017395000 nmethod 5277 0x0000000002fbeb10 code [0x0000000002fbed40, 0x0000000002fbfac8]
Event: 14.378 Thread 0x000000001738f800 nmethod 5245 0x0000000002fbcd50 code [0x0000000002fbcec0, 0x0000000002fbd288]
Event: 14.378 Thread 0x000000001738f800 5246 %     4       com.google.common.collect.ImmutableSet::hashFloodingDetected @ 77 (124 bytes)
Event: 14.383 Thread 0x000000001738f800 nmethod 5246% 0x0000000002fbc8d0 code [0x0000000002fbca20, 0x0000000002fbcc38]
Event: 14.383 Thread 0x000000001738f800 5249  s    4       java.util.Hashtable::get (69 bytes)
Event: 14.395 Thread 0x000000001738f800 nmethod 5249 0x00000000032a5b90 code [0x00000000032a5ce0, 0x00000000032a6338]
Event: 14.395 Thread 0x000000001738f800 5275       4       sun.reflect.ClassFileAssembler::emitByte (11 bytes)
Event: 14.397 Thread 0x000000001738f800 nmethod 5275 0x00000000032a6750 code [0x00000000032a68a0, 0x00000000032a69c8]
Event: 14.397 Thread 0x000000001738f800 5220   !   4       java.lang.invoke.MemberName::getFieldType (177 bytes)
Event: 14.399 Thread 0x000000001738f800 nmethod 5220 0x0000000002fbc5d0 code [0x0000000002fbc720, 0x0000000002fbc7d8]

GC Heap History (10 events):
Event: 9.423 GC heap before
{Heap before GC invocations=14 (full 2):
 PSYoungGen      total 217600K, used 211115K [0x00000000d5d80000, 0x00000000e6080000, 0x0000000100000000)
  eden space 206848K, 100% used [0x00000000d5d80000,0x00000000e2780000,0x00000000e2780000)
  from space 10752K, 39% used [0x00000000e2780000,0x00000000e2baac40,0x00000000e3200000)
  to   space 10752K, 0% used [0x00000000e5600000,0x00000000e5600000,0x00000000e6080000)
 ParOldGen       total 143872K, used 45744K [0x0000000081800000, 0x000000008a480000, 0x00000000d5d80000)
  object space 143872K, 31% used [0x0000000081800000,0x00000000844ac360,0x000000008a480000)
 Metaspace       used 32853K, capacity 36033K, committed 36224K, reserved 1081344K
  class space    used 3469K, capacity 4474K, committed 4480K, reserved 1048576K
Event: 9.439 GC heap after
Heap after GC invocations=14 (full 2):
 PSYoungGen      total 254976K, used 6081K [0x00000000d5d80000, 0x00000000e7180000, 0x0000000100000000)
  eden space 244224K, 0% used [0x00000000d5d80000,0x00000000d5d80000,0x00000000e4c00000)
  from space 10752K, 56% used [0x00000000e5600000,0x00000000e5bf0548,0x00000000e6080000)
  to   space 10240K, 0% used [0x00000000e4c00000,0x00000000e4c00000,0x00000000e5600000)
 ParOldGen       total 143872K, used 47647K [0x0000000081800000, 0x000000008a480000, 0x00000000d5d80000)
  object space 143872K, 33% used [0x0000000081800000,0x0000000084687e28,0x000000008a480000)
 Metaspace       used 32853K, capacity 36033K, committed 36224K, reserved 1081344K
  class space    used 3469K, capacity 4474K, committed 4480K, reserved 1048576K
}
Event: 11.200 GC heap before
{Heap before GC invocations=15 (full 2):
 PSYoungGen      total 254976K, used 250305K [0x00000000d5d80000, 0x00000000e7180000, 0x0000000100000000)
  eden space 244224K, 100% used [0x00000000d5d80000,0x00000000e4c00000,0x00000000e4c00000)
  from space 10752K, 56% used [0x00000000e5600000,0x00000000e5bf0548,0x00000000e6080000)
  to   space 10240K, 0% used [0x00000000e4c00000,0x00000000e4c00000,0x00000000e5600000)
 ParOldGen       total 143872K, used 47647K [0x0000000081800000, 0x000000008a480000, 0x00000000d5d80000)
  object space 143872K, 33% used [0x0000000081800000,0x0000000084687e28,0x000000008a480000)
 Metaspace       used 39628K, capacity 43937K, committed 44160K, reserved 1087488K
  class space    used 4346K, capacity 5739K, committed 5760K, reserved 1048576K
Event: 11.222 GC heap after
Heap after GC invocations=15 (full 2):
 PSYoungGen      total 254464K, used 10212K [0x00000000d5d80000, 0x00000000e9f00000, 0x0000000100000000)
  eden space 244224K, 0% used [0x00000000d5d80000,0x00000000d5d80000,0x00000000e4c00000)
  from space 10240K, 99% used [0x00000000e4c00000,0x00000000e55f9188,0x00000000e5600000)
  to   space 12288K, 0% used [0x00000000e9300000,0x00000000e9300000,0x00000000e9f00000)
 ParOldGen       total 143872K, used 49251K [0x0000000081800000, 0x000000008a480000, 0x00000000d5d80000)
  object space 143872K, 34% used [0x0000000081800000,0x0000000084818fa0,0x000000008a480000)
 Metaspace       used 39628K, capacity 43937K, committed 44160K, reserved 1087488K
  class space    used 4346K, capacity 5739K, committed 5760K, reserved 1048576K
}
Event: 11.321 GC heap before
{Heap before GC invocations=16 (full 2):
 PSYoungGen      total 254464K, used 31143K [0x00000000d5d80000, 0x00000000e9f00000, 0x0000000100000000)
  eden space 244224K, 8% used [0x00000000d5d80000,0x00000000d71f0ce0,0x00000000e4c00000)
  from space 10240K, 99% used [0x00000000e4c00000,0x00000000e55f9188,0x00000000e5600000)
  to   space 12288K, 0% used [0x00000000e9300000,0x00000000e9300000,0x00000000e9f00000)
 ParOldGen       total 143872K, used 49251K [0x0000000081800000, 0x000000008a480000, 0x00000000d5d80000)
  object space 143872K, 34% used [0x0000000081800000,0x0000000084818fa0,0x000000008a480000)
 Metaspace       used 40037K, capacity 44369K, committed 44376K, reserved 1087488K
  class space    used 4374K, capacity 5757K, committed 5760K, reserved 1048576K
Event: 11.336 GC heap after
Heap after GC invocations=16 (full 2):
 PSYoungGen      total 316416K, used 766K [0x00000000d5d80000, 0x00000000ebc00000, 0x0000000100000000)
  eden space 304128K, 0% used [0x00000000d5d80000,0x00000000d5d80000,0x00000000e8680000)
  from space 12288K, 6% used [0x00000000e9300000,0x00000000e93bfb30,0x00000000e9f00000)
  to   space 12800K, 0% used [0x00000000e8680000,0x00000000e8680000,0x00000000e9300000)
 ParOldGen       total 143872K, used 58108K [0x0000000081800000, 0x000000008a480000, 0x00000000d5d80000)
  object space 143872K, 40% used [0x0000000081800000,0x00000000850bf088,0x000000008a480000)
 Metaspace       used 40037K, capacity 44369K, committed 44376K, reserved 1087488K
  class space    used 4374K, capacity 5757K, committed 5760K, reserved 1048576K
}
Event: 11.337 GC heap before
{Heap before GC invocations=17 (full 3):
 PSYoungGen      total 316416K, used 766K [0x00000000d5d80000, 0x00000000ebc00000, 0x0000000100000000)
  eden space 304128K, 0% used [0x00000000d5d80000,0x00000000d5d80000,0x00000000e8680000)
  from space 12288K, 6% used [0x00000000e9300000,0x00000000e93bfb30,0x00000000e9f00000)
  to   space 12800K, 0% used [0x00000000e8680000,0x00000000e8680000,0x00000000e9300000)
 ParOldGen       total 143872K, used 58108K [0x0000000081800000, 0x000000008a480000, 0x00000000d5d80000)
  object space 143872K, 40% used [0x0000000081800000,0x00000000850bf088,0x000000008a480000)
 Metaspace       used 40037K, capacity 44369K, committed 44376K, reserved 1087488K
  class space    used 4374K, capacity 5757K, committed 5760K, reserved 1048576K
Event: 11.637 GC heap after
Heap after GC invocations=17 (full 3):
 PSYoungGen      total 316416K, used 0K [0x00000000d5d80000, 0x00000000ebc00000, 0x0000000100000000)
  eden space 304128K, 0% used [0x00000000d5d80000,0x00000000d5d80000,0x00000000e8680000)
  from space 12288K, 0% used [0x00000000e9300000,0x00000000e9300000,0x00000000e9f00000)
  to   space 12800K, 0% used [0x00000000e8680000,0x00000000e8680000,0x00000000e9300000)
 ParOldGen       total 164352K, used 53387K [0x0000000081800000, 0x000000008b880000, 0x00000000d5d80000)
  object space 164352K, 32% used [0x0000000081800000,0x0000000084c22c90,0x000000008b880000)
 Metaspace       used 40037K, capacity 44369K, committed 44376K, reserved 1087488K
  class space    used 4374K, capacity 5757K, committed 5760K, reserved 1048576K
}
Event: 13.617 GC heap before
{Heap before GC invocations=18 (full 3):
 PSYoungGen      total 316416K, used 304128K [0x00000000d5d80000, 0x00000000ebc00000, 0x0000000100000000)
  eden space 304128K, 100% used [0x00000000d5d80000,0x00000000e8680000,0x00000000e8680000)
  from space 12288K, 0% used [0x00000000e9300000,0x00000000e9300000,0x00000000e9f00000)
  to   space 12800K, 0% used [0x00000000e8680000,0x00000000e8680000,0x00000000e9300000)
 ParOldGen       total 164352K, used 53387K [0x0000000081800000, 0x000000008b880000, 0x00000000d5d80000)
  object space 164352K, 32% used [0x0000000081800000,0x0000000084c22c90,0x000000008b880000)
 Metaspace       used 47295K, capacity 53004K, committed 53080K, reserved 1095680K
  class space    used 5492K, capacity 7269K, committed 7296K, reserved 1048576K
Event: 13.638 GC heap after
Heap after GC invocations=18 (full 3):
 PSYoungGen      total 316928K, used 10236K [0x00000000d5d80000, 0x00000000ef680000, 0x0000000100000000)
  eden space 304128K, 0% used [0x00000000d5d80000,0x00000000d5d80000,0x00000000e8680000)
  from space 12800K, 79% used [0x00000000e8680000,0x00000000e907f110,0x00000000e9300000)
  to   space 13824K, 0% used [0x00000000ee900000,0x00000000ee900000,0x00000000ef680000)
 ParOldGen       total 164352K, used 53395K [0x0000000081800000, 0x000000008b880000, 0x00000000d5d80000)
  object space 164352K, 32% used [0x0000000081800000,0x0000000084c24c90,0x000000008b880000)
 Metaspace       used 47295K, capacity 53004K, committed 53080K, reserved 1095680K
  class space    used 5492K, capacity 7269K, committed 7296K, reserved 1048576K
}

Deoptimization events (10 events):
Event: 10.302 Thread 0x0000000019ef5800 Uncommon trap: reason=unstable_if action=reinterpret pc=0x000000000298a2c8 method=org.objectweb.asm.Frame.pop(Ljava/lang/String;)V @ 36
Event: 10.302 Thread 0x0000000019ef5800 Uncommon trap: reason=unstable_if action=reinterpret pc=0x00000000030eb290 method=org.objectweb.asm.Frame.pop(Ljava/lang/String;)V @ 36
Event: 10.422 Thread 0x0000000019ef5800 Uncommon trap: reason=unstable_if action=reinterpret pc=0x0000000002cde208 method=java.lang.ThreadLocal$ThreadLocalMap.getEntry(Ljava/lang/ThreadLocal;)Ljava/lang/ThreadLocal$ThreadLocalMap$Entry; @ 29
Event: 12.988 Thread 0x0000000019ef5800 Uncommon trap: reason=unstable_if action=reinterpret pc=0x0000000002aa12fc method=java.util.HashMap.hash(Ljava/lang/Object;)I @ 1
Event: 13.097 Thread 0x0000000019ef5800 Uncommon trap: reason=unstable_if action=reinterpret pc=0x0000000002ff9e04 method=org.objectweb.asm.Frame.getInitializedType(Lorg/objectweb/asm/SymbolTable;I)I @ 3
Event: 13.376 Thread 0x0000000019ef5800 Uncommon trap: reason=unstable_if action=reinterpret pc=0x0000000003522af4 method=org.robolectric.internal.bytecode.InstrumentationConfiguration.shouldAcquire(Ljava/lang/String;)Z @ 31
Event: 14.097 Thread 0x0000000019ef5800 Uncommon trap: reason=unstable_if action=reinterpret pc=0x0000000002ca0b38 method=org.objectweb.asm.ClassReader.readUtf(II[C)Ljava/lang/String; @ 41
Event: 14.099 Thread 0x0000000019ef5800 Uncommon trap: reason=unstable_if action=reinterpret pc=0x0000000002c7a884 method=org.objectweb.asm.Frame.execute(IILorg/objectweb/asm/Symbol;Lorg/objectweb/asm/SymbolTable;)V @ 1344
Event: 14.301 Thread 0x0000000019ef5800 Uncommon trap: reason=bimorphic action=maybe_recompile pc=0x000000000350193c method=java.util.AbstractList.listIterator()Ljava/util/ListIterator; @ 2
Event: 14.302 Thread 0x0000000019ef5800 Uncommon trap: reason=bimorphic action=maybe_recompile pc=0x000000000350193c method=java.util.AbstractList.listIterator()Ljava/util/ListIterator; @ 2

Classes redefined (0 events):
No events

Internal exceptions (10 events):
Event: 7.163 Thread 0x0000000019ef5800 Exception <a 'java/security/PrivilegedActionException'> (0x00000000d62b2668) thrown at [C:\src\AOSP-openjdk-git\hotspot\src\share\vm\prims\jvm.cpp, line 1502]
Event: 7.163 Thread 0x0000000019ef5800 Exception <a 'java/security/PrivilegedActionException'> (0x00000000d62b3e90) thrown at [C:\src\AOSP-openjdk-git\hotspot\src\share\vm\prims\jvm.cpp, line 1502]
Event: 7.163 Thread 0x0000000019ef5800 Exception <a 'java/security/PrivilegedActionException'> (0x00000000d62b4288) thrown at [C:\src\AOSP-openjdk-git\hotspot\src\share\vm\prims\jvm.cpp, line 1502]
Event: 8.717 Thread 0x0000000019ef5800 Exception <a 'sun/nio/fs/WindowsException'> (0x00000000db3c4a30) thrown at [C:\src\AOSP-openjdk-git\hotspot\src\share\vm\prims\jni.cpp, line 710]
Event: 9.531 Thread 0x0000000019ef5800 Exception <a 'java/lang/NoSuchFieldError': method resolution failed> (0x00000000d6934398) thrown at [C:\src\AOSP-openjdk-git\hotspot\src\share\vm\prims\methodHandles.cpp, line 1167]
Event: 11.897 Thread 0x0000000019ef5800 Exception <a 'java/lang/NoSuchFieldError': method resolution failed> (0x00000000d7804018) thrown at [C:\src\AOSP-openjdk-git\hotspot\src\share\vm\prims\methodHandles.cpp, line 1167]
Event: 12.931 Thread 0x0000000019ef5800 Exception <a 'java/io/FileNotFoundException'> (0x00000000e274d210) thrown at [C:\src\AOSP-openjdk-git\hotspot\src\share\vm\prims\jni.cpp, line 710]
Event: 12.988 Thread 0x0000000019ef5800 Implicit null exception at 0x0000000002aa1115 to 0x0000000002aa12ed
Event: 14.279 Thread 0x0000000019ef5800 Exception <a 'java/lang/reflect/InvocationTargetException'> (0x00000000dcf35100) thrown at [C:\src\AOSP-openjdk-git\hotspot\src\share\vm\runtime\reflection.cpp, line 1092]
Event: 14.280 Thread 0x0000000019ef5800 Exception <a 'java/lang/AssertionError'> (0x00000000dcf34ef8) thrown at [C:\src\AOSP-openjdk-git\hotspot\src\share\vm\prims\jni.cpp, line 710]

Events (10 events):
Event: 14.421 loading class android/app/KeyguardManager$KeyguardDismissCallback
Event: 14.421 loading class android/app/KeyguardManager$KeyguardDismissCallback done
Event: 14.422 loading class android/app/KeyguardManager$OnKeyguardExitResult
Event: 14.422 loading class android/app/KeyguardManager$OnKeyguardExitResult done
Event: 14.422 loading class org/robolectric/shadows/ShadowKeyguardManager$ShadowKeyguardLock
Event: 14.422 loading class org/robolectric/shadows/ShadowKeyguardManager$ShadowKeyguardLock done
Event: 14.426 loading class org/robolectric/shadows/Converter
Event: 14.426 loading class org/robolectric/shadows/Converter done
Event: 14.428 loading class org/robolectric/shadows/Converter$FromFilePath
Event: 14.428 loading class org/robolectric/shadows/Converter$FromFilePath done


Dynamic libraries:
0x00007ff6e20b0000 - 0x00007ff6e20e1000 	C:\Program Files\Android\Android Studio\jre\bin\java.exe
0x00007fff93090000 - 0x00007fff93286000 	C:\WINDOWS\SYSTEM32\ntdll.dll
0x00007fff92730000 - 0x00007fff927ed000 	C:\WINDOWS\System32\KERNEL32.DLL
0x00007fff90c30000 - 0x00007fff90ef8000 	C:\WINDOWS\System32\KERNELBASE.dll
0x00007fff92890000 - 0x00007fff9293a000 	C:\WINDOWS\System32\ADVAPI32.dll
0x00007fff92ab0000 - 0x00007fff92b4e000 	C:\WINDOWS\System32\msvcrt.dll
0x00007fff91180000 - 0x00007fff9121b000 	C:\WINDOWS\System32\sechost.dll
0x00007fff91690000 - 0x00007fff917b4000 	C:\WINDOWS\System32\RPCRT4.dll
0x00007fff92400000 - 0x00007fff925a0000 	C:\WINDOWS\System32\USER32.dll
0x00007fff910d0000 - 0x00007fff910f2000 	C:\WINDOWS\System32\win32u.dll
0x00007fff92a20000 - 0x00007fff92a4a000 	C:\WINDOWS\System32\GDI32.dll
0x00007fff90a40000 - 0x00007fff90b49000 	C:\WINDOWS\System32\gdi32full.dll
0x00007fff90f00000 - 0x00007fff90f9d000 	C:\WINDOWS\System32\msvcp_win.dll
0x00007fff90fa0000 - 0x00007fff910a0000 	C:\WINDOWS\System32\ucrtbase.dll
0x00007fff8fc00000 - 0x00007fff8fe9b000 	C:\WINDOWS\WinSxS\amd64_microsoft.windows.common-controls_6595b64144ccf1df_6.0.19041.488_none_ca04af081b815d21\COMCTL32.dll
0x00007fff92860000 - 0x00007fff92890000 	C:\WINDOWS\System32\IMM32.DLL
0x0000000071960000 - 0x0000000071a32000 	C:\Program Files\Android\Android Studio\jre\jre\bin\msvcr100.dll
0x0000000070ed0000 - 0x000000007171b000 	C:\Program Files\Android\Android Studio\jre\jre\bin\server\jvm.dll
0x00007fff92850000 - 0x00007fff92858000 	C:\WINDOWS\System32\PSAPI.DLL
0x00007fff8b7b0000 - 0x00007fff8b7b9000 	C:\WINDOWS\SYSTEM32\WSOCK32.dll
0x00007fff925a0000 - 0x00007fff9260b000 	C:\WINDOWS\System32\WS2_32.dll
0x00007fff89040000 - 0x00007fff89067000 	C:\WINDOWS\SYSTEM32\WINMM.dll
0x00007fff89070000 - 0x00007fff8907a000 	C:\WINDOWS\SYSTEM32\VERSION.dll
0x00007fff8b7a0000 - 0x00007fff8b7af000 	C:\Program Files\Android\Android Studio\jre\jre\bin\verify.dll
0x00007fff5e000000 - 0x00007fff5e029000 	C:\Program Files\Android\Android Studio\jre\jre\bin\java.dll
0x00007fff80a30000 - 0x00007fff80a53000 	C:\Program Files\Android\Android Studio\jre\jre\bin\instrument.dll
0x00007fff5ee90000 - 0x00007fff5eea6000 	C:\Program Files\Android\Android Studio\jre\jre\bin\zip.dll
0x00007fff91890000 - 0x00007fff91fd0000 	C:\WINDOWS\System32\SHELL32.dll
0x00007fff8e2d0000 - 0x00007fff8ea64000 	C:\WINDOWS\SYSTEM32\windows.storage.dll
0x00007fff912d0000 - 0x00007fff91625000 	C:\WINDOWS\System32\combase.dll
0x00007fff8fb60000 - 0x00007fff8fb8c000 	C:\WINDOWS\SYSTEM32\Wldp.dll
0x00007fff92940000 - 0x00007fff929ee000 	C:\WINDOWS\System32\SHCORE.dll
0x00007fff927f0000 - 0x00007fff92845000 	C:\WINDOWS\System32\shlwapi.dll
0x00007fff90710000 - 0x00007fff90736000 	C:\WINDOWS\SYSTEM32\profapi.dll
0x00007fff90190000 - 0x00007fff901aa000 	C:\Program Files\Android\Android Studio\bin\breakgen64.dll
0x00007fff5d1e0000 - 0x00007fff5d1fa000 	C:\Program Files\Android\Android Studio\jre\jre\bin\net.dll
0x00007fff8f900000 - 0x00007fff8f96a000 	C:\WINDOWS\system32\mswsock.dll
0x00007fff5c310000 - 0x00007fff5c323000 	C:\Program Files\Android\Android Studio\jre\jre\bin\nio.dll
0x00007fff90570000 - 0x00007fff90588000 	C:\WINDOWS\SYSTEM32\CRYPTSP.dll
0x00007fff8f290000 - 0x00007fff8f2c4000 	C:\WINDOWS\system32\rsaenh.dll
0x00007fff910a0000 - 0x00007fff910c7000 	C:\WINDOWS\System32\bcrypt.dll
0x00007fff90690000 - 0x00007fff906be000 	C:\WINDOWS\SYSTEM32\USERENV.dll
0x00007fff90b50000 - 0x00007fff90bcf000 	C:\WINDOWS\System32\bcryptprimitives.dll
0x00007fff8fad0000 - 0x00007fff8fadc000 	C:\WINDOWS\SYSTEM32\CRYPTBASE.dll
0x00007fff8f5f0000 - 0x00007fff8f62b000 	C:\WINDOWS\SYSTEM32\IPHLPAPI.DLL
0x00007fff92a10000 - 0x00007fff92a19000 	C:\WINDOWS\System32\NSI.dll
0x00007fff806a0000 - 0x00007fff806b7000 	C:\WINDOWS\SYSTEM32\dhcpcsvc6.DLL
0x00007fff80f40000 - 0x00007fff80f5d000 	C:\WINDOWS\SYSTEM32\dhcpcsvc.DLL
0x00007fff8f630000 - 0x00007fff8f6fb000 	C:\WINDOWS\SYSTEM32\DNSAPI.dll
0x00007fff548f0000 - 0x00007fff54914000 	C:\Program Files\Android\Android Studio\jre\jre\bin\sunec.dll
0x00007fff7e600000 - 0x00007fff7e60b000 	C:\Program Files\Android\Android Studio\jre\jre\bin\sunmscapi.dll
0x00007fff907e0000 - 0x00007fff9093d000 	C:\WINDOWS\System32\CRYPT32.dll
0x00007fff3ebd0000 - 0x00007fff3ed6c000 	C:\Program Files\Android\Android Studio\jre\jre\bin\awt.dll
0x00007fff917c0000 - 0x00007fff9188d000 	C:\WINDOWS\System32\OLEAUT32.dll
0x00007fff8dec0000 - 0x00007fff8deef000 	C:\WINDOWS\SYSTEM32\dwmapi.dll
0x00007fff8c100000 - 0x00007fff8c6c0000 	C:\WINDOWS\SYSTEM32\d2d1.dll
0x00007fff8dc00000 - 0x00007fff8dc90000 	C:\WINDOWS\SYSTEM32\apphelp.dll

VM Arguments:
jvm_args: -ea -Didea.test.cyclic.buffer.size=1048576 -javaagent:C:\Program Files\Android\Android Studio\lib\idea_rt.jar=51721:C:\Program Files\Android\Android Studio\bin -Dfile.encoding=UTF-8 
java_command: com.intellij.rt.junit.JUnitStarter -ideVersion5 -junit4 org.aplas.soccermatch.TestB3MultiActivities041
java_class_path (initial): C:\Program Files\Android\Android Studio\lib\idea_rt.jar;C:\Program Files\Android\Android Studio\plugins\junit\lib\junit5-rt.jar;C:\Program Files\Android\Android Studio\plugins\junit\lib\junit-rt.jar;C:\Users\Encrypted\AppData\Local\Android\Sdk\platforms\android-28\data\res;D:\Kuliah\Sem5\Mobile\Aplas\Aplas\SoccerMatch\app\build\intermediates\javac\debugUnitTest\classes;D:\Kuliah\Sem5\Mobile\Aplas\Aplas\SoccerMatch\app\build\intermediates\javac\debug\classes;D:\Kuliah\Sem5\Mobile\Aplas\Aplas\SoccerMatch\app\build\intermediates\compile_and_runtime_not_namespaced_r_class_jar\debug\R.jar;D:\Kuliah\Sem5\Mobile\Aplas\Aplas\SoccerMatch\app\build\intermediates\unit_test_config_directory\debugUnitTest\out;D:\Kuliah\Sem5\Mobile\Aplas\Aplas\SoccerMatch\app\build\generated\res\resValues\debug;C:\Users\Encrypted\.gradle\caches\modules-2\files-2.1\androidx.lifecycle\lifecycle-common\2.2.0\4ef09a745007778eef83b92f8f23987a8ea59496\lifecycle-common-2.2.0.jar;C:\Users\Encrypted\.gradle\caches\modules-2\files-2.1\androidx.collection\collection-ktx\1.1.0\f807b2f366f7b75142a67d2f3c10031065b5168\collection-ktx-1.1.0.jar;C:\Users\Encrypted\.gradle\caches\modules-2\files-2.1\androidx.collection\collection\1.1.0\1f27220b47669781457de0d600849a5de0e89909\collection-1.1.0.jar;C:\Users\Encrypted\.gradle\caches\modules-2\files-2.1\androidx.arch.core\core-common\2.1.0\b3152fc64428c9354344bd89848ecddc09b6f07e\core-common-2.1.0.jar;C:\Users\Encrypted\.gradle\caches\modules-2\files-2.1\androidx.annotation\annotation\1.1.0\e3a6fb2f40e3a3842e6b7472628ba4ce416ea4c8\annotation-1.1.0.jar;C:\Users\Encrypted\.gradle\caches\modules-2\files-2.1\androidx.constraintlayout\constraintlayout-solver\1.1.3\54abe9ffb22cc9019b0b6fcc10f185cc4e67b34e\constraintlayout-solver-1.1.3.jar;C:\Users\Encrypted\.gradle\caches\modules-2\files-2.1\org.jetbrains.kotlinx\kotlinx-coroutines-android\1.3.0\804a29e0b22cfb30e04487574ad1cb888daa716d\kotlinx-coroutines-android-1.3.0.jar;C:\Users\Encrypted\.gra
Launcher Type: SUN_STANDARD

Environment Variables:
PATH=C:\Program Files (x86)\Common Files\Intel\Shared Libraries\redist\intel64\compiler;C:\Program Files (x86)\Common Files\Oracle\Java\javapath;C:\Program Files (x86)\Common Files\Intel\Shared Files\cpp\bin\Intel64;C:\ProgramData\Oracle\Java\javapath;C:\WINDOWS\system32;C:\WINDOWS;C:\WINDOWS\System32\Wbem;C:\WINDOWS\System32\WindowsPowerShell\v1.0\;C:\WINDOWS\System32\OpenSSH\;C:\Program Files\Git\cmd;C:\Program Files\Microsoft SQL Server\Client SDK\ODBC\170\Tools\Binn\;C:\Program Files (x86)\Microsoft SQL Server\150\Tools\Binn\;C:\Program Files\Microsoft SQL Server\150\Tools\Binn\;C:\Program Files\Microsoft SQL Server\150\DTS\Binn\;C:\Program Files (x86)\Microsoft SQL Server\150\DTS\Binn\;C:\Program Files\nodejs\;C:\xampp\php;C:\ProgramData\ComposerSetup\bin;C:\Program Files\gradle-6.6.1\bin;C:\Program Files\Microsoft SQL Server\130\Tools\Binn\;C:\Program Files (x86)\Microsoft SQL Server\110\DTS\Binn\;C:\Program Files (x86)\Microsoft SQL Server\120\DTS\Binn\;C:\Program Files (x86)\Microsoft SQL Server\130\DTS\Binn\;C:\Program Files (x86)\Microsoft SQL Server\140\DTS\Binn\;C:\cygnus\cygwin-b20\H-i586-cygwin32\bin;C:\Users\Encrypted\AppData\Local\Microsoft\WindowsApps;C:\Users\Encrypted\AppData\Local\Programs\Microsoft VS Code\bin;C:\Users\Encrypted\AppData\Local\GitHubDesktop\bin;C:\Users\Encrypted\AppData\Local\Microsoft\WindowsApps;C:\Users\Encrypted\AppData\Roaming\npm;C:\Users\Encrypted\AppData\Roaming\Composer\vendor\bin;C:\Program Files\heroku\bin;
USERNAME=Encrypted
OS=Windows_NT
PROCESSOR_IDENTIFIER=Intel64 Family 6 Model 69 Stepping 1, GenuineIntel



---------------  S Y S T E M  ---------------

OS: Windows 10.0 , 64 bit Build 19041 (10.0.19041.546)

CPU:total 4 (initial active 4) (2 cores per cpu, 2 threads per core) family 6 model 69 stepping 1, cmov, cx8, fxsr, mmx, sse, sse2, sse3, ssse3, sse4.1, sse4.2, popcnt, avx, avx2, aes, clmul, erms, lzcnt, ht, tsc, tscinvbit, bmi1, bmi2

Memory: 4k page, physical 8285320k(680216k free), swap 10238088k(3180k free)

vm_info: OpenJDK 64-Bit Server VM (25.242-b01) for windows-amd64 JRE (1.8.0_242-release-1644-b01), built by "builder" with MS VC++ 10.0 (VS2010)

time: Mon Oct 26 02:19:49 2020
timezone: SE Asia Standard Time
elapsed time: 14 seconds (0d 0h 0m 14s)

