#
# There is insufficient memory for the Java Runtime Environment to continue.
# Native memory allocation (malloc) failed to allocate 339856 bytes for Chunk::new
# Possible reasons:
#   The system is out of physical RAM or swap space
#   The process is running with CompressedOops enabled, and the Java Heap may be blocking the growth of the native heap
# Possible solutions:
#   Reduce memory load on the system
#   Increase physical memory or swap space
#   Check if swap backing store is full
#   Decrease Java heap size (-Xmx/-Xms)
#   Decrease number of Java threads
#   Decrease Java thread stack sizes (-Xss)
#   Set larger code cache with -XX:ReservedCodeCacheSize=
#   JVM is running with Unscaled Compressed Oops mode in which the Java heap is
#     placed in the first 4GB address space. The Java Heap base address is the
#     maximum limit for the native heap growth. Please use -XX:HeapBaseMinAddress
#     to set the Java Heap base and to place the Java Heap above 4GB virtual address.
# This output file may be truncated or incomplete.
#
#  Out of Memory Error (allocation.cpp:389), pid=75484, tid=0x00000000000123e4
#
# JRE version: OpenJDK Runtime Environment (8.0_242-b01) (build 1.8.0_242-release-1644-b01)
# Java VM: OpenJDK 64-Bit Server VM (25.242-b01 mixed mode windows-amd64 compressed oops)
# Failed to write core dump. Minidumps are not enabled by default on client versions of Windows
#

---------------  T H R E A D  ---------------

Current thread (0x0000000017661000):  JavaThread "C2 CompilerThread0" daemon [_thread_in_native, id=74724, stack(0x0000000019180000,0x0000000019280000)]

Stack: [0x0000000019180000,0x0000000019280000]
[error occurred during error reporting (printing stack bounds), id 0xc0000005]

Native frames: (J=compiled Java code, j=interpreted, Vv=VM code, C=native code)


Current CompileTask:
C2:  13736 5325   !   4       sun.net.www.ParseUtil::decode (316 bytes)


---------------  P R O C E S S  ---------------

Java Threads: ( => current thread )
  0x000000001bb05800 JavaThread "Java2D Disposer" daemon [_thread_blocked, id=74572, stack(0x000000001d7d0000,0x000000001d8d0000)]
  0x000000001a12b000 JavaThread "SDK 28 Main Thread" [_thread_in_vm, id=74204, stack(0x000000001b190000,0x000000001b290000)]
  0x0000000018d35800 JavaThread "Service Thread" daemon [_thread_blocked, id=71312, stack(0x0000000019480000,0x0000000019580000)]
  0x0000000017668000 JavaThread "C1 CompilerThread2" daemon [_thread_blocked, id=75336, stack(0x0000000019380000,0x0000000019480000)]
  0x0000000017667800 JavaThread "C2 CompilerThread1" daemon [_thread_in_native, id=74656, stack(0x0000000019280000,0x0000000019380000)]
=>0x0000000017661000 JavaThread "C2 CompilerThread0" daemon [_thread_in_native, id=74724, stack(0x0000000019180000,0x0000000019280000)]
  0x0000000018cc3000 JavaThread "Monitor Ctrl-Break" daemon [_thread_in_native, id=74636, stack(0x0000000019080000,0x0000000019180000)]
  0x0000000017636800 JavaThread "Attach Listener" daemon [_thread_blocked, id=70048, stack(0x0000000018b80000,0x0000000018c80000)]
  0x0000000017633800 JavaThread "Signal Dispatcher" daemon [_thread_blocked, id=74112, stack(0x0000000018a80000,0x0000000018b80000)]
  0x0000000017613800 JavaThread "Finalizer" daemon [_thread_blocked, id=65056, stack(0x0000000018880000,0x0000000018980000)]
  0x00000000028ed000 JavaThread "Reference Handler" daemon [_thread_blocked, id=74616, stack(0x0000000018780000,0x0000000018880000)]
  0x00000000027f9800 JavaThread "main" [_thread_blocked, id=70264, stack(0x00000000026f0000,0x00000000027f0000)]

Other Threads:
  0x00000000175e6800 VMThread [stack: 0x0000000018680000,0x0000000018780000] [id=74628]
  0x0000000018d37000 WatcherThread [stack: 0x0000000019580000,0x0000000019680000] [id=74688]

VM state:not at safepoint (normal execution)

VM Mutex/Monitor currently owned by a thread: None

heap address: 0x0000000081800000, size: 2024 MB, Compressed Oops mode: 32-bit
Narrow klass base: 0x0000000000000000, Narrow klass shift: 3
Compressed class space size: 1073741824 Address: 0x0000000100000000

Heap:
 PSYoungGen      total 330240K, used 119361K [0x00000000d5d80000, 0x00000000f1f00000, 0x0000000100000000)
  eden space 319488K, 34% used [0x00000000d5d80000,0x00000000dc7f8d88,0x00000000e9580000)
  from space 10752K, 96% used [0x00000000e9580000,0x00000000e9f97840,0x00000000ea000000)
  to   space 11776K, 0% used [0x00000000f1380000,0x00000000f1380000,0x00000000f1f00000)
 ParOldGen       total 157696K, used 53357K [0x0000000081800000, 0x000000008b200000, 0x00000000d5d80000)
  object space 157696K, 33% used [0x0000000081800000,0x0000000084c1b4b0,0x000000008b200000)
 Metaspace       used 49436K, capacity 55490K, committed 55552K, reserved 1097728K
  class space    used 5751K, capacity 7652K, committed 7680K, reserved 1048576K

Card table byte_map: [0x0000000011e90000,0x0000000012290000] byte_map_base: 0x0000000011a84000

Marking Bits: (ParMarkBitMap*) 0x000000007169f030
 Begin Bits: [0x0000000012940000, 0x00000000148e0000)
 End Bits:   [0x00000000148e0000, 0x0000000016880000)

Polling page: 0x0000000000df0000

CodeCache: size=245760Kb used=13841Kb max_used=13841Kb free=231919Kb
 bounds [0x0000000002ad0000, 0x0000000003870000, 0x0000000011ad0000]
 total_blobs=5848 nmethods=4701 adapters=1059
 compilation: enabled

Compilation events (10 events):
Event: 13.702 Thread 0x0000000017668000 5334       3       java.lang.ThreadLocal$ThreadLocalMap::access$000 (6 bytes)
Event: 13.702 Thread 0x0000000017668000 nmethod 5334 0x00000000030f1e50 code [0x00000000030f1fc0, 0x00000000030f2128]
Event: 13.702 Thread 0x0000000017668000 5330   !   3       java.nio.HeapCharBuffer::toString (30 bytes)
Event: 13.702 Thread 0x0000000017668000 nmethod 5330 0x00000000030f18d0 code [0x00000000030f1a40, 0x00000000030f1cf8]
Event: 13.702 Thread 0x0000000017668000 5336       3       java.nio.HeapByteBuffer::put (16 bytes)
Event: 13.702 Thread 0x0000000017668000 nmethod 5336 0x00000000030f1150 code [0x00000000030f12e0, 0x00000000030f16a8]
Event: 13.703 Thread 0x0000000017668000 5332       3       java.nio.CharBuffer::allocate (22 bytes)
Event: 13.703 Thread 0x0000000017668000 nmethod 5332 0x00000000030f0990 code [0x00000000030f0b20, 0x00000000030f0f78]
Event: 13.728 Thread 0x0000000017668000 5338       3       org.objectweb.asm.signature.SignatureWriter::visitReturnType (33 bytes)
Event: 13.729 Thread 0x0000000017668000 nmethod 5338 0x0000000002d9b450 code [0x0000000002d9b680, 0x0000000002d9c408]

GC Heap History (10 events):
Event: 8.628 GC heap before
{Heap before GC invocations=14 (full 2):
 PSYoungGen      total 218112K, used 211706K [0x00000000d5d80000, 0x00000000e6700000, 0x0000000100000000)
  eden space 207360K, 100% used [0x00000000d5d80000,0x00000000e2800000,0x00000000e2800000)
  from space 10752K, 40% used [0x00000000e2800000,0x00000000e2c3e9a8,0x00000000e3280000)
  to   space 10752K, 0% used [0x00000000e5c80000,0x00000000e5c80000,0x00000000e6700000)
 ParOldGen       total 140800K, used 44560K [0x0000000081800000, 0x000000008a180000, 0x00000000d5d80000)
  object space 140800K, 31% used [0x0000000081800000,0x0000000084384218,0x000000008a180000)
 Metaspace       used 32916K, capacity 36065K, committed 36352K, reserved 1081344K
  class space    used 3482K, capacity 4506K, committed 4608K, reserved 1048576K
Event: 8.643 GC heap after
Heap after GC invocations=14 (full 2):
 PSYoungGen      total 261632K, used 5896K [0x00000000d5d80000, 0x00000000e7780000, 0x0000000100000000)
  eden space 250880K, 0% used [0x00000000d5d80000,0x00000000d5d80000,0x00000000e5280000)
  from space 10752K, 54% used [0x00000000e5c80000,0x00000000e62422a8,0x00000000e6700000)
  to   space 10240K, 0% used [0x00000000e5280000,0x00000000e5280000,0x00000000e5c80000)
 ParOldGen       total 140800K, used 46445K [0x0000000081800000, 0x000000008a180000, 0x00000000d5d80000)
  object space 140800K, 32% used [0x0000000081800000,0x000000008455b638,0x000000008a180000)
 Metaspace       used 32916K, capacity 36065K, committed 36352K, reserved 1081344K
  class space    used 3482K, capacity 4506K, committed 4608K, reserved 1048576K
}
Event: 10.423 GC heap before
{Heap before GC invocations=15 (full 2):
 PSYoungGen      total 261632K, used 256776K [0x00000000d5d80000, 0x00000000e7780000, 0x0000000100000000)
  eden space 250880K, 100% used [0x00000000d5d80000,0x00000000e5280000,0x00000000e5280000)
  from space 10752K, 54% used [0x00000000e5c80000,0x00000000e62422a8,0x00000000e6700000)
  to   space 10240K, 0% used [0x00000000e5280000,0x00000000e5280000,0x00000000e5c80000)
 ParOldGen       total 140800K, used 46445K [0x0000000081800000, 0x000000008a180000, 0x00000000d5d80000)
  object space 140800K, 32% used [0x0000000081800000,0x000000008455b638,0x000000008a180000)
 Metaspace       used 39932K, capacity 44313K, committed 44416K, reserved 1087488K
  class space    used 4368K, capacity 5757K, committed 5760K, reserved 1048576K
Event: 10.446 GC heap after
Heap after GC invocations=15 (full 2):
 PSYoungGen      total 261120K, used 9479K [0x00000000d5d80000, 0x00000000eab00000, 0x0000000100000000)
  eden space 250880K, 0% used [0x00000000d5d80000,0x00000000d5d80000,0x00000000e5280000)
  from space 10240K, 92% used [0x00000000e5280000,0x00000000e5bc1db0,0x00000000e5c80000)
  to   space 11264K, 0% used [0x00000000ea000000,0x00000000ea000000,0x00000000eab00000)
 ParOldGen       total 140800K, used 49482K [0x0000000081800000, 0x000000008a180000, 0x00000000d5d80000)
  object space 140800K, 35% used [0x0000000081800000,0x0000000084852a58,0x000000008a180000)
 Metaspace       used 39932K, capacity 44313K, committed 44416K, reserved 1087488K
  class space    used 4368K, capacity 5757K, committed 5760K, reserved 1048576K
}
Event: 10.476 GC heap before
{Heap before GC invocations=16 (full 2):
 PSYoungGen      total 261120K, used 21043K [0x00000000d5d80000, 0x00000000eab00000, 0x0000000100000000)
  eden space 250880K, 4% used [0x00000000d5d80000,0x00000000d68cb140,0x00000000e5280000)
  from space 10240K, 92% used [0x00000000e5280000,0x00000000e5bc1db0,0x00000000e5c80000)
  to   space 11264K, 0% used [0x00000000ea000000,0x00000000ea000000,0x00000000eab00000)
 ParOldGen       total 140800K, used 49482K [0x0000000081800000, 0x000000008a180000, 0x00000000d5d80000)
  object space 140800K, 35% used [0x0000000081800000,0x0000000084852a58,0x000000008a180000)
 Metaspace       used 40107K, capacity 44523K, committed 44588K, reserved 1087488K
  class space    used 4392K, capacity 5824K, committed 5888K, reserved 1048576K
Event: 10.486 GC heap after
Heap after GC invocations=16 (full 2):
 PSYoungGen      total 330752K, used 6483K [0x00000000d5d80000, 0x00000000ed500000, 0x0000000100000000)
  eden space 319488K, 0% used [0x00000000d5d80000,0x00000000d5d80000,0x00000000e9580000)
  from space 11264K, 57% used [0x00000000ea000000,0x00000000ea654f10,0x00000000eab00000)
  to   space 10752K, 0% used [0x00000000e9580000,0x00000000e9580000,0x00000000ea000000)
 ParOldGen       total 140800K, used 49482K [0x0000000081800000, 0x000000008a180000, 0x00000000d5d80000)
  object space 140800K, 35% used [0x0000000081800000,0x0000000084852a58,0x000000008a180000)
 Metaspace       used 40107K, capacity 44523K, committed 44588K, reserved 1087488K
  class space    used 4392K, capacity 5824K, committed 5888K, reserved 1048576K
}
Event: 10.487 GC heap before
{Heap before GC invocations=17 (full 3):
 PSYoungGen      total 330752K, used 6483K [0x00000000d5d80000, 0x00000000ed500000, 0x0000000100000000)
  eden space 319488K, 0% used [0x00000000d5d80000,0x00000000d5d80000,0x00000000e9580000)
  from space 11264K, 57% used [0x00000000ea000000,0x00000000ea654f10,0x00000000eab00000)
  to   space 10752K, 0% used [0x00000000e9580000,0x00000000e9580000,0x00000000ea000000)
 ParOldGen       total 140800K, used 49482K [0x0000000081800000, 0x000000008a180000, 0x00000000d5d80000)
  object space 140800K, 35% used [0x0000000081800000,0x0000000084852a58,0x000000008a180000)
 Metaspace       used 40107K, capacity 44523K, committed 44588K, reserved 1087488K
  class space    used 4392K, capacity 5824K, committed 5888K, reserved 1048576K
Event: 10.774 GC heap after
Heap after GC invocations=17 (full 3):
 PSYoungGen      total 330752K, used 0K [0x00000000d5d80000, 0x00000000ed500000, 0x0000000100000000)
  eden space 319488K, 0% used [0x00000000d5d80000,0x00000000d5d80000,0x00000000e9580000)
  from space 11264K, 0% used [0x00000000ea000000,0x00000000ea000000,0x00000000eab00000)
  to   space 10752K, 0% used [0x00000000e9580000,0x00000000e9580000,0x00000000ea000000)
 ParOldGen       total 157696K, used 53349K [0x0000000081800000, 0x000000008b200000, 0x00000000d5d80000)
  object space 157696K, 33% used [0x0000000081800000,0x0000000084c194b0,0x000000008b200000)
 Metaspace       used 40107K, capacity 44523K, committed 44588K, reserved 1087488K
  class space    used 4392K, capacity 5824K, committed 5888K, reserved 1048576K
}
Event: 13.149 GC heap before
{Heap before GC invocations=18 (full 3):
 PSYoungGen      total 330752K, used 319488K [0x00000000d5d80000, 0x00000000ed500000, 0x0000000100000000)
  eden space 319488K, 100% used [0x00000000d5d80000,0x00000000e9580000,0x00000000e9580000)
  from space 11264K, 0% used [0x00000000ea000000,0x00000000ea000000,0x00000000eab00000)
  to   space 10752K, 0% used [0x00000000e9580000,0x00000000e9580000,0x00000000ea000000)
 ParOldGen       total 157696K, used 53349K [0x0000000081800000, 0x000000008b200000, 0x00000000d5d80000)
  object space 157696K, 33% used [0x0000000081800000,0x0000000084c194b0,0x000000008b200000)
 Metaspace       used 47635K, capacity 53370K, committed 53376K, reserved 1095680K
  class space    used 5521K, capacity 7294K, committed 7296K, reserved 1048576K
Event: 13.164 GC heap after
Heap after GC invocations=18 (full 3):
 PSYoungGen      total 330240K, used 10334K [0x00000000d5d80000, 0x00000000f1f00000, 0x0000000100000000)
  eden space 319488K, 0% used [0x00000000d5d80000,0x00000000d5d80000,0x00000000e9580000)
  from space 10752K, 96% used [0x00000000e9580000,0x00000000e9f97840,0x00000000ea000000)
  to   space 11776K, 0% used [0x00000000f1380000,0x00000000f1380000,0x00000000f1f00000)
 ParOldGen       total 157696K, used 53357K [0x0000000081800000, 0x000000008b200000, 0x00000000d5d80000)
  object space 157696K, 33% used [0x0000000081800000,0x0000000084c1b4b0,0x000000008b200000)
 Metaspace       used 47635K, capacity 53370K, committed 53376K, reserved 1095680K
  class space    used 5521K, capacity 7294K, committed 7296K, reserved 1048576K
}

Deoptimization events (10 events):
Event: 11.655 Thread 0x000000001a12b000 Uncommon trap: reason=class_check action=maybe_recompile pc=0x00000000037ba9e0 method=java.lang.reflect.Array.newInstance(Ljava/lang/Class;I)Ljava/lang/Object; @ 2
Event: 11.655 Thread 0x000000001a12b000 Uncommon trap: reason=class_check action=maybe_recompile pc=0x00000000037ba9e0 method=java.lang.reflect.Array.newInstance(Ljava/lang/Class;I)Ljava/lang/Object; @ 2
Event: 11.667 Thread 0x000000001a12b000 Uncommon trap: reason=bimorphic action=maybe_recompile pc=0x000000000363e79c method=java.util.regex.Pattern$Curly.match0(Ljava/util/regex/Matcher;IILjava/lang/CharSequence;)Z @ 31
Event: 12.338 Thread 0x000000001a12b000 Uncommon trap: reason=unstable_if action=reinterpret pc=0x0000000002d61a7c method=java.util.HashMap.hash(Ljava/lang/Object;)I @ 1
Event: 12.415 Thread 0x000000001a12b000 Uncommon trap: reason=unstable_if action=reinterpret pc=0x0000000003108d98 method=org.objectweb.asm.Frame.getInitializedType(Lorg/objectweb/asm/SymbolTable;I)I @ 3
Event: 12.685 Thread 0x000000001a12b000 Uncommon trap: reason=unstable_if action=reinterpret pc=0x000000000371bccc method=java.lang.reflect.Method.equals(Ljava/lang/Object;)Z @ 49
Event: 12.700 Thread 0x000000001a12b000 Uncommon trap: reason=unstable_if action=reinterpret pc=0x0000000003724570 method=org.objectweb.asm.Type.appendDescriptor(Ljava/lang/Class;Ljava/lang/StringBuilder;)V @ 87
Event: 13.502 Thread 0x000000001a12b000 Uncommon trap: reason=unstable_if action=reinterpret pc=0x0000000002f86b50 method=org.objectweb.asm.ClassReader.readUtf(II[C)Ljava/lang/String; @ 41
Event: 13.503 Thread 0x000000001a12b000 Uncommon trap: reason=unstable_if action=reinterpret pc=0x0000000003688c04 method=org.objectweb.asm.Frame.execute(IILorg/objectweb/asm/Symbol;Lorg/objectweb/asm/SymbolTable;)V @ 1344
Event: 13.651 Thread 0x000000001a12b000 Uncommon trap: reason=unstable_if action=reinterpret pc=0x0000000003520194 method=java.lang.CharacterDataLatin1.digit(II)I @ 82

Classes redefined (0 events):
No events

Internal exceptions (10 events):
Event: 6.298 Thread 0x000000001a12b000 Exception <a 'java/security/PrivilegedActionException'> (0x00000000d5fdcf58) thrown at [C:\src\AOSP-openjdk-git\hotspot\src\share\vm\prims\jvm.cpp, line 1502]
Event: 6.298 Thread 0x000000001a12b000 Exception <a 'java/security/PrivilegedActionException'> (0x00000000d5fdd350) thrown at [C:\src\AOSP-openjdk-git\hotspot\src\share\vm\prims\jvm.cpp, line 1502]
Event: 7.960 Thread 0x000000001a12b000 Exception <a 'sun/nio/fs/WindowsException'> (0x00000000db1d0240) thrown at [C:\src\AOSP-openjdk-git\hotspot\src\share\vm\prims\jni.cpp, line 710]
Event: 8.712 Thread 0x000000001a12b000 Exception <a 'java/lang/NoSuchFieldError': method resolution failed> (0x00000000d662c758) thrown at [C:\src\AOSP-openjdk-git\hotspot\src\share\vm\prims\methodHandles.cpp, line 1167]
Event: 11.160 Thread 0x000000001a12b000 Exception <a 'java/lang/NoSuchFieldError': method resolution failed> (0x00000000d76ef550) thrown at [C:\src\AOSP-openjdk-git\hotspot\src\share\vm\prims\methodHandles.cpp, line 1167]
Event: 11.161 Thread 0x000000001a12b000 Implicit null exception at 0x00000000036f91fc to 0x00000000036f9018
Event: 12.250 Thread 0x000000001a12b000 Exception <a 'java/io/FileNotFoundException'> (0x00000000e2594920) thrown at [C:\src\AOSP-openjdk-git\hotspot\src\share\vm\prims\jni.cpp, line 710]
Event: 12.338 Thread 0x000000001a12b000 Implicit null exception at 0x0000000002d61895 to 0x0000000002d61a6d
Event: 13.662 Thread 0x000000001a12b000 Exception <a 'java/lang/reflect/InvocationTargetException'> (0x00000000dbd91df8) thrown at [C:\src\AOSP-openjdk-git\hotspot\src\share\vm\runtime\reflection.cpp, line 1092]
Event: 13.663 Thread 0x000000001a12b000 Exception <a 'java/lang/AssertionError'> (0x00000000dbd91bf0) thrown at [C:\src\AOSP-openjdk-git\hotspot\src\share\vm\prims\jni.cpp, line 710]

Events (10 events):
Event: 13.723 loading class com/android/internal/view/IInputContext
Event: 13.723 loading class com/android/internal/view/IInputContext done
Event: 13.726 loading class com/android/internal/view/IInputMethodManager
Event: 13.726 loading class com/android/internal/view/IInputMethodManager done
Event: 13.726 loading class android/view/inputmethod/InputMethodManager$H
Event: 13.726 loading class android/view/inputmethod/InputMethodManager$H done
Event: 13.728 loading class android/view/inputmethod/InputMethodManager$ControlledInputConnectionWrapper
Event: 13.728 loading class android/view/inputmethod/InputMethodManager$ControlledInputConnectionWrapper done
Event: 13.729 loading class com/android/internal/view/IInputConnectionWrapper
Event: 13.729 loading class com/android/internal/view/IInputConnectionWrapper done


Dynamic libraries:
0x00007ff6e20b0000 - 0x00007ff6e20e1000 	C:\Program Files\Android\Android Studio\jre\bin\java.exe
0x00007fff93090000 - 0x00007fff93286000 	C:\WINDOWS\SYSTEM32\ntdll.dll
0x00007fff92730000 - 0x00007fff927ed000 	C:\WINDOWS\System32\KERNEL32.DLL
0x00007fff90c30000 - 0x00007fff90ef8000 	C:\WINDOWS\System32\KERNELBASE.dll
0x00007fff92890000 - 0x00007fff9293a000 	C:\WINDOWS\System32\ADVAPI32.dll
0x00007fff92ab0000 - 0x00007fff92b4e000 	C:\WINDOWS\System32\msvcrt.dll
0x00007fff91180000 - 0x00007fff9121b000 	C:\WINDOWS\System32\sechost.dll
0x00007fff91690000 - 0x00007fff917b4000 	C:\WINDOWS\System32\RPCRT4.dll
0x00007fff92400000 - 0x00007fff925a0000 	C:\WINDOWS\System32\USER32.dll
0x00007fff910d0000 - 0x00007fff910f2000 	C:\WINDOWS\System32\win32u.dll
0x00007fff92a20000 - 0x00007fff92a4a000 	C:\WINDOWS\System32\GDI32.dll
0x00007fff90a40000 - 0x00007fff90b49000 	C:\WINDOWS\System32\gdi32full.dll
0x00007fff90f00000 - 0x00007fff90f9d000 	C:\WINDOWS\System32\msvcp_win.dll
0x00007fff90fa0000 - 0x00007fff910a0000 	C:\WINDOWS\System32\ucrtbase.dll
0x00007fff8fc00000 - 0x00007fff8fe9b000 	C:\WINDOWS\WinSxS\amd64_microsoft.windows.common-controls_6595b64144ccf1df_6.0.19041.488_none_ca04af081b815d21\COMCTL32.dll
0x00007fff92860000 - 0x00007fff92890000 	C:\WINDOWS\System32\IMM32.DLL
0x0000000071960000 - 0x0000000071a32000 	C:\Program Files\Android\Android Studio\jre\jre\bin\msvcr100.dll
0x0000000070ed0000 - 0x000000007171b000 	C:\Program Files\Android\Android Studio\jre\jre\bin\server\jvm.dll
0x00007fff92850000 - 0x00007fff92858000 	C:\WINDOWS\System32\PSAPI.DLL
0x00007fff8b7b0000 - 0x00007fff8b7b9000 	C:\WINDOWS\SYSTEM32\WSOCK32.dll
0x00007fff925a0000 - 0x00007fff9260b000 	C:\WINDOWS\System32\WS2_32.dll
0x00007fff89040000 - 0x00007fff89067000 	C:\WINDOWS\SYSTEM32\WINMM.dll
0x00007fff89070000 - 0x00007fff8907a000 	C:\WINDOWS\SYSTEM32\VERSION.dll
0x00007fff8b7a0000 - 0x00007fff8b7af000 	C:\Program Files\Android\Android Studio\jre\jre\bin\verify.dll
0x00007fff5e000000 - 0x00007fff5e029000 	C:\Program Files\Android\Android Studio\jre\jre\bin\java.dll
0x00007fff80a30000 - 0x00007fff80a53000 	C:\Program Files\Android\Android Studio\jre\jre\bin\instrument.dll
0x00007fff5ee90000 - 0x00007fff5eea6000 	C:\Program Files\Android\Android Studio\jre\jre\bin\zip.dll
0x00007fff91890000 - 0x00007fff91fd0000 	C:\WINDOWS\System32\SHELL32.dll
0x00007fff8e2d0000 - 0x00007fff8ea64000 	C:\WINDOWS\SYSTEM32\windows.storage.dll
0x00007fff912d0000 - 0x00007fff91625000 	C:\WINDOWS\System32\combase.dll
0x00007fff8fb60000 - 0x00007fff8fb8c000 	C:\WINDOWS\SYSTEM32\Wldp.dll
0x00007fff92940000 - 0x00007fff929ee000 	C:\WINDOWS\System32\SHCORE.dll
0x00007fff927f0000 - 0x00007fff92845000 	C:\WINDOWS\System32\shlwapi.dll
0x00007fff90710000 - 0x00007fff90736000 	C:\WINDOWS\SYSTEM32\profapi.dll
0x00007fff90190000 - 0x00007fff901aa000 	C:\Program Files\Android\Android Studio\bin\breakgen64.dll
0x00007fff5d1e0000 - 0x00007fff5d1fa000 	C:\Program Files\Android\Android Studio\jre\jre\bin\net.dll
0x00007fff8f900000 - 0x00007fff8f96a000 	C:\WINDOWS\system32\mswsock.dll
0x00007fff5c310000 - 0x00007fff5c323000 	C:\Program Files\Android\Android Studio\jre\jre\bin\nio.dll
0x00007fff90570000 - 0x00007fff90588000 	C:\WINDOWS\SYSTEM32\CRYPTSP.dll
0x00007fff8f290000 - 0x00007fff8f2c4000 	C:\WINDOWS\system32\rsaenh.dll
0x00007fff910a0000 - 0x00007fff910c7000 	C:\WINDOWS\System32\bcrypt.dll
0x00007fff90690000 - 0x00007fff906be000 	C:\WINDOWS\SYSTEM32\USERENV.dll
0x00007fff90b50000 - 0x00007fff90bcf000 	C:\WINDOWS\System32\bcryptprimitives.dll
0x00007fff8fad0000 - 0x00007fff8fadc000 	C:\WINDOWS\SYSTEM32\CRYPTBASE.dll
0x00007fff8f5f0000 - 0x00007fff8f62b000 	C:\WINDOWS\SYSTEM32\IPHLPAPI.DLL
0x00007fff92a10000 - 0x00007fff92a19000 	C:\WINDOWS\System32\NSI.dll
0x00007fff806a0000 - 0x00007fff806b7000 	C:\WINDOWS\SYSTEM32\dhcpcsvc6.DLL
0x00007fff80f40000 - 0x00007fff80f5d000 	C:\WINDOWS\SYSTEM32\dhcpcsvc.DLL
0x00007fff8f630000 - 0x00007fff8f6fb000 	C:\WINDOWS\SYSTEM32\DNSAPI.dll
0x00007fff548f0000 - 0x00007fff54914000 	C:\Program Files\Android\Android Studio\jre\jre\bin\sunec.dll
0x00007fff7e600000 - 0x00007fff7e60b000 	C:\Program Files\Android\Android Studio\jre\jre\bin\sunmscapi.dll
0x00007fff907e0000 - 0x00007fff9093d000 	C:\WINDOWS\System32\CRYPT32.dll
0x00007fff3ebd0000 - 0x00007fff3ed6c000 	C:\Program Files\Android\Android Studio\jre\jre\bin\awt.dll
0x00007fff917c0000 - 0x00007fff9188d000 	C:\WINDOWS\System32\OLEAUT32.dll
0x00007fff8c100000 - 0x00007fff8c6c0000 	C:\WINDOWS\SYSTEM32\d2d1.dll
0x00007fff8dec0000 - 0x00007fff8deef000 	C:\WINDOWS\SYSTEM32\dwmapi.dll
0x00007fff8dc00000 - 0x00007fff8dc90000 	C:\WINDOWS\SYSTEM32\apphelp.dll

VM Arguments:
jvm_args: -ea -Didea.test.cyclic.buffer.size=1048576 -javaagent:C:\Program Files\Android\Android Studio\lib\idea_rt.jar=51823:C:\Program Files\Android\Android Studio\bin -Dfile.encoding=UTF-8 
java_command: com.intellij.rt.junit.JUnitStarter -ideVersion5 -junit4 org.aplas.soccermatch.TestB3MultiActivities041
java_class_path (initial): C:\Program Files\Android\Android Studio\lib\idea_rt.jar;C:\Program Files\Android\Android Studio\plugins\junit\lib\junit5-rt.jar;C:\Program Files\Android\Android Studio\plugins\junit\lib\junit-rt.jar;C:\Users\Encrypted\AppData\Local\Android\Sdk\platforms\android-28\data\res;D:\Kuliah\Sem5\Mobile\Aplas\Aplas\SoccerMatch\app\build\intermediates\javac\debugUnitTest\classes;D:\Kuliah\Sem5\Mobile\Aplas\Aplas\SoccerMatch\app\build\intermediates\javac\debug\classes;D:\Kuliah\Sem5\Mobile\Aplas\Aplas\SoccerMatch\app\build\intermediates\compile_and_runtime_not_namespaced_r_class_jar\debug\R.jar;D:\Kuliah\Sem5\Mobile\Aplas\Aplas\SoccerMatch\app\build\intermediates\unit_test_config_directory\debugUnitTest\out;D:\Kuliah\Sem5\Mobile\Aplas\Aplas\SoccerMatch\app\build\generated\res\resValues\debug;C:\Users\Encrypted\.gradle\caches\modules-2\files-2.1\androidx.lifecycle\lifecycle-common\2.2.0\4ef09a745007778eef83b92f8f23987a8ea59496\lifecycle-common-2.2.0.jar;C:\Users\Encrypted\.gradle\caches\modules-2\files-2.1\androidx.collection\collection-ktx\1.1.0\f807b2f366f7b75142a67d2f3c10031065b5168\collection-ktx-1.1.0.jar;C:\Users\Encrypted\.gradle\caches\modules-2\files-2.1\androidx.collection\collection\1.1.0\1f27220b47669781457de0d600849a5de0e89909\collection-1.1.0.jar;C:\Users\Encrypted\.gradle\caches\modules-2\files-2.1\androidx.arch.core\core-common\2.1.0\b3152fc64428c9354344bd89848ecddc09b6f07e\core-common-2.1.0.jar;C:\Users\Encrypted\.gradle\caches\modules-2\files-2.1\androidx.annotation\annotation\1.1.0\e3a6fb2f40e3a3842e6b7472628ba4ce416ea4c8\annotation-1.1.0.jar;C:\Users\Encrypted\.gradle\caches\modules-2\files-2.1\androidx.constraintlayout\constraintlayout-solver\1.1.3\54abe9ffb22cc9019b0b6fcc10f185cc4e67b34e\constraintlayout-solver-1.1.3.jar;C:\Users\Encrypted\.gradle\caches\modules-2\files-2.1\org.jetbrains.kotlinx\kotlinx-coroutines-android\1.3.0\804a29e0b22cfb30e04487574ad1cb888daa716d\kotlinx-coroutines-android-1.3.0.jar;C:\Users\Encrypted\.gra
Launcher Type: SUN_STANDARD

Environment Variables:
PATH=C:\Program Files (x86)\Common Files\Intel\Shared Libraries\redist\intel64\compiler;C:\Program Files (x86)\Common Files\Oracle\Java\javapath;C:\Program Files (x86)\Common Files\Intel\Shared Files\cpp\bin\Intel64;C:\ProgramData\Oracle\Java\javapath;C:\WINDOWS\system32;C:\WINDOWS;C:\WINDOWS\System32\Wbem;C:\WINDOWS\System32\WindowsPowerShell\v1.0\;C:\WINDOWS\System32\OpenSSH\;C:\Program Files\Git\cmd;C:\Program Files\Microsoft SQL Server\Client SDK\ODBC\170\Tools\Binn\;C:\Program Files (x86)\Microsoft SQL Server\150\Tools\Binn\;C:\Program Files\Microsoft SQL Server\150\Tools\Binn\;C:\Program Files\Microsoft SQL Server\150\DTS\Binn\;C:\Program Files (x86)\Microsoft SQL Server\150\DTS\Binn\;C:\Program Files\nodejs\;C:\xampp\php;C:\ProgramData\ComposerSetup\bin;C:\Program Files\gradle-6.6.1\bin;C:\Program Files\Microsoft SQL Server\130\Tools\Binn\;C:\Program Files (x86)\Microsoft SQL Server\110\DTS\Binn\;C:\Program Files (x86)\Microsoft SQL Server\120\DTS\Binn\;C:\Program Files (x86)\Microsoft SQL Server\130\DTS\Binn\;C:\Program Files (x86)\Microsoft SQL Server\140\DTS\Binn\;C:\cygnus\cygwin-b20\H-i586-cygwin32\bin;C:\Users\Encrypted\AppData\Local\Microsoft\WindowsApps;C:\Users\Encrypted\AppData\Local\Programs\Microsoft VS Code\bin;C:\Users\Encrypted\AppData\Local\GitHubDesktop\bin;C:\Users\Encrypted\AppData\Local\Microsoft\WindowsApps;C:\Users\Encrypted\AppData\Roaming\npm;C:\Users\Encrypted\AppData\Roaming\Composer\vendor\bin;C:\Program Files\heroku\bin;
USERNAME=Encrypted
OS=Windows_NT
PROCESSOR_IDENTIFIER=Intel64 Family 6 Model 69 Stepping 1, GenuineIntel



---------------  S Y S T E M  ---------------

OS: Windows 10.0 , 64 bit Build 19041 (10.0.19041.546)

CPU:total 4 (initial active 4) (2 cores per cpu, 2 threads per core) family 6 model 69 stepping 1, cmov, cx8, fxsr, mmx, sse, sse2, sse3, ssse3, sse4.1, sse4.2, popcnt, avx, avx2, aes, clmul, erms, lzcnt, ht, tsc, tscinvbit, bmi1, bmi2

Memory: 4k page, physical 8285320k(779660k free), swap 10238088k(5452k free)

vm_info: OpenJDK 64-Bit Server VM (25.242-b01) for windows-amd64 JRE (1.8.0_242-release-1644-b01), built by "builder" with MS VC++ 10.0 (VS2010)

time: Mon Oct 26 02:24:37 2020
timezone: SE Asia Standard Time
elapsed time: 13 seconds (0d 0h 0m 13s)

