#
# There is insufficient memory for the Java Runtime Environment to continue.
# Native memory allocation (malloc) failed to allocate 998256 bytes for Chunk::new
# Possible reasons:
#   The system is out of physical RAM or swap space
#   The process is running with CompressedOops enabled, and the Java Heap may be blocking the growth of the native heap
# Possible solutions:
#   Reduce memory load on the system
#   Increase physical memory or swap space
#   Check if swap backing store is full
#   Decrease Java heap size (-Xmx/-Xms)
#   Decrease number of Java threads
#   Decrease Java thread stack sizes (-Xss)
#   Set larger code cache with -XX:ReservedCodeCacheSize=
#   JVM is running with Unscaled Compressed Oops mode in which the Java heap is
#     placed in the first 4GB address space. The Java Heap base address is the
#     maximum limit for the native heap growth. Please use -XX:HeapBaseMinAddress
#     to set the Java Heap base and to place the Java Heap above 4GB virtual address.
# This output file may be truncated or incomplete.
#
#  Out of Memory Error (allocation.cpp:389), pid=42244, tid=0x000000000000a1d8
#
# JRE version: OpenJDK Runtime Environment (8.0_242-b01) (build 1.8.0_242-release-1644-b01)
# Java VM: OpenJDK 64-Bit Server VM (25.242-b01 mixed mode windows-amd64 compressed oops)
# Failed to write core dump. Minidumps are not enabled by default on client versions of Windows
#

---------------  T H R E A D  ---------------

Current thread (0x0000000017435800):  JavaThread "C2 CompilerThread1" daemon [_thread_in_native, id=41432, stack(0x0000000019140000,0x0000000019240000)]

Stack: [0x0000000019140000,0x0000000019240000]
[error occurred during error reporting (printing stack bounds), id 0xc0000005]

Native frames: (J=compiled Java code, j=interpreted, Vv=VM code, C=native code)


Current CompileTask:
C2:  22400 5266       4       org.objectweb.asm.tree.ClassNode::accept (625 bytes)


---------------  P R O C E S S  ---------------

Java Threads: ( => current thread )
  0x000000001a0b5800 JavaThread "magnifier pixel copy result handler" [_thread_blocked, id=42676, stack(0x000000001f990000,0x000000001fa90000)]
  0x000000001c179800 JavaThread "Java2D Disposer" daemon [_thread_blocked, id=42680, stack(0x000000001c890000,0x000000001c990000)]
  0x000000001a774000 JavaThread "SDK 28 Main Thread" [_thread_in_Java, id=41124, stack(0x000000001ae50000,0x000000001af50000)]
  0x0000000018c0d000 JavaThread "Service Thread" daemon [_thread_blocked, id=42004, stack(0x0000000019340000,0x0000000019440000)]
  0x0000000017436800 JavaThread "C1 CompilerThread2" daemon [_thread_blocked, id=42024, stack(0x0000000019240000,0x0000000019340000)]
=>0x0000000017435800 JavaThread "C2 CompilerThread1" daemon [_thread_in_native, id=41432, stack(0x0000000019140000,0x0000000019240000)]
  0x0000000017432000 JavaThread "C2 CompilerThread0" daemon [_thread_in_native, id=42008, stack(0x0000000019040000,0x0000000019140000)]
  0x0000000018b82800 JavaThread "Monitor Ctrl-Break" daemon [_thread_in_native, id=42052, stack(0x0000000018f40000,0x0000000019040000)]
  0x0000000017406000 JavaThread "Attach Listener" daemon [_thread_blocked, id=41460, stack(0x0000000018a40000,0x0000000018b40000)]
  0x0000000017405000 JavaThread "Signal Dispatcher" daemon [_thread_blocked, id=41304, stack(0x0000000018940000,0x0000000018a40000)]
  0x000000000272e000 JavaThread "Finalizer" daemon [_thread_blocked, id=41132, stack(0x0000000018640000,0x0000000018740000)]
  0x000000000272c800 JavaThread "Reference Handler" daemon [_thread_blocked, id=42056, stack(0x0000000018540000,0x0000000018640000)]
  0x0000000002639000 JavaThread "main" [_thread_blocked, id=42184, stack(0x0000000002510000,0x0000000002610000)]

Other Threads:
  0x00000000173b7000 VMThread [stack: 0x0000000018440000,0x0000000018540000] [id=42120]
  0x0000000018c0e800 WatcherThread [stack: 0x0000000019440000,0x0000000019540000] [id=42220]

VM state:not at safepoint (normal execution)

VM Mutex/Monitor currently owned by a thread: None

heap address: 0x0000000081800000, size: 2024 MB, Compressed Oops mode: 32-bit
Narrow klass base: 0x0000000000000000, Narrow klass shift: 3
Compressed class space size: 1073741824 Address: 0x0000000100000000

Heap:
 PSYoungGen      total 272896K, used 203673K [0x00000000d5d80000, 0x00000000e8800000, 0x0000000100000000)
  eden space 261120K, 74% used [0x00000000d5d80000,0x00000000e1b1c660,0x00000000e5c80000)
  from space 11776K, 80% used [0x00000000e5c80000,0x00000000e65c9e10,0x00000000e6800000)
  to   space 11776K, 0% used [0x00000000e6800000,0x00000000e6800000,0x00000000e7380000)
 ParOldGen       total 142848K, used 54057K [0x0000000081800000, 0x000000008a380000, 0x00000000d5d80000)
  object space 142848K, 37% used [0x0000000081800000,0x0000000084cca458,0x000000008a380000)
 Metaspace       used 50552K, capacity 56760K, committed 57088K, reserved 1097728K
  class space    used 5859K, capacity 7819K, committed 7936K, reserved 1048576K

Card table byte_map: [0x0000000011c60000,0x0000000012060000] byte_map_base: 0x0000000011854000

Marking Bits: (ParMarkBitMap*) 0x000000007165f030
 Begin Bits: [0x0000000012710000, 0x00000000146b0000)
 End Bits:   [0x00000000146b0000, 0x0000000016650000)

Polling page: 0x0000000002460000

CodeCache: size=245760Kb used=14428Kb max_used=15553Kb free=231331Kb
 bounds [0x00000000028a0000, 0x0000000003800000, 0x00000000118a0000]
 total_blobs=5718 nmethods=4533 adapters=1098
 compilation: enabled

Compilation events (10 events):
Event: 22.214 Thread 0x0000000017436800 nmethod 5263 0x0000000002b12bd0 code [0x0000000002b12e60, 0x0000000002b14088]
Event: 22.266 Thread 0x0000000017436800 5264       3       org.objectweb.asm.SymbolTable::addConstantUtf8 (98 bytes)
Event: 22.267 Thread 0x0000000017436800 nmethod 5264 0x0000000002e3b510 code [0x0000000002e3b700, 0x0000000002e3beb8]
Event: 22.268 Thread 0x0000000017436800 5265       3       org.objectweb.asm.SymbolTable::addConstantUtf8Reference (101 bytes)
Event: 22.268 Thread 0x0000000017436800 nmethod 5265 0x0000000002f8cb90 code [0x0000000002f8cd80, 0x0000000002f8d638]
Event: 22.270 Thread 0x0000000017435800 5266       4       org.objectweb.asm.tree.ClassNode::accept (625 bytes)
Event: 22.288 Thread 0x0000000017436800 5268       3       java.util.HashSet::contains (9 bytes)
Event: 22.288 Thread 0x0000000017436800 nmethod 5268 0x000000000324da50 code [0x000000000324dbc0, 0x000000000324dde8]
Event: 22.289 Thread 0x0000000017436800 5269       3       sun.reflect.annotation.AnnotationParser::parseMemberValue (162 bytes)
Event: 22.291 Thread 0x0000000017436800 nmethod 5269 0x0000000002e0f350 code [0x0000000002e0f620, 0x0000000002e10a78]

GC Heap History (10 events):
Event: 16.449 GC heap before
{Heap before GC invocations=14 (full 2):
 PSYoungGen      total 208896K, used 201726K [0x00000000d5d80000, 0x00000000e4000000, 0x0000000100000000)
  eden space 197120K, 100% used [0x00000000d5d80000,0x00000000e1e00000,0x00000000e1e00000)
  from space 11776K, 39% used [0x00000000e2900000,0x00000000e2d7f9a8,0x00000000e3480000)
  to   space 6656K, 0% used [0x00000000e3980000,0x00000000e3980000,0x00000000e4000000)
 ParOldGen       total 142848K, used 45599K [0x0000000081800000, 0x000000008a380000, 0x00000000d5d80000)
  object space 142848K, 31% used [0x0000000081800000,0x0000000084487fd8,0x000000008a380000)
 Metaspace       used 32838K, capacity 35981K, committed 36224K, reserved 1081344K
  class space    used 3454K, capacity 4474K, committed 4480K, reserved 1048576K
Event: 16.457 GC heap after
Heap after GC invocations=14 (full 2):
 PSYoungGen      total 220160K, used 6652K [0x00000000d5d80000, 0x00000000e6280000, 0x0000000100000000)
  eden space 213504K, 0% used [0x00000000d5d80000,0x00000000d5d80000,0x00000000e2e00000)
  from space 6656K, 99% used [0x00000000e3980000,0x00000000e3fff2b8,0x00000000e4000000)
  to   space 11776K, 0% used [0x00000000e2e00000,0x00000000e2e00000,0x00000000e3980000)
 ParOldGen       total 142848K, used 46595K [0x0000000081800000, 0x000000008a380000, 0x00000000d5d80000)
  object space 142848K, 32% used [0x0000000081800000,0x0000000084580c10,0x000000008a380000)
 Metaspace       used 32838K, capacity 35981K, committed 36224K, reserved 1081344K
  class space    used 3454K, capacity 4474K, committed 4480K, reserved 1048576K
}
Event: 18.197 GC heap before
{Heap before GC invocations=15 (full 2):
 PSYoungGen      total 220160K, used 220156K [0x00000000d5d80000, 0x00000000e6280000, 0x0000000100000000)
  eden space 213504K, 100% used [0x00000000d5d80000,0x00000000e2e00000,0x00000000e2e00000)
  from space 6656K, 99% used [0x00000000e3980000,0x00000000e3fff2b8,0x00000000e4000000)
  to   space 11776K, 0% used [0x00000000e2e00000,0x00000000e2e00000,0x00000000e3980000)
 ParOldGen       total 142848K, used 46595K [0x0000000081800000, 0x000000008a380000, 0x00000000d5d80000)
  object space 142848K, 32% used [0x0000000081800000,0x0000000084580c10,0x000000008a380000)
 Metaspace       used 38759K, capacity 43139K, committed 43392K, reserved 1087488K
  class space    used 4238K, capacity 5659K, committed 5760K, reserved 1048576K
Event: 18.212 GC heap after
Heap after GC invocations=15 (full 2):
 PSYoungGen      total 225280K, used 8047K [0x00000000d5d80000, 0x00000000e7380000, 0x0000000100000000)
  eden space 213504K, 0% used [0x00000000d5d80000,0x00000000d5d80000,0x00000000e2e00000)
  from space 11776K, 68% used [0x00000000e2e00000,0x00000000e35dbc40,0x00000000e3980000)
  to   space 11776K, 0% used [0x00000000e6800000,0x00000000e6800000,0x00000000e7380000)
 ParOldGen       total 142848K, used 51399K [0x0000000081800000, 0x000000008a380000, 0x00000000d5d80000)
  object space 142848K, 35% used [0x0000000081800000,0x0000000084a31e30,0x000000008a380000)
 Metaspace       used 38759K, capacity 43139K, committed 43392K, reserved 1087488K
  class space    used 4238K, capacity 5659K, committed 5760K, reserved 1048576K
}
Event: 18.516 GC heap before
{Heap before GC invocations=16 (full 2):
 PSYoungGen      total 225280K, used 60116K [0x00000000d5d80000, 0x00000000e7380000, 0x0000000100000000)
  eden space 213504K, 24% used [0x00000000d5d80000,0x00000000d90596c8,0x00000000e2e00000)
  from space 11776K, 68% used [0x00000000e2e00000,0x00000000e35dbc40,0x00000000e3980000)
  to   space 11776K, 0% used [0x00000000e6800000,0x00000000e6800000,0x00000000e7380000)
 ParOldGen       total 142848K, used 51399K [0x0000000081800000, 0x000000008a380000, 0x00000000d5d80000)
  object space 142848K, 35% used [0x0000000081800000,0x0000000084a31e30,0x000000008a380000)
 Metaspace       used 40225K, capacity 44745K, committed 44800K, reserved 1087488K
  class space    used 4391K, capacity 5851K, committed 5888K, reserved 1048576K
Event: 18.537 GC heap after
Heap after GC invocations=16 (full 2):
 PSYoungGen      total 272896K, used 7295K [0x00000000d5d80000, 0x00000000e8800000, 0x0000000100000000)
  eden space 261120K, 0% used [0x00000000d5d80000,0x00000000d5d80000,0x00000000e5c80000)
  from space 11776K, 61% used [0x00000000e6800000,0x00000000e6f1fec0,0x00000000e7380000)
  to   space 11776K, 0% used [0x00000000e5c80000,0x00000000e5c80000,0x00000000e6800000)
 ParOldGen       total 142848K, used 51399K [0x0000000081800000, 0x000000008a380000, 0x00000000d5d80000)
  object space 142848K, 35% used [0x0000000081800000,0x0000000084a31e30,0x000000008a380000)
 Metaspace       used 40225K, capacity 44745K, committed 44800K, reserved 1087488K
  class space    used 4391K, capacity 5851K, committed 5888K, reserved 1048576K
}
Event: 18.537 GC heap before
{Heap before GC invocations=17 (full 3):
 PSYoungGen      total 272896K, used 7295K [0x00000000d5d80000, 0x00000000e8800000, 0x0000000100000000)
  eden space 261120K, 0% used [0x00000000d5d80000,0x00000000d5d80000,0x00000000e5c80000)
  from space 11776K, 61% used [0x00000000e6800000,0x00000000e6f1fec0,0x00000000e7380000)
  to   space 11776K, 0% used [0x00000000e5c80000,0x00000000e5c80000,0x00000000e6800000)
 ParOldGen       total 142848K, used 51399K [0x0000000081800000, 0x000000008a380000, 0x00000000d5d80000)
  object space 142848K, 35% used [0x0000000081800000,0x0000000084a31e30,0x000000008a380000)
 Metaspace       used 40225K, capacity 44745K, committed 44800K, reserved 1087488K
  class space    used 4391K, capacity 5851K, committed 5888K, reserved 1048576K
Event: 18.792 GC heap after
Heap after GC invocations=17 (full 3):
 PSYoungGen      total 272896K, used 0K [0x00000000d5d80000, 0x00000000e8800000, 0x0000000100000000)
  eden space 261120K, 0% used [0x00000000d5d80000,0x00000000d5d80000,0x00000000e5c80000)
  from space 11776K, 0% used [0x00000000e6800000,0x00000000e6800000,0x00000000e7380000)
  to   space 11776K, 0% used [0x00000000e5c80000,0x00000000e5c80000,0x00000000e6800000)
 ParOldGen       total 142848K, used 54049K [0x0000000081800000, 0x000000008a380000, 0x00000000d5d80000)
  object space 142848K, 37% used [0x0000000081800000,0x0000000084cc8458,0x000000008a380000)
 Metaspace       used 40225K, capacity 44745K, committed 44800K, reserved 1087488K
  class space    used 4391K, capacity 5851K, committed 5888K, reserved 1048576K
}
Event: 21.129 GC heap before
{Heap before GC invocations=18 (full 3):
 PSYoungGen      total 272896K, used 261120K [0x00000000d5d80000, 0x00000000e8800000, 0x0000000100000000)
  eden space 261120K, 100% used [0x00000000d5d80000,0x00000000e5c80000,0x00000000e5c80000)
  from space 11776K, 0% used [0x00000000e6800000,0x00000000e6800000,0x00000000e7380000)
  to   space 11776K, 0% used [0x00000000e5c80000,0x00000000e5c80000,0x00000000e6800000)
 ParOldGen       total 142848K, used 54049K [0x0000000081800000, 0x000000008a380000, 0x00000000d5d80000)
  object space 142848K, 37% used [0x0000000081800000,0x0000000084cc8458,0x000000008a380000)
 Metaspace       used 46964K, capacity 52664K, committed 52864K, reserved 1095680K
  class space    used 5466K, capacity 7267K, committed 7296K, reserved 1048576K
Event: 21.145 GC heap after
Heap after GC invocations=18 (full 3):
 PSYoungGen      total 272896K, used 9511K [0x00000000d5d80000, 0x00000000e8800000, 0x0000000100000000)
  eden space 261120K, 0% used [0x00000000d5d80000,0x00000000d5d80000,0x00000000e5c80000)
  from space 11776K, 80% used [0x00000000e5c80000,0x00000000e65c9e10,0x00000000e6800000)
  to   space 11776K, 0% used [0x00000000e6800000,0x00000000e6800000,0x00000000e7380000)
 ParOldGen       total 142848K, used 54057K [0x0000000081800000, 0x000000008a380000, 0x00000000d5d80000)
  object space 142848K, 37% used [0x0000000081800000,0x0000000084cca458,0x000000008a380000)
 Metaspace       used 46964K, capacity 52664K, committed 52864K, reserved 1095680K
  class space    used 5466K, capacity 7267K, committed 7296K, reserved 1048576K
}

Deoptimization events (10 events):
Event: 20.213 Thread 0x000000001a774000 Uncommon trap: reason=unstable_if action=reinterpret pc=0x0000000003503abc method=java.util.ArrayList.remove(I)Ljava/lang/Object; @ 31
Event: 20.478 Thread 0x000000001a774000 Uncommon trap: reason=unstable_if action=reinterpret pc=0x0000000002b37f3c method=java.util.HashMap.hash(Ljava/lang/Object;)I @ 1
Event: 20.614 Thread 0x000000001a774000 Uncommon trap: reason=unstable_if action=reinterpret pc=0x0000000003033624 method=org.objectweb.asm.Frame.getInitializedType(Lorg/objectweb/asm/SymbolTable;I)I @ 3
Event: 20.976 Thread 0x000000001a774000 Uncommon trap: reason=unstable_if action=reinterpret pc=0x000000000361eb58 method=java.lang.reflect.Method.equals(Ljava/lang/Object;)Z @ 49
Event: 21.786 Thread 0x000000001a774000 Uncommon trap: reason=unstable_if action=reinterpret pc=0x0000000003160d90 method=java.util.regex.Pattern.atom()Ljava/util/regex/Pattern$Node; @ 255
Event: 21.859 Thread 0x000000001a774000 Uncommon trap: reason=unstable_if action=reinterpret pc=0x0000000003079654 method=jdk.internal.org.objectweb.asm.Type.getArgumentsAndReturnSizes(Ljava/lang/String;)I @ 41
Event: 21.859 Thread 0x000000001a774000 Uncommon trap: reason=unstable_if action=reinterpret pc=0x000000000314e808 method=jdk.internal.org.objectweb.asm.Type.getArgumentsAndReturnSizes(Ljava/lang/String;)I @ 41
Event: 21.860 Thread 0x000000001a774000 Uncommon trap: reason=unstable_if action=reinterpret pc=0x000000000345b57c method=jdk.internal.org.objectweb.asm.ClassWriter.newMethodItem(Ljava/lang/String;Ljava/lang/String;Ljava/lang/String;Z)Ljdk/internal/org/objectweb/asm/Item; @ 2
Event: 22.266 Thread 0x000000001a774000 Uncommon trap: reason=unstable_if action=reinterpret pc=0x00000000029d04ac method=org.objectweb.asm.SymbolTable.addConstantUtf8Reference(ILjava/lang/String;)Lorg/objectweb/asm/Symbol; @ 45
Event: 22.266 Thread 0x000000001a774000 Uncommon trap: reason=unstable_if action=reinterpret pc=0x0000000002c6d55c method=org.objectweb.asm.ByteVector.putUTF8(Ljava/lang/String;)Lorg/objectweb/asm/ByteVector; @ 93

Classes redefined (0 events):
No events

Internal exceptions (10 events):
Event: 12.827 Thread 0x000000001a774000 Exception <a 'java/security/PrivilegedActionException'> (0x00000000ddc26ff0) thrown at [C:\src\AOSP-openjdk-git\hotspot\src\share\vm\prims\jvm.cpp, line 1502]
Event: 12.827 Thread 0x000000001a774000 Exception <a 'java/security/PrivilegedActionException'> (0x00000000ddc273e8) thrown at [C:\src\AOSP-openjdk-git\hotspot\src\share\vm\prims\jvm.cpp, line 1502]
Event: 12.827 Thread 0x000000001a774000 Exception <a 'java/security/PrivilegedActionException'> (0x00000000ddc28c10) thrown at [C:\src\AOSP-openjdk-git\hotspot\src\share\vm\prims\jvm.cpp, line 1502]
Event: 12.827 Thread 0x000000001a774000 Exception <a 'java/security/PrivilegedActionException'> (0x00000000ddc29008) thrown at [C:\src\AOSP-openjdk-git\hotspot\src\share\vm\prims\jvm.cpp, line 1502]
Event: 15.141 Thread 0x000000001a774000 Exception <a 'sun/nio/fs/WindowsException'> (0x00000000da439d20) thrown at [C:\src\AOSP-openjdk-git\hotspot\src\share\vm\prims\jni.cpp, line 710]
Event: 16.592 Thread 0x000000001a774000 Exception <a 'java/lang/NoSuchFieldError': method resolution failed> (0x00000000d6675630) thrown at [C:\src\AOSP-openjdk-git\hotspot\src\share\vm\prims\methodHandles.cpp, line 1167]
Event: 19.047 Thread 0x000000001a774000 Exception <a 'java/lang/NoSuchFieldError': method resolution failed> (0x00000000d720afa0) thrown at [C:\src\AOSP-openjdk-git\hotspot\src\share\vm\prims\methodHandles.cpp, line 1167]
Event: 20.329 Thread 0x000000001a774000 Exception <a 'java/io/FileNotFoundException'> (0x00000000e2018150) thrown at [C:\src\AOSP-openjdk-git\hotspot\src\share\vm\prims\jni.cpp, line 710]
Event: 20.478 Thread 0x000000001a774000 Implicit null exception at 0x0000000002b37d55 to 0x0000000002b37f2d
Event: 21.860 Thread 0x000000001a774000 Exception <a 'java/lang/NoSuchMethodError': java.lang.Object.lambda$comparingDouble$8dcf42ea$1(Ljava/util/function/ToDoubleFunction;Ljava/lang/Object;Ljava/lang/Object;)I> (0x00000000dd9a27f8) thrown at [C:\src\AOSP-openjdk-git\hotspot\src\share\vm\interp

Events (10 events):
Event: 22.376 loading class android/net/NetworkMisc$1
Event: 22.376 loading class android/net/NetworkMisc$1 done
Event: 22.376 loading class android/net/wifi/IWifiManager
Event: 22.376 loading class android/net/wifi/IWifiManager done
Event: 22.387 loading class android/net/wifi/hotspot2/PasspointConfiguration
Event: 22.387 loading class android/net/wifi/hotspot2/PasspointConfiguration done
Event: 22.390 loading class android/net/wifi/ScanResult
Event: 22.390 loading class android/net/wifi/ScanResult done
Event: 22.393 loading class android/net/wifi/WifiConfiguration
Event: 22.393 loading class android/net/wifi/WifiConfiguration done


Dynamic libraries:
0x00007ff641650000 - 0x00007ff641681000 	C:\Program Files\Android\Android Studio\jre\bin\java.exe
0x00007fff93090000 - 0x00007fff93286000 	C:\WINDOWS\SYSTEM32\ntdll.dll
0x00007fff92730000 - 0x00007fff927ed000 	C:\WINDOWS\System32\KERNEL32.DLL
0x00007fff90c30000 - 0x00007fff90ef8000 	C:\WINDOWS\System32\KERNELBASE.dll
0x00007fff92890000 - 0x00007fff9293a000 	C:\WINDOWS\System32\ADVAPI32.dll
0x00007fff92ab0000 - 0x00007fff92b4e000 	C:\WINDOWS\System32\msvcrt.dll
0x00007fff91180000 - 0x00007fff9121b000 	C:\WINDOWS\System32\sechost.dll
0x00007fff91690000 - 0x00007fff917b4000 	C:\WINDOWS\System32\RPCRT4.dll
0x00007fff92400000 - 0x00007fff925a0000 	C:\WINDOWS\System32\USER32.dll
0x00007fff910d0000 - 0x00007fff910f2000 	C:\WINDOWS\System32\win32u.dll
0x00007fff92a20000 - 0x00007fff92a4a000 	C:\WINDOWS\System32\GDI32.dll
0x00007fff90a40000 - 0x00007fff90b49000 	C:\WINDOWS\System32\gdi32full.dll
0x00007fff90f00000 - 0x00007fff90f9d000 	C:\WINDOWS\System32\msvcp_win.dll
0x00007fff90fa0000 - 0x00007fff910a0000 	C:\WINDOWS\System32\ucrtbase.dll
0x00007fff8fc00000 - 0x00007fff8fe9b000 	C:\WINDOWS\WinSxS\amd64_microsoft.windows.common-controls_6595b64144ccf1df_6.0.19041.488_none_ca04af081b815d21\COMCTL32.dll
0x00007fff92860000 - 0x00007fff92890000 	C:\WINDOWS\System32\IMM32.DLL
0x0000000070c00000 - 0x0000000070cd2000 	C:\Program Files\Android\Android Studio\jre\jre\bin\msvcr100.dll
0x0000000070e90000 - 0x00000000716db000 	C:\Program Files\Android\Android Studio\jre\jre\bin\server\jvm.dll
0x00007fff92850000 - 0x00007fff92858000 	C:\WINDOWS\System32\PSAPI.DLL
0x00007fff8d9c0000 - 0x00007fff8d9c9000 	C:\WINDOWS\SYSTEM32\WSOCK32.dll
0x00007fff925a0000 - 0x00007fff9260b000 	C:\WINDOWS\System32\WS2_32.dll
0x00007fff89040000 - 0x00007fff89067000 	C:\WINDOWS\SYSTEM32\WINMM.dll
0x00007fff89070000 - 0x00007fff8907a000 	C:\WINDOWS\SYSTEM32\VERSION.dll
0x00007fff8d910000 - 0x00007fff8d91f000 	C:\Program Files\Android\Android Studio\jre\jre\bin\verify.dll
0x00007fff8b790000 - 0x00007fff8b7b9000 	C:\Program Files\Android\Android Studio\jre\jre\bin\java.dll
0x00007fff8a170000 - 0x00007fff8a193000 	C:\Program Files\Android\Android Studio\jre\jre\bin\instrument.dll
0x00007fff8a1a0000 - 0x00007fff8a1b6000 	C:\Program Files\Android\Android Studio\jre\jre\bin\zip.dll
0x00007fff91890000 - 0x00007fff91fd0000 	C:\WINDOWS\System32\SHELL32.dll
0x00007fff8e2d0000 - 0x00007fff8ea64000 	C:\WINDOWS\SYSTEM32\windows.storage.dll
0x00007fff912d0000 - 0x00007fff91625000 	C:\WINDOWS\System32\combase.dll
0x00007fff8fb60000 - 0x00007fff8fb8c000 	C:\WINDOWS\SYSTEM32\Wldp.dll
0x00007fff92940000 - 0x00007fff929ee000 	C:\WINDOWS\System32\SHCORE.dll
0x00007fff927f0000 - 0x00007fff92845000 	C:\WINDOWS\System32\shlwapi.dll
0x00007fff90710000 - 0x00007fff90736000 	C:\WINDOWS\SYSTEM32\profapi.dll
0x00007fff8a150000 - 0x00007fff8a16a000 	C:\Program Files\Android\Android Studio\bin\breakgen64.dll
0x00007fff8a110000 - 0x00007fff8a12a000 	C:\Program Files\Android\Android Studio\jre\jre\bin\net.dll
0x00007fff8f900000 - 0x00007fff8f96a000 	C:\WINDOWS\system32\mswsock.dll
0x00007fff7e980000 - 0x00007fff7e993000 	C:\Program Files\Android\Android Studio\jre\jre\bin\nio.dll
0x00007fff90570000 - 0x00007fff90588000 	C:\WINDOWS\SYSTEM32\CRYPTSP.dll
0x00007fff8f290000 - 0x00007fff8f2c4000 	C:\WINDOWS\system32\rsaenh.dll
0x00007fff910a0000 - 0x00007fff910c7000 	C:\WINDOWS\System32\bcrypt.dll
0x00007fff90690000 - 0x00007fff906be000 	C:\WINDOWS\SYSTEM32\USERENV.dll
0x00007fff90b50000 - 0x00007fff90bcf000 	C:\WINDOWS\System32\bcryptprimitives.dll
0x00007fff8fad0000 - 0x00007fff8fadc000 	C:\WINDOWS\SYSTEM32\CRYPTBASE.dll
0x00007fff8f5f0000 - 0x00007fff8f62b000 	C:\WINDOWS\SYSTEM32\IPHLPAPI.DLL
0x00007fff92a10000 - 0x00007fff92a19000 	C:\WINDOWS\System32\NSI.dll
0x00007fff806a0000 - 0x00007fff806b7000 	C:\WINDOWS\SYSTEM32\dhcpcsvc6.DLL
0x00007fff80f40000 - 0x00007fff80f5d000 	C:\WINDOWS\SYSTEM32\dhcpcsvc.DLL
0x00007fff8f630000 - 0x00007fff8f6fb000 	C:\WINDOWS\SYSTEM32\DNSAPI.dll
0x00007fff5b910000 - 0x00007fff5b934000 	C:\Program Files\Android\Android Studio\jre\jre\bin\sunec.dll
0x00007fff7d610000 - 0x00007fff7d61b000 	C:\Program Files\Android\Android Studio\jre\jre\bin\sunmscapi.dll
0x00007fff907e0000 - 0x00007fff9093d000 	C:\WINDOWS\System32\CRYPT32.dll
0x00007fff53740000 - 0x00007fff538dc000 	C:\Program Files\Android\Android Studio\jre\jre\bin\awt.dll
0x00007fff917c0000 - 0x00007fff9188d000 	C:\WINDOWS\System32\OLEAUT32.dll
0x00007fff8dec0000 - 0x00007fff8deef000 	C:\WINDOWS\SYSTEM32\dwmapi.dll
0x00007fff8c100000 - 0x00007fff8c6c0000 	C:\WINDOWS\SYSTEM32\d2d1.dll
0x00007fff8dc00000 - 0x00007fff8dc90000 	C:\WINDOWS\SYSTEM32\apphelp.dll

VM Arguments:
jvm_args: -ea -Didea.test.cyclic.buffer.size=1048576 -javaagent:C:\Program Files\Android\Android Studio\lib\idea_rt.jar=49420:C:\Program Files\Android\Android Studio\bin -Dfile.encoding=UTF-8 
java_command: com.intellij.rt.junit.JUnitStarter -ideVersion5 -junit4 org.aplas.soccermatch.TestB3MultiActivities011
java_class_path (initial): C:\Program Files\Android\Android Studio\lib\idea_rt.jar;C:\Program Files\Android\Android Studio\plugins\junit\lib\junit5-rt.jar;C:\Program Files\Android\Android Studio\plugins\junit\lib\junit-rt.jar;C:\Users\Encrypted\AppData\Local\Android\Sdk\platforms\android-28\data\res;D:\Kuliah\Sem5\Mobile\Aplas\Aplas\SoccerMatch\app\build\intermediates\javac\debugUnitTest\classes;D:\Kuliah\Sem5\Mobile\Aplas\Aplas\SoccerMatch\app\build\intermediates\javac\debug\classes;D:\Kuliah\Sem5\Mobile\Aplas\Aplas\SoccerMatch\app\build\intermediates\compile_and_runtime_not_namespaced_r_class_jar\debug\R.jar;D:\Kuliah\Sem5\Mobile\Aplas\Aplas\SoccerMatch\app\build\intermediates\unit_test_config_directory\debugUnitTest\out;D:\Kuliah\Sem5\Mobile\Aplas\Aplas\SoccerMatch\app\build\generated\res\resValues\debug;C:\Users\Encrypted\.gradle\caches\modules-2\files-2.1\androidx.lifecycle\lifecycle-common\2.2.0\4ef09a745007778eef83b92f8f23987a8ea59496\lifecycle-common-2.2.0.jar;C:\Users\Encrypted\.gradle\caches\modules-2\files-2.1\androidx.collection\collection-ktx\1.1.0\f807b2f366f7b75142a67d2f3c10031065b5168\collection-ktx-1.1.0.jar;C:\Users\Encrypted\.gradle\caches\modules-2\files-2.1\androidx.collection\collection\1.1.0\1f27220b47669781457de0d600849a5de0e89909\collection-1.1.0.jar;C:\Users\Encrypted\.gradle\caches\modules-2\files-2.1\androidx.arch.core\core-common\2.1.0\b3152fc64428c9354344bd89848ecddc09b6f07e\core-common-2.1.0.jar;C:\Users\Encrypted\.gradle\caches\modules-2\files-2.1\androidx.annotation\annotation\1.1.0\e3a6fb2f40e3a3842e6b7472628ba4ce416ea4c8\annotation-1.1.0.jar;C:\Users\Encrypted\.gradle\caches\modules-2\files-2.1\androidx.constraintlayout\constraintlayout-solver\1.1.3\54abe9ffb22cc9019b0b6fcc10f185cc4e67b34e\constraintlayout-solver-1.1.3.jar;C:\Users\Encrypted\.gradle\caches\modules-2\files-2.1\org.jetbrains.kotlinx\kotlinx-coroutines-android\1.3.0\804a29e0b22cfb30e04487574ad1cb888daa716d\kotlinx-coroutines-android-1.3.0.jar;C:\Users\Encrypted\.gra
Launcher Type: SUN_STANDARD

Environment Variables:
PATH=C:\Program Files (x86)\Common Files\Intel\Shared Libraries\redist\intel64\compiler;C:\Program Files (x86)\Common Files\Oracle\Java\javapath;C:\Program Files (x86)\Common Files\Intel\Shared Files\cpp\bin\Intel64;C:\ProgramData\Oracle\Java\javapath;C:\WINDOWS\system32;C:\WINDOWS;C:\WINDOWS\System32\Wbem;C:\WINDOWS\System32\WindowsPowerShell\v1.0\;C:\WINDOWS\System32\OpenSSH\;C:\Program Files\Git\cmd;C:\Program Files\Microsoft SQL Server\Client SDK\ODBC\170\Tools\Binn\;C:\Program Files (x86)\Microsoft SQL Server\150\Tools\Binn\;C:\Program Files\Microsoft SQL Server\150\Tools\Binn\;C:\Program Files\Microsoft SQL Server\150\DTS\Binn\;C:\Program Files (x86)\Microsoft SQL Server\150\DTS\Binn\;C:\Program Files\nodejs\;C:\xampp\php;C:\ProgramData\ComposerSetup\bin;C:\Program Files\gradle-6.6.1\bin;C:\Program Files\Microsoft SQL Server\130\Tools\Binn\;C:\Program Files (x86)\Microsoft SQL Server\110\DTS\Binn\;C:\Program Files (x86)\Microsoft SQL Server\120\DTS\Binn\;C:\Program Files (x86)\Microsoft SQL Server\130\DTS\Binn\;C:\Program Files (x86)\Microsoft SQL Server\140\DTS\Binn\;C:\cygnus\cygwin-b20\H-i586-cygwin32\bin;C:\Users\Encrypted\AppData\Local\Microsoft\WindowsApps;C:\Users\Encrypted\AppData\Local\Programs\Microsoft VS Code\bin;C:\Users\Encrypted\AppData\Local\GitHubDesktop\bin;C:\Users\Encrypted\AppData\Local\Microsoft\WindowsApps;C:\Users\Encrypted\AppData\Roaming\npm;C:\Users\Encrypted\AppData\Roaming\Composer\vendor\bin;C:\Program Files\heroku\bin;
USERNAME=Encrypted
OS=Windows_NT
PROCESSOR_IDENTIFIER=Intel64 Family 6 Model 69 Stepping 1, GenuineIntel



---------------  S Y S T E M  ---------------

OS: Windows 10.0 , 64 bit Build 19041 (10.0.19041.546)

CPU:total 4 (initial active 4) (2 cores per cpu, 2 threads per core) family 6 model 69 stepping 1, cmov, cx8, fxsr, mmx, sse, sse2, sse3, ssse3, sse4.1, sse4.2, popcnt, avx, avx2, aes, clmul, erms, lzcnt, ht, tsc, tscinvbit, bmi1, bmi2

Memory: 4k page, physical 8285320k(565296k free), swap 10238088k(5152k free)

vm_info: OpenJDK 64-Bit Server VM (25.242-b01) for windows-amd64 JRE (1.8.0_242-release-1644-b01), built by "builder" with MS VC++ 10.0 (VS2010)

time: Sun Oct 25 17:05:37 2020
timezone: SE Asia Standard Time
elapsed time: 22 seconds (0d 0h 0m 22s)

