#
# There is insufficient memory for the Java Runtime Environment to continue.
# Native memory allocation (malloc) failed to allocate 455856 bytes for Chunk::new
# Possible reasons:
#   The system is out of physical RAM or swap space
#   The process is running with CompressedOops enabled, and the Java Heap may be blocking the growth of the native heap
# Possible solutions:
#   Reduce memory load on the system
#   Increase physical memory or swap space
#   Check if swap backing store is full
#   Decrease Java heap size (-Xmx/-Xms)
#   Decrease number of Java threads
#   Decrease Java thread stack sizes (-Xss)
#   Set larger code cache with -XX:ReservedCodeCacheSize=
#   JVM is running with Unscaled Compressed Oops mode in which the Java heap is
#     placed in the first 4GB address space. The Java Heap base address is the
#     maximum limit for the native heap growth. Please use -XX:HeapBaseMinAddress
#     to set the Java Heap base and to place the Java Heap above 4GB virtual address.
# This output file may be truncated or incomplete.
#
#  Out of Memory Error (allocation.cpp:389), pid=74208, tid=0x000000000001217c
#
# JRE version: OpenJDK Runtime Environment (8.0_242-b01) (build 1.8.0_242-release-1644-b01)
# Java VM: OpenJDK 64-Bit Server VM (25.242-b01 mixed mode windows-amd64 compressed oops)
# Failed to write core dump. Minidumps are not enabled by default on client versions of Windows
#

---------------  T H R E A D  ---------------

Current thread (0x0000000017df5800):  JavaThread "C2 CompilerThread1" daemon [_thread_in_native, id=74108, stack(0x0000000019a00000,0x0000000019b00000)]

Stack: [0x0000000019a00000,0x0000000019b00000]
[error occurred during error reporting (printing stack bounds), id 0xc0000005]

Native frames: (J=compiled Java code, j=interpreted, Vv=VM code, C=native code)


Current CompileTask:
C2:  13475 4887  s!   4       sun.misc.URLClassPath::getLoader (243 bytes)


---------------  P R O C E S S  ---------------

Java Threads: ( => current thread )
  0x000000001b254800 JavaThread "Java2D Disposer" daemon [_thread_blocked, id=69544, stack(0x000000001c8e0000,0x000000001c9e0000)]
  0x000000001bf86000 JavaThread "SDK 28 Main Thread" [_thread_in_vm, id=68416, stack(0x000000001ca20000,0x000000001cb20000)]
  0x000000001949d800 JavaThread "Service Thread" daemon [_thread_blocked, id=74092, stack(0x0000000019c00000,0x0000000019d00000)]
  0x0000000019490000 JavaThread "C1 CompilerThread2" daemon [_thread_blocked, id=74072, stack(0x0000000019b00000,0x0000000019c00000)]
=>0x0000000017df5800 JavaThread "C2 CompilerThread1" daemon [_thread_in_native, id=74108, stack(0x0000000019a00000,0x0000000019b00000)]
  0x0000000017dee800 JavaThread "C2 CompilerThread0" daemon [_thread_blocked, id=66688, stack(0x0000000019900000,0x0000000019a00000)]
  0x0000000019443000 JavaThread "Monitor Ctrl-Break" daemon [_thread_in_native, id=74044, stack(0x0000000019800000,0x0000000019900000)]
  0x0000000017dc4800 JavaThread "Attach Listener" daemon [_thread_blocked, id=72204, stack(0x0000000019300000,0x0000000019400000)]
  0x0000000017dc3800 JavaThread "Signal Dispatcher" daemon [_thread_blocked, id=74076, stack(0x0000000019200000,0x0000000019300000)]
  0x0000000017da3800 JavaThread "Finalizer" daemon [_thread_blocked, id=62328, stack(0x0000000019000000,0x0000000019100000)]
  0x000000000315d000 JavaThread "Reference Handler" daemon [_thread_blocked, id=68644, stack(0x0000000018f00000,0x0000000019000000)]
  0x0000000003069800 JavaThread "main" [_thread_blocked, id=11668, stack(0x0000000002f60000,0x0000000003060000)]

Other Threads:
  0x0000000017d76800 VMThread [stack: 0x0000000018e00000,0x0000000018f00000] [id=1756]
  0x000000001949f000 WatcherThread [stack: 0x0000000019d00000,0x0000000019e00000] [id=74048]

VM state:not at safepoint (normal execution)

VM Mutex/Monitor currently owned by a thread: None

heap address: 0x0000000081800000, size: 2024 MB, Compressed Oops mode: 32-bit
Narrow klass base: 0x0000000000000000, Narrow klass shift: 3
Compressed class space size: 1073741824 Address: 0x0000000100000000

Heap:
 PSYoungGen      total 389120K, used 16154K [0x00000000d5d80000, 0x00000000f2600000, 0x0000000100000000)
  eden space 373760K, 4% used [0x00000000d5d80000,0x00000000d6d46898,0x00000000eca80000)
  from space 15360K, 0% used [0x00000000f1700000,0x00000000f1700000,0x00000000f2600000)
  to   space 12288K, 0% used [0x00000000eca80000,0x00000000eca80000,0x00000000ed680000)
 ParOldGen       total 165888K, used 59818K [0x0000000081800000, 0x000000008ba00000, 0x00000000d5d80000)
  object space 165888K, 36% used [0x0000000081800000,0x000000008526ab38,0x000000008ba00000)
 Metaspace       used 45547K, capacity 51044K, committed 51416K, reserved 1093632K
  class space    used 5348K, capacity 7041K, committed 7168K, reserved 1048576K

Card table byte_map: [0x0000000012620000,0x0000000012a20000] byte_map_base: 0x0000000012214000

Marking Bits: (ParMarkBitMap*) 0x000000007169f030
 Begin Bits: [0x00000000130d0000, 0x0000000015070000)
 End Bits:   [0x0000000015070000, 0x0000000017010000)

Polling page: 0x0000000001090000

CodeCache: size=245760Kb used=13317Kb max_used=13999Kb free=232442Kb
 bounds [0x0000000003260000, 0x0000000004020000, 0x0000000012260000]
 total_blobs=5465 nmethods=4378 adapters=999
 compilation: enabled

Compilation events (10 events):
Event: 13.447 Thread 0x0000000019490000 4965       3       java.util.regex.Pattern::group0 (994 bytes)
Event: 13.452 Thread 0x0000000017dee800 4967       4       java.lang.invoke.MethodHandleNatives::refKindIsField (32 bytes)
Event: 13.453 Thread 0x0000000017dee800 nmethod 4967 0x000000000387f810 code [0x000000000387f940, 0x000000000387f998]
Event: 13.453 Thread 0x0000000019490000 nmethod 4965 0x0000000003cdd610 code [0x0000000003cdddc0, 0x0000000003ce28e8]
Event: 13.453 Thread 0x0000000019490000 4966       3       java.util.regex.Pattern$Dollar::study (14 bytes)
Event: 13.454 Thread 0x0000000019490000 nmethod 4966 0x0000000003a000d0 code [0x0000000003a00240, 0x0000000003a00488]
Event: 13.461 Thread 0x0000000019490000 4971 %     3       jdk.internal.org.objectweb.asm.MethodWriter::visitMaxs @ 215 (1159 bytes)
Event: 13.464 Thread 0x0000000019490000 nmethod 4971% 0x000000000383d650 code [0x000000000383da60, 0x000000000383fcd8]
Event: 13.466 Thread 0x0000000019490000 4980       3       java.lang.invoke.LambdaForm$DMH/164764009::invokeSpecial_L_V (14 bytes)
Event: 13.466 Thread 0x0000000019490000 nmethod 4980 0x0000000003cdce50 code [0x0000000003cdcfe0, 0x0000000003cdd4d8]

GC Heap History (10 events):
Event: 7.995 GC heap before
{Heap before GC invocations=11 (full 2):
 PSYoungGen      total 272384K, used 8599K [0x00000000d5d80000, 0x00000000ee680000, 0x0000000100000000)
  eden space 260096K, 0% used [0x00000000d5d80000,0x00000000d5d80000,0x00000000e5b80000)
  from space 12288K, 69% used [0x00000000e5b80000,0x00000000e63e5fe0,0x00000000e6780000)
  to   space 12288K, 0% used [0x00000000eda80000,0x00000000eda80000,0x00000000ee680000)
 ParOldGen       total 82432K, used 66637K [0x0000000081800000, 0x0000000086880000, 0x00000000d5d80000)
  object space 82432K, 80% used [0x0000000081800000,0x00000000859135f8,0x0000000086880000)
 Metaspace       used 26909K, capacity 29739K, committed 30080K, reserved 1075200K
  class space    used 2992K, capacity 3877K, committed 3968K, reserved 1048576K
Event: 8.094 GC heap after
Heap after GC invocations=11 (full 2):
 PSYoungGen      total 272384K, used 0K [0x00000000d5d80000, 0x00000000ee680000, 0x0000000100000000)
  eden space 260096K, 0% used [0x00000000d5d80000,0x00000000d5d80000,0x00000000e5b80000)
  from space 12288K, 0% used [0x00000000e5b80000,0x00000000e5b80000,0x00000000e6780000)
  to   space 12288K, 0% used [0x00000000eda80000,0x00000000eda80000,0x00000000ee680000)
 ParOldGen       total 131584K, used 46441K [0x0000000081800000, 0x0000000089880000, 0x00000000d5d80000)
  object space 131584K, 35% used [0x0000000081800000,0x000000008455a5c0,0x0000000089880000)
 Metaspace       used 26909K, capacity 29739K, committed 30080K, reserved 1075200K
  class space    used 2992K, capacity 3877K, committed 3968K, reserved 1048576K
}
Event: 9.577 GC heap before
{Heap before GC invocations=12 (full 2):
 PSYoungGen      total 272384K, used 260096K [0x00000000d5d80000, 0x00000000ee680000, 0x0000000100000000)
  eden space 260096K, 100% used [0x00000000d5d80000,0x00000000e5b80000,0x00000000e5b80000)
  from space 12288K, 0% used [0x00000000e5b80000,0x00000000e5b80000,0x00000000e6780000)
  to   space 12288K, 0% used [0x00000000eda80000,0x00000000eda80000,0x00000000ee680000)
 ParOldGen       total 131584K, used 46441K [0x0000000081800000, 0x0000000089880000, 0x00000000d5d80000)
  object space 131584K, 35% used [0x0000000081800000,0x000000008455a5c0,0x0000000089880000)
 Metaspace       used 32739K, capacity 35925K, committed 35968K, reserved 1081344K
  class space    used 3468K, capacity 4474K, committed 4480K, reserved 1048576K
Event: 9.599 GC heap after
Heap after GC invocations=12 (full 2):
 PSYoungGen      total 348672K, used 7717K [0x00000000d5d80000, 0x00000000ee280000, 0x0000000100000000)
  eden space 340480K, 0% used [0x00000000d5d80000,0x00000000d5d80000,0x00000000eaa00000)
  from space 8192K, 94% used [0x00000000eda80000,0x00000000ee209570,0x00000000ee280000)
  to   space 12288K, 0% used [0x00000000eca80000,0x00000000eca80000,0x00000000ed680000)
 ParOldGen       total 131584K, used 46449K [0x0000000081800000, 0x0000000089880000, 0x00000000d5d80000)
  object space 131584K, 35% used [0x0000000081800000,0x000000008455c5c0,0x0000000089880000)
 Metaspace       used 32739K, capacity 35925K, committed 35968K, reserved 1081344K
  class space    used 3468K, capacity 4474K, committed 4480K, reserved 1048576K
}
Event: 12.119 GC heap before
{Heap before GC invocations=13 (full 2):
 PSYoungGen      total 348672K, used 348197K [0x00000000d5d80000, 0x00000000ee280000, 0x0000000100000000)
  eden space 340480K, 100% used [0x00000000d5d80000,0x00000000eaa00000,0x00000000eaa00000)
  from space 8192K, 94% used [0x00000000eda80000,0x00000000ee209570,0x00000000ee280000)
  to   space 12288K, 0% used [0x00000000eca80000,0x00000000eca80000,0x00000000ed680000)
 ParOldGen       total 131584K, used 46449K [0x0000000081800000, 0x0000000089880000, 0x00000000d5d80000)
  object space 131584K, 35% used [0x0000000081800000,0x000000008455c5c0,0x0000000089880000)
 Metaspace       used 41778K, capacity 46598K, committed 46720K, reserved 1089536K
  class space    used 4670K, capacity 6190K, committed 6272K, reserved 1048576K
Event: 12.148 GC heap after
Heap after GC invocations=13 (full 2):
 PSYoungGen      total 386048K, used 12269K [0x00000000d5d80000, 0x00000000f2600000, 0x0000000100000000)
  eden space 373760K, 0% used [0x00000000d5d80000,0x00000000d5d80000,0x00000000eca80000)
  from space 12288K, 99% used [0x00000000eca80000,0x00000000ed67b7c0,0x00000000ed680000)
  to   space 15360K, 0% used [0x00000000f1700000,0x00000000f1700000,0x00000000f2600000)
 ParOldGen       total 131584K, used 51058K [0x0000000081800000, 0x0000000089880000, 0x00000000d5d80000)
  object space 131584K, 38% used [0x0000000081800000,0x00000000849dcac0,0x0000000089880000)
 Metaspace       used 41778K, capacity 46598K, committed 46720K, reserved 1089536K
  class space    used 4670K, capacity 6190K, committed 6272K, reserved 1048576K
}
Event: 12.997 GC heap before
{Heap before GC invocations=14 (full 2):
 PSYoungGen      total 386048K, used 152390K [0x00000000d5d80000, 0x00000000f2600000, 0x0000000100000000)
  eden space 373760K, 37% used [0x00000000d5d80000,0x00000000de6562c8,0x00000000eca80000)
  from space 12288K, 99% used [0x00000000eca80000,0x00000000ed67b7c0,0x00000000ed680000)
  to   space 15360K, 0% used [0x00000000f1700000,0x00000000f1700000,0x00000000f2600000)
 ParOldGen       total 131584K, used 51058K [0x0000000081800000, 0x0000000089880000, 0x00000000d5d80000)
  object space 131584K, 38% used [0x0000000081800000,0x00000000849dcac0,0x0000000089880000)
 Metaspace       used 44835K, capacity 50012K, committed 50136K, reserved 1093632K
  class space    used 5225K, capacity 6863K, committed 6912K, reserved 1048576K
Event: 13.016 GC heap after
Heap after GC invocations=14 (full 2):
 PSYoungGen      total 389120K, used 4593K [0x00000000d5d80000, 0x00000000f2600000, 0x0000000100000000)
  eden space 373760K, 0% used [0x00000000d5d80000,0x00000000d5d80000,0x00000000eca80000)
  from space 15360K, 29% used [0x00000000f1700000,0x00000000f1b7c6c0,0x00000000f2600000)
  to   space 12288K, 0% used [0x00000000eca80000,0x00000000eca80000,0x00000000ed680000)
 ParOldGen       total 131584K, used 63028K [0x0000000081800000, 0x0000000089880000, 0x00000000d5d80000)
  object space 131584K, 47% used [0x0000000081800000,0x000000008558d168,0x0000000089880000)
 Metaspace       used 44835K, capacity 50012K, committed 50136K, reserved 1093632K
  class space    used 5225K, capacity 6863K, committed 6912K, reserved 1048576K
}
Event: 13.016 GC heap before
{Heap before GC invocations=15 (full 3):
 PSYoungGen      total 389120K, used 4593K [0x00000000d5d80000, 0x00000000f2600000, 0x0000000100000000)
  eden space 373760K, 0% used [0x00000000d5d80000,0x00000000d5d80000,0x00000000eca80000)
  from space 15360K, 29% used [0x00000000f1700000,0x00000000f1b7c6c0,0x00000000f2600000)
  to   space 12288K, 0% used [0x00000000eca80000,0x00000000eca80000,0x00000000ed680000)
 ParOldGen       total 131584K, used 63028K [0x0000000081800000, 0x0000000089880000, 0x00000000d5d80000)
  object space 131584K, 47% used [0x0000000081800000,0x000000008558d168,0x0000000089880000)
 Metaspace       used 44835K, capacity 50012K, committed 50136K, reserved 1093632K
  class space    used 5225K, capacity 6863K, committed 6912K, reserved 1048576K
Event: 13.341 GC heap after
Heap after GC invocations=15 (full 3):
 PSYoungGen      total 389120K, used 0K [0x00000000d5d80000, 0x00000000f2600000, 0x0000000100000000)
  eden space 373760K, 0% used [0x00000000d5d80000,0x00000000d5d80000,0x00000000eca80000)
  from space 15360K, 0% used [0x00000000f1700000,0x00000000f1700000,0x00000000f2600000)
  to   space 12288K, 0% used [0x00000000eca80000,0x00000000eca80000,0x00000000ed680000)
 ParOldGen       total 165888K, used 59818K [0x0000000081800000, 0x000000008ba00000, 0x00000000d5d80000)
  object space 165888K, 36% used [0x0000000081800000,0x000000008526ab38,0x000000008ba00000)
 Metaspace       used 44835K, capacity 50012K, committed 50136K, reserved 1093632K
  class space    used 5225K, capacity 6863K, committed 6912K, reserved 1048576K
}

Deoptimization events (10 events):
Event: 8.734 Thread 0x000000001bf86000 Uncommon trap: reason=unstable_if action=reinterpret pc=0x0000000003cd3114 method=java.util.HashMap.isEmpty()Z @ 4
Event: 8.921 Thread 0x000000001bf86000 Uncommon trap: reason=null_check action=make_not_entrant pc=0x0000000003d63008 method=sun.invoke.util.VerifyType.isNullConversion(Ljava/lang/Class;Ljava/lang/Class;Z)Z @ 22
Event: 9.086 Thread 0x000000001bf86000 Uncommon trap: reason=unstable_if action=reinterpret pc=0x0000000003d3a180 method=org.objectweb.asm.Frame.execute(IILorg/objectweb/asm/Symbol;Lorg/objectweb/asm/SymbolTable;)V @ 2191
Event: 10.019 Thread 0x000000001bf86000 Uncommon trap: reason=unstable_if action=reinterpret pc=0x0000000003e4d6a8 method=java.util.regex.Matcher.match(II)Z @ 91
Event: 10.521 Thread 0x000000001bf86000 Uncommon trap: reason=unstable_if action=reinterpret pc=0x0000000003e5d750 method=org.objectweb.asm.Frame.pop(Ljava/lang/String;)V @ 36
Event: 10.521 Thread 0x000000001bf86000 Uncommon trap: reason=unstable_if action=reinterpret pc=0x0000000003ae7198 method=org.objectweb.asm.Frame.pop(Ljava/lang/String;)V @ 36
Event: 10.674 Thread 0x000000001bf86000 Uncommon trap: reason=unstable_if action=reinterpret pc=0x00000000036ece08 method=java.lang.ThreadLocal$ThreadLocalMap.getEntry(Ljava/lang/ThreadLocal;)Ljava/lang/ThreadLocal$ThreadLocalMap$Entry; @ 29
Event: 10.674 Thread 0x000000001bf86000 Uncommon trap: reason=unstable_if action=reinterpret pc=0x00000000036ec9dc method=java.lang.ThreadLocal$ThreadLocalMap.getEntry(Ljava/lang/ThreadLocal;)Ljava/lang/ThreadLocal$ThreadLocalMap$Entry; @ 29
Event: 11.896 Thread 0x000000001bf86000 Uncommon trap: reason=unstable_if action=reinterpret pc=0x0000000003efb02c method=java.util.concurrent.ConcurrentHashMap.get(Ljava/lang/Object;)Ljava/lang/Object; @ 99
Event: 13.418 Thread 0x000000001bf86000 Uncommon trap: reason=unstable_if action=reinterpret pc=0x00000000034fa77c method=java.util.HashMap.hash(Ljava/lang/Object;)I @ 1

Classes redefined (0 events):
No events

Internal exceptions (10 events):
Event: 7.158 Thread 0x000000001bf86000 Exception <a 'java/security/PrivilegedActionException'> (0x00000000de0f9078) thrown at [C:\src\AOSP-openjdk-git\hotspot\src\share\vm\prims\jvm.cpp, line 1502]
Event: 7.158 Thread 0x000000001bf86000 Exception <a 'java/security/PrivilegedActionException'> (0x00000000de0fa8a0) thrown at [C:\src\AOSP-openjdk-git\hotspot\src\share\vm\prims\jvm.cpp, line 1502]
Event: 7.159 Thread 0x000000001bf86000 Exception <a 'java/security/PrivilegedActionException'> (0x00000000de0fac98) thrown at [C:\src\AOSP-openjdk-git\hotspot\src\share\vm\prims\jvm.cpp, line 1502]
Event: 8.095 Thread 0x0000000017da3800 Implicit null exception at 0x0000000003c91ff9 to 0x0000000003c95b15
Event: 8.947 Thread 0x000000001bf86000 Exception <a 'sun/nio/fs/WindowsException'> (0x00000000def09d88) thrown at [C:\src\AOSP-openjdk-git\hotspot\src\share\vm\prims\jni.cpp, line 710]
Event: 9.881 Thread 0x000000001bf86000 Exception <a 'java/lang/NoSuchFieldError': method resolution failed> (0x00000000d72661f0) thrown at [C:\src\AOSP-openjdk-git\hotspot\src\share\vm\prims\methodHandles.cpp, line 1167]
Event: 11.895 Thread 0x000000001bf86000 Exception <a 'java/lang/NoSuchFieldError': method resolution failed> (0x00000000e7e47848) thrown at [C:\src\AOSP-openjdk-git\hotspot\src\share\vm\prims\methodHandles.cpp, line 1167]
Event: 11.896 Thread 0x000000001bf86000 Implicit null exception at 0x0000000003efad48 to 0x0000000003efb01d
Event: 12.990 Thread 0x000000001bf86000 Exception <a 'java/io/FileNotFoundException'> (0x00000000de2ac9c0) thrown at [C:\src\AOSP-openjdk-git\hotspot\src\share\vm\prims\jni.cpp, line 710]
Event: 13.418 Thread 0x000000001bf86000 Implicit null exception at 0x00000000034fa595 to 0x00000000034fa76d

Events (10 events):
Event: 13.470 loading class com/android/internal/policy/PhoneWindow done
Event: 13.470 loading class android/view/View
Event: 13.470 loading class android/view/View done
Event: 13.470 loading class com/android/internal/policy/PhoneWindow
Event: 13.470 loading class com/android/internal/policy/PhoneWindow done
Event: 13.470 loading class android/view/ViewGroup
Event: 13.470 loading class android/view/ViewGroup done
Event: 13.470 loading class android/view/ViewGroup
Event: 13.470 loading class android/view/ViewGroup done
Event: 13.471 loading class android/view/View


Dynamic libraries:
0x00007ff6e20b0000 - 0x00007ff6e20e1000 	C:\Program Files\Android\Android Studio\jre\bin\java.exe
0x00007fff93090000 - 0x00007fff93286000 	C:\WINDOWS\SYSTEM32\ntdll.dll
0x00007fff92730000 - 0x00007fff927ed000 	C:\WINDOWS\System32\KERNEL32.DLL
0x00007fff90c30000 - 0x00007fff90ef8000 	C:\WINDOWS\System32\KERNELBASE.dll
0x00007fff92890000 - 0x00007fff9293a000 	C:\WINDOWS\System32\ADVAPI32.dll
0x00007fff92ab0000 - 0x00007fff92b4e000 	C:\WINDOWS\System32\msvcrt.dll
0x00007fff91180000 - 0x00007fff9121b000 	C:\WINDOWS\System32\sechost.dll
0x00007fff91690000 - 0x00007fff917b4000 	C:\WINDOWS\System32\RPCRT4.dll
0x00007fff92400000 - 0x00007fff925a0000 	C:\WINDOWS\System32\USER32.dll
0x00007fff910d0000 - 0x00007fff910f2000 	C:\WINDOWS\System32\win32u.dll
0x00007fff92a20000 - 0x00007fff92a4a000 	C:\WINDOWS\System32\GDI32.dll
0x00007fff90a40000 - 0x00007fff90b49000 	C:\WINDOWS\System32\gdi32full.dll
0x00007fff90f00000 - 0x00007fff90f9d000 	C:\WINDOWS\System32\msvcp_win.dll
0x00007fff90fa0000 - 0x00007fff910a0000 	C:\WINDOWS\System32\ucrtbase.dll
0x00007fff8fc00000 - 0x00007fff8fe9b000 	C:\WINDOWS\WinSxS\amd64_microsoft.windows.common-controls_6595b64144ccf1df_6.0.19041.488_none_ca04af081b815d21\COMCTL32.dll
0x00007fff92860000 - 0x00007fff92890000 	C:\WINDOWS\System32\IMM32.DLL
0x0000000071960000 - 0x0000000071a32000 	C:\Program Files\Android\Android Studio\jre\jre\bin\msvcr100.dll
0x0000000070ed0000 - 0x000000007171b000 	C:\Program Files\Android\Android Studio\jre\jre\bin\server\jvm.dll
0x00007fff92850000 - 0x00007fff92858000 	C:\WINDOWS\System32\PSAPI.DLL
0x00007fff89040000 - 0x00007fff89067000 	C:\WINDOWS\SYSTEM32\WINMM.dll
0x00007fff8b7b0000 - 0x00007fff8b7b9000 	C:\WINDOWS\SYSTEM32\WSOCK32.dll
0x00007fff89070000 - 0x00007fff8907a000 	C:\WINDOWS\SYSTEM32\VERSION.dll
0x00007fff925a0000 - 0x00007fff9260b000 	C:\WINDOWS\System32\WS2_32.dll
0x00007fff8b7a0000 - 0x00007fff8b7af000 	C:\Program Files\Android\Android Studio\jre\jre\bin\verify.dll
0x00007fff5e000000 - 0x00007fff5e029000 	C:\Program Files\Android\Android Studio\jre\jre\bin\java.dll
0x00007fff8b350000 - 0x00007fff8b373000 	C:\Program Files\Android\Android Studio\jre\jre\bin\instrument.dll
0x00007fff5ee90000 - 0x00007fff5eea6000 	C:\Program Files\Android\Android Studio\jre\jre\bin\zip.dll
0x00007fff91890000 - 0x00007fff91fd0000 	C:\WINDOWS\System32\SHELL32.dll
0x00007fff8e2d0000 - 0x00007fff8ea64000 	C:\WINDOWS\SYSTEM32\windows.storage.dll
0x00007fff912d0000 - 0x00007fff91625000 	C:\WINDOWS\System32\combase.dll
0x00007fff8fb60000 - 0x00007fff8fb8c000 	C:\WINDOWS\SYSTEM32\Wldp.dll
0x00007fff92940000 - 0x00007fff929ee000 	C:\WINDOWS\System32\SHCORE.dll
0x00007fff927f0000 - 0x00007fff92845000 	C:\WINDOWS\System32\shlwapi.dll
0x00007fff90710000 - 0x00007fff90736000 	C:\WINDOWS\SYSTEM32\profapi.dll
0x00007fff90190000 - 0x00007fff901aa000 	C:\Program Files\Android\Android Studio\bin\breakgen64.dll
0x00007fff5d1e0000 - 0x00007fff5d1fa000 	C:\Program Files\Android\Android Studio\jre\jre\bin\net.dll
0x00007fff8f900000 - 0x00007fff8f96a000 	C:\WINDOWS\system32\mswsock.dll
0x00007fff5c310000 - 0x00007fff5c323000 	C:\Program Files\Android\Android Studio\jre\jre\bin\nio.dll
0x00007fff90570000 - 0x00007fff90588000 	C:\WINDOWS\SYSTEM32\CRYPTSP.dll
0x00007fff8f290000 - 0x00007fff8f2c4000 	C:\WINDOWS\system32\rsaenh.dll
0x00007fff910a0000 - 0x00007fff910c7000 	C:\WINDOWS\System32\bcrypt.dll
0x00007fff90690000 - 0x00007fff906be000 	C:\WINDOWS\SYSTEM32\USERENV.dll
0x00007fff90b50000 - 0x00007fff90bcf000 	C:\WINDOWS\System32\bcryptprimitives.dll
0x00007fff8fad0000 - 0x00007fff8fadc000 	C:\WINDOWS\SYSTEM32\CRYPTBASE.dll
0x00007fff8f5f0000 - 0x00007fff8f62b000 	C:\WINDOWS\SYSTEM32\IPHLPAPI.DLL
0x00007fff92a10000 - 0x00007fff92a19000 	C:\WINDOWS\System32\NSI.dll
0x00007fff806a0000 - 0x00007fff806b7000 	C:\WINDOWS\SYSTEM32\dhcpcsvc6.DLL
0x00007fff80f40000 - 0x00007fff80f5d000 	C:\WINDOWS\SYSTEM32\dhcpcsvc.DLL
0x00007fff8f630000 - 0x00007fff8f6fb000 	C:\WINDOWS\SYSTEM32\DNSAPI.dll
0x00007fff548f0000 - 0x00007fff54914000 	C:\Program Files\Android\Android Studio\jre\jre\bin\sunec.dll
0x00007fff7e600000 - 0x00007fff7e60b000 	C:\Program Files\Android\Android Studio\jre\jre\bin\sunmscapi.dll
0x00007fff907e0000 - 0x00007fff9093d000 	C:\WINDOWS\System32\CRYPT32.dll
0x00007fff3ebd0000 - 0x00007fff3ed6c000 	C:\Program Files\Android\Android Studio\jre\jre\bin\awt.dll
0x00007fff917c0000 - 0x00007fff9188d000 	C:\WINDOWS\System32\OLEAUT32.dll
0x00007fff8dec0000 - 0x00007fff8deef000 	C:\WINDOWS\SYSTEM32\dwmapi.dll
0x00007fff8c100000 - 0x00007fff8c6c0000 	C:\WINDOWS\SYSTEM32\d2d1.dll
0x00007fff8dc00000 - 0x00007fff8dc90000 	C:\WINDOWS\SYSTEM32\apphelp.dll

VM Arguments:
jvm_args: -ea -Didea.test.cyclic.buffer.size=1048576 -javaagent:C:\Program Files\Android\Android Studio\lib\idea_rt.jar=51653:C:\Program Files\Android\Android Studio\bin -Dfile.encoding=UTF-8 
java_command: com.intellij.rt.junit.JUnitStarter -ideVersion5 -junit4 org.aplas.soccermatch.TestB3MultiActivities041
java_class_path (initial): C:\Program Files\Android\Android Studio\lib\idea_rt.jar;C:\Program Files\Android\Android Studio\plugins\junit\lib\junit5-rt.jar;C:\Program Files\Android\Android Studio\plugins\junit\lib\junit-rt.jar;C:\Users\Encrypted\AppData\Local\Android\Sdk\platforms\android-28\data\res;D:\Kuliah\Sem5\Mobile\Aplas\Aplas\SoccerMatch\app\build\intermediates\javac\debugUnitTest\classes;D:\Kuliah\Sem5\Mobile\Aplas\Aplas\SoccerMatch\app\build\intermediates\javac\debug\classes;D:\Kuliah\Sem5\Mobile\Aplas\Aplas\SoccerMatch\app\build\intermediates\compile_and_runtime_not_namespaced_r_class_jar\debug\R.jar;D:\Kuliah\Sem5\Mobile\Aplas\Aplas\SoccerMatch\app\build\intermediates\unit_test_config_directory\debugUnitTest\out;D:\Kuliah\Sem5\Mobile\Aplas\Aplas\SoccerMatch\app\build\generated\res\resValues\debug;C:\Users\Encrypted\.gradle\caches\modules-2\files-2.1\androidx.lifecycle\lifecycle-common\2.2.0\4ef09a745007778eef83b92f8f23987a8ea59496\lifecycle-common-2.2.0.jar;C:\Users\Encrypted\.gradle\caches\modules-2\files-2.1\androidx.collection\collection-ktx\1.1.0\f807b2f366f7b75142a67d2f3c10031065b5168\collection-ktx-1.1.0.jar;C:\Users\Encrypted\.gradle\caches\modules-2\files-2.1\androidx.collection\collection\1.1.0\1f27220b47669781457de0d600849a5de0e89909\collection-1.1.0.jar;C:\Users\Encrypted\.gradle\caches\modules-2\files-2.1\androidx.arch.core\core-common\2.1.0\b3152fc64428c9354344bd89848ecddc09b6f07e\core-common-2.1.0.jar;C:\Users\Encrypted\.gradle\caches\modules-2\files-2.1\androidx.annotation\annotation\1.1.0\e3a6fb2f40e3a3842e6b7472628ba4ce416ea4c8\annotation-1.1.0.jar;C:\Users\Encrypted\.gradle\caches\modules-2\files-2.1\androidx.constraintlayout\constraintlayout-solver\1.1.3\54abe9ffb22cc9019b0b6fcc10f185cc4e67b34e\constraintlayout-solver-1.1.3.jar;C:\Users\Encrypted\.gradle\caches\modules-2\files-2.1\org.jetbrains.kotlinx\kotlinx-coroutines-android\1.3.0\804a29e0b22cfb30e04487574ad1cb888daa716d\kotlinx-coroutines-android-1.3.0.jar;C:\Users\Encrypted\.gra
Launcher Type: SUN_STANDARD

Environment Variables:
PATH=C:\Program Files (x86)\Common Files\Intel\Shared Libraries\redist\intel64\compiler;C:\Program Files (x86)\Common Files\Oracle\Java\javapath;C:\Program Files (x86)\Common Files\Intel\Shared Files\cpp\bin\Intel64;C:\ProgramData\Oracle\Java\javapath;C:\WINDOWS\system32;C:\WINDOWS;C:\WINDOWS\System32\Wbem;C:\WINDOWS\System32\WindowsPowerShell\v1.0\;C:\WINDOWS\System32\OpenSSH\;C:\Program Files\Git\cmd;C:\Program Files\Microsoft SQL Server\Client SDK\ODBC\170\Tools\Binn\;C:\Program Files (x86)\Microsoft SQL Server\150\Tools\Binn\;C:\Program Files\Microsoft SQL Server\150\Tools\Binn\;C:\Program Files\Microsoft SQL Server\150\DTS\Binn\;C:\Program Files (x86)\Microsoft SQL Server\150\DTS\Binn\;C:\Program Files\nodejs\;C:\xampp\php;C:\ProgramData\ComposerSetup\bin;C:\Program Files\gradle-6.6.1\bin;C:\Program Files\Microsoft SQL Server\130\Tools\Binn\;C:\Program Files (x86)\Microsoft SQL Server\110\DTS\Binn\;C:\Program Files (x86)\Microsoft SQL Server\120\DTS\Binn\;C:\Program Files (x86)\Microsoft SQL Server\130\DTS\Binn\;C:\Program Files (x86)\Microsoft SQL Server\140\DTS\Binn\;C:\cygnus\cygwin-b20\H-i586-cygwin32\bin;C:\Users\Encrypted\AppData\Local\Microsoft\WindowsApps;C:\Users\Encrypted\AppData\Local\Programs\Microsoft VS Code\bin;C:\Users\Encrypted\AppData\Local\GitHubDesktop\bin;C:\Users\Encrypted\AppData\Local\Microsoft\WindowsApps;C:\Users\Encrypted\AppData\Roaming\npm;C:\Users\Encrypted\AppData\Roaming\Composer\vendor\bin;C:\Program Files\heroku\bin;
USERNAME=Encrypted
OS=Windows_NT
PROCESSOR_IDENTIFIER=Intel64 Family 6 Model 69 Stepping 1, GenuineIntel



---------------  S Y S T E M  ---------------

OS: Windows 10.0 , 64 bit Build 19041 (10.0.19041.546)

CPU:total 4 (initial active 4) (2 cores per cpu, 2 threads per core) family 6 model 69 stepping 1, cmov, cx8, fxsr, mmx, sse, sse2, sse3, ssse3, sse4.1, sse4.2, popcnt, avx, avx2, aes, clmul, erms, lzcnt, ht, tsc, tscinvbit, bmi1, bmi2

Memory: 4k page, physical 8285320k(665260k free), swap 10238088k(5152k free)

vm_info: OpenJDK 64-Bit Server VM (25.242-b01) for windows-amd64 JRE (1.8.0_242-release-1644-b01), built by "builder" with MS VC++ 10.0 (VS2010)

time: Mon Oct 26 02:14:44 2020
timezone: SE Asia Standard Time
elapsed time: 13 seconds (0d 0h 0m 13s)

