#
# There is insufficient memory for the Java Runtime Environment to continue.
# Native memory allocation (malloc) failed to allocate 867536 bytes for Chunk::new
# Possible reasons:
#   The system is out of physical RAM or swap space
#   The process is running with CompressedOops enabled, and the Java Heap may be blocking the growth of the native heap
# Possible solutions:
#   Reduce memory load on the system
#   Increase physical memory or swap space
#   Check if swap backing store is full
#   Decrease Java heap size (-Xmx/-Xms)
#   Decrease number of Java threads
#   Decrease Java thread stack sizes (-Xss)
#   Set larger code cache with -XX:ReservedCodeCacheSize=
#   JVM is running with Unscaled Compressed Oops mode in which the Java heap is
#     placed in the first 4GB address space. The Java Heap base address is the
#     maximum limit for the native heap growth. Please use -XX:HeapBaseMinAddress
#     to set the Java Heap base and to place the Java Heap above 4GB virtual address.
# This output file may be truncated or incomplete.
#
#  Out of Memory Error (allocation.cpp:389), pid=71276, tid=0x00000000000109c4
#
# JRE version: OpenJDK Runtime Environment (8.0_242-b01) (build 1.8.0_242-release-1644-b01)
# Java VM: OpenJDK 64-Bit Server VM (25.242-b01 mixed mode windows-amd64 compressed oops)
# Failed to write core dump. Minidumps are not enabled by default on client versions of Windows
#

---------------  T H R E A D  ---------------

Current thread (0x0000000018a23000):  JavaThread "C2 CompilerThread0" daemon [_thread_in_native, id=68036, stack(0x0000000018ee0000,0x0000000018fe0000)]

Stack: [0x0000000018ee0000,0x0000000018fe0000]
[error occurred during error reporting (printing stack bounds), id 0xc0000005]

Native frames: (J=compiled Java code, j=interpreted, Vv=VM code, C=native code)


Current CompileTask:
C2:   7864 3022       4       org.objectweb.asm.Frame::execute (2318 bytes)


---------------  P R O C E S S  ---------------

Java Threads: ( => current thread )
  0x000000001a581000 JavaThread "SDK 28 Main Thread" [_thread_in_vm, id=65668, stack(0x000000001aef0000,0x000000001aff0000)]
  0x0000000018a9d800 JavaThread "Service Thread" daemon [_thread_blocked, id=28364, stack(0x00000000191e0000,0x00000000192e0000)]
  0x00000000173dc000 JavaThread "C1 CompilerThread2" daemon [_thread_blocked, id=71860, stack(0x00000000190e0000,0x00000000191e0000)]
  0x00000000173db000 JavaThread "C2 CompilerThread1" daemon [_thread_in_native, id=68572, stack(0x0000000018fe0000,0x00000000190e0000)]
=>0x0000000018a23000 JavaThread "C2 CompilerThread0" daemon [_thread_in_native, id=68036, stack(0x0000000018ee0000,0x0000000018fe0000)]
  0x00000000173ba800 JavaThread "Monitor Ctrl-Break" daemon [_thread_in_native, id=73524, stack(0x0000000018de0000,0x0000000018ee0000)]
  0x00000000173a6800 JavaThread "Attach Listener" daemon [_thread_blocked, id=45120, stack(0x00000000188e0000,0x00000000189e0000)]
  0x00000000173a5800 JavaThread "Signal Dispatcher" daemon [_thread_blocked, id=73568, stack(0x00000000187e0000,0x00000000188e0000)]
  0x0000000017384800 JavaThread "Finalizer" daemon [_thread_blocked, id=72312, stack(0x00000000185e0000,0x00000000186e0000)]
  0x0000000017379800 JavaThread "Reference Handler" daemon [_thread_blocked, id=71812, stack(0x00000000184e0000,0x00000000185e0000)]
  0x0000000002589800 JavaThread "main" [_thread_blocked, id=69016, stack(0x0000000002440000,0x0000000002540000)]

Other Threads:
  0x0000000017357800 VMThread [stack: 0x00000000183e0000,0x00000000184e0000] [id=63424]
  0x0000000018a9f000 WatcherThread [stack: 0x00000000192e0000,0x00000000193e0000] [id=68488]

VM state:not at safepoint (normal execution)

VM Mutex/Monitor currently owned by a thread: None

heap address: 0x0000000081800000, size: 2024 MB, Compressed Oops mode: 32-bit
Narrow klass base: 0x0000000000000000, Narrow klass shift: 3
Compressed class space size: 1073741824 Address: 0x0000000100000000

Heap:
 PSYoungGen      total 143360K, used 97628K [0x00000000d5d80000, 0x00000000e4180000, 0x0000000100000000)
  eden space 133120K, 73% used [0x00000000d5d80000,0x00000000dbcd7380,0x00000000ddf80000)
  from space 10240K, 0% used [0x00000000ddf80000,0x00000000ddf80000,0x00000000de980000)
  to   space 10240K, 0% used [0x00000000e3780000,0x00000000e3780000,0x00000000e4180000)
 ParOldGen       total 59392K, used 10124K [0x0000000081800000, 0x0000000085200000, 0x00000000d5d80000)
  object space 59392K, 17% used [0x0000000081800000,0x00000000821e31d0,0x0000000085200000)
 Metaspace       used 22655K, capacity 24619K, committed 24704K, reserved 1071104K
  class space    used 2507K, capacity 3140K, committed 3200K, reserved 1048576K

Card table byte_map: [0x0000000011c00000,0x0000000012000000] byte_map_base: 0x00000000117f4000

Marking Bits: (ParMarkBitMap*) 0x000000007169f030
 Begin Bits: [0x00000000126b0000, 0x0000000014650000)
 End Bits:   [0x0000000014650000, 0x00000000165f0000)

Polling page: 0x0000000000b10000

CodeCache: size=245760Kb used=10305Kb max_used=10306Kb free=235454Kb
 bounds [0x0000000002840000, 0x0000000003260000, 0x0000000011840000]
 total_blobs=3631 nmethods=3065 adapters=478
 compilation: enabled

Compilation events (10 events):
Event: 7.714 Thread 0x00000000173db000 3094       4       org.robolectric.res.android.ResTable_config::imsi (19 bytes)
Event: 7.715 Thread 0x00000000173db000 nmethod 3094 0x000000000324fad0 code [0x000000000324fc00, 0x000000000324fc78]
Event: 7.715 Thread 0x00000000173dc000 nmethod 3114 0x0000000003255310 code [0x0000000003255520, 0x0000000003256108]
Event: 7.716 Thread 0x00000000173db000 3115       4       org.objectweb.asm.MethodVisitor::visitInvokeDynamicInsn (39 bytes)
Event: 7.719 Thread 0x00000000173dc000 3119       3       java.lang.invoke.LambdaFormEditor$Transform::packedBytes (39 bytes)
Event: 7.719 Thread 0x00000000173dc000 nmethod 3119 0x000000000324f7d0 code [0x000000000324f920, 0x000000000324fa70]
Event: 7.726 Thread 0x00000000173dc000 3120       3       java.lang.Class::isLocalOrAnonymousClass (13 bytes)
Event: 7.727 Thread 0x00000000173dc000 nmethod 3120 0x0000000003252850 code [0x00000000032529e0, 0x0000000003252d58]
Event: 7.839 Thread 0x00000000173dc000 3131   !   2       sun.reflect.GeneratedMethodAccessor1::invoke (65 bytes)
Event: 7.840 Thread 0x00000000173dc000 nmethod 3131 0x0000000003251dd0 code [0x0000000003251fa0, 0x0000000003252498]

GC Heap History (10 events):
Event: 4.286 GC heap before
{Heap before GC invocations=6 (full 0):
 PSYoungGen      total 38400K, used 38369K [0x00000000d5d80000, 0x00000000db480000, 0x0000000100000000)
  eden space 33280K, 100% used [0x00000000d5d80000,0x00000000d7e00000,0x00000000d7e00000)
  from space 5120K, 99% used [0x00000000d7e00000,0x00000000d82f8678,0x00000000d8300000)
  to   space 11264K, 0% used [0x00000000da980000,0x00000000da980000,0x00000000db480000)
 ParOldGen       total 87552K, used 8044K [0x0000000081800000, 0x0000000086d80000, 0x00000000d5d80000)
  object space 87552K, 9% used [0x0000000081800000,0x0000000081fdb200,0x0000000086d80000)
 Metaspace       used 14839K, capacity 15217K, committed 15360K, reserved 1062912K
  class space    used 1631K, capacity 1739K, committed 1792K, reserved 1048576K
Event: 4.305 GC heap after
Heap after GC invocations=6 (full 0):
 PSYoungGen      total 76800K, used 6550K [0x00000000d5d80000, 0x00000000db380000, 0x0000000100000000)
  eden space 66560K, 0% used [0x00000000d5d80000,0x00000000d5d80000,0x00000000d9e80000)
  from space 10240K, 63% used [0x00000000da980000,0x00000000dafe5a30,0x00000000db380000)
  to   space 10752K, 0% used [0x00000000d9e80000,0x00000000d9e80000,0x00000000da900000)
 ParOldGen       total 87552K, used 8052K [0x0000000081800000, 0x0000000086d80000, 0x00000000d5d80000)
  object space 87552K, 9% used [0x0000000081800000,0x0000000081fdd200,0x0000000086d80000)
 Metaspace       used 14839K, capacity 15217K, committed 15360K, reserved 1062912K
  class space    used 1631K, capacity 1739K, committed 1792K, reserved 1048576K
}
Event: 5.008 GC heap before
{Heap before GC invocations=7 (full 0):
 PSYoungGen      total 76800K, used 73110K [0x00000000d5d80000, 0x00000000db380000, 0x0000000100000000)
  eden space 66560K, 100% used [0x00000000d5d80000,0x00000000d9e80000,0x00000000d9e80000)
  from space 10240K, 63% used [0x00000000da980000,0x00000000dafe5a30,0x00000000db380000)
  to   space 10752K, 0% used [0x00000000d9e80000,0x00000000d9e80000,0x00000000da900000)
 ParOldGen       total 87552K, used 8052K [0x0000000081800000, 0x0000000086d80000, 0x00000000d5d80000)
  object space 87552K, 9% used [0x0000000081800000,0x0000000081fdd200,0x0000000086d80000)
 Metaspace       used 17081K, capacity 17851K, committed 18048K, reserved 1064960K
  class space    used 1874K, capacity 2128K, committed 2176K, reserved 1048576K
Event: 5.024 GC heap after
Heap after GC invocations=7 (full 0):
 PSYoungGen      total 77312K, used 7009K [0x00000000d5d80000, 0x00000000df480000, 0x0000000100000000)
  eden space 66560K, 0% used [0x00000000d5d80000,0x00000000d5d80000,0x00000000d9e80000)
  from space 10752K, 65% used [0x00000000d9e80000,0x00000000da558430,0x00000000da900000)
  to   space 10752K, 0% used [0x00000000dea00000,0x00000000dea00000,0x00000000df480000)
 ParOldGen       total 87552K, used 9496K [0x0000000081800000, 0x0000000086d80000, 0x00000000d5d80000)
  object space 87552K, 10% used [0x0000000081800000,0x0000000082146340,0x0000000086d80000)
 Metaspace       used 17081K, capacity 17851K, committed 18048K, reserved 1064960K
  class space    used 1874K, capacity 2128K, committed 2176K, reserved 1048576K
}
Event: 5.372 GC heap before
{Heap before GC invocations=8 (full 0):
 PSYoungGen      total 77312K, used 73569K [0x00000000d5d80000, 0x00000000df480000, 0x0000000100000000)
  eden space 66560K, 100% used [0x00000000d5d80000,0x00000000d9e80000,0x00000000d9e80000)
  from space 10752K, 65% used [0x00000000d9e80000,0x00000000da558430,0x00000000da900000)
  to   space 10752K, 0% used [0x00000000dea00000,0x00000000dea00000,0x00000000df480000)
 ParOldGen       total 87552K, used 9496K [0x0000000081800000, 0x0000000086d80000, 0x00000000d5d80000)
  object space 87552K, 10% used [0x0000000081800000,0x0000000082146340,0x0000000086d80000)
 Metaspace       used 18313K, capacity 19067K, committed 19200K, reserved 1067008K
  class space    used 1930K, capacity 2192K, committed 2304K, reserved 1048576K
Event: 5.389 GC heap after
Heap after GC invocations=8 (full 0):
 PSYoungGen      total 142848K, used 5967K [0x00000000d5d80000, 0x00000000df380000, 0x0000000100000000)
  eden space 133120K, 0% used [0x00000000d5d80000,0x00000000d5d80000,0x00000000ddf80000)
  from space 9728K, 61% used [0x00000000dea00000,0x00000000defd3cb0,0x00000000df380000)
  to   space 10240K, 0% used [0x00000000ddf80000,0x00000000ddf80000,0x00000000de980000)
 ParOldGen       total 87552K, used 11314K [0x0000000081800000, 0x0000000086d80000, 0x00000000d5d80000)
  object space 87552K, 12% used [0x0000000081800000,0x000000008230c8d8,0x0000000086d80000)
 Metaspace       used 18313K, capacity 19067K, committed 19200K, reserved 1067008K
  class space    used 1930K, capacity 2192K, committed 2304K, reserved 1048576K
}
Event: 6.078 GC heap before
{Heap before GC invocations=9 (full 0):
 PSYoungGen      total 142848K, used 72490K [0x00000000d5d80000, 0x00000000df380000, 0x0000000100000000)
  eden space 133120K, 49% used [0x00000000d5d80000,0x00000000d9e76e20,0x00000000ddf80000)
  from space 9728K, 61% used [0x00000000dea00000,0x00000000defd3cb0,0x00000000df380000)
  to   space 10240K, 0% used [0x00000000ddf80000,0x00000000ddf80000,0x00000000de980000)
 ParOldGen       total 87552K, used 11314K [0x0000000081800000, 0x0000000086d80000, 0x00000000d5d80000)
  object space 87552K, 12% used [0x0000000081800000,0x000000008230c8d8,0x0000000086d80000)
 Metaspace       used 20108K, capacity 21109K, committed 21248K, reserved 1069056K
  class space    used 2133K, capacity 2465K, committed 2560K, reserved 1048576K
Event: 6.098 GC heap after
Heap after GC invocations=9 (full 0):
 PSYoungGen      total 143360K, used 3599K [0x00000000d5d80000, 0x00000000e4180000, 0x0000000100000000)
  eden space 133120K, 0% used [0x00000000d5d80000,0x00000000d5d80000,0x00000000ddf80000)
  from space 10240K, 35% used [0x00000000ddf80000,0x00000000de303f40,0x00000000de980000)
  to   space 10240K, 0% used [0x00000000e3780000,0x00000000e3780000,0x00000000e4180000)
 ParOldGen       total 87552K, used 14059K [0x0000000081800000, 0x0000000086d80000, 0x00000000d5d80000)
  object space 87552K, 16% used [0x0000000081800000,0x00000000825bac60,0x0000000086d80000)
 Metaspace       used 20108K, capacity 21109K, committed 21248K, reserved 1069056K
  class space    used 2133K, capacity 2465K, committed 2560K, reserved 1048576K
}
Event: 6.098 GC heap before
{Heap before GC invocations=10 (full 1):
 PSYoungGen      total 143360K, used 3599K [0x00000000d5d80000, 0x00000000e4180000, 0x0000000100000000)
  eden space 133120K, 0% used [0x00000000d5d80000,0x00000000d5d80000,0x00000000ddf80000)
  from space 10240K, 35% used [0x00000000ddf80000,0x00000000de303f40,0x00000000de980000)
  to   space 10240K, 0% used [0x00000000e3780000,0x00000000e3780000,0x00000000e4180000)
 ParOldGen       total 87552K, used 14059K [0x0000000081800000, 0x0000000086d80000, 0x00000000d5d80000)
  object space 87552K, 16% used [0x0000000081800000,0x00000000825bac60,0x0000000086d80000)
 Metaspace       used 20108K, capacity 21109K, committed 21248K, reserved 1069056K
  class space    used 2133K, capacity 2465K, committed 2560K, reserved 1048576K
Event: 6.197 GC heap after
Heap after GC invocations=10 (full 1):
 PSYoungGen      total 143360K, used 0K [0x00000000d5d80000, 0x00000000e4180000, 0x0000000100000000)
  eden space 133120K, 0% used [0x00000000d5d80000,0x00000000d5d80000,0x00000000ddf80000)
  from space 10240K, 0% used [0x00000000ddf80000,0x00000000ddf80000,0x00000000de980000)
  to   space 10240K, 0% used [0x00000000e3780000,0x00000000e3780000,0x00000000e4180000)
 ParOldGen       total 59392K, used 10124K [0x0000000081800000, 0x0000000085200000, 0x00000000d5d80000)
  object space 59392K, 17% used [0x0000000081800000,0x00000000821e31d0,0x0000000085200000)
 Metaspace       used 20108K, capacity 21109K, committed 21248K, reserved 1069056K
  class space    used 2133K, capacity 2465K, committed 2560K, reserved 1048576K
}

Deoptimization events (10 events):
Event: 7.111 Thread 0x000000001a581000 Uncommon trap: reason=null_check action=make_not_entrant pc=0x0000000003171490 method=sun.invoke.util.VerifyType.isNullConversion(Ljava/lang/Class;Ljava/lang/Class;Z)Z @ 12
Event: 7.239 Thread 0x000000001a581000 Uncommon trap: reason=null_check action=make_not_entrant pc=0x00000000031f0c08 method=sun.invoke.util.VerifyType.isNullConversion(Ljava/lang/Class;Ljava/lang/Class;Z)Z @ 22
Event: 7.239 Thread 0x000000001a581000 Uncommon trap: reason=null_check action=make_not_entrant pc=0x00000000031efab0 method=sun.invoke.util.VerifyType.isNullConversion(Ljava/lang/Class;Ljava/lang/Class;Z)Z @ 22
Event: 7.355 Thread 0x000000001a581000 Uncommon trap: reason=null_check action=make_not_entrant pc=0x000000000320b804 method=sun.invoke.util.VerifyType.isNullConversion(Ljava/lang/Class;Ljava/lang/Class;Z)Z @ 67
Event: 7.500 Thread 0x000000001a581000 Uncommon trap: reason=unstable_if action=reinterpret pc=0x0000000002c7bbf4 method=org.objectweb.asm.ClassReader.readUtf(II[C)Ljava/lang/String; @ 41
Event: 7.656 Thread 0x000000001a581000 Uncommon trap: reason=unstable_if action=reinterpret pc=0x0000000002eb0320 method=java.util.HashMap.putVal(ILjava/lang/Object;Ljava/lang/Object;ZZ)Ljava/lang/Object; @ 162
Event: 7.657 Thread 0x000000001a581000 Uncommon trap: reason=unstable_if action=reinterpret pc=0x0000000002bdbf68 method=java.util.HashMap.resize()[Ljava/util/HashMap$Node; @ 206
Event: 7.667 Thread 0x000000001a581000 Uncommon trap: reason=unstable_if action=reinterpret pc=0x00000000031ddd90 method=org.robolectric.res.android.ResTable_config.match(Lorg/robolectric/res/android/ResTable_config;)Z @ 66
Event: 7.746 Thread 0x000000001a581000 Uncommon trap: reason=bimorphic action=maybe_recompile pc=0x0000000002ec7e6c method=java.util.regex.Pattern$Slice.match(Ljava/util/regex/Matcher;ILjava/lang/CharSequence;)Z @ 75
Event: 7.746 Thread 0x000000001a581000 Uncommon trap: reason=unstable_if action=reinterpret pc=0x00000000031b48cc method=java.util.regex.Matcher.match(II)Z @ 91

Classes redefined (0 events):
No events

Internal exceptions (10 events):
Event: 2.031 Thread 0x0000000002589800 Exception <a 'java/security/PrivilegedActionException'> (0x00000000d7a5d630) thrown at [C:\src\AOSP-openjdk-git\hotspot\src\share\vm\prims\jvm.cpp, line 1502]
Event: 2.031 Thread 0x0000000002589800 Exception <a 'java/security/PrivilegedActionException'> (0x00000000d7a5da28) thrown at [C:\src\AOSP-openjdk-git\hotspot\src\share\vm\prims\jvm.cpp, line 1502]
Event: 2.033 Thread 0x0000000002589800 Exception <a 'java/util/zip/ZipException'> (0x00000000d7a61190) thrown at [C:\src\AOSP-openjdk-git\hotspot\src\share\vm\prims\jni.cpp, line 710]
Event: 2.033 Thread 0x0000000002589800 Exception <a 'java/security/PrivilegedActionException'> (0x00000000d7a61768) thrown at [C:\src\AOSP-openjdk-git\hotspot\src\share\vm\prims\jvm.cpp, line 1502]
Event: 2.033 Thread 0x0000000002589800 Exception <a 'java/security/PrivilegedActionException'> (0x00000000d7a61b60) thrown at [C:\src\AOSP-openjdk-git\hotspot\src\share\vm\prims\jvm.cpp, line 1502]
Event: 2.035 Thread 0x0000000002589800 Exception <a 'java/util/zip/ZipException'> (0x00000000d7a66ac8) thrown at [C:\src\AOSP-openjdk-git\hotspot\src\share\vm\prims\jni.cpp, line 710]
Event: 2.035 Thread 0x0000000002589800 Exception <a 'java/security/PrivilegedActionException'> (0x00000000d7a670a0) thrown at [C:\src\AOSP-openjdk-git\hotspot\src\share\vm\prims\jvm.cpp, line 1502]
Event: 2.035 Thread 0x0000000002589800 Exception <a 'java/security/PrivilegedActionException'> (0x00000000d7a67498) thrown at [C:\src\AOSP-openjdk-git\hotspot\src\share\vm\prims\jvm.cpp, line 1502]
Event: 6.736 Thread 0x000000001a581000 Exception <a 'java/lang/NoSuchFieldError': method resolution failed> (0x00000000d7215738) thrown at [C:\src\AOSP-openjdk-git\hotspot\src\share\vm\prims\methodHandles.cpp, line 1167]
Event: 7.045 Thread 0x000000001a581000 Exception <a 'java/io/FileNotFoundException'> (0x00000000d97d0fa8) thrown at [C:\src\AOSP-openjdk-git\hotspot\src\share\vm\prims\jni.cpp, line 710]

Events (10 events):
Event: 7.746 loading class com/android/internal/R$styleable
Event: 7.746 loading class com/android/internal/R$styleable done
Event: 7.746 Thread 0x000000001a581000 Uncommon trap: trap_request=0xffffffc6 fr.pc=0x0000000002ec7e6c
Event: 7.746 Thread 0x000000001a581000 DEOPT PACKING pc=0x0000000002ec7e6c sp=0x000000001afec520
Event: 7.746 Thread 0x000000001a581000 DEOPT UNPACKING pc=0x000000000288557b sp=0x000000001afec4a8 mode 2
Event: 7.746 Thread 0x000000001a581000 Uncommon trap: trap_request=0xffffff65 fr.pc=0x00000000031b48cc
Event: 7.746 Thread 0x000000001a581000 DEOPT PACKING pc=0x00000000031b48cc sp=0x000000001afec6e0
Event: 7.746 Thread 0x000000001a581000 DEOPT UNPACKING pc=0x000000000288557b sp=0x000000001afec6a8 mode 2
Event: 7.749 Thread 0x000000001a581000 DEOPT PACKING pc=0x0000000002e76bcc sp=0x000000001afec330
Event: 7.749 Thread 0x000000001a581000 DEOPT UNPACKING pc=0x00000000028875d0 sp=0x000000001afec088 mode 0


Dynamic libraries:
0x00007ff6e20b0000 - 0x00007ff6e20e1000 	C:\Program Files\Android\Android Studio\jre\bin\java.exe
0x00007fff93090000 - 0x00007fff93286000 	C:\WINDOWS\SYSTEM32\ntdll.dll
0x00007fff92730000 - 0x00007fff927ed000 	C:\WINDOWS\System32\KERNEL32.DLL
0x00007fff90c30000 - 0x00007fff90ef8000 	C:\WINDOWS\System32\KERNELBASE.dll
0x00007fff92890000 - 0x00007fff9293a000 	C:\WINDOWS\System32\ADVAPI32.dll
0x00007fff92ab0000 - 0x00007fff92b4e000 	C:\WINDOWS\System32\msvcrt.dll
0x00007fff91180000 - 0x00007fff9121b000 	C:\WINDOWS\System32\sechost.dll
0x00007fff91690000 - 0x00007fff917b4000 	C:\WINDOWS\System32\RPCRT4.dll
0x00007fff92400000 - 0x00007fff925a0000 	C:\WINDOWS\System32\USER32.dll
0x00007fff910d0000 - 0x00007fff910f2000 	C:\WINDOWS\System32\win32u.dll
0x00007fff92a20000 - 0x00007fff92a4a000 	C:\WINDOWS\System32\GDI32.dll
0x00007fff90a40000 - 0x00007fff90b49000 	C:\WINDOWS\System32\gdi32full.dll
0x00007fff90f00000 - 0x00007fff90f9d000 	C:\WINDOWS\System32\msvcp_win.dll
0x00007fff90fa0000 - 0x00007fff910a0000 	C:\WINDOWS\System32\ucrtbase.dll
0x00007fff8fc00000 - 0x00007fff8fe9b000 	C:\WINDOWS\WinSxS\amd64_microsoft.windows.common-controls_6595b64144ccf1df_6.0.19041.488_none_ca04af081b815d21\COMCTL32.dll
0x00007fff92860000 - 0x00007fff92890000 	C:\WINDOWS\System32\IMM32.DLL
0x0000000071960000 - 0x0000000071a32000 	C:\Program Files\Android\Android Studio\jre\jre\bin\msvcr100.dll
0x0000000070ed0000 - 0x000000007171b000 	C:\Program Files\Android\Android Studio\jre\jre\bin\server\jvm.dll
0x00007fff92850000 - 0x00007fff92858000 	C:\WINDOWS\System32\PSAPI.DLL
0x00007fff8b7b0000 - 0x00007fff8b7b9000 	C:\WINDOWS\SYSTEM32\WSOCK32.dll
0x00007fff89070000 - 0x00007fff8907a000 	C:\WINDOWS\SYSTEM32\VERSION.dll
0x00007fff89040000 - 0x00007fff89067000 	C:\WINDOWS\SYSTEM32\WINMM.dll
0x00007fff925a0000 - 0x00007fff9260b000 	C:\WINDOWS\System32\WS2_32.dll
0x00007fff8b7a0000 - 0x00007fff8b7af000 	C:\Program Files\Android\Android Studio\jre\jre\bin\verify.dll
0x00007fff5e000000 - 0x00007fff5e029000 	C:\Program Files\Android\Android Studio\jre\jre\bin\java.dll
0x00007fff80a30000 - 0x00007fff80a53000 	C:\Program Files\Android\Android Studio\jre\jre\bin\instrument.dll
0x00007fff5ee90000 - 0x00007fff5eea6000 	C:\Program Files\Android\Android Studio\jre\jre\bin\zip.dll
0x00007fff91890000 - 0x00007fff91fd0000 	C:\WINDOWS\System32\SHELL32.dll
0x00007fff8e2d0000 - 0x00007fff8ea64000 	C:\WINDOWS\SYSTEM32\windows.storage.dll
0x00007fff912d0000 - 0x00007fff91625000 	C:\WINDOWS\System32\combase.dll
0x00007fff8fb60000 - 0x00007fff8fb8c000 	C:\WINDOWS\SYSTEM32\Wldp.dll
0x00007fff92940000 - 0x00007fff929ee000 	C:\WINDOWS\System32\SHCORE.dll
0x00007fff927f0000 - 0x00007fff92845000 	C:\WINDOWS\System32\shlwapi.dll
0x00007fff90710000 - 0x00007fff90736000 	C:\WINDOWS\SYSTEM32\profapi.dll
0x00007fff90190000 - 0x00007fff901aa000 	C:\Program Files\Android\Android Studio\bin\breakgen64.dll
0x00007fff5d1e0000 - 0x00007fff5d1fa000 	C:\Program Files\Android\Android Studio\jre\jre\bin\net.dll
0x00007fff8f900000 - 0x00007fff8f96a000 	C:\WINDOWS\system32\mswsock.dll
0x00007fff5c310000 - 0x00007fff5c323000 	C:\Program Files\Android\Android Studio\jre\jre\bin\nio.dll
0x00007fff90570000 - 0x00007fff90588000 	C:\WINDOWS\SYSTEM32\CRYPTSP.dll
0x00007fff8f290000 - 0x00007fff8f2c4000 	C:\WINDOWS\system32\rsaenh.dll
0x00007fff910a0000 - 0x00007fff910c7000 	C:\WINDOWS\System32\bcrypt.dll
0x00007fff90690000 - 0x00007fff906be000 	C:\WINDOWS\SYSTEM32\USERENV.dll
0x00007fff90b50000 - 0x00007fff90bcf000 	C:\WINDOWS\System32\bcryptprimitives.dll
0x00007fff8fad0000 - 0x00007fff8fadc000 	C:\WINDOWS\SYSTEM32\CRYPTBASE.dll
0x00007fff8f5f0000 - 0x00007fff8f62b000 	C:\WINDOWS\SYSTEM32\IPHLPAPI.DLL
0x00007fff92a10000 - 0x00007fff92a19000 	C:\WINDOWS\System32\NSI.dll
0x00007fff806a0000 - 0x00007fff806b7000 	C:\WINDOWS\SYSTEM32\dhcpcsvc6.DLL
0x00007fff80f40000 - 0x00007fff80f5d000 	C:\WINDOWS\SYSTEM32\dhcpcsvc.DLL
0x00007fff8f630000 - 0x00007fff8f6fb000 	C:\WINDOWS\SYSTEM32\DNSAPI.dll
0x00007fff548f0000 - 0x00007fff54914000 	C:\Program Files\Android\Android Studio\jre\jre\bin\sunec.dll
0x00007fff7e600000 - 0x00007fff7e60b000 	C:\Program Files\Android\Android Studio\jre\jre\bin\sunmscapi.dll
0x00007fff907e0000 - 0x00007fff9093d000 	C:\WINDOWS\System32\CRYPT32.dll

VM Arguments:
jvm_args: -ea -Didea.test.cyclic.buffer.size=1048576 -javaagent:C:\Program Files\Android\Android Studio\lib\idea_rt.jar=51321:C:\Program Files\Android\Android Studio\bin -Dfile.encoding=UTF-8 
java_command: com.intellij.rt.junit.JUnitStarter -ideVersion5 -junit4 org.aplas.soccermatch.TestB3MultiActivities041
java_class_path (initial): C:\Program Files\Android\Android Studio\lib\idea_rt.jar;C:\Program Files\Android\Android Studio\plugins\junit\lib\junit5-rt.jar;C:\Program Files\Android\Android Studio\plugins\junit\lib\junit-rt.jar;C:\Users\Encrypted\AppData\Local\Android\Sdk\platforms\android-28\data\res;D:\Kuliah\Sem5\Mobile\Aplas\Aplas\SoccerMatch\app\build\intermediates\javac\debugUnitTest\classes;D:\Kuliah\Sem5\Mobile\Aplas\Aplas\SoccerMatch\app\build\intermediates\javac\debug\classes;D:\Kuliah\Sem5\Mobile\Aplas\Aplas\SoccerMatch\app\build\intermediates\compile_and_runtime_not_namespaced_r_class_jar\debug\R.jar;D:\Kuliah\Sem5\Mobile\Aplas\Aplas\SoccerMatch\app\build\intermediates\unit_test_config_directory\debugUnitTest\out;D:\Kuliah\Sem5\Mobile\Aplas\Aplas\SoccerMatch\app\build\generated\res\resValues\debug;C:\Users\Encrypted\.gradle\caches\modules-2\files-2.1\androidx.lifecycle\lifecycle-common\2.2.0\4ef09a745007778eef83b92f8f23987a8ea59496\lifecycle-common-2.2.0.jar;C:\Users\Encrypted\.gradle\caches\modules-2\files-2.1\androidx.collection\collection-ktx\1.1.0\f807b2f366f7b75142a67d2f3c10031065b5168\collection-ktx-1.1.0.jar;C:\Users\Encrypted\.gradle\caches\modules-2\files-2.1\androidx.collection\collection\1.1.0\1f27220b47669781457de0d600849a5de0e89909\collection-1.1.0.jar;C:\Users\Encrypted\.gradle\caches\modules-2\files-2.1\androidx.arch.core\core-common\2.1.0\b3152fc64428c9354344bd89848ecddc09b6f07e\core-common-2.1.0.jar;C:\Users\Encrypted\.gradle\caches\modules-2\files-2.1\androidx.annotation\annotation\1.1.0\e3a6fb2f40e3a3842e6b7472628ba4ce416ea4c8\annotation-1.1.0.jar;C:\Users\Encrypted\.gradle\caches\modules-2\files-2.1\androidx.constraintlayout\constraintlayout-solver\1.1.3\54abe9ffb22cc9019b0b6fcc10f185cc4e67b34e\constraintlayout-solver-1.1.3.jar;C:\Users\Encrypted\.gradle\caches\modules-2\files-2.1\org.jetbrains.kotlinx\kotlinx-coroutines-android\1.3.0\804a29e0b22cfb30e04487574ad1cb888daa716d\kotlinx-coroutines-android-1.3.0.jar;C:\Users\Encrypted\.gra
Launcher Type: SUN_STANDARD

Environment Variables:
PATH=C:\Program Files (x86)\Common Files\Intel\Shared Libraries\redist\intel64\compiler;C:\Program Files (x86)\Common Files\Oracle\Java\javapath;C:\Program Files (x86)\Common Files\Intel\Shared Files\cpp\bin\Intel64;C:\ProgramData\Oracle\Java\javapath;C:\WINDOWS\system32;C:\WINDOWS;C:\WINDOWS\System32\Wbem;C:\WINDOWS\System32\WindowsPowerShell\v1.0\;C:\WINDOWS\System32\OpenSSH\;C:\Program Files\Git\cmd;C:\Program Files\Microsoft SQL Server\Client SDK\ODBC\170\Tools\Binn\;C:\Program Files (x86)\Microsoft SQL Server\150\Tools\Binn\;C:\Program Files\Microsoft SQL Server\150\Tools\Binn\;C:\Program Files\Microsoft SQL Server\150\DTS\Binn\;C:\Program Files (x86)\Microsoft SQL Server\150\DTS\Binn\;C:\Program Files\nodejs\;C:\xampp\php;C:\ProgramData\ComposerSetup\bin;C:\Program Files\gradle-6.6.1\bin;C:\Program Files\Microsoft SQL Server\130\Tools\Binn\;C:\Program Files (x86)\Microsoft SQL Server\110\DTS\Binn\;C:\Program Files (x86)\Microsoft SQL Server\120\DTS\Binn\;C:\Program Files (x86)\Microsoft SQL Server\130\DTS\Binn\;C:\Program Files (x86)\Microsoft SQL Server\140\DTS\Binn\;C:\cygnus\cygwin-b20\H-i586-cygwin32\bin;C:\Users\Encrypted\AppData\Local\Microsoft\WindowsApps;C:\Users\Encrypted\AppData\Local\Programs\Microsoft VS Code\bin;C:\Users\Encrypted\AppData\Local\GitHubDesktop\bin;C:\Users\Encrypted\AppData\Local\Microsoft\WindowsApps;C:\Users\Encrypted\AppData\Roaming\npm;C:\Users\Encrypted\AppData\Roaming\Composer\vendor\bin;C:\Program Files\heroku\bin;
USERNAME=Encrypted
OS=Windows_NT
PROCESSOR_IDENTIFIER=Intel64 Family 6 Model 69 Stepping 1, GenuineIntel



---------------  S Y S T E M  ---------------

OS: Windows 10.0 , 64 bit Build 19041 (10.0.19041.546)

CPU:total 4 (initial active 4) (2 cores per cpu, 2 threads per core) family 6 model 69 stepping 1, cmov, cx8, fxsr, mmx, sse, sse2, sse3, ssse3, sse4.1, sse4.2, popcnt, avx, avx2, aes, clmul, erms, lzcnt, ht, tsc, tscinvbit, bmi1, bmi2

Memory: 4k page, physical 8285320k(668832k free), swap 10238088k(5228k free)

vm_info: OpenJDK 64-Bit Server VM (25.242-b01) for windows-amd64 JRE (1.8.0_242-release-1644-b01), built by "builder" with MS VC++ 10.0 (VS2010)

time: Mon Oct 26 01:53:19 2020
timezone: SE Asia Standard Time
elapsed time: 7 seconds (0d 0h 0m 7s)

