#
# There is insufficient memory for the Java Runtime Environment to continue.
# Native memory allocation (malloc) failed to allocate 1078576 bytes for Chunk::new
# Possible reasons:
#   The system is out of physical RAM or swap space
#   The process is running with CompressedOops enabled, and the Java Heap may be blocking the growth of the native heap
# Possible solutions:
#   Reduce memory load on the system
#   Increase physical memory or swap space
#   Check if swap backing store is full
#   Decrease Java heap size (-Xmx/-Xms)
#   Decrease number of Java threads
#   Decrease Java thread stack sizes (-Xss)
#   Set larger code cache with -XX:ReservedCodeCacheSize=
#   JVM is running with Unscaled Compressed Oops mode in which the Java heap is
#     placed in the first 4GB address space. The Java Heap base address is the
#     maximum limit for the native heap growth. Please use -XX:HeapBaseMinAddress
#     to set the Java Heap base and to place the Java Heap above 4GB virtual address.
# This output file may be truncated or incomplete.
#
#  Out of Memory Error (allocation.cpp:389), pid=36256, tid=0x0000000000008e10
#
# JRE version: OpenJDK Runtime Environment (8.0_242-b01) (build 1.8.0_242-release-1644-b01)
# Java VM: OpenJDK 64-Bit Server VM (25.242-b01 mixed mode windows-amd64 compressed oops)
# Failed to write core dump. Minidumps are not enabled by default on client versions of Windows
#

---------------  T H R E A D  ---------------

Current thread (0x0000000017dd3000):  JavaThread "C2 CompilerThread1" daemon [_thread_in_native, id=36368, stack(0x00000000199f0000,0x0000000019af0000)]

Stack: [0x00000000199f0000,0x0000000019af0000]
[error occurred during error reporting (printing stack bounds), id 0xc0000005]

Native frames: (J=compiled Java code, j=interpreted, Vv=VM code, C=native code)


Current CompileTask:
C2:  29872 4208       4       org.objectweb.asm.Frame::execute (2318 bytes)


---------------  P R O C E S S  ---------------

Java Threads: ( => current thread )
  0x000000001a3fa800 JavaThread "SDK 28 Main Thread" [_thread_in_vm, id=34724, stack(0x000000001be00000,0x000000001bf00000)]
  0x000000001ad7d800 JavaThread "pool-1-thread-1" [_thread_blocked, id=6636, stack(0x000000001bb00000,0x000000001bc00000)]
  0x0000000019499800 JavaThread "Service Thread" daemon [_thread_blocked, id=36152, stack(0x0000000019bf0000,0x0000000019cf0000)]
  0x0000000017dd4000 JavaThread "C1 CompilerThread2" daemon [_thread_blocked, id=36372, stack(0x0000000019af0000,0x0000000019bf0000)]
=>0x0000000017dd3000 JavaThread "C2 CompilerThread1" daemon [_thread_in_native, id=36368, stack(0x00000000199f0000,0x0000000019af0000)]
  0x0000000017dce800 JavaThread "C2 CompilerThread0" daemon [_thread_blocked, id=36360, stack(0x00000000198f0000,0x00000000199f0000)]
  0x0000000019433000 JavaThread "Monitor Ctrl-Break" daemon [_thread_in_native, id=34652, stack(0x00000000197f0000,0x00000000198f0000)]
  0x0000000017da4000 JavaThread "Attach Listener" daemon [_thread_blocked, id=36352, stack(0x00000000192f0000,0x00000000193f0000)]
  0x0000000017da3000 JavaThread "Signal Dispatcher" daemon [_thread_blocked, id=32772, stack(0x00000000191f0000,0x00000000192f0000)]
  0x000000000313e800 JavaThread "Finalizer" daemon [_thread_blocked, id=35532, stack(0x0000000018ff0000,0x00000000190f0000)]
  0x000000000313d000 JavaThread "Reference Handler" daemon [_thread_blocked, id=6868, stack(0x0000000018ef0000,0x0000000018ff0000)]
  0x0000000003048800 JavaThread "main" [_thread_blocked, id=30892, stack(0x0000000002f40000,0x0000000003040000)]

Other Threads:
  0x0000000017d57000 VMThread [stack: 0x0000000018df0000,0x0000000018ef0000] [id=22724]
  0x00000000194a3000 WatcherThread [stack: 0x0000000019cf0000,0x0000000019df0000] [id=36144]

VM state:not at safepoint (normal execution)

VM Mutex/Monitor currently owned by a thread: None

heap address: 0x0000000081800000, size: 2024 MB, Compressed Oops mode: 32-bit
Narrow klass base: 0x0000000000000000, Narrow klass shift: 3
Compressed class space size: 1073741824 Address: 0x0000000100000000

Heap:
 PSYoungGen      total 237568K, used 66405K [0x00000000d5d80000, 0x00000000ea000000, 0x0000000100000000)
  eden space 230400K, 25% used [0x00000000d5d80000,0x00000000d977a008,0x00000000e3e80000)
  from space 7168K, 98% used [0x00000000e3e80000,0x00000000e455f518,0x00000000e4580000)
  to   space 8192K, 0% used [0x00000000e9800000,0x00000000e9800000,0x00000000ea000000)
 ParOldGen       total 121344K, used 47991K [0x0000000081800000, 0x0000000088e80000, 0x00000000d5d80000)
  object space 121344K, 39% used [0x0000000081800000,0x00000000846dde88,0x0000000088e80000)
 Metaspace       used 40157K, capacity 43935K, committed 44288K, reserved 1087488K
  class space    used 4301K, capacity 5529K, committed 5632K, reserved 1048576K

Card table byte_map: [0x0000000012600000,0x0000000012a00000] byte_map_base: 0x00000000121f4000

Marking Bits: (ParMarkBitMap*) 0x000000007165f030
 Begin Bits: [0x00000000130b0000, 0x0000000015050000)
 End Bits:   [0x0000000015050000, 0x0000000016ff0000)

Polling page: 0x0000000002ca0000

CodeCache: size=245760Kb used=14329Kb max_used=14341Kb free=231430Kb
 bounds [0x0000000003240000, 0x0000000004050000, 0x0000000012240000]
 total_blobs=4806 nmethods=3987 adapters=731
 compilation: enabled

Compilation events (10 events):
Event: 29.786 Thread 0x0000000017dd4000 nmethod 4269 0x00000000040376d0 code [0x0000000004037980, 0x0000000004038bb8]
Event: 29.786 Thread 0x0000000017dd4000 4270       3       java.lang.invoke.InvokerBytecodeGenerator::emitStaticInvoke (13 bytes)
Event: 29.786 Thread 0x0000000017dd4000 nmethod 4270 0x000000000403d150 code [0x000000000403d2c0, 0x000000000403d4e8]
Event: 29.787 Thread 0x0000000017dd4000 4271       3       java.util.ArrayList::rangeCheckForAdd (26 bytes)
Event: 29.787 Thread 0x0000000017dd4000 nmethod 4271 0x000000000403be90 code [0x000000000403c0a0, 0x000000000403cbb8]
Event: 29.805 Thread 0x0000000017dce800 4272  s    4       sun.net.www.protocol.file.Handler::openConnection (7 bytes)
Event: 29.828 Thread 0x0000000017dd4000 4273       3       java.util.ArrayList::add (54 bytes)
Event: 29.829 Thread 0x0000000017dd4000 nmethod 4273 0x000000000403b090 code [0x000000000403b280, 0x000000000403bab8]
Event: 29.849 Thread 0x0000000017dce800 nmethod 4272 0x0000000004048110 code [0x0000000004048300, 0x0000000004049718]
Event: 29.849 Thread 0x0000000017dce800 4274       4       org.objectweb.asm.Frame::pop (53 bytes)

GC Heap History (10 events):
Event: 22.680 GC heap before
{Heap before GC invocations=13 (full 1):
 PSYoungGen      total 111104K, used 105787K [0x00000000d5d80000, 0x00000000e0a80000, 0x0000000100000000)
  eden space 103424K, 100% used [0x00000000d5d80000,0x00000000dc280000,0x00000000dc280000)
  from space 7680K, 30% used [0x00000000dc280000,0x00000000dc4cedc8,0x00000000dca00000)
  to   space 7680K, 0% used [0x00000000e0300000,0x00000000e0300000,0x00000000e0a80000)
 ParOldGen       total 47616K, used 9301K [0x0000000081800000, 0x0000000084680000, 0x00000000d5d80000)
  object space 47616K, 19% used [0x0000000081800000,0x0000000082115520,0x0000000084680000)
 Metaspace       used 25623K, capacity 27771K, committed 27904K, reserved 1073152K
  class space    used 2874K, capacity 3539K, committed 3584K, reserved 1048576K
Event: 22.750 GC heap after
Heap after GC invocations=13 (full 1):
 PSYoungGen      total 168448K, used 4695K [0x00000000d5d80000, 0x00000000e0a00000, 0x0000000100000000)
  eden space 161280K, 0% used [0x00000000d5d80000,0x00000000d5d80000,0x00000000dfb00000)
  from space 7168K, 65% used [0x00000000e0300000,0x00000000e0795d88,0x00000000e0a00000)
  to   space 7680K, 0% used [0x00000000dfb00000,0x00000000dfb00000,0x00000000e0280000)
 ParOldGen       total 104960K, used 95904K [0x0000000081800000, 0x0000000087e80000, 0x00000000d5d80000)
  object space 104960K, 91% used [0x0000000081800000,0x00000000875a8020,0x0000000087e80000)
 Metaspace       used 25623K, capacity 27771K, committed 27904K, reserved 1073152K
  class space    used 2874K, capacity 3539K, committed 3584K, reserved 1048576K
}
Event: 22.750 GC heap before
{Heap before GC invocations=14 (full 2):
 PSYoungGen      total 168448K, used 4695K [0x00000000d5d80000, 0x00000000e0a00000, 0x0000000100000000)
  eden space 161280K, 0% used [0x00000000d5d80000,0x00000000d5d80000,0x00000000dfb00000)
  from space 7168K, 65% used [0x00000000e0300000,0x00000000e0795d88,0x00000000e0a00000)
  to   space 7680K, 0% used [0x00000000dfb00000,0x00000000dfb00000,0x00000000e0280000)
 ParOldGen       total 104960K, used 95904K [0x0000000081800000, 0x0000000087e80000, 0x00000000d5d80000)
  object space 104960K, 91% used [0x0000000081800000,0x00000000875a8020,0x0000000087e80000)
 Metaspace       used 25623K, capacity 27771K, committed 27904K, reserved 1073152K
  class space    used 2874K, capacity 3539K, committed 3584K, reserved 1048576K
Event: 22.827 GC heap after
Heap after GC invocations=14 (full 2):
 PSYoungGen      total 168448K, used 0K [0x00000000d5d80000, 0x00000000e0a00000, 0x0000000100000000)
  eden space 161280K, 0% used [0x00000000d5d80000,0x00000000d5d80000,0x00000000dfb00000)
  from space 7168K, 0% used [0x00000000e0300000,0x00000000e0300000,0x00000000e0a00000)
  to   space 7680K, 0% used [0x00000000dfb00000,0x00000000dfb00000,0x00000000e0280000)
 ParOldGen       total 121344K, used 43494K [0x0000000081800000, 0x0000000088e80000, 0x00000000d5d80000)
  object space 121344K, 35% used [0x0000000081800000,0x0000000084279970,0x0000000088e80000)
 Metaspace       used 25623K, capacity 27771K, committed 27904K, reserved 1073152K
  class space    used 2874K, capacity 3539K, committed 3584K, reserved 1048576K
}
Event: 24.439 GC heap before
{Heap before GC invocations=15 (full 2):
 PSYoungGen      total 168448K, used 161280K [0x00000000d5d80000, 0x00000000e0a00000, 0x0000000100000000)
  eden space 161280K, 100% used [0x00000000d5d80000,0x00000000dfb00000,0x00000000dfb00000)
  from space 7168K, 0% used [0x00000000e0300000,0x00000000e0300000,0x00000000e0a00000)
  to   space 7680K, 0% used [0x00000000dfb00000,0x00000000dfb00000,0x00000000e0280000)
 ParOldGen       total 121344K, used 43494K [0x0000000081800000, 0x0000000088e80000, 0x00000000d5d80000)
  object space 121344K, 35% used [0x0000000081800000,0x0000000084279970,0x0000000088e80000)
 Metaspace       used 29570K, capacity 32365K, committed 32640K, reserved 1077248K
  class space    used 3262K, capacity 4132K, committed 4224K, reserved 1048576K
Event: 24.448 GC heap after
Heap after GC invocations=15 (full 2):
 PSYoungGen      total 168960K, used 3953K [0x00000000d5d80000, 0x00000000e4f00000, 0x0000000100000000)
  eden space 161280K, 0% used [0x00000000d5d80000,0x00000000d5d80000,0x00000000dfb00000)
  from space 7680K, 51% used [0x00000000dfb00000,0x00000000dfedc538,0x00000000e0280000)
  to   space 7680K, 0% used [0x00000000e4780000,0x00000000e4780000,0x00000000e4f00000)
 ParOldGen       total 121344K, used 43502K [0x0000000081800000, 0x0000000088e80000, 0x00000000d5d80000)
  object space 121344K, 35% used [0x0000000081800000,0x000000008427b970,0x0000000088e80000)
 Metaspace       used 29570K, capacity 32365K, committed 32640K, reserved 1077248K
  class space    used 3262K, capacity 4132K, committed 4224K, reserved 1048576K
}
Event: 26.605 GC heap before
{Heap before GC invocations=16 (full 2):
 PSYoungGen      total 168960K, used 165233K [0x00000000d5d80000, 0x00000000e4f00000, 0x0000000100000000)
  eden space 161280K, 100% used [0x00000000d5d80000,0x00000000dfb00000,0x00000000dfb00000)
  from space 7680K, 51% used [0x00000000dfb00000,0x00000000dfedc538,0x00000000e0280000)
  to   space 7680K, 0% used [0x00000000e4780000,0x00000000e4780000,0x00000000e4f00000)
 ParOldGen       total 121344K, used 43502K [0x0000000081800000, 0x0000000088e80000, 0x00000000d5d80000)
  object space 121344K, 35% used [0x0000000081800000,0x000000008427b970,0x0000000088e80000)
 Metaspace       used 33373K, capacity 36457K, committed 36608K, reserved 1081344K
  class space    used 3592K, capacity 4586K, committed 4608K, reserved 1048576K
Event: 26.614 GC heap after
Heap after GC invocations=16 (full 2):
 PSYoungGen      total 232448K, used 4798K [0x00000000d5d80000, 0x00000000e4c80000, 0x0000000100000000)
  eden space 227328K, 0% used [0x00000000d5d80000,0x00000000d5d80000,0x00000000e3b80000)
  from space 5120K, 93% used [0x00000000e4780000,0x00000000e4c2f9e0,0x00000000e4c80000)
  to   space 7168K, 0% used [0x00000000e3e80000,0x00000000e3e80000,0x00000000e4580000)
 ParOldGen       total 121344K, used 45563K [0x0000000081800000, 0x0000000088e80000, 0x00000000d5d80000)
  object space 121344K, 37% used [0x0000000081800000,0x000000008447ed90,0x0000000088e80000)
 Metaspace       used 33373K, capacity 36457K, committed 36608K, reserved 1081344K
  class space    used 3592K, capacity 4586K, committed 4608K, reserved 1048576K
}
Event: 29.364 GC heap before
{Heap before GC invocations=17 (full 2):
 PSYoungGen      total 232448K, used 232126K [0x00000000d5d80000, 0x00000000e4c80000, 0x0000000100000000)
  eden space 227328K, 100% used [0x00000000d5d80000,0x00000000e3b80000,0x00000000e3b80000)
  from space 5120K, 93% used [0x00000000e4780000,0x00000000e4c2f9e0,0x00000000e4c80000)
  to   space 7168K, 0% used [0x00000000e3e80000,0x00000000e3e80000,0x00000000e4580000)
 ParOldGen       total 121344K, used 45563K [0x0000000081800000, 0x0000000088e80000, 0x00000000d5d80000)
  object space 121344K, 37% used [0x0000000081800000,0x000000008447ed90,0x0000000088e80000)
 Metaspace       used 38745K, capacity 42259K, committed 42496K, reserved 1087488K
  class space    used 4146K, capacity 5259K, committed 5376K, reserved 1048576K
Event: 29.383 GC heap after
Heap after GC invocations=17 (full 2):
 PSYoungGen      total 237568K, used 7037K [0x00000000d5d80000, 0x00000000ea000000, 0x0000000100000000)
  eden space 230400K, 0% used [0x00000000d5d80000,0x00000000d5d80000,0x00000000e3e80000)
  from space 7168K, 98% used [0x00000000e3e80000,0x00000000e455f518,0x00000000e4580000)
  to   space 8192K, 0% used [0x00000000e9800000,0x00000000e9800000,0x00000000ea000000)
 ParOldGen       total 121344K, used 47991K [0x0000000081800000, 0x0000000088e80000, 0x00000000d5d80000)
  object space 121344K, 39% used [0x0000000081800000,0x00000000846dde88,0x0000000088e80000)
 Metaspace       used 38745K, capacity 42259K, committed 42496K, reserved 1087488K
  class space    used 4146K, capacity 5259K, committed 5376K, reserved 1048576K
}

Deoptimization events (10 events):
Event: 24.165 Thread 0x000000001a3fa800 Uncommon trap: reason=unstable_if action=reinterpret pc=0x0000000003e0152c method=org.objectweb.asm.MethodWriter.computeMethodInfoSize()I @ 505
Event: 24.166 Thread 0x000000001a3fa800 Uncommon trap: reason=unstable_if action=reinterpret pc=0x0000000003de0b14 method=org.objectweb.asm.MethodWriter.putMethodInfo(Lorg/objectweb/asm/ByteVector;)V @ 180
Event: 25.322 Thread 0x000000001a3fa800 Uncommon trap: reason=unstable_if action=reinterpret pc=0x00000000036ee110 method=org.robolectric.internal.bytecode.ClassInstrumentor.isGregorianCalendarBooleanConstructor(Lorg/objectweb/asm/tree/MethodInsnNode;)Z @ 9
Event: 26.038 Thread 0x000000001a3fa800 Uncommon trap: reason=null_check action=make_not_entrant pc=0x0000000003eac9c8 method=java.lang.invoke.LambdaFormEditor.getInCache(Ljava/lang/invoke/LambdaFormEditor$Transform;)Ljava/lang/invoke/LambdaForm; @ 50
Event: 26.188 Thread 0x000000001a3fa800 Uncommon trap: reason=unstable_if action=reinterpret pc=0x0000000003b81614 method=org.objectweb.asm.ClassReader.readField(Lorg/objectweb/asm/ClassVisitor;Lorg/objectweb/asm/Context;I)I @ 236
Event: 28.656 Thread 0x000000001a3fa800 Uncommon trap: reason=bimorphic action=maybe_recompile pc=0x0000000003f19e1c method=java.util.regex.Pattern$Curly.match0(Ljava/util/regex/Matcher;IILjava/lang/CharSequence;)Z @ 31
Event: 28.656 Thread 0x000000001a3fa800 Uncommon trap: reason=unstable_if action=reinterpret pc=0x0000000003e9d784 method=org.robolectric.internal.bytecode.InstrumentationConfiguration.shouldAcquire(Ljava/lang/String;)Z @ 106
Event: 29.352 Thread 0x000000001a3fa800 Uncommon trap: reason=unstable_if action=reinterpret pc=0x0000000003e71688 method=org.objectweb.asm.Frame.pop(Ljava/lang/String;)V @ 36
Event: 29.352 Thread 0x000000001a3fa800 Uncommon trap: reason=unstable_if action=reinterpret pc=0x0000000003e1dac8 method=org.objectweb.asm.Frame.pop(Ljava/lang/String;)V @ 36
Event: 29.677 Thread 0x000000001a3fa800 Uncommon trap: reason=bimorphic action=maybe_recompile pc=0x0000000003f19e1c method=java.util.regex.Pattern$Curly.match0(Ljava/util/regex/Matcher;IILjava/lang/CharSequence;)Z @ 31

Classes redefined (0 events):
No events

Internal exceptions (10 events):
Event: 21.974 Thread 0x000000001a3fa800 Exception <a 'java/io/FileNotFoundException'> (0x00000000d96975d8) thrown at [C:\src\AOSP-openjdk-git\hotspot\src\share\vm\prims\jni.cpp, line 710]
Event: 22.844 Thread 0x000000001a3fa800 Exception <a 'java/lang/NoSuchFieldError': method resolution failed> (0x00000000d5e3b378) thrown at [C:\src\AOSP-openjdk-git\hotspot\src\share\vm\prims\methodHandles.cpp, line 1167]
Event: 22.923 Thread 0x000000001a3fa800 Exception <a 'java/lang/NoSuchFieldError': method resolution failed> (0x00000000d64d3d60) thrown at [C:\src\AOSP-openjdk-git\hotspot\src\share\vm\prims\methodHandles.cpp, line 1167]
Event: 23.096 Thread 0x000000001a3fa800 Exception <a 'java/security/PrivilegedActionException'> (0x00000000d7a02140) thrown at [C:\src\AOSP-openjdk-git\hotspot\src\share\vm\prims\jvm.cpp, line 1502]
Event: 23.096 Thread 0x000000001a3fa800 Exception <a 'java/security/PrivilegedActionException'> (0x00000000d7a02538) thrown at [C:\src\AOSP-openjdk-git\hotspot\src\share\vm\prims\jvm.cpp, line 1502]
Event: 23.096 Thread 0x000000001a3fa800 Exception <a 'java/security/PrivilegedActionException'> (0x00000000d7a03d60) thrown at [C:\src\AOSP-openjdk-git\hotspot\src\share\vm\prims\jvm.cpp, line 1502]
Event: 23.096 Thread 0x000000001a3fa800 Exception <a 'java/security/PrivilegedActionException'> (0x00000000d7a04158) thrown at [C:\src\AOSP-openjdk-git\hotspot\src\share\vm\prims\jvm.cpp, line 1502]
Event: 26.038 Thread 0x000000001a3fa800 Implicit null exception at 0x0000000003eacde4 to 0x0000000003eac9b8
Event: 26.244 Thread 0x000000001a3fa800 Exception <a 'sun/nio/fs/WindowsException'> (0x00000000de4cbcc8) thrown at [C:\src\AOSP-openjdk-git\hotspot\src\share\vm\prims\jni.cpp, line 710]
Event: 28.322 Thread 0x000000001a3fa800 Exception <a 'java/lang/NoSuchFieldError': method resolution failed> (0x00000000dc9d2518) thrown at [C:\src\AOSP-openjdk-git\hotspot\src\share\vm\prims\methodHandles.cpp, line 1167]

Events (10 events):
Event: 29.847 loading class android/graphics/drawable/Animatable2
Event: 29.847 loading class android/graphics/drawable/Animatable2 done
Event: 29.848 loading class android/graphics/drawable/Animatable
Event: 29.848 loading class android/graphics/drawable/Animatable done
Event: 29.849 loading class android/graphics/drawable/ScaleDrawable
Event: 29.849 loading class android/graphics/drawable/ScaleDrawable done
Event: 29.852 loading class android/graphics/drawable/DrawableWrapper
Event: 29.852 loading class android/graphics/drawable/DrawableWrapper done
Event: 29.856 loading class android/graphics/drawable/ClipDrawable
Event: 29.856 loading class android/graphics/drawable/ClipDrawable done


Dynamic libraries:
0x00007ff641650000 - 0x00007ff641681000 	C:\Program Files\Android\Android Studio\jre\bin\java.exe
0x00007fff93090000 - 0x00007fff93286000 	C:\WINDOWS\SYSTEM32\ntdll.dll
0x00007fff92730000 - 0x00007fff927ed000 	C:\WINDOWS\System32\KERNEL32.DLL
0x00007fff90c30000 - 0x00007fff90ef8000 	C:\WINDOWS\System32\KERNELBASE.dll
0x00007fff92890000 - 0x00007fff9293a000 	C:\WINDOWS\System32\ADVAPI32.dll
0x00007fff92ab0000 - 0x00007fff92b4e000 	C:\WINDOWS\System32\msvcrt.dll
0x00007fff91180000 - 0x00007fff9121b000 	C:\WINDOWS\System32\sechost.dll
0x00007fff91690000 - 0x00007fff917b4000 	C:\WINDOWS\System32\RPCRT4.dll
0x00007fff92400000 - 0x00007fff925a0000 	C:\WINDOWS\System32\USER32.dll
0x00007fff910d0000 - 0x00007fff910f2000 	C:\WINDOWS\System32\win32u.dll
0x00007fff92a20000 - 0x00007fff92a4a000 	C:\WINDOWS\System32\GDI32.dll
0x00007fff90a40000 - 0x00007fff90b49000 	C:\WINDOWS\System32\gdi32full.dll
0x00007fff90f00000 - 0x00007fff90f9d000 	C:\WINDOWS\System32\msvcp_win.dll
0x00007fff90fa0000 - 0x00007fff910a0000 	C:\WINDOWS\System32\ucrtbase.dll
0x00007fff8fc00000 - 0x00007fff8fe9b000 	C:\WINDOWS\WinSxS\amd64_microsoft.windows.common-controls_6595b64144ccf1df_6.0.19041.488_none_ca04af081b815d21\COMCTL32.dll
0x00007fff92860000 - 0x00007fff92890000 	C:\WINDOWS\System32\IMM32.DLL
0x0000000070c00000 - 0x0000000070cd2000 	C:\Program Files\Android\Android Studio\jre\jre\bin\msvcr100.dll
0x0000000070e90000 - 0x00000000716db000 	C:\Program Files\Android\Android Studio\jre\jre\bin\server\jvm.dll
0x00007fff92850000 - 0x00007fff92858000 	C:\WINDOWS\System32\PSAPI.DLL
0x00007fff8d9c0000 - 0x00007fff8d9c9000 	C:\WINDOWS\SYSTEM32\WSOCK32.dll
0x00007fff925a0000 - 0x00007fff9260b000 	C:\WINDOWS\System32\WS2_32.dll
0x00007fff89040000 - 0x00007fff89067000 	C:\WINDOWS\SYSTEM32\WINMM.dll
0x00007fff89070000 - 0x00007fff8907a000 	C:\WINDOWS\SYSTEM32\VERSION.dll
0x00007fff8d910000 - 0x00007fff8d91f000 	C:\Program Files\Android\Android Studio\jre\jre\bin\verify.dll
0x00007fff8b790000 - 0x00007fff8b7b9000 	C:\Program Files\Android\Android Studio\jre\jre\bin\java.dll
0x00007fff8d990000 - 0x00007fff8d9b3000 	C:\Program Files\Android\Android Studio\jre\jre\bin\instrument.dll
0x00007fff8a1a0000 - 0x00007fff8a1b6000 	C:\Program Files\Android\Android Studio\jre\jre\bin\zip.dll
0x00007fff91890000 - 0x00007fff91fd0000 	C:\WINDOWS\System32\SHELL32.dll
0x00007fff8e2d0000 - 0x00007fff8ea64000 	C:\WINDOWS\SYSTEM32\windows.storage.dll
0x00007fff912d0000 - 0x00007fff91625000 	C:\WINDOWS\System32\combase.dll
0x00007fff8fb60000 - 0x00007fff8fb8c000 	C:\WINDOWS\SYSTEM32\Wldp.dll
0x00007fff92940000 - 0x00007fff929ee000 	C:\WINDOWS\System32\SHCORE.dll
0x00007fff927f0000 - 0x00007fff92845000 	C:\WINDOWS\System32\shlwapi.dll
0x00007fff90710000 - 0x00007fff90736000 	C:\WINDOWS\SYSTEM32\profapi.dll
0x00007fff8adc0000 - 0x00007fff8adda000 	C:\Program Files\Android\Android Studio\bin\breakgen64.dll
0x00007fff8a110000 - 0x00007fff8a12a000 	C:\Program Files\Android\Android Studio\jre\jre\bin\net.dll
0x00007fff8f900000 - 0x00007fff8f96a000 	C:\WINDOWS\system32\mswsock.dll
0x00007fff7e980000 - 0x00007fff7e993000 	C:\Program Files\Android\Android Studio\jre\jre\bin\nio.dll
0x00007fff90570000 - 0x00007fff90588000 	C:\WINDOWS\SYSTEM32\CRYPTSP.dll
0x00007fff8f290000 - 0x00007fff8f2c4000 	C:\WINDOWS\system32\rsaenh.dll
0x00007fff910a0000 - 0x00007fff910c7000 	C:\WINDOWS\System32\bcrypt.dll
0x00007fff90690000 - 0x00007fff906be000 	C:\WINDOWS\SYSTEM32\USERENV.dll
0x00007fff90b50000 - 0x00007fff90bcf000 	C:\WINDOWS\System32\bcryptprimitives.dll
0x00007fff8fad0000 - 0x00007fff8fadc000 	C:\WINDOWS\SYSTEM32\CRYPTBASE.dll
0x00007fff8f5f0000 - 0x00007fff8f62b000 	C:\WINDOWS\SYSTEM32\IPHLPAPI.DLL
0x00007fff92a10000 - 0x00007fff92a19000 	C:\WINDOWS\System32\NSI.dll
0x00007fff806a0000 - 0x00007fff806b7000 	C:\WINDOWS\SYSTEM32\dhcpcsvc6.DLL
0x00007fff80f40000 - 0x00007fff80f5d000 	C:\WINDOWS\SYSTEM32\dhcpcsvc.DLL
0x00007fff8f630000 - 0x00007fff8f6fb000 	C:\WINDOWS\SYSTEM32\DNSAPI.dll
0x00007fff5b910000 - 0x00007fff5b934000 	C:\Program Files\Android\Android Studio\jre\jre\bin\sunec.dll
0x00007fff7d610000 - 0x00007fff7d61b000 	C:\Program Files\Android\Android Studio\jre\jre\bin\sunmscapi.dll
0x00007fff907e0000 - 0x00007fff9093d000 	C:\WINDOWS\System32\CRYPT32.dll

VM Arguments:
jvm_args: -ea -Didea.test.cyclic.buffer.size=1048576 -javaagent:C:\Program Files\Android\Android Studio\lib\idea_rt.jar=49185:C:\Program Files\Android\Android Studio\bin -Dfile.encoding=UTF-8 
java_command: com.intellij.rt.junit.JUnitStarter -ideVersion5 org.aplas.soccermatch.TestB3MultiActivities011
java_class_path (initial): C:\Program Files\Android\Android Studio\lib\idea_rt.jar;C:\Program Files\Android\Android Studio\plugins\junit\lib\junit5-rt.jar;C:\Program Files\Android\Android Studio\plugins\junit\lib\junit-rt.jar;C:\Users\Encrypted\AppData\Local\Android\Sdk\platforms\android-28\data\res;D:\Kuliah\Sem5\Mobile\Aplas\Aplas\SoccerMatch\app\build\intermediates\javac\debugUnitTest\classes;D:\Kuliah\Sem5\Mobile\Aplas\Aplas\SoccerMatch\app\build\intermediates\javac\debug\classes;D:\Kuliah\Sem5\Mobile\Aplas\Aplas\SoccerMatch\app\build\intermediates\compile_and_runtime_not_namespaced_r_class_jar\debug\R.jar;D:\Kuliah\Sem5\Mobile\Aplas\Aplas\SoccerMatch\app\build\intermediates\unit_test_config_directory\debugUnitTest\out;D:\Kuliah\Sem5\Mobile\Aplas\Aplas\SoccerMatch\app\build\generated\res\resValues\debug;C:\Users\Encrypted\.gradle\caches\modules-2\files-2.1\androidx.lifecycle\lifecycle-common\2.2.0\4ef09a745007778eef83b92f8f23987a8ea59496\lifecycle-common-2.2.0.jar;C:\Users\Encrypted\.gradle\caches\modules-2\files-2.1\androidx.collection\collection-ktx\1.1.0\f807b2f366f7b75142a67d2f3c10031065b5168\collection-ktx-1.1.0.jar;C:\Users\Encrypted\.gradle\caches\modules-2\files-2.1\androidx.collection\collection\1.1.0\1f27220b47669781457de0d600849a5de0e89909\collection-1.1.0.jar;C:\Users\Encrypted\.gradle\caches\modules-2\files-2.1\androidx.arch.core\core-common\2.1.0\b3152fc64428c9354344bd89848ecddc09b6f07e\core-common-2.1.0.jar;C:\Users\Encrypted\.gradle\caches\modules-2\files-2.1\androidx.annotation\annotation\1.1.0\e3a6fb2f40e3a3842e6b7472628ba4ce416ea4c8\annotation-1.1.0.jar;C:\Users\Encrypted\.gradle\caches\modules-2\files-2.1\org.jetbrains.kotlinx\kotlinx-coroutines-android\1.3.0\804a29e0b22cfb30e04487574ad1cb888daa716d\kotlinx-coroutines-android-1.3.0.jar;C:\Users\Encrypted\.gradle\caches\modules-2\files-2.1\org.jetbrains.kotlinx\kotlinx-coroutines-core\1.3.0\36fa8555d92456448ec19e64b00be830df9a7fb5\kotlinx-coroutines-core-1.3.0.jar;C:\Users\Encrypted\.gradle\
Launcher Type: SUN_STANDARD

Environment Variables:
PATH=C:\Program Files (x86)\Common Files\Intel\Shared Libraries\redist\intel64\compiler;C:\Program Files (x86)\Common Files\Oracle\Java\javapath;C:\Program Files (x86)\Common Files\Intel\Shared Files\cpp\bin\Intel64;C:\ProgramData\Oracle\Java\javapath;C:\WINDOWS\system32;C:\WINDOWS;C:\WINDOWS\System32\Wbem;C:\WINDOWS\System32\WindowsPowerShell\v1.0\;C:\WINDOWS\System32\OpenSSH\;C:\Program Files\Git\cmd;C:\Program Files\Microsoft SQL Server\Client SDK\ODBC\170\Tools\Binn\;C:\Program Files (x86)\Microsoft SQL Server\150\Tools\Binn\;C:\Program Files\Microsoft SQL Server\150\Tools\Binn\;C:\Program Files\Microsoft SQL Server\150\DTS\Binn\;C:\Program Files (x86)\Microsoft SQL Server\150\DTS\Binn\;C:\Program Files\nodejs\;C:\xampp\php;C:\ProgramData\ComposerSetup\bin;C:\Program Files\gradle-6.6.1\bin;C:\Program Files\Microsoft SQL Server\130\Tools\Binn\;C:\Program Files (x86)\Microsoft SQL Server\110\DTS\Binn\;C:\Program Files (x86)\Microsoft SQL Server\120\DTS\Binn\;C:\Program Files (x86)\Microsoft SQL Server\130\DTS\Binn\;C:\Program Files (x86)\Microsoft SQL Server\140\DTS\Binn\;C:\cygnus\cygwin-b20\H-i586-cygwin32\bin;C:\Users\Encrypted\AppData\Local\Microsoft\WindowsApps;C:\Users\Encrypted\AppData\Local\Programs\Microsoft VS Code\bin;C:\Users\Encrypted\AppData\Local\GitHubDesktop\bin;C:\Users\Encrypted\AppData\Local\Microsoft\WindowsApps;C:\Users\Encrypted\AppData\Roaming\npm;C:\Users\Encrypted\AppData\Roaming\Composer\vendor\bin;C:\Program Files\heroku\bin;
USERNAME=Encrypted
OS=Windows_NT
PROCESSOR_IDENTIFIER=Intel64 Family 6 Model 69 Stepping 1, GenuineIntel



---------------  S Y S T E M  ---------------

OS: Windows 10.0 , 64 bit Build 19041 (10.0.19041.546)

CPU:total 4 (initial active 4) (2 cores per cpu, 2 threads per core) family 6 model 69 stepping 1, cmov, cx8, fxsr, mmx, sse, sse2, sse3, ssse3, sse4.1, sse4.2, popcnt, avx, avx2, aes, clmul, erms, lzcnt, ht, tsc, tscinvbit, bmi1, bmi2

Memory: 4k page, physical 8285320k(519660k free), swap 10238088k(5304k free)

vm_info: OpenJDK 64-Bit Server VM (25.242-b01) for windows-amd64 JRE (1.8.0_242-release-1644-b01), built by "builder" with MS VC++ 10.0 (VS2010)

time: Sun Oct 25 15:49:21 2020
timezone: SE Asia Standard Time
elapsed time: 29 seconds (0d 0h 0m 29s)

