#
# There is insufficient memory for the Java Runtime Environment to continue.
# Native memory allocation (malloc) failed to allocate 175184 bytes for Chunk::new
# Possible reasons:
#   The system is out of physical RAM or swap space
#   The process is running with CompressedOops enabled, and the Java Heap may be blocking the growth of the native heap
# Possible solutions:
#   Reduce memory load on the system
#   Increase physical memory or swap space
#   Check if swap backing store is full
#   Decrease Java heap size (-Xmx/-Xms)
#   Decrease number of Java threads
#   Decrease Java thread stack sizes (-Xss)
#   Set larger code cache with -XX:ReservedCodeCacheSize=
#   JVM is running with Unscaled Compressed Oops mode in which the Java heap is
#     placed in the first 4GB address space. The Java Heap base address is the
#     maximum limit for the native heap growth. Please use -XX:HeapBaseMinAddress
#     to set the Java Heap base and to place the Java Heap above 4GB virtual address.
# This output file may be truncated or incomplete.
#
#  Out of Memory Error (allocation.cpp:389), pid=23568, tid=0x000000000000ffbc
#
# JRE version: OpenJDK Runtime Environment (8.0_242-b01) (build 1.8.0_242-release-1644-b01)
# Java VM: OpenJDK 64-Bit Server VM (25.242-b01 mixed mode windows-amd64 compressed oops)
# Failed to write core dump. Minidumps are not enabled by default on client versions of Windows
#

---------------  T H R E A D  ---------------

Current thread (0x0000000017a35800):  JavaThread "C2 CompilerThread1" daemon [_thread_in_native, id=65468, stack(0x0000000019670000,0x0000000019770000)]

Stack: [0x0000000019670000,0x0000000019770000]
[error occurred during error reporting (printing stack bounds), id 0xc0000005]

Native frames: (J=compiled Java code, j=interpreted, Vv=VM code, C=native code)


Current CompileTask:
C2:  16412 3430       4       org.objectweb.asm.MethodWriter::putMethodInfo (1431 bytes)


---------------  P R O C E S S  ---------------

Java Threads: ( => current thread )
  0x000000001a959000 JavaThread "SDK 28 Main Thread" [_thread_in_native, id=69288, stack(0x000000001c550000,0x000000001c650000)]
  0x0000000019114800 JavaThread "Service Thread" daemon [_thread_blocked, id=24000, stack(0x0000000019870000,0x0000000019970000)]
  0x0000000017a3e800 JavaThread "C1 CompilerThread2" daemon [_thread_blocked, id=51792, stack(0x0000000019770000,0x0000000019870000)]
=>0x0000000017a35800 JavaThread "C2 CompilerThread1" daemon [_thread_in_native, id=65468, stack(0x0000000019670000,0x0000000019770000)]
  0x0000000017a31000 JavaThread "C2 CompilerThread0" daemon [_thread_in_native, id=49912, stack(0x0000000019570000,0x0000000019670000)]
  0x00000000190a3000 JavaThread "Monitor Ctrl-Break" daemon [_thread_in_native, id=41532, stack(0x0000000019470000,0x0000000019570000)]
  0x0000000017a06800 JavaThread "Attach Listener" daemon [_thread_blocked, id=67116, stack(0x0000000018f60000,0x0000000019060000)]
  0x0000000017a03800 JavaThread "Signal Dispatcher" daemon [_thread_blocked, id=70360, stack(0x0000000018e60000,0x0000000018f60000)]
  0x00000000179e3800 JavaThread "Finalizer" daemon [_thread_blocked, id=71804, stack(0x0000000018c60000,0x0000000018d60000)]
  0x0000000002d9d000 JavaThread "Reference Handler" daemon [_thread_blocked, id=69452, stack(0x0000000018b60000,0x0000000018c60000)]
  0x0000000002ca9800 JavaThread "main" [_thread_blocked, id=40356, stack(0x0000000002ba0000,0x0000000002ca0000)]

Other Threads:
  0x00000000179b6800 VMThread [stack: 0x0000000018a60000,0x0000000018b60000] [id=55196]
  0x00000000190e5000 WatcherThread [stack: 0x0000000019970000,0x0000000019a70000] [id=67488]

VM state:not at safepoint (normal execution)

VM Mutex/Monitor currently owned by a thread: None

heap address: 0x0000000081800000, size: 2024 MB, Compressed Oops mode: 32-bit
Narrow klass base: 0x0000000000000000, Narrow klass shift: 3
Compressed class space size: 1073741824 Address: 0x0000000100000000

Heap:
 PSYoungGen      total 142848K, used 11565K [0x00000000d5d80000, 0x00000000df480000, 0x0000000100000000)
  eden space 132096K, 8% used [0x00000000d5d80000,0x00000000d68cb400,0x00000000dde80000)
  from space 10752K, 0% used [0x00000000dea00000,0x00000000dea00000,0x00000000df480000)
  to   space 11264K, 0% used [0x00000000dde80000,0x00000000dde80000,0x00000000de980000)
 ParOldGen       total 88576K, used 44249K [0x0000000081800000, 0x0000000086e80000, 0x00000000d5d80000)
  object space 88576K, 49% used [0x0000000081800000,0x0000000084336508,0x0000000086e80000)
 Metaspace       used 24267K, capacity 26953K, committed 27008K, reserved 1073152K
  class space    used 2828K, capacity 3670K, committed 3712K, reserved 1048576K

Card table byte_map: [0x0000000012260000,0x0000000012660000] byte_map_base: 0x0000000011e54000

Marking Bits: (ParMarkBitMap*) 0x000000007169f030
 Begin Bits: [0x0000000012d10000, 0x0000000014cb0000)
 End Bits:   [0x0000000014cb0000, 0x0000000016c50000)

Polling page: 0x0000000001320000

CodeCache: size=245760Kb used=10008Kb max_used=12174Kb free=235751Kb
 bounds [0x0000000002ea0000, 0x0000000003a90000, 0x0000000011ea0000]
 total_blobs=3642 nmethods=2991 adapters=564
 compilation: enabled

Compilation events (10 events):
Event: 16.268 Thread 0x0000000017a35800 nmethod 3426 0x0000000003030410 code [0x0000000003030540, 0x00000000030305d8]
Event: 16.277 Thread 0x0000000017a3e800 3427       3       com.google.common.math.IntMath::isPowerOfTwo (24 bytes)
Event: 16.277 Thread 0x0000000017a3e800 nmethod 3427 0x000000000338c650 code [0x000000000338c7a0, 0x000000000338c990]
Event: 16.278 Thread 0x0000000017a3e800 3428       3       com.google.common.math.MathPreconditions::checkRoundingUnnecessary (15 bytes)
Event: 16.278 Thread 0x0000000017a3e800 nmethod 3428 0x00000000032f8250 code [0x00000000032f83c0, 0x00000000032f85e8]
Event: 16.284 Thread 0x0000000017a35800 3429       4       org.objectweb.asm.MethodWriter::computeMethodInfoSize (704 bytes)
Event: 16.301 Thread 0x0000000017a35800 nmethod 3429 0x000000000325d350 code [0x000000000325d560, 0x000000000325dda0]
Event: 16.316 Thread 0x0000000017a35800 3430       4       org.objectweb.asm.MethodWriter::putMethodInfo (1431 bytes)
Event: 16.367 Thread 0x0000000017a3e800 3437       1       java.util.Collections$EmptyMap::get (2 bytes)
Event: 16.367 Thread 0x0000000017a3e800 nmethod 3437 0x00000000033f1110 code [0x00000000033f1260, 0x00000000033f1370]

GC Heap History (10 events):
Event: 11.533 GC heap before
{Heap before GC invocations=8 (full 0):
 PSYoungGen      total 76288K, used 75793K [0x00000000d5d80000, 0x00000000df580000, 0x0000000100000000)
  eden space 66048K, 100% used [0x00000000d5d80000,0x00000000d9e00000,0x00000000d9e00000)
  from space 10240K, 95% used [0x00000000d9e00000,0x00000000da7846e0,0x00000000da800000)
  to   space 11776K, 0% used [0x00000000dea00000,0x00000000dea00000,0x00000000df580000)
 ParOldGen       total 87552K, used 7370K [0x0000000081800000, 0x0000000086d80000, 0x00000000d5d80000)
  object space 87552K, 8% used [0x0000000081800000,0x0000000081f32908,0x0000000086d80000)
 Metaspace       used 18330K, capacity 19131K, committed 19456K, reserved 1067008K
  class space    used 1943K, capacity 2192K, committed 2304K, reserved 1048576K
Event: 11.553 GC heap after
Heap after GC invocations=8 (full 0):
 PSYoungGen      total 142848K, used 5556K [0x00000000d5d80000, 0x00000000df480000, 0x0000000100000000)
  eden space 132096K, 0% used [0x00000000d5d80000,0x00000000d5d80000,0x00000000dde80000)
  from space 10752K, 51% used [0x00000000dea00000,0x00000000def6d1d0,0x00000000df480000)
  to   space 11264K, 0% used [0x00000000dde80000,0x00000000dde80000,0x00000000de980000)
 ParOldGen       total 87552K, used 9347K [0x0000000081800000, 0x0000000086d80000, 0x00000000d5d80000)
  object space 87552K, 10% used [0x0000000081800000,0x0000000082120ea0,0x0000000086d80000)
 Metaspace       used 18330K, capacity 19131K, committed 19456K, reserved 1067008K
  class space    used 1943K, capacity 2192K, committed 2304K, reserved 1048576K
}
Event: 13.067 GC heap before
{Heap before GC invocations=9 (full 0):
 PSYoungGen      total 142848K, used 73180K [0x00000000d5d80000, 0x00000000df480000, 0x0000000100000000)
  eden space 132096K, 51% used [0x00000000d5d80000,0x00000000d9f89f98,0x00000000dde80000)
  from space 10752K, 51% used [0x00000000dea00000,0x00000000def6d1d0,0x00000000df480000)
  to   space 11264K, 0% used [0x00000000dde80000,0x00000000dde80000,0x00000000de980000)
 ParOldGen       total 87552K, used 9347K [0x0000000081800000, 0x0000000086d80000, 0x00000000d5d80000)
  object space 87552K, 10% used [0x0000000081800000,0x0000000082120ea0,0x0000000086d80000)
 Metaspace       used 20121K, capacity 21105K, committed 21248K, reserved 1069056K
  class space    used 2146K, capacity 2465K, committed 2560K, reserved 1048576K
Event: 13.080 GC heap after
Heap after GC invocations=9 (full 0):
 PSYoungGen      total 143360K, used 3621K [0x00000000d5d80000, 0x00000000df480000, 0x0000000100000000)
  eden space 132096K, 0% used [0x00000000d5d80000,0x00000000d5d80000,0x00000000dde80000)
  from space 11264K, 32% used [0x00000000dde80000,0x00000000de2094e8,0x00000000de980000)
  to   space 10752K, 0% used [0x00000000dea00000,0x00000000dea00000,0x00000000df480000)
 ParOldGen       total 87552K, used 11972K [0x0000000081800000, 0x0000000086d80000, 0x00000000d5d80000)
  object space 87552K, 13% used [0x0000000081800000,0x00000000823b1228,0x0000000086d80000)
 Metaspace       used 20121K, capacity 21105K, committed 21248K, reserved 1069056K
  class space    used 2146K, capacity 2465K, committed 2560K, reserved 1048576K
}
Event: 13.080 GC heap before
{Heap before GC invocations=10 (full 1):
 PSYoungGen      total 143360K, used 3621K [0x00000000d5d80000, 0x00000000df480000, 0x0000000100000000)
  eden space 132096K, 0% used [0x00000000d5d80000,0x00000000d5d80000,0x00000000dde80000)
  from space 11264K, 32% used [0x00000000dde80000,0x00000000de2094e8,0x00000000de980000)
  to   space 10752K, 0% used [0x00000000dea00000,0x00000000dea00000,0x00000000df480000)
 ParOldGen       total 87552K, used 11972K [0x0000000081800000, 0x0000000086d80000, 0x00000000d5d80000)
  object space 87552K, 13% used [0x0000000081800000,0x00000000823b1228,0x0000000086d80000)
 Metaspace       used 20121K, capacity 21105K, committed 21248K, reserved 1069056K
  class space    used 2146K, capacity 2465K, committed 2560K, reserved 1048576K
Event: 13.219 GC heap after
Heap after GC invocations=10 (full 1):
 PSYoungGen      total 143360K, used 0K [0x00000000d5d80000, 0x00000000df480000, 0x0000000100000000)
  eden space 132096K, 0% used [0x00000000d5d80000,0x00000000d5d80000,0x00000000dde80000)
  from space 11264K, 0% used [0x00000000dde80000,0x00000000dde80000,0x00000000de980000)
  to   space 10752K, 0% used [0x00000000dea00000,0x00000000dea00000,0x00000000df480000)
 ParOldGen       total 59904K, used 10130K [0x0000000081800000, 0x0000000085280000, 0x00000000d5d80000)
  object space 59904K, 16% used [0x0000000081800000,0x00000000821e4ab0,0x0000000085280000)
 Metaspace       used 20121K, capacity 21105K, committed 21248K, reserved 1069056K
  class space    used 2146K, capacity 2465K, committed 2560K, reserved 1048576K
}
Event: 16.066 GC heap before
{Heap before GC invocations=11 (full 1):
 PSYoungGen      total 143360K, used 132096K [0x00000000d5d80000, 0x00000000df480000, 0x0000000100000000)
  eden space 132096K, 100% used [0x00000000d5d80000,0x00000000dde80000,0x00000000dde80000)
  from space 11264K, 0% used [0x00000000dde80000,0x00000000dde80000,0x00000000de980000)
  to   space 10752K, 0% used [0x00000000dea00000,0x00000000dea00000,0x00000000df480000)
 ParOldGen       total 59904K, used 10130K [0x0000000081800000, 0x0000000085280000, 0x00000000d5d80000)
  object space 59904K, 16% used [0x0000000081800000,0x00000000821e4ab0,0x0000000085280000)
 Metaspace       used 23973K, capacity 26637K, committed 26752K, reserved 1073152K
  class space    used 2786K, capacity 3624K, committed 3712K, reserved 1048576K
Event: 16.154 GC heap after
Heap after GC invocations=11 (full 1):
 PSYoungGen      total 142848K, used 5761K [0x00000000d5d80000, 0x00000000df480000, 0x0000000100000000)
  eden space 132096K, 0% used [0x00000000d5d80000,0x00000000d5d80000,0x00000000dde80000)
  from space 10752K, 53% used [0x00000000dea00000,0x00000000defa0658,0x00000000df480000)
  to   space 11264K, 0% used [0x00000000dde80000,0x00000000dde80000,0x00000000de980000)
 ParOldGen       total 88576K, used 67131K [0x0000000081800000, 0x0000000086e80000, 0x00000000d5d80000)
  object space 88576K, 75% used [0x0000000081800000,0x000000008598ed30,0x0000000086e80000)
 Metaspace       used 23973K, capacity 26637K, committed 26752K, reserved 1073152K
  class space    used 2786K, capacity 3624K, committed 3712K, reserved 1048576K
}
Event: 16.154 GC heap before
{Heap before GC invocations=12 (full 2):
 PSYoungGen      total 142848K, used 5761K [0x00000000d5d80000, 0x00000000df480000, 0x0000000100000000)
  eden space 132096K, 0% used [0x00000000d5d80000,0x00000000d5d80000,0x00000000dde80000)
  from space 10752K, 53% used [0x00000000dea00000,0x00000000defa0658,0x00000000df480000)
  to   space 11264K, 0% used [0x00000000dde80000,0x00000000dde80000,0x00000000de980000)
 ParOldGen       total 88576K, used 67131K [0x0000000081800000, 0x0000000086e80000, 0x00000000d5d80000)
  object space 88576K, 75% used [0x0000000081800000,0x000000008598ed30,0x0000000086e80000)
 Metaspace       used 23973K, capacity 26637K, committed 26752K, reserved 1073152K
  class space    used 2786K, capacity 3624K, committed 3712K, reserved 1048576K
Event: 16.235 GC heap after
Heap after GC invocations=12 (full 2):
 PSYoungGen      total 142848K, used 0K [0x00000000d5d80000, 0x00000000df480000, 0x0000000100000000)
  eden space 132096K, 0% used [0x00000000d5d80000,0x00000000d5d80000,0x00000000dde80000)
  from space 10752K, 0% used [0x00000000dea00000,0x00000000dea00000,0x00000000df480000)
  to   space 11264K, 0% used [0x00000000dde80000,0x00000000dde80000,0x00000000de980000)
 ParOldGen       total 88576K, used 44249K [0x0000000081800000, 0x0000000086e80000, 0x00000000d5d80000)
  object space 88576K, 49% used [0x0000000081800000,0x0000000084336508,0x0000000086e80000)
 Metaspace       used 23973K, capacity 26637K, committed 26752K, reserved 1073152K
  class space    used 2786K, capacity 3624K, committed 3712K, reserved 1048576K
}

Deoptimization events (10 events):
Event: 15.079 Thread 0x000000001a959000 Uncommon trap: reason=unstable_if action=reinterpret pc=0x0000000003894c4c method=java.util.regex.Matcher.match(II)Z @ 91
Event: 15.137 Thread 0x000000001a959000 Uncommon trap: reason=bimorphic action=maybe_recompile pc=0x00000000035886ec method=java.util.regex.Pattern$Slice.match(Ljava/util/regex/Matcher;ILjava/lang/CharSequence;)Z @ 75
Event: 15.152 Thread 0x000000001a959000 Uncommon trap: reason=bimorphic action=maybe_recompile pc=0x00000000035886ec method=java.util.regex.Pattern$Slice.match(Ljava/util/regex/Matcher;ILjava/lang/CharSequence;)Z @ 75
Event: 15.155 Thread 0x000000001a959000 Uncommon trap: reason=bimorphic action=maybe_recompile pc=0x00000000035886ec method=java.util.regex.Pattern$Slice.match(Ljava/util/regex/Matcher;ILjava/lang/CharSequence;)Z @ 75
Event: 15.177 Thread 0x000000001a959000 Uncommon trap: reason=predicate action=maybe_recompile pc=0x000000000382eec0 method=org.objectweb.asm.commons.GeneratorAdapter.loadArgs(II)V @ 15
Event: 15.532 Thread 0x000000001a959000 Uncommon trap: reason=unstable_if action=reinterpret pc=0x000000000396a550 method=java.lang.StringCoding.safeTrim([CILjava/nio/charset/Charset;Z)[C @ 7
Event: 15.602 Thread 0x000000001a959000 Uncommon trap: reason=unstable_if action=reinterpret pc=0x0000000003939ab4 method=java.util.concurrent.ConcurrentHashMap.putVal(Ljava/lang/Object;Ljava/lang/Object;Z)Ljava/lang/Object; @ 331
Event: 15.731 Thread 0x000000001a959000 Uncommon trap: reason=unstable_if action=reinterpret pc=0x0000000003838f80 method=java.util.concurrent.ConcurrentHashMap.get(Ljava/lang/Object;)Ljava/lang/Object; @ 86
Event: 16.244 Thread 0x000000001a959000 Uncommon trap: reason=unstable_if action=reinterpret pc=0x0000000003a70388 method=jdk.internal.org.objectweb.asm.ClassWriter.newNameTypeItem(Ljava/lang/String;Ljava/lang/String;)Ljdk/internal/org/objectweb/asm/Item; @ 22
Event: 16.252 Thread 0x000000001a959000 Uncommon trap: reason=unstable_if action=reinterpret pc=0x000000000373e8e0 method=sun.misc.URLClassPath.getLoader(I)Lsun/misc/URLClassPath$Loader; @ 79

Classes redefined (0 events):
No events

Internal exceptions (10 events):
Event: 4.269 Thread 0x0000000002ca9800 Exception <a 'java/security/PrivilegedActionException'> (0x00000000d7b09048) thrown at [C:\src\AOSP-openjdk-git\hotspot\src\share\vm\prims\jvm.cpp, line 1502]
Event: 4.617 Thread 0x000000001a959000 Implicit null exception at 0x000000000326aa30 to 0x000000000326aa9d
Event: 13.989 Thread 0x000000001a959000 Exception <a 'java/lang/NoSuchFieldError': method resolution failed> (0x00000000d720a608) thrown at [C:\src\AOSP-openjdk-git\hotspot\src\share\vm\prims\methodHandles.cpp, line 1167]
Event: 14.460 Thread 0x000000001a959000 Exception <a 'java/io/FileNotFoundException'> (0x00000000d97c1ad8) thrown at [C:\src\AOSP-openjdk-git\hotspot\src\share\vm\prims\jni.cpp, line 710]
Event: 15.427 Thread 0x000000001a959000 Exception <a 'java/lang/NoSuchFieldError': method resolution failed> (0x00000000dc4c3ff0) thrown at [C:\src\AOSP-openjdk-git\hotspot\src\share\vm\prims\methodHandles.cpp, line 1167]
Event: 15.600 Thread 0x000000001a959000 Exception <a 'java/lang/NoSuchFieldError': method resolution failed> (0x00000000dc9c8058) thrown at [C:\src\AOSP-openjdk-git\hotspot\src\share\vm\prims\methodHandles.cpp, line 1167]
Event: 16.251 Thread 0x000000001a959000 Exception <a 'java/security/PrivilegedActionException'> (0x00000000d5f254f0) thrown at [C:\src\AOSP-openjdk-git\hotspot\src\share\vm\prims\jvm.cpp, line 1502]
Event: 16.251 Thread 0x000000001a959000 Exception <a 'java/security/PrivilegedActionException'> (0x00000000d5f258e8) thrown at [C:\src\AOSP-openjdk-git\hotspot\src\share\vm\prims\jvm.cpp, line 1502]
Event: 16.252 Thread 0x000000001a959000 Exception <a 'java/security/PrivilegedActionException'> (0x00000000d5f27110) thrown at [C:\src\AOSP-openjdk-git\hotspot\src\share\vm\prims\jvm.cpp, line 1502]
Event: 16.252 Thread 0x000000001a959000 Exception <a 'java/security/PrivilegedActionException'> (0x00000000d5f27508) thrown at [C:\src\AOSP-openjdk-git\hotspot\src\share\vm\prims\jvm.cpp, line 1502]

Events (10 events):
Event: 16.379 loading class android/content/pm/PackageParser$Package
Event: 16.379 loading class android/content/pm/PackageParser$Package done
Event: 16.380 loading class android/content/pm/PackageParser$Package
Event: 16.380 loading class android/content/pm/PackageParser$Package done
Event: 16.380 loading class android/content/pm/split/DefaultSplitAssetLoader
Event: 16.380 loading class android/content/pm/split/DefaultSplitAssetLoader done
Event: 16.380 loading class android/content/res/AssetManager
Event: 16.380 loading class android/content/res/AssetManager done
Event: 16.382 loading class android/content/pm/PackageParser
Event: 16.382 loading class android/content/pm/PackageParser done


Dynamic libraries:
0x00007ff6e20b0000 - 0x00007ff6e20e1000 	C:\Program Files\Android\Android Studio\jre\bin\java.exe
0x00007fff93090000 - 0x00007fff93286000 	C:\WINDOWS\SYSTEM32\ntdll.dll
0x00007fff92730000 - 0x00007fff927ed000 	C:\WINDOWS\System32\KERNEL32.DLL
0x00007fff90c30000 - 0x00007fff90ef8000 	C:\WINDOWS\System32\KERNELBASE.dll
0x00007fff92890000 - 0x00007fff9293a000 	C:\WINDOWS\System32\ADVAPI32.dll
0x00007fff92ab0000 - 0x00007fff92b4e000 	C:\WINDOWS\System32\msvcrt.dll
0x00007fff91180000 - 0x00007fff9121b000 	C:\WINDOWS\System32\sechost.dll
0x00007fff91690000 - 0x00007fff917b4000 	C:\WINDOWS\System32\RPCRT4.dll
0x00007fff92400000 - 0x00007fff925a0000 	C:\WINDOWS\System32\USER32.dll
0x00007fff910d0000 - 0x00007fff910f2000 	C:\WINDOWS\System32\win32u.dll
0x00007fff92a20000 - 0x00007fff92a4a000 	C:\WINDOWS\System32\GDI32.dll
0x00007fff90a40000 - 0x00007fff90b49000 	C:\WINDOWS\System32\gdi32full.dll
0x00007fff90f00000 - 0x00007fff90f9d000 	C:\WINDOWS\System32\msvcp_win.dll
0x00007fff90fa0000 - 0x00007fff910a0000 	C:\WINDOWS\System32\ucrtbase.dll
0x00007fff8fc00000 - 0x00007fff8fe9b000 	C:\WINDOWS\WinSxS\amd64_microsoft.windows.common-controls_6595b64144ccf1df_6.0.19041.488_none_ca04af081b815d21\COMCTL32.dll
0x00007fff92860000 - 0x00007fff92890000 	C:\WINDOWS\System32\IMM32.DLL
0x0000000071960000 - 0x0000000071a32000 	C:\Program Files\Android\Android Studio\jre\jre\bin\msvcr100.dll
0x0000000070ed0000 - 0x000000007171b000 	C:\Program Files\Android\Android Studio\jre\jre\bin\server\jvm.dll
0x00007fff92850000 - 0x00007fff92858000 	C:\WINDOWS\System32\PSAPI.DLL
0x00007fff8b7b0000 - 0x00007fff8b7b9000 	C:\WINDOWS\SYSTEM32\WSOCK32.dll
0x00007fff925a0000 - 0x00007fff9260b000 	C:\WINDOWS\System32\WS2_32.dll
0x00007fff89040000 - 0x00007fff89067000 	C:\WINDOWS\SYSTEM32\WINMM.dll
0x00007fff89070000 - 0x00007fff8907a000 	C:\WINDOWS\SYSTEM32\VERSION.dll
0x00007fff8b7a0000 - 0x00007fff8b7af000 	C:\Program Files\Android\Android Studio\jre\jre\bin\verify.dll
0x00007fff5e000000 - 0x00007fff5e029000 	C:\Program Files\Android\Android Studio\jre\jre\bin\java.dll
0x00007fff80a30000 - 0x00007fff80a53000 	C:\Program Files\Android\Android Studio\jre\jre\bin\instrument.dll
0x00007fff5ee90000 - 0x00007fff5eea6000 	C:\Program Files\Android\Android Studio\jre\jre\bin\zip.dll
0x00007fff91890000 - 0x00007fff91fd0000 	C:\WINDOWS\System32\SHELL32.dll
0x00007fff8e2d0000 - 0x00007fff8ea64000 	C:\WINDOWS\SYSTEM32\windows.storage.dll
0x00007fff912d0000 - 0x00007fff91625000 	C:\WINDOWS\System32\combase.dll
0x00007fff8fb60000 - 0x00007fff8fb8c000 	C:\WINDOWS\SYSTEM32\Wldp.dll
0x00007fff92940000 - 0x00007fff929ee000 	C:\WINDOWS\System32\SHCORE.dll
0x00007fff927f0000 - 0x00007fff92845000 	C:\WINDOWS\System32\shlwapi.dll
0x00007fff90710000 - 0x00007fff90736000 	C:\WINDOWS\SYSTEM32\profapi.dll
0x00007fff90190000 - 0x00007fff901aa000 	C:\Program Files\Android\Android Studio\bin\breakgen64.dll
0x00007fff5d1e0000 - 0x00007fff5d1fa000 	C:\Program Files\Android\Android Studio\jre\jre\bin\net.dll
0x00007fff8f900000 - 0x00007fff8f96a000 	C:\WINDOWS\system32\mswsock.dll
0x00007fff5c310000 - 0x00007fff5c323000 	C:\Program Files\Android\Android Studio\jre\jre\bin\nio.dll
0x00007fff90570000 - 0x00007fff90588000 	C:\WINDOWS\SYSTEM32\CRYPTSP.dll
0x00007fff8f290000 - 0x00007fff8f2c4000 	C:\WINDOWS\system32\rsaenh.dll
0x00007fff910a0000 - 0x00007fff910c7000 	C:\WINDOWS\System32\bcrypt.dll
0x00007fff90690000 - 0x00007fff906be000 	C:\WINDOWS\SYSTEM32\USERENV.dll
0x00007fff90b50000 - 0x00007fff90bcf000 	C:\WINDOWS\System32\bcryptprimitives.dll
0x00007fff8fad0000 - 0x00007fff8fadc000 	C:\WINDOWS\SYSTEM32\CRYPTBASE.dll
0x00007fff8f5f0000 - 0x00007fff8f62b000 	C:\WINDOWS\SYSTEM32\IPHLPAPI.DLL
0x00007fff92a10000 - 0x00007fff92a19000 	C:\WINDOWS\System32\NSI.dll
0x00007fff806a0000 - 0x00007fff806b7000 	C:\WINDOWS\SYSTEM32\dhcpcsvc6.DLL
0x00007fff80f40000 - 0x00007fff80f5d000 	C:\WINDOWS\SYSTEM32\dhcpcsvc.DLL
0x00007fff8f630000 - 0x00007fff8f6fb000 	C:\WINDOWS\SYSTEM32\DNSAPI.dll
0x00007fff548f0000 - 0x00007fff54914000 	C:\Program Files\Android\Android Studio\jre\jre\bin\sunec.dll
0x00007fff7e600000 - 0x00007fff7e60b000 	C:\Program Files\Android\Android Studio\jre\jre\bin\sunmscapi.dll
0x00007fff907e0000 - 0x00007fff9093d000 	C:\WINDOWS\System32\CRYPT32.dll

VM Arguments:
jvm_args: -ea -Didea.test.cyclic.buffer.size=1048576 -javaagent:C:\Program Files\Android\Android Studio\lib\idea_rt.jar=51328:C:\Program Files\Android\Android Studio\bin -Dfile.encoding=UTF-8 
java_command: com.intellij.rt.junit.JUnitStarter -ideVersion5 -junit4 org.aplas.soccermatch.TestB3MultiActivities041
java_class_path (initial): C:\Program Files\Android\Android Studio\lib\idea_rt.jar;C:\Program Files\Android\Android Studio\plugins\junit\lib\junit5-rt.jar;C:\Program Files\Android\Android Studio\plugins\junit\lib\junit-rt.jar;C:\Users\Encrypted\AppData\Local\Android\Sdk\platforms\android-28\data\res;D:\Kuliah\Sem5\Mobile\Aplas\Aplas\SoccerMatch\app\build\intermediates\javac\debugUnitTest\classes;D:\Kuliah\Sem5\Mobile\Aplas\Aplas\SoccerMatch\app\build\intermediates\javac\debug\classes;D:\Kuliah\Sem5\Mobile\Aplas\Aplas\SoccerMatch\app\build\intermediates\compile_and_runtime_not_namespaced_r_class_jar\debug\R.jar;D:\Kuliah\Sem5\Mobile\Aplas\Aplas\SoccerMatch\app\build\intermediates\unit_test_config_directory\debugUnitTest\out;D:\Kuliah\Sem5\Mobile\Aplas\Aplas\SoccerMatch\app\build\generated\res\resValues\debug;C:\Users\Encrypted\.gradle\caches\modules-2\files-2.1\androidx.lifecycle\lifecycle-common\2.2.0\4ef09a745007778eef83b92f8f23987a8ea59496\lifecycle-common-2.2.0.jar;C:\Users\Encrypted\.gradle\caches\modules-2\files-2.1\androidx.collection\collection-ktx\1.1.0\f807b2f366f7b75142a67d2f3c10031065b5168\collection-ktx-1.1.0.jar;C:\Users\Encrypted\.gradle\caches\modules-2\files-2.1\androidx.collection\collection\1.1.0\1f27220b47669781457de0d600849a5de0e89909\collection-1.1.0.jar;C:\Users\Encrypted\.gradle\caches\modules-2\files-2.1\androidx.arch.core\core-common\2.1.0\b3152fc64428c9354344bd89848ecddc09b6f07e\core-common-2.1.0.jar;C:\Users\Encrypted\.gradle\caches\modules-2\files-2.1\androidx.annotation\annotation\1.1.0\e3a6fb2f40e3a3842e6b7472628ba4ce416ea4c8\annotation-1.1.0.jar;C:\Users\Encrypted\.gradle\caches\modules-2\files-2.1\androidx.constraintlayout\constraintlayout-solver\1.1.3\54abe9ffb22cc9019b0b6fcc10f185cc4e67b34e\constraintlayout-solver-1.1.3.jar;C:\Users\Encrypted\.gradle\caches\modules-2\files-2.1\org.jetbrains.kotlinx\kotlinx-coroutines-android\1.3.0\804a29e0b22cfb30e04487574ad1cb888daa716d\kotlinx-coroutines-android-1.3.0.jar;C:\Users\Encrypted\.gra
Launcher Type: SUN_STANDARD

Environment Variables:
PATH=C:\Program Files (x86)\Common Files\Intel\Shared Libraries\redist\intel64\compiler;C:\Program Files (x86)\Common Files\Oracle\Java\javapath;C:\Program Files (x86)\Common Files\Intel\Shared Files\cpp\bin\Intel64;C:\ProgramData\Oracle\Java\javapath;C:\WINDOWS\system32;C:\WINDOWS;C:\WINDOWS\System32\Wbem;C:\WINDOWS\System32\WindowsPowerShell\v1.0\;C:\WINDOWS\System32\OpenSSH\;C:\Program Files\Git\cmd;C:\Program Files\Microsoft SQL Server\Client SDK\ODBC\170\Tools\Binn\;C:\Program Files (x86)\Microsoft SQL Server\150\Tools\Binn\;C:\Program Files\Microsoft SQL Server\150\Tools\Binn\;C:\Program Files\Microsoft SQL Server\150\DTS\Binn\;C:\Program Files (x86)\Microsoft SQL Server\150\DTS\Binn\;C:\Program Files\nodejs\;C:\xampp\php;C:\ProgramData\ComposerSetup\bin;C:\Program Files\gradle-6.6.1\bin;C:\Program Files\Microsoft SQL Server\130\Tools\Binn\;C:\Program Files (x86)\Microsoft SQL Server\110\DTS\Binn\;C:\Program Files (x86)\Microsoft SQL Server\120\DTS\Binn\;C:\Program Files (x86)\Microsoft SQL Server\130\DTS\Binn\;C:\Program Files (x86)\Microsoft SQL Server\140\DTS\Binn\;C:\cygnus\cygwin-b20\H-i586-cygwin32\bin;C:\Users\Encrypted\AppData\Local\Microsoft\WindowsApps;C:\Users\Encrypted\AppData\Local\Programs\Microsoft VS Code\bin;C:\Users\Encrypted\AppData\Local\GitHubDesktop\bin;C:\Users\Encrypted\AppData\Local\Microsoft\WindowsApps;C:\Users\Encrypted\AppData\Roaming\npm;C:\Users\Encrypted\AppData\Roaming\Composer\vendor\bin;C:\Program Files\heroku\bin;
USERNAME=Encrypted
OS=Windows_NT
PROCESSOR_IDENTIFIER=Intel64 Family 6 Model 69 Stepping 1, GenuineIntel



---------------  S Y S T E M  ---------------

OS: Windows 10.0 , 64 bit Build 19041 (10.0.19041.546)

CPU:total 4 (initial active 4) (2 cores per cpu, 2 threads per core) family 6 model 69 stepping 1, cmov, cx8, fxsr, mmx, sse, sse2, sse3, ssse3, sse4.1, sse4.2, popcnt, avx, avx2, aes, clmul, erms, lzcnt, ht, tsc, tscinvbit, bmi1, bmi2

Memory: 4k page, physical 8285320k(471028k free), swap 10238088k(5188k free)

vm_info: OpenJDK 64-Bit Server VM (25.242-b01) for windows-amd64 JRE (1.8.0_242-release-1644-b01), built by "builder" with MS VC++ 10.0 (VS2010)

time: Mon Oct 26 01:53:46 2020
timezone: SE Asia Standard Time
elapsed time: 16 seconds (0d 0h 0m 16s)

