JvmtiExport can_access_local_variables 0
JvmtiExport can_hotswap_or_post_breakpoint 0
JvmtiExport can_post_on_exceptions 0
# 310 ciObject found
ciMethod java/lang/Object <init> ()V 4097 1 1934886 0 0
ciMethod java/lang/Object toString ()Ljava/lang/String; 0 0 4 0 -1
ciMethod java/lang/String <init> ([CII)V 4097 1 9829 0 704
ciMethod java/lang/String length ()I 4097 1 446253 0 0
ciMethod java/lang/String charAt (I)C 4097 1 1921538 0 128
ciMethod java/lang/String getChars (II[CI)V 4097 1 5773 0 320
ciMethod java/lang/String indexOf (I)I 4097 1 191905 0 352
ciMethod java/lang/String indexOf (II)I 1665 122881 1347 0 448
ciMethod java/lang/String indexOfSupplementary (II)I 0 0 1 0 -1
ciMethod java/lang/String substring (II)Ljava/lang/String; 4097 1 9032 0 992
ciMethod java/lang/System arraycopy (Ljava/lang/Object;ILjava/lang/Object;II)V 22529 1 2816 0 -1
ciMethod java/lang/AbstractStringBuilder <init> (I)V 3313 1 155100 0 0
ciMethod java/lang/AbstractStringBuilder ensureCapacityInternal (I)V 4097 1 440495 0 0
ciMethod java/lang/AbstractStringBuilder newCapacity (I)I 3025 1 5506 0 160
ciMethod java/lang/AbstractStringBuilder hugeCapacity (I)I 0 0 1 0 -1
ciMethod java/lang/AbstractStringBuilder append (Ljava/lang/String;)Ljava/lang/AbstractStringBuilder; 4097 1 9450 0 992
ciMethod java/lang/AbstractStringBuilder appendNull ()Ljava/lang/AbstractStringBuilder; 0 0 1 0 -1
ciMethod java/lang/AbstractStringBuilder append (C)Ljava/lang/AbstractStringBuilder; 4097 1 424757 0 832
ciMethod java/lang/StringBuilder <init> (I)V 193 1 7143 0 0
ciMethod java/lang/StringBuilder append (Ljava/lang/String;)Ljava/lang/StringBuilder; 4097 1 396982 0 992
ciMethod java/lang/StringBuilder append (C)Ljava/lang/StringBuilder; 4097 1 184940 0 832
ciMethod java/lang/StringBuilder toString ()Ljava/lang/String; 2945 1 134019 0 832
ciMethod java/nio/Buffer <init> (IIII)V 9785 1 1456 0 0
ciMethod java/nio/Buffer position ()I 1209 1 151 0 0
ciMethod java/nio/Buffer position (I)Ljava/nio/Buffer; 1321 1 26072 0 128
ciMethod java/nio/Buffer limit ()I 1121 1 140 0 0
ciMethod java/nio/Buffer limit (I)Ljava/nio/Buffer; 11241 1 1494 0 0
ciMethod java/nio/Buffer clear ()Ljava/nio/Buffer; 673 1 1083 0 0
ciMethod java/nio/Buffer flip ()Ljava/nio/Buffer; 1377 1 1123 0 0
ciMethod java/nio/Buffer remaining ()I 1697 1 20734 0 0
ciMethod java/nio/Buffer hasRemaining ()Z 24337 1 3042 0 0
ciMethod java/nio/Buffer nextPutIndex ()I 337 1 5162 0 0
ciMethod java/lang/Character isSupplementaryCodePoint (I)Z 0 0 1 0 -1
ciMethod java/lang/Character isSurrogate (C)Z 1 1 99360 0 -1
ciMethod java/lang/Character highSurrogate (I)C 0 0 1 0 -1
ciMethod java/lang/Character lowSurrogate (I)C 0 0 1 0 -1
ciMethod java/lang/Character digit (CI)I 2089 1 5248 0 -1
ciMethod java/lang/Integer parseInt (Ljava/lang/String;I)I 25425 136329 3705 0 0
ciMethod java/lang/Math min (II)I 4097 1 100279 0 -1
ciMethod java/util/Arrays copyOf ([CI)[C 3441 1 28673 0 0
ciMethod java/util/Arrays copyOfRange ([CII)[C 4097 1 10343 0 512
ciMethod java/lang/ThreadLocal get ()Ljava/lang/Object; 2049 1 14199 0 -1
ciMethod java/lang/ThreadLocal set (Ljava/lang/Object;)V 81 1 25 0 -1
ciMethod java/nio/ByteBuffer <init> (IIII[BI)V 5617 1 933 0 0
ciMethod java/nio/ByteBuffer allocate (I)Ljava/nio/ByteBuffer; 201 1 284 0 0
ciMethod java/nio/ByteBuffer get ()B 0 0 1 0 -1
ciMethod java/nio/ByteBuffer put (B)Ljava/nio/ByteBuffer; 0 0 1 0 -1
ciMethod java/nio/ByteBuffer hasArray ()Z 2241 1 284 0 0
ciMethod java/nio/ByteBuffer array ()[B 2577 1 3676 0 -1
ciMethod java/nio/ByteBuffer arrayOffset ()I 2057 1 1380 0 -1
ciMethod java/nio/HeapByteBuffer <init> (II)V 201 1 284 0 0
ciMethod java/nio/HeapByteBuffer ix (I)I 385 1 158480 0 0
ciMethod java/nio/HeapByteBuffer put (B)Ljava/nio/ByteBuffer; 337 1 532 0 0
ciMethod java/nio/Bits byteOrder ()Ljava/nio/ByteOrder; 2729 1 341 0 0
ciMethodData java/lang/Object <init> ()V 2 1934886 orig 264 88 29 72 113 0 0 0 0 128 4 200 22 0 0 0 0 32 1 0 0 0 0 0 0 0 0 0 0 0 0 0 0 0 0 0 0 0 0 0 0 0 0 0 0 0 0 0 0 0 0 0 0 0 0 0 0 0 0 0 0 0 0 0 0 0 0 0 0 0 0 0 0 0 0 0 0 0 0 0 0 77 68 79 32 101 120 116 114 97 32 100 97 116 97 32 108 111 99 107 0 0 0 0 0 0 0 0 0 0 0 0 0 0 0 0 0 0 0 0 0 0 0 0 0 0 0 0 0 0 0 0 0 0 0 0 0 0 0 0 0 0 0 0 0 0 0 0 0 0 0 0 0 0 0 0 0 0 0 0 0 0 0 0 0 0 0 0 0 0 0 0 0 0 0 0 0 0 0 0 0 0 0 0 0 1 0 0 0 0 0 0 0 1 0 0 0 0 0 0 0 1 0 0 0 0 0 0 0 0 0 0 0 0 0 0 0 0 2 0 0 49 33 236 0 1 0 0 0 0 0 0 0 0 0 0 0 2 0 0 0 0 0 3 0 1 0 0 0 0 0 0 0 255 255 255 255 0 0 0 0 0 0 0 0 data 0 oops 0
ciMethod sun/nio/cs/UTF_8$Decoder isNotContinuation (I)Z 0 0 1 0 -1
ciMethod sun/nio/cs/UTF_8$Decoder isMalformed3 (III)Z 0 0 1 0 -1
ciMethod sun/nio/cs/UTF_8$Decoder isMalformed3_2 (II)Z 0 0 1 0 -1
ciMethod sun/nio/cs/UTF_8$Decoder isMalformed4 (III)Z 0 0 1 0 -1
ciMethod sun/nio/cs/UTF_8$Decoder isMalformed4_2 (II)Z 0 0 1 0 -1
ciMethod sun/nio/cs/UTF_8$Decoder isMalformed4_3 (I)Z 0 0 1 0 -1
ciMethod sun/nio/cs/UTF_8$Decoder malformed (Ljava/nio/ByteBuffer;ILjava/nio/CharBuffer;II)Ljava/nio/charset/CoderResult; 0 0 1 0 -1
ciMethod sun/nio/cs/UTF_8$Decoder malformed (Ljava/nio/ByteBuffer;II)Ljava/nio/charset/CoderResult; 0 0 1 0 -1
ciMethod sun/nio/cs/UTF_8$Decoder malformedForLength (Ljava/nio/ByteBuffer;ILjava/nio/CharBuffer;II)Ljava/nio/charset/CoderResult; 0 0 1 0 -1
ciMethod sun/nio/cs/UTF_8$Decoder malformedForLength (Ljava/nio/ByteBuffer;II)Ljava/nio/charset/CoderResult; 0 0 1 0 -1
ciMethod sun/nio/cs/UTF_8$Decoder xflow (Ljava/nio/Buffer;IILjava/nio/Buffer;II)Ljava/nio/charset/CoderResult; 2089 1 261 0 -1
ciMethod sun/nio/cs/UTF_8$Decoder xflow (Ljava/nio/Buffer;II)Ljava/nio/charset/CoderResult; 0 0 1 0 -1
ciMethod sun/nio/cs/UTF_8$Decoder decodeArrayLoop (Ljava/nio/ByteBuffer;Ljava/nio/CharBuffer;)Ljava/nio/charset/CoderResult; 6329 31785 759 0 0
ciMethod sun/nio/cs/UTF_8$Decoder decodeBufferLoop (Ljava/nio/ByteBuffer;Ljava/nio/CharBuffer;)Ljava/nio/charset/CoderResult; 0 0 1 0 0
ciMethod sun/nio/cs/UTF_8$Decoder decodeLoop (Ljava/nio/ByteBuffer;Ljava/nio/CharBuffer;)Ljava/nio/charset/CoderResult; 5529 1 659 0 0
ciMethod java/nio/charset/CharsetDecoder onMalformedInput (Ljava/nio/charset/CodingErrorAction;)Ljava/nio/charset/CharsetDecoder; 8041 1 3814 0 0
ciMethod java/nio/charset/CharsetDecoder implOnMalformedInput (Ljava/nio/charset/CodingErrorAction;)V 409 1 2876 0 0
ciMethod java/nio/charset/CharsetDecoder onUnmappableCharacter (Ljava/nio/charset/CodingErrorAction;)Ljava/nio/charset/CharsetDecoder; 8033 1 3814 0 0
ciMethod java/nio/charset/CharsetDecoder implOnUnmappableCharacter (Ljava/nio/charset/CodingErrorAction;)V 409 1 2877 0 0
ciMethod java/nio/charset/CharsetDecoder decode (Ljava/nio/ByteBuffer;Ljava/nio/CharBuffer;Z)Ljava/nio/charset/CoderResult; 4449 1 797 0 0
ciMethod java/nio/charset/CharsetDecoder flush (Ljava/nio/CharBuffer;)Ljava/nio/charset/CoderResult; 4241 1 757 0 0
ciMethod java/nio/charset/CharsetDecoder implFlush (Ljava/nio/CharBuffer;)Ljava/nio/charset/CoderResult; 2409 1 301 0 0
ciMethod java/nio/charset/CharsetDecoder reset ()Ljava/nio/charset/CharsetDecoder; 13297 1 7827 0 0
ciMethod java/nio/charset/CharsetDecoder implReset ()V 16873 1 6617 0 0
ciMethod java/nio/charset/CharsetDecoder decodeLoop (Ljava/nio/ByteBuffer;Ljava/nio/CharBuffer;)Ljava/nio/charset/CoderResult; 0 0 1 0 -1
ciMethod java/nio/charset/CharsetDecoder throwIllegalStateException (II)V 0 0 1 0 0
ciMethodData java/lang/String charAt (I)C 2 1921547 orig 264 88 29 72 113 0 0 0 0 176 61 200 22 0 0 0 0 120 1 0 0 32 0 0 0 0 0 0 0 0 0 0 0 0 0 0 0 0 0 0 0 0 0 0 0 0 0 0 0 0 0 0 0 0 0 0 0 0 0 0 0 0 0 0 0 0 0 0 0 0 0 0 0 0 0 0 0 0 0 0 0 77 68 79 32 101 120 116 114 97 32 100 97 116 97 32 108 111 99 107 0 0 0 0 0 0 0 0 0 0 0 0 0 0 0 0 0 0 0 0 0 0 0 0 0 0 0 0 0 0 0 0 0 0 0 0 0 0 0 0 0 0 0 0 0 0 0 0 0 0 0 0 0 0 0 0 0 0 0 0 0 0 0 0 1 0 0 0 0 0 0 0 0 0 0 0 0 0 0 0 0 0 0 0 0 25 0 0 0 0 0 0 0 0 0 0 0 0 0 0 0 1 0 0 0 0 0 0 0 0 0 0 0 0 0 0 0 0 2 0 0 89 128 234 0 1 0 0 0 0 0 0 0 0 0 0 0 2 0 0 0 0 0 0 0 0 0 0 0 80 0 0 0 255 255 255 255 7 0 1 0 0 0 0 0 data 10 0x10007 0x0 0x40 0x1d500b 0xa0007 0x1d500b 0x30 0x0 0x120002 0x0 oops 0
ciMethod java/nio/CharBuffer <init> (IIII[CI)V 713 1 473 0 0
ciMethod java/nio/CharBuffer allocate (I)Ljava/nio/CharBuffer; 169 1 268 0 0
ciMethod java/nio/CharBuffer put (C)Ljava/nio/CharBuffer; 0 0 1 0 -1
ciMethod java/nio/CharBuffer put (Ljava/lang/String;II)Ljava/nio/CharBuffer; 0 0 1 0 -1
ciMethod java/nio/CharBuffer put (Ljava/lang/String;)Ljava/nio/CharBuffer; 0 0 1 0 0
ciMethod java/nio/CharBuffer hasArray ()Z 2241 1 284 0 0
ciMethod java/nio/CharBuffer array ()[C 2257 1 284 0 -1
ciMethod java/nio/CharBuffer arrayOffset ()I 2081 1 1334 0 -1
ciMethod java/nio/CharBuffer toString ()Ljava/lang/String; 337 1 549 0 0
ciMethod java/nio/CharBuffer toString (II)Ljava/lang/String; 0 0 1 0 -1
ciMethod java/nio/HeapCharBuffer <init> (II)V 169 1 268 0 0
ciMethod java/nio/HeapCharBuffer toString (II)Ljava/lang/String; 337 1 548 0 0
ciMethod java/nio/charset/CoderResult isUnderflow ()Z 737 1 975 0 0
ciMethod java/nio/charset/CoderResult isOverflow ()Z 2753 1 344 0 0
ciMethod java/nio/charset/CoderResult isError ()Z 673 1 976 0 0
ciMethod java/nio/charset/CoderResult isMalformed ()Z 0 0 1 0 0
ciMethod java/nio/charset/CoderResult isUnmappable ()Z 0 0 1 0 0
ciMethod java/nio/charset/CoderResult length ()I 0 0 1 0 0
ciMethod java/nio/charset/CoderResult malformedForLength (I)Ljava/nio/charset/CoderResult; 0 0 1 0 0
ciMethod java/nio/charset/CoderResult$Cache access$200 (Ljava/nio/charset/CoderResult$Cache;I)Ljava/nio/charset/CoderResult; 0 0 1 0 -1
ciMethod sun/net/www/ParseUtil unescape (Ljava/lang/String;I)B 337 1 488 0 0
ciMethod sun/net/www/ParseUtil decode (Ljava/lang/String;)Ljava/lang/String; 21433 32305 6519 0 -1
ciMethodData java/lang/String length ()I 2 446253 orig 264 88 29 72 113 0 0 0 0 96 60 200 22 0 0 0 0 32 1 0 0 0 0 0 0 0 0 0 0 0 0 0 0 0 0 0 0 0 0 0 0 0 0 0 0 0 0 0 0 0 0 0 0 0 0 0 0 0 0 0 0 0 0 0 0 0 0 0 0 0 0 0 0 0 0 0 0 0 0 0 0 77 68 79 32 101 120 116 114 97 32 100 97 116 97 32 108 111 99 107 0 0 0 0 0 0 0 0 0 0 0 0 0 0 0 0 0 0 0 0 0 0 0 0 0 0 0 0 0 0 0 0 0 0 0 0 0 0 0 0 0 0 0 0 0 0 0 0 0 0 0 0 0 0 0 0 0 0 0 0 0 0 0 0 0 0 0 0 0 0 0 0 0 0 0 0 0 0 0 0 0 0 0 0 0 1 0 0 0 0 0 0 0 0 0 0 0 0 0 0 0 1 0 0 0 0 0 0 0 0 0 0 0 0 0 0 0 0 2 0 0 105 105 54 0 1 0 0 0 0 0 0 0 0 0 0 0 2 0 0 0 0 0 3 0 1 0 0 0 0 0 0 0 255 255 255 255 0 0 0 0 0 0 0 0 data 0 oops 0
ciMethodData java/lang/String indexOf (II)I 2 108165 orig 264 88 29 72 113 0 0 0 0 128 81 200 22 0 0 0 0 16 2 0 0 88 0 0 0 0 0 0 0 0 0 0 0 0 0 0 0 0 0 0 0 0 0 0 0 0 0 0 0 0 0 0 0 0 0 0 0 0 0 0 0 0 0 0 0 0 0 0 0 0 0 0 0 0 0 0 0 0 0 0 0 77 68 79 32 101 120 116 114 97 32 100 97 116 97 32 108 111 99 107 0 0 0 0 0 0 0 0 0 0 0 0 0 0 0 0 0 0 0 0 0 0 0 0 0 0 0 0 0 0 0 0 0 0 0 0 0 0 0 0 0 0 0 0 0 0 0 0 0 0 0 0 0 0 0 0 0 0 0 0 0 0 0 0 0 0 0 0 0 0 0 0 0 0 0 0 0 0 0 0 0 0 0 0 0 17 0 0 0 0 0 0 0 0 0 0 0 0 0 0 0 1 0 0 0 0 0 0 0 0 0 0 0 0 0 0 0 0 60 0 0 153 35 0 0 41 84 11 0 0 0 0 0 0 0 0 0 2 0 0 0 0 0 0 0 0 0 0 0 224 0 0 0 255 255 255 255 7 0 7 0 0 0 0 0 data 28 0x70007 0x473 0x38 0x0 0xc0003 0x0 0x38 0x110007 0x3c3 0x20 0xb0 0x190007 0x0 0x78 0x3c3 0x280007 0x3ab 0x58 0x16a2b 0x310007 0x16a13 0x20 0x18 0x3a0003 0x16a13 0xffffffffffffffc0 0x420002 0x0 oops 0
ciMethodData java/lang/String <init> ([CII)V 2 9829 orig 264 88 29 72 113 0 0 0 0 160 49 200 22 0 0 0 0 80 2 0 0 208 0 0 0 0 0 0 0 0 0 0 0 0 0 0 0 0 0 0 0 0 0 0 0 0 0 0 0 0 0 0 0 0 0 0 0 0 0 0 0 0 0 0 0 0 0 0 0 0 0 0 0 0 0 0 0 0 0 0 0 77 68 79 32 101 120 116 114 97 32 100 97 116 97 32 108 111 99 107 0 0 0 0 0 0 0 0 0 0 0 0 0 0 0 0 0 0 0 0 0 0 0 0 0 0 0 0 0 0 0 0 0 0 0 0 0 0 0 0 0 0 0 0 0 0 0 0 0 0 0 0 0 0 0 0 0 0 0 0 0 0 0 0 0 0 0 0 0 0 0 0 0 0 0 0 0 0 0 0 0 0 0 0 0 0 0 0 0 0 0 0 0 0 0 0 0 0 0 0 0 0 0 0 0 0 0 0 0 0 0 0 0 0 0 0 0 0 2 0 0 41 35 1 0 1 0 0 0 0 0 0 0 0 0 0 0 2 0 0 0 0 0 14 0 2 0 0 0 240 0 0 0 255 255 255 255 2 0 1 0 0 0 0 0 data 30 0x10002 0x2465 0x50007 0x2465 0x30 0x0 0xd0002 0x0 0x120007 0x2455 0x70 0x10 0x160007 0x10 0x30 0x0 0x1e0002 0x0 0x250007 0x0 0x20 0x10 0x370007 0x2455 0x30 0x0 0x410002 0x0 0x4b0002 0x2455 oops 0
ciMethodData java/util/Arrays copyOfRange ([CII)[C 2 10343 orig 264 88 29 72 113 0 0 0 0 8 67 218 22 0 0 0 0 120 2 0 0 240 0 0 0 0 0 0 0 0 0 0 0 0 0 0 0 0 0 0 0 0 0 0 0 0 0 0 0 0 0 0 0 0 0 0 0 0 0 0 0 0 0 0 0 0 0 0 0 0 0 0 0 0 0 0 0 0 0 0 0 77 68 79 32 101 120 116 114 97 32 100 97 116 97 32 108 111 99 107 0 0 0 0 0 0 0 0 0 0 0 0 0 0 0 0 0 0 0 0 0 0 0 0 0 0 0 0 0 0 0 0 0 0 0 0 0 0 0 0 0 0 0 0 0 0 0 0 0 0 0 0 0 0 0 0 0 0 0 0 0 0 0 0 0 0 0 0 0 0 0 0 0 0 0 0 0 0 0 0 0 0 0 0 0 29 0 0 0 0 0 0 0 0 0 0 0 0 0 0 0 0 0 0 0 0 0 0 0 0 0 0 0 0 0 0 0 0 2 0 0 57 51 1 0 1 0 0 0 0 0 0 0 0 0 0 0 2 0 0 0 0 0 9 0 2 0 0 0 32 1 0 0 255 255 255 255 7 0 5 0 0 0 0 0 data 36 0x50007 0x2667 0x100 0x0 0x100002 0x0 0x140005 0x0 0x0 0x0 0x0 0x0 0x190005 0x0 0x0 0x0 0x0 0x0 0x1d0005 0x0 0x0 0x0 0x0 0x0 0x200005 0x0 0x0 0x0 0x0 0x0 0x230002 0x0 0x360002 0x2667 0x390002 0x2667 oops 0
ciMethodData java/lang/String indexOf (I)I 2 191905 orig 264 88 29 72 113 0 0 0 0 152 80 200 22 0 0 0 0 128 1 0 0 0 0 0 0 0 0 0 0 0 0 0 0 0 0 0 0 0 0 0 0 0 0 0 0 0 0 0 0 0 0 0 0 0 0 0 0 0 0 0 0 0 0 0 0 0 0 0 0 0 0 0 0 0 0 0 0 0 0 0 0 77 68 79 32 101 120 116 114 97 32 100 97 116 97 32 108 111 99 107 0 0 0 0 0 0 0 0 0 0 0 0 0 0 0 0 0 0 0 0 0 0 0 0 0 0 0 0 0 0 0 0 0 0 0 0 0 0 0 0 0 0 0 0 0 0 0 0 0 0 0 0 0 0 0 0 0 0 0 0 0 0 0 0 0 0 0 0 0 0 0 0 0 0 0 0 0 0 0 0 0 0 0 0 0 17 0 0 0 0 0 0 0 0 0 0 0 0 0 0 0 1 0 0 0 0 0 0 0 0 0 0 0 0 0 0 0 0 2 0 0 9 93 23 0 1 0 0 0 0 0 0 0 0 0 0 0 2 0 0 0 0 0 3 0 2 0 0 0 48 0 0 0 255 255 255 255 5 0 3 0 0 0 0 0 data 6 0x30005 0x325 0x280c730 0x2e87c 0x0 0x0 oops 1 2 java/lang/String
ciMethodData java/lang/String substring (II)Ljava/lang/String; 2 9032 orig 264 88 29 72 113 0 0 0 0 184 92 200 22 0 0 0 0 40 2 0 0 208 0 0 0 0 0 0 0 0 0 0 0 0 0 0 0 0 0 0 0 0 0 0 0 0 0 0 0 0 0 0 0 0 0 0 0 0 0 0 0 0 0 0 0 0 0 0 0 0 0 0 0 0 0 0 0 0 0 0 0 77 68 79 32 101 120 116 114 97 32 100 97 116 97 32 108 111 99 107 0 0 0 0 0 0 0 0 0 0 0 0 0 0 0 0 0 0 0 0 0 0 0 0 0 0 0 0 0 0 0 0 0 0 0 0 0 0 0 0 0 0 0 0 0 0 0 0 0 0 0 0 0 0 0 0 0 0 0 0 0 0 0 0 0 0 0 0 0 0 0 0 0 0 0 0 0 0 0 0 0 0 0 0 0 25 0 0 0 0 0 0 0 0 0 0 0 0 0 0 0 0 0 0 0 0 0 0 0 0 0 0 0 0 0 0 0 0 2 0 0 65 10 1 0 1 0 0 0 0 0 0 0 0 0 0 0 2 0 0 0 0 0 15 0 2 0 0 0 248 0 0 0 255 255 255 255 7 0 1 0 0 0 0 0 data 31 0x10007 0x2148 0x30 0x0 0x90002 0x0 0x130007 0x2148 0x30 0x0 0x1b0002 0x0 0x240007 0x2148 0x30 0x0 0x2c0002 0x0 0x310007 0x165 0x58 0x1fe3 0x3a0007 0x82a 0x38 0x17b9 0x3e0003 0x17b9 0x28 0x4b0002 0x98f oops 0
ciMethodData java/lang/AbstractStringBuilder ensureCapacityInternal (I)V 2 440495 orig 264 88 29 72 113 0 0 0 0 144 88 207 22 0 0 0 0 144 1 0 0 0 0 0 0 0 0 0 0 0 0 0 0 0 0 0 0 0 0 0 0 0 0 0 0 0 0 0 0 0 0 0 0 0 0 0 0 0 0 0 0 0 0 0 0 0 0 0 0 0 0 0 0 0 0 0 0 0 0 0 0 77 68 79 32 101 120 116 114 97 32 100 97 116 97 32 108 111 99 107 0 0 0 0 0 0 0 0 0 0 0 0 0 0 0 0 0 0 0 0 0 0 0 0 0 0 0 0 0 0 0 0 0 0 0 0 0 0 0 0 0 0 0 0 0 0 0 0 0 0 0 0 0 0 0 0 0 0 0 0 0 0 0 0 0 0 0 0 0 0 0 0 0 0 0 0 0 0 0 0 0 0 0 0 0 17 0 0 0 0 0 0 0 0 0 0 0 0 0 0 0 1 0 0 0 0 0 0 0 0 0 0 0 0 0 0 0 0 2 0 0 121 181 53 0 1 0 0 0 0 0 0 0 0 0 0 0 2 0 0 0 0 0 11 0 2 0 0 0 64 0 0 0 255 255 255 255 7 0 7 0 0 0 0 0 data 8 0x70007 0x67ce3 0x40 0x39cc 0x110002 0x39cc 0x140002 0x39cc oops 0
ciMethodData java/lang/String getChars (II[CI)V 2 5773 orig 264 88 29 72 113 0 0 0 0 8 66 200 22 0 0 0 0 8 2 0 0 128 0 0 0 0 0 0 0 0 0 0 0 0 0 0 0 0 0 0 0 0 0 0 0 0 0 0 0 0 0 0 0 0 0 0 0 0 0 0 0 0 0 0 0 0 0 0 0 0 0 0 0 0 0 0 0 0 0 0 0 77 68 79 32 101 120 116 114 97 32 100 97 116 97 32 108 111 99 107 0 0 0 0 0 0 0 0 0 0 0 0 0 0 0 0 0 0 0 0 0 0 0 0 0 0 0 0 0 0 0 0 0 0 0 0 0 0 0 0 0 0 0 0 0 0 0 0 0 0 0 0 0 0 0 0 0 0 0 0 0 0 0 0 0 0 0 0 0 0 0 0 0 0 0 0 0 0 0 0 0 0 0 0 0 25 0 0 0 0 0 0 0 0 0 0 0 0 0 0 0 1 0 0 0 0 0 0 0 0 0 0 0 0 0 0 0 0 2 0 0 105 164 0 0 1 0 0 0 0 0 0 0 0 0 0 0 2 0 0 0 0 0 9 0 2 0 0 0 160 0 0 0 255 255 255 255 7 0 1 0 0 0 0 0 data 20 0x10007 0x148d 0x30 0x0 0x90002 0x0 0x130007 0x148d 0x30 0x0 0x1b0002 0x0 0x210007 0x148d 0x30 0x0 0x2b0002 0x0 0x3a0002 0x148d oops 0
ciMethod sun/nio/cs/ThreadLocalCoders decoderFor (Ljava/lang/Object;)Ljava/nio/charset/CharsetDecoder; 169 1 266 0 0
ciMethod sun/nio/cs/ThreadLocalCoders$Cache create (Ljava/lang/Object;)Ljava/lang/Object; 0 0 1 0 -1
ciMethod sun/nio/cs/ThreadLocalCoders$Cache moveToFront ([Ljava/lang/Object;I)V 25 49 3 0 -1
ciMethod sun/nio/cs/ThreadLocalCoders$Cache hasName (Ljava/lang/Object;Ljava/lang/Object;)Z 0 0 1 0 -1
ciMethod sun/nio/cs/ThreadLocalCoders$Cache forName (Ljava/lang/Object;)Ljava/lang/Object; 953 1 360 0 0
ciMethodData java/lang/AbstractStringBuilder append (Ljava/lang/String;)Ljava/lang/AbstractStringBuilder; 2 9450 orig 264 88 29 72 113 0 0 0 0 232 97 207 22 0 0 0 0 240 1 0 0 32 0 0 0 0 0 0 0 0 0 0 0 0 0 0 0 0 0 0 0 0 0 0 0 0 0 0 0 0 0 0 0 0 0 0 0 0 0 0 0 0 0 0 0 0 0 0 0 0 0 0 0 0 0 0 0 0 0 0 0 77 68 79 32 101 120 116 114 97 32 100 97 116 97 32 108 111 99 107 0 0 0 0 0 0 0 0 0 0 0 0 0 0 0 0 0 0 0 0 0 0 0 0 0 0 0 0 0 0 0 0 0 0 0 0 0 0 0 0 0 0 0 0 0 0 0 0 0 0 0 0 0 0 0 0 0 0 0 0 0 0 0 0 0 0 0 0 0 0 0 0 0 0 0 0 0 0 0 0 0 0 0 0 0 17 0 0 0 0 0 0 0 0 0 0 0 0 0 0 0 2 0 0 0 0 0 0 0 1 0 0 0 0 0 0 0 0 2 0 0 81 23 1 0 1 0 0 0 0 0 0 0 0 0 0 0 2 0 0 0 0 0 14 0 2 0 0 0 160 0 0 0 255 255 255 255 7 0 1 0 0 0 0 0 data 20 0x10007 0x22ea 0x30 0x0 0x50002 0x0 0xa0005 0x104 0x280c730 0x21e6 0x0 0x0 0x150002 0x22ea 0x230005 0x104 0x280c730 0x21e6 0x0 0x0 oops 2 8 java/lang/String 16 java/lang/String
ciMethodData java/lang/StringBuilder append (Ljava/lang/String;)Ljava/lang/StringBuilder; 2 397123 orig 264 88 29 72 113 0 0 0 0 248 149 207 22 0 0 0 0 56 1 0 0 0 0 0 0 0 0 0 0 0 0 0 0 0 0 0 0 0 0 0 0 0 0 0 0 0 0 0 0 0 0 0 0 0 0 0 0 0 0 0 0 0 0 0 0 0 0 0 0 0 0 0 0 0 0 0 0 0 0 0 0 77 68 79 32 101 120 116 114 97 32 100 97 116 97 32 108 111 99 107 0 0 0 0 0 0 0 0 0 0 0 0 0 0 0 0 0 0 0 0 0 0 0 0 0 0 0 0 0 0 0 0 0 0 0 0 0 0 0 0 0 0 0 0 0 0 0 0 0 0 0 0 0 0 0 0 0 0 0 0 0 0 0 0 0 0 0 0 0 0 0 0 0 0 0 0 0 0 0 0 0 0 0 0 0 19 0 0 0 0 0 0 0 0 0 0 0 0 0 0 0 2 0 0 0 0 0 0 0 1 0 0 0 0 0 0 0 0 2 0 0 25 106 48 0 1 0 0 0 0 0 0 0 0 0 0 0 2 0 0 0 0 0 3 0 2 0 0 0 16 0 0 0 255 255 255 255 2 0 2 0 0 0 0 0 data 2 0x20002 0x60d43 oops 0
ciMethodData java/lang/AbstractStringBuilder append (C)Ljava/lang/AbstractStringBuilder; 2 424765 orig 264 88 29 72 113 0 0 0 0 200 105 207 22 0 0 0 0 56 1 0 0 0 0 0 0 0 0 0 0 0 0 0 0 0 0 0 0 0 0 0 0 0 0 0 0 0 0 0 0 0 0 0 0 0 0 0 0 0 0 0 0 0 0 0 0 0 0 0 0 0 0 0 0 0 0 0 0 0 0 0 0 77 68 79 32 101 120 116 114 97 32 100 97 116 97 32 108 111 99 107 0 0 0 0 0 0 0 0 0 0 0 0 0 0 0 0 0 0 0 0 0 0 0 0 0 0 0 0 0 0 0 0 0 0 0 0 0 0 0 0 0 0 0 0 0 0 0 0 0 0 0 0 0 0 0 0 0 0 0 0 0 0 0 0 0 0 0 0 0 0 0 0 0 0 0 0 0 0 0 0 0 0 0 0 0 19 0 0 0 0 0 0 0 0 0 0 0 0 0 0 0 1 0 0 0 0 0 0 0 1 0 0 0 0 0 0 0 0 2 0 0 233 201 51 0 1 0 0 0 0 0 0 0 0 0 0 0 2 0 0 0 0 0 12 0 2 0 0 0 16 0 0 0 255 255 255 255 2 0 7 0 0 0 0 0 data 2 0x70002 0x6793d oops 0
ciMethodData java/lang/StringBuilder append (C)Ljava/lang/StringBuilder; 2 184948 orig 264 88 29 72 113 0 0 0 0 32 154 207 22 0 0 0 0 56 1 0 0 0 0 0 0 0 0 0 0 0 0 0 0 0 0 0 0 0 0 0 0 0 0 0 0 0 0 0 0 0 0 0 0 0 0 0 0 0 0 0 0 0 0 0 0 0 0 0 0 0 0 0 0 0 0 0 0 0 0 0 0 77 68 79 32 101 120 116 114 97 32 100 97 116 97 32 108 111 99 107 0 0 0 0 0 0 0 0 0 0 0 0 0 0 0 0 0 0 0 0 0 0 0 0 0 0 0 0 0 0 0 0 0 0 0 0 0 0 0 0 0 0 0 0 0 0 0 0 0 0 0 0 0 0 0 0 0 0 0 0 0 0 0 0 0 0 0 0 0 0 0 0 0 0 0 0 0 0 0 0 0 0 0 0 0 19 0 0 0 0 0 0 0 0 0 0 0 0 0 0 0 0 0 0 0 0 0 0 0 1 0 0 0 0 0 0 0 0 2 0 0 161 131 22 0 1 0 0 0 0 0 0 0 0 0 0 0 2 0 0 0 0 0 13 0 2 0 0 0 16 0 0 0 255 255 255 255 2 0 2 0 0 0 0 0 data 2 0x20002 0x2d074 oops 0
ciMethodData java/lang/AbstractStringBuilder newCapacity (I)I 2 5506 orig 264 88 29 72 113 0 0 0 0 80 89 207 22 0 0 0 0 176 1 0 0 64 0 0 0 0 0 0 0 0 0 0 0 0 0 0 0 0 0 0 0 0 0 0 0 0 0 0 0 0 0 0 0 0 0 0 0 0 0 0 0 0 0 0 0 0 0 0 0 0 0 0 0 0 0 0 0 0 0 0 0 77 68 79 32 101 120 116 114 97 32 100 97 116 97 32 108 111 99 107 0 0 0 0 0 0 0 0 0 0 0 0 0 0 0 0 0 0 0 0 0 0 0 0 0 0 0 0 0 0 0 0 0 0 0 0 0 0 0 0 0 0 0 0 0 0 0 0 0 0 0 0 0 0 0 0 0 0 0 0 0 0 0 0 0 0 0 0 0 0 0 0 0 0 0 0 0 0 0 0 0 0 0 0 0 17 0 0 0 0 0 0 0 0 0 0 0 0 0 0 0 1 0 0 0 0 0 0 0 0 0 0 0 0 0 0 0 122 1 0 0 65 160 0 0 1 0 0 0 0 0 0 0 0 0 0 0 2 0 0 0 0 0 18 0 2 0 0 0 136 0 0 0 255 255 255 255 7 0 13 0 0 0 0 0 data 17 0xd0007 0xa4a 0x20 0x9be 0x130007 0x0 0x40 0x1408 0x1a0007 0x1408 0x48 0x0 0x1f0002 0x0 0x220003 0x0 0x18 oops 0
ciMethodData java/util/Arrays copyOf ([CI)[C 2 28673 orig 264 88 29 72 113 0 0 0 0 64 59 218 22 0 0 0 0 112 1 0 0 0 0 0 0 0 0 0 0 0 0 0 0 0 0 0 0 0 0 0 0 0 0 0 0 0 0 0 0 0 0 0 0 0 0 0 0 0 0 0 0 0 0 0 0 0 0 0 0 0 0 0 0 0 0 0 0 0 0 0 0 77 68 79 32 101 120 116 114 97 32 100 97 116 97 32 108 111 99 107 0 0 0 0 0 0 0 0 0 0 0 0 0 0 0 0 0 0 0 0 0 0 0 0 0 0 0 0 0 0 0 0 0 0 0 0 0 0 0 0 0 0 0 0 0 0 0 0 0 0 0 0 0 0 0 0 0 0 0 0 0 0 0 0 0 0 0 0 0 0 0 0 0 0 0 0 0 0 0 0 0 0 0 0 0 0 0 0 0 0 0 0 0 0 0 0 0 0 0 0 0 0 0 0 0 0 0 0 0 0 0 0 0 0 0 0 0 174 1 0 0 153 114 3 0 1 0 0 0 0 0 0 0 0 0 0 0 2 0 0 0 0 0 7 0 2 0 0 0 32 0 0 0 255 255 255 255 2 0 11 0 0 0 0 0 data 4 0xb0002 0x6e53 0xe0002 0x6e53 oops 0
ciMethodData java/lang/AbstractStringBuilder <init> (I)V 2 155155 orig 264 88 29 72 113 0 0 0 0 16 86 207 22 0 0 0 0 56 1 0 0 0 0 0 0 0 0 0 0 0 0 0 0 0 0 0 0 0 0 0 0 0 0 0 0 0 0 0 0 0 0 0 0 0 0 0 0 0 0 0 0 0 0 0 0 0 0 0 0 0 0 0 0 0 0 0 0 0 0 0 0 77 68 79 32 101 120 116 114 97 32 100 97 116 97 32 108 111 99 107 0 0 0 0 0 0 0 0 0 0 0 0 0 0 0 0 0 0 0 0 0 0 0 0 0 0 0 0 0 0 0 0 0 0 0 0 0 0 0 0 0 0 0 0 0 0 0 0 0 0 0 0 0 0 0 0 0 0 0 0 0 0 0 0 0 0 0 0 0 0 0 0 0 0 0 0 0 0 0 0 0 0 0 0 0 9 0 0 0 0 0 0 0 0 0 0 0 0 0 0 0 1 0 0 0 0 0 0 0 0 0 0 0 0 0 0 0 158 1 0 0 169 227 18 0 1 0 0 0 0 0 0 0 0 0 0 0 2 0 0 0 0 0 3 0 2 0 0 0 16 0 0 0 255 255 255 255 2 0 1 0 0 0 0 0 data 2 0x10002 0x25c75 oops 0
ciMethodData java/lang/StringBuilder toString ()Ljava/lang/String; 2 134062 orig 264 88 29 72 113 0 0 0 0 168 169 207 22 0 0 0 0 48 1 0 0 0 0 0 0 0 0 0 0 0 0 0 0 0 0 0 0 0 0 0 0 0 0 0 0 0 0 0 0 0 0 0 0 0 0 0 0 0 0 0 0 0 0 0 0 0 0 0 0 0 0 0 0 0 0 0 0 0 0 0 0 77 68 79 32 101 120 116 114 97 32 100 97 116 97 32 108 111 99 107 0 0 0 0 0 0 0 0 0 0 0 0 0 0 0 0 0 0 0 0 0 0 0 0 0 0 0 0 0 0 0 0 0 0 0 0 0 0 0 0 0 0 0 0 0 0 0 0 0 0 0 0 0 0 0 0 0 0 0 0 0 0 0 0 0 0 0 0 0 0 0 0 0 0 0 0 0 0 0 0 0 0 0 0 0 29 0 0 0 0 0 0 0 0 0 0 0 0 0 0 0 1 0 0 0 0 0 0 0 0 0 0 0 0 0 0 0 112 1 0 0 241 81 16 0 1 0 0 0 0 0 0 0 0 0 0 0 2 0 0 0 0 0 3 0 2 0 0 0 16 0 0 0 255 255 255 255 2 0 13 0 0 0 0 0 data 2 0xd0002 0x20a3e oops 0
ciMethod java/lang/NumberFormatException <init> (Ljava/lang/String;)V 33 1 4 0 -1
ciMethod java/lang/NumberFormatException forInputString (Ljava/lang/String;)Ljava/lang/NumberFormatException; 33 1 4 0 -1
ciMethodData sun/net/www/ParseUtil decode (Ljava/lang/String;)Ljava/lang/String; 2 17602 orig 264 88 29 72 113 0 0 0 0 56 214 227 22 0 0 0 0 56 8 0 0 64 1 0 0 0 0 0 0 0 0 0 0 0 0 0 0 0 0 0 0 0 0 0 0 0 0 0 0 0 0 0 0 0 0 0 0 0 0 0 0 0 0 0 0 0 0 0 0 0 0 0 0 0 0 0 0 0 0 0 0 77 68 79 32 101 120 116 114 97 32 100 97 116 97 32 108 111 99 107 0 0 0 0 0 0 0 0 0 0 0 0 0 0 0 0 0 0 0 0 0 0 0 0 0 0 0 0 0 0 0 0 0 0 0 0 0 0 0 0 0 0 0 0 0 1 0 0 0 0 0 0 0 0 0 0 0 0 0 0 0 0 0 0 0 0 0 0 0 0 0 0 0 0 0 0 0 0 0 0 0 0 0 0 0 0 0 0 0 0 0 0 0 0 0 0 0 0 0 0 0 0 0 0 0 0 0 0 0 0 0 0 0 0 0 0 0 118 5 0 0 1 120 0 0 225 167 1 0 0 0 0 0 0 0 0 0 2 0 0 0 2 0 49 0 2 0 0 0 240 6 0 0 255 255 255 255 5 0 1 0 0 0 0 0 data 222 0x10005 0xc5 0x280c730 0xe3b 0x0 0x0 0x60007 0x0 0x70 0xf00 0xc0005 0xc5 0x280c730 0xe3b 0x0 0x0 0xf0007 0xdf 0x20 0xe21 0x190002 0xdf 0x1e0002 0xdf 0x230002 0xdf 0x2a0002 0xdf 0x300005 0x0 0x1bd80a10 0xdf 0x0 0x0 0x360005 0x0 0x1bd80a10 0xdf 0x0 0x0 0x3d0005 0x0 0x280c730 0xdf 0x0 0x0 0x480007 0x0 0x550 0x341d 0x4e0007 0x341d 0x80 0x0 0x560005 0x0 0x0 0x0 0x0 0x0 0x590007 0x0 0x30 0x0 0x600002 0x0 0x680007 0x1be 0xd0 0x325f 0x6e0005 0x0 0x1764d0c0 0x325f 0x0 0x0 0x780007 0x3180 0x38 0xdf 0x7b0003 0xdf 0x440 0x810005 0x0 0x280c730 0x3180 0x0 0x0 0x860003 0x3180 0xfffffffffffffea8 0x8a0005 0x0 0x1bd80ac0 0x1be 0x0 0x0 0x950007 0x1be 0x50 0x0 0x9d0007 0x0 0x30 0x0 0xa40002 0x0 0xac0002 0x1be 0xaf0005 0x0 0x1bd80ac0 0x1be 0x0 0x0 0xb30003 0x1be 0x28 0xbc0002 0x0 0xc60007 0x1be 0x38 0x0 0xc90003 0x0 0x80 0xcf0005 0x0 0x280c730 0x1be 0x0 0x0 0xd80007 0x0 0xfffffffffffffee0 0x1be 0xdb0003 0x1be 0x18 0xdf0005 0x0 0x1bd80ac0 0x1be 0x0 0x0 0xe50005 0x0 0x1bd80b70 0x1be 0x0 0x0 0xeb0005 0x0 0x1bd80a10 0x1be 0x0 0x0 0xf50005 0x0 0x1bd80a10 0x1be 0x0 0x0 0xfc0005 0x0 0x1bd80c20 0x1be 0x0 0x0 0xff0007 0x1be 0x30 0x0 0x1080002 0x0 0x1100005 0x0 0x1bd80a10 0x1be 0x0 0x0 0x1170005 0x0 0x1bd80c20 0x1be 0x0 0x0 0x11a0007 0x1be 0x30 0x0 0x1230002 0x0 0x12a0005 0x0 0x1bd80b70 0x1be 0x0 0x0 0x12d0005 0x0 0x1bd80b70 0x1be 0x0 0x0 0x1300005 0x0 0x1764d0c0 0x1be 0x0 0x0 0x1340003 0x1be 0xfffffffffffffac8 0x1380005 0x0 0x1764d0c0 0xdf 0x0 0x0 oops 21 2 java/lang/String 12 java/lang/String 30 sun/nio/cs/UTF_8$Decoder 36 sun/nio/cs/UTF_8$Decoder 42 java/lang/String 72 java/lang/StringBuilder 85 java/lang/String 94 java/nio/HeapByteBuffer 112 java/nio/HeapByteBuffer 130 java/lang/String 143 java/nio/HeapByteBuffer 149 java/nio/HeapCharBuffer 155 sun/nio/cs/UTF_8$Decoder 161 sun/nio/cs/UTF_8$Decoder 167 java/nio/charset/CoderResult 179 sun/nio/cs/UTF_8$Decoder 185 java/nio/charset/CoderResult 197 java/nio/HeapCharBuffer 203 java/nio/HeapCharBuffer 209 java/lang/StringBuilder 218 java/lang/StringBuilder
ciMethodData java/lang/StringBuilder <init> (I)V 2 7148 orig 264 88 29 72 113 0 0 0 0 120 147 207 22 0 0 0 0 56 1 0 0 0 0 0 0 0 0 0 0 0 0 0 0 0 0 0 0 0 0 0 0 0 0 0 0 0 0 0 0 0 0 0 0 0 0 0 0 0 0 0 0 0 0 0 0 0 0 0 0 0 0 0 0 0 0 0 0 0 0 0 0 77 68 79 32 101 120 116 114 97 32 100 97 116 97 32 108 111 99 107 0 0 0 0 0 0 0 0 0 0 0 0 0 0 0 0 0 0 0 0 0 0 0 0 0 0 0 0 0 0 0 0 0 0 0 0 0 0 0 0 0 0 0 0 0 0 0 0 0 0 0 0 0 0 0 0 0 0 0 0 0 0 0 0 0 0 0 0 0 0 0 0 0 0 0 0 0 0 0 0 0 0 0 0 0 0 0 0 0 0 0 0 0 0 0 0 0 0 0 0 0 0 0 0 0 0 0 0 0 0 0 0 0 0 0 0 0 24 0 0 0 161 222 0 0 1 0 0 0 0 0 0 0 0 0 0 0 2 0 0 0 0 0 3 0 2 0 0 0 16 0 0 0 255 255 255 255 2 0 2 0 0 0 0 0 data 2 0x20002 0x1bd4 oops 0
ciMethodData java/nio/ByteBuffer allocate (I)Ljava/nio/ByteBuffer; 1 284 orig 264 88 29 72 113 0 0 0 0 40 176 220 22 0 0 0 0 96 1 0 0 32 0 0 0 0 0 0 0 0 0 0 0 0 0 0 0 0 0 0 0 0 0 0 0 0 0 0 0 0 0 0 0 0 0 0 0 0 0 0 0 0 0 0 0 0 0 0 0 0 0 0 0 0 0 0 0 0 0 0 0 77 68 79 32 101 120 116 114 97 32 100 97 116 97 32 108 111 99 107 0 0 0 0 0 0 0 0 0 0 0 0 0 0 0 0 0 0 0 0 0 0 0 0 0 0 0 0 0 0 0 0 0 0 0 0 0 0 0 0 0 0 0 0 0 0 0 0 0 0 0 0 0 0 0 0 0 0 0 0 0 0 0 0 0 0 0 0 0 0 0 0 0 0 0 0 0 0 0 0 0 0 0 0 0 0 0 0 0 0 0 0 0 0 0 0 0 0 0 0 0 0 0 0 0 0 0 0 0 0 0 0 0 0 0 0 0 25 0 0 0 25 8 0 0 1 0 0 0 0 0 0 0 0 0 0 0 2 0 0 0 0 0 0 0 0 0 0 0 64 0 0 0 255 255 255 255 7 0 1 0 0 0 0 0 data 8 0x10007 0x103 0x30 0x0 0x80002 0x0 0x120002 0x103 oops 0
ciMethodData java/nio/HeapByteBuffer <init> (II)V 1 284 orig 264 88 29 72 113 0 0 0 0 8 232 220 22 0 0 0 0 64 1 0 0 0 0 0 0 0 0 0 0 0 0 0 0 0 0 0 0 0 0 0 0 0 0 0 0 0 0 0 0 0 0 0 0 0 0 0 0 0 0 0 0 0 0 0 0 0 0 0 0 0 0 0 0 0 0 0 0 0 0 0 0 77 68 79 32 101 120 116 114 97 32 100 97 116 97 32 108 111 99 107 0 0 0 0 0 0 0 0 0 0 0 0 0 0 0 0 0 0 0 0 0 0 0 0 0 0 0 0 0 0 0 0 0 0 0 0 0 0 0 0 0 0 0 0 0 0 0 0 0 0 0 0 0 0 0 0 0 0 0 0 0 0 0 0 0 0 0 0 0 0 0 0 0 0 0 0 0 0 0 0 0 0 0 0 0 0 0 0 0 0 0 0 0 0 0 0 0 0 0 0 0 0 0 0 0 0 0 0 0 0 0 0 0 0 0 0 0 25 0 0 0 25 8 0 0 1 0 0 0 0 0 0 0 0 0 0 0 2 0 0 0 0 0 0 0 0 0 0 0 16 0 0 0 255 255 255 255 2 0 9 0 0 0 0 0 data 2 0x90002 0x103 oops 0
ciMethodData java/nio/ByteBuffer <init> (IIII[BI)V 1 933 orig 264 88 29 72 113 0 0 0 0 72 174 220 22 0 0 0 0 208 1 0 0 0 0 0 0 0 0 0 0 0 0 0 0 0 0 0 0 0 0 0 0 0 0 0 0 0 0 0 0 0 0 0 0 0 0 0 0 0 0 0 0 0 0 0 0 0 0 0 0 0 0 0 0 0 0 0 0 0 0 0 0 77 68 79 32 101 120 116 114 97 32 100 97 116 97 32 108 111 99 107 0 0 0 0 0 0 0 0 0 0 0 0 0 0 0 0 0 0 0 0 0 0 0 0 0 0 0 0 0 0 0 0 0 0 0 0 0 0 0 0 0 0 0 0 0 0 0 0 0 0 0 0 0 0 0 0 0 0 0 0 0 0 0 0 0 0 0 0 0 0 0 0 0 0 0 0 0 0 0 0 0 0 0 0 0 0 0 0 0 0 0 0 0 0 0 0 0 0 0 0 0 0 0 0 0 0 0 0 0 0 0 0 0 0 0 0 0 31 0 0 0 17 8 0 0 1 0 0 0 0 0 0 0 0 0 0 0 2 0 0 0 0 0 3 0 2 0 0 0 88 0 0 0 255 255 255 255 2 0 6 0 0 0 0 0 data 11 0x60002 0x102 0xf0002 0x102 0x150007 0x102 0x38 0x0 0x190003 0x0 0x18 oops 0
ciMethodData java/nio/CharBuffer allocate (I)Ljava/nio/CharBuffer; 1 268 orig 264 88 29 72 113 0 0 0 0 112 182 224 22 0 0 0 0 96 1 0 0 32 0 0 0 0 0 0 0 0 0 0 0 0 0 0 0 0 0 0 0 0 0 0 0 0 0 0 0 0 0 0 0 0 0 0 0 0 0 0 0 0 0 0 0 0 0 0 0 0 0 0 0 0 0 0 0 0 0 0 0 77 68 79 32 101 120 116 114 97 32 100 97 116 97 32 108 111 99 107 0 0 0 0 0 0 0 0 0 0 0 0 0 0 0 0 0 0 0 0 0 0 0 0 0 0 0 0 0 0 0 0 0 0 0 0 0 0 0 0 0 0 0 0 0 0 0 0 0 0 0 0 0 0 0 0 0 0 0 0 0 0 0 0 0 0 0 0 0 0 0 0 0 0 0 0 0 0 0 0 0 0 0 0 0 0 0 0 0 0 0 0 0 0 0 0 0 0 0 0 0 0 0 0 0 0 0 0 0 0 0 0 0 0 0 0 0 21 0 0 0 185 7 0 0 1 0 0 0 0 0 0 0 0 0 0 0 2 0 0 0 0 0 0 0 0 0 0 0 64 0 0 0 255 255 255 255 7 0 1 0 0 0 0 0 data 8 0x10007 0xf7 0x30 0x0 0x80002 0x0 0x120002 0xf7 oops 0
ciMethodData java/nio/HeapCharBuffer <init> (II)V 1 268 orig 264 88 29 72 113 0 0 0 0 144 226 224 22 0 0 0 0 64 1 0 0 0 0 0 0 0 0 0 0 0 0 0 0 0 0 0 0 0 0 0 0 0 0 0 0 0 0 0 0 0 0 0 0 0 0 0 0 0 0 0 0 0 0 0 0 0 0 0 0 0 0 0 0 0 0 0 0 0 0 0 0 77 68 79 32 101 120 116 114 97 32 100 97 116 97 32 108 111 99 107 0 0 0 0 0 0 0 0 0 0 0 0 0 0 0 0 0 0 0 0 0 0 0 0 0 0 0 0 0 0 0 0 0 0 0 0 0 0 0 0 0 0 0 0 0 0 0 0 0 0 0 0 0 0 0 0 0 0 0 0 0 0 0 0 0 0 0 0 0 0 0 0 0 0 0 0 0 0 0 0 0 0 0 0 0 0 0 0 0 0 0 0 0 0 0 0 0 0 0 0 0 0 0 0 0 0 0 0 0 0 0 0 0 0 0 0 0 21 0 0 0 185 7 0 0 1 0 0 0 0 0 0 0 0 0 0 0 2 0 0 0 0 0 0 0 0 0 0 0 16 0 0 0 255 255 255 255 2 0 9 0 0 0 0 0 data 2 0x90002 0xf7 oops 0
ciMethodData java/nio/CharBuffer <init> (IIII[CI)V 1 473 orig 264 88 29 72 113 0 0 0 0 40 181 224 22 0 0 0 0 96 1 0 0 0 0 0 0 0 0 0 0 0 0 0 0 0 0 0 0 0 0 0 0 0 0 0 0 0 0 0 0 0 0 0 0 0 0 0 0 0 0 0 0 0 0 0 0 0 0 0 0 0 0 0 0 0 0 0 0 0 0 0 0 77 68 79 32 101 120 116 114 97 32 100 97 116 97 32 108 111 99 107 0 0 0 0 0 0 0 0 0 0 0 0 0 0 0 0 0 0 0 0 0 0 0 0 0 0 0 0 0 0 0 0 0 0 0 0 0 0 0 0 0 0 0 0 0 0 0 0 0 0 0 0 0 0 0 0 0 0 0 0 0 0 0 0 0 0 0 0 0 0 0 0 0 0 0 0 0 0 0 0 0 0 0 0 0 0 0 0 0 0 0 0 0 0 0 0 0 0 0 0 0 0 0 0 0 0 0 0 0 0 0 0 0 0 0 0 0 24 0 0 0 129 12 0 0 1 0 0 0 0 0 0 0 0 0 0 0 2 0 0 0 0 0 3 0 2 0 0 0 16 0 0 0 255 255 255 255 2 0 6 0 0 0 0 0 data 2 0x60002 0x190 oops 0
ciMethodData java/nio/Buffer <init> (IIII)V 1 1456 orig 264 88 29 72 113 0 0 0 0 32 103 209 22 0 0 0 0 40 4 0 0 208 0 0 0 0 0 0 0 0 0 0 0 0 0 0 0 0 0 0 0 0 0 0 0 0 0 0 0 0 0 0 0 0 0 0 0 0 0 0 0 0 0 0 0 0 0 0 0 0 0 0 0 0 0 0 0 0 0 0 0 77 68 79 32 101 120 116 114 97 32 100 97 116 97 32 108 111 99 107 0 0 0 0 0 0 0 0 0 0 0 0 0 0 0 0 0 0 0 0 0 0 0 0 0 0 0 0 0 0 0 0 0 0 0 0 0 0 0 0 0 0 0 0 0 0 0 0 0 0 0 0 0 0 0 0 0 0 0 0 0 0 0 0 0 0 0 0 0 0 0 0 0 0 0 0 0 0 0 0 0 0 0 0 0 0 0 0 0 0 0 0 0 0 0 0 0 0 0 0 0 0 0 0 0 0 0 0 0 0 0 0 0 0 0 0 0 61 0 0 0 161 8 0 0 1 0 0 0 0 0 0 0 0 0 0 0 2 0 0 0 0 0 10 0 2 0 0 0 192 2 0 0 255 255 255 255 2 0 1 0 0 0 0 0 data 88 0x10002 0x114 0x100007 0x114 0xd0 0x0 0x1b0002 0x0 0x200005 0x0 0x0 0x0 0x0 0x0 0x250005 0x0 0x0 0x0 0x0 0x0 0x280005 0x0 0x0 0x0 0x0 0x0 0x2b0002 0x0 0x370005 0x114 0x0 0x0 0x0 0x0 0x3d0005 0x114 0x0 0x0 0x0 0x0 0x420007 0x114 0x180 0x0 0x470007 0x0 0x160 0x0 0x520002 0x0 0x570005 0x0 0x0 0x0 0x0 0x0 0x5b0005 0x0 0x0 0x0 0x0 0x0 0x600005 0x0 0x0 0x0 0x0 0x0 0x640005 0x0 0x0 0x0 0x0 0x0 0x690005 0x0 0x0 0x0 0x0 0x0 0x6c0005 0x0 0x0 0x0 0x0 0x0 0x6f0002 0x0 oops 0
ciMethodData sun/nio/cs/ThreadLocalCoders decoderFor (Ljava/lang/Object;)Ljava/nio/charset/CharsetDecoder; 1 266 orig 264 88 29 72 113 0 0 0 0 72 155 230 22 0 0 0 0 216 1 0 0 0 0 0 0 0 0 0 0 0 0 0 0 0 0 0 0 0 0 0 0 0 0 0 0 0 0 0 0 0 0 0 0 0 0 0 0 0 0 0 0 0 0 0 0 0 0 0 0 0 0 0 0 0 0 0 0 0 0 0 0 77 68 79 32 101 120 116 114 97 32 100 97 116 97 32 108 111 99 107 0 0 0 0 0 0 0 0 0 0 0 0 0 0 0 0 0 0 0 0 0 0 0 0 0 0 0 0 0 0 0 0 0 0 0 0 0 0 0 0 0 0 0 0 0 0 0 0 0 0 0 0 0 0 0 0 0 0 0 0 0 0 0 0 0 0 0 0 0 0 0 0 0 0 0 0 0 0 0 0 0 0 0 0 0 0 0 0 0 0 0 0 0 0 0 0 0 0 0 0 0 0 0 0 0 0 0 0 0 0 0 0 0 0 0 0 0 21 0 0 0 169 7 0 0 1 0 0 0 0 0 0 0 0 0 0 0 2 0 0 0 0 0 0 0 0 0 0 0 144 0 0 0 255 255 255 255 5 0 4 0 0 0 0 0 data 18 0x40005 0x0 0x1a94b290 0xf5 0x0 0x0 0x70004 0x0 0x1bd80a10 0xf5 0x0 0x0 0xc0005 0x16 0x1bd80a10 0xdf 0x0 0x0 oops 3 2 sun/nio/cs/ThreadLocalCoders$1 8 sun/nio/cs/UTF_8$Decoder 14 sun/nio/cs/UTF_8$Decoder
ciMethodData sun/nio/cs/ThreadLocalCoders$Cache forName (Ljava/lang/Object;)Ljava/lang/Object; 1 360 orig 264 88 29 72 113 0 0 0 0 224 169 230 22 0 0 0 0 120 3 0 0 176 0 0 0 0 0 0 0 0 0 0 0 0 0 0 0 0 0 0 0 0 0 0 0 0 0 0 0 0 0 0 0 0 0 0 0 0 0 0 0 0 0 0 0 0 0 0 0 0 0 0 0 0 0 0 0 0 0 0 0 77 68 79 32 101 120 116 114 97 32 100 97 116 97 32 108 111 99 107 0 0 0 0 0 0 0 0 0 0 0 0 0 0 0 0 0 0 0 0 0 0 0 0 0 0 0 0 0 0 0 0 0 0 0 0 0 0 0 0 0 0 0 0 0 0 0 0 0 0 0 0 0 0 0 0 0 0 0 0 0 0 0 0 0 0 0 0 0 0 0 0 0 0 0 0 0 0 0 0 0 0 0 0 0 25 0 0 0 0 0 0 0 0 0 0 0 0 0 0 0 0 0 0 0 0 0 0 0 0 0 0 0 0 0 0 0 21 0 0 0 9 8 0 0 1 0 0 0 0 0 0 0 0 0 0 0 2 0 0 0 3 0 26 0 2 0 0 0 40 2 0 0 255 255 255 255 5 0 4 0 0 0 0 0 data 69 0x40005 0x0 0x1a94d860 0x101 0x0 0x0 0x70104 0x0 0x1a94da70 0xff 0x0 0x0 0xc0007 0xff 0x68 0x2 0x1c0005 0x0 0x1a94d860 0x2 0x0 0x0 0x1f0003 0x2 0x108 0x270007 0x0 0xf0 0xff 0x310007 0xff 0x38 0x0 0x340003 0x0 0x98 0x3b0005 0x0 0x1a94b290 0xff 0x0 0x0 0x3e0007 0x0 0x50 0xff 0x420007 0xff 0x30 0x0 0x480002 0x0 0x510003 0x0 0xffffffffffffff28 0x560005 0x0 0x1a94b290 0x2 0x0 0x0 0x600004 0x0 0x1bd80a10 0x2 0x0 0x0 0x670002 0x2 oops 6 2 java/lang/ThreadLocal 8 [Ljava/lang/Object; 18 java/lang/ThreadLocal 38 sun/nio/cs/ThreadLocalCoders$1 57 sun/nio/cs/ThreadLocalCoders$1 63 sun/nio/cs/UTF_8$Decoder
ciMethodData java/nio/charset/CharsetDecoder reset ()Ljava/nio/charset/CharsetDecoder; 2 7827 orig 264 88 29 72 113 0 0 0 0 112 144 224 22 0 0 0 0 120 1 0 0 0 0 0 0 0 0 0 0 0 0 0 0 0 0 0 0 0 0 0 0 0 0 0 0 0 0 0 0 0 0 0 0 0 0 0 0 0 0 0 0 0 0 0 0 0 0 0 0 0 0 0 0 0 0 0 0 0 0 0 0 77 68 79 32 101 120 116 114 97 32 100 97 116 97 32 108 111 99 107 0 0 0 0 0 0 0 0 0 0 0 0 0 0 0 0 0 0 0 0 0 0 0 0 0 0 0 0 0 0 0 0 0 0 0 0 0 0 0 0 0 0 0 0 0 0 0 0 0 0 0 0 0 0 0 0 0 0 0 0 0 0 0 0 0 0 0 0 0 0 0 0 0 0 0 0 0 0 0 0 0 0 0 0 0 0 0 0 0 0 0 0 0 0 0 0 0 0 0 0 0 0 0 0 0 0 0 0 0 0 0 0 0 0 0 0 0 93 0 0 0 41 194 0 0 1 0 0 0 0 0 0 0 0 0 0 0 2 0 0 0 0 0 3 0 2 0 0 0 48 0 0 0 255 255 255 255 5 0 1 0 0 0 0 0 data 6 0x10005 0x0 0x1bd80a10 0x180c 0x1a950510 0x39 oops 2 2 sun/nio/cs/UTF_8$Decoder 4 sun/nio/cs/UTF_16LE$Decoder
ciMethodData java/nio/charset/CharsetDecoder implReset ()V 2 6617 orig 264 88 29 72 113 0 0 0 0 0 145 224 22 0 0 0 0 32 1 0 0 0 0 0 0 0 0 0 0 0 0 0 0 0 0 0 0 0 0 0 0 0 0 0 0 0 0 0 0 0 0 0 0 0 0 0 0 0 0 0 0 0 0 0 0 0 0 0 0 0 0 0 0 0 0 0 0 0 0 0 0 77 68 79 32 101 120 116 114 97 32 100 97 116 97 32 108 111 99 107 0 0 0 0 0 0 0 0 0 0 0 0 0 0 0 0 0 0 0 0 0 0 0 0 0 0 0 0 0 0 0 0 0 0 0 0 0 0 0 0 0 0 0 0 0 0 0 0 0 0 0 0 0 0 0 0 0 0 0 0 0 0 0 0 0 0 0 0 0 0 0 0 0 0 0 0 0 0 0 0 0 0 0 0 0 0 0 0 0 0 0 0 0 0 0 0 0 0 0 0 0 0 0 0 0 0 0 0 0 0 0 0 0 0 0 0 0 93 0 0 0 225 140 0 0 1 0 0 0 0 0 0 0 0 0 0 0 2 0 0 0 0 0 3 0 1 0 0 0 0 0 0 0 255 255 255 255 0 0 0 0 0 0 0 0 data 0 oops 0
ciMethodData java/nio/charset/CharsetDecoder onMalformedInput (Ljava/nio/charset/CodingErrorAction;)Ljava/nio/charset/CharsetDecoder; 2 3814 orig 264 88 29 72 113 0 0 0 0 248 136 224 22 0 0 0 0 176 1 0 0 32 0 0 0 0 0 0 0 0 0 0 0 0 0 0 0 0 0 0 0 0 0 0 0 0 0 0 0 0 0 0 0 0 0 0 0 0 0 0 0 0 0 0 0 0 0 0 0 0 0 0 0 0 0 0 0 0 0 0 0 77 68 79 32 101 120 116 114 97 32 100 97 116 97 32 108 111 99 107 0 0 0 0 0 0 0 0 0 0 0 0 0 0 0 0 0 0 0 0 0 0 0 0 0 0 0 0 0 0 0 0 0 0 0 0 0 0 0 0 0 0 0 0 0 0 0 0 0 0 0 0 0 0 0 0 0 0 0 0 0 0 0 0 0 0 0 0 0 0 0 0 0 0 0 0 0 0 0 0 0 0 0 0 0 0 0 0 0 0 0 0 0 0 0 0 0 0 0 0 0 0 0 0 0 0 0 0 0 0 0 0 0 0 0 0 0 51 0 0 0 73 88 0 0 1 0 0 0 0 0 0 0 0 0 0 0 2 0 0 0 0 0 5 0 2 0 0 0 96 0 0 0 255 255 255 255 7 0 1 0 0 0 0 0 data 12 0x10007 0xb09 0x30 0x0 0xa0002 0x0 0x150005 0x71 0x1bd80a10 0xa97 0x1a952d10 0x1 oops 2 8 sun/nio/cs/UTF_8$Decoder 10 sun/nio/cs/US_ASCII$Decoder
ciMethodData java/nio/charset/CharsetDecoder implOnMalformedInput (Ljava/nio/charset/CodingErrorAction;)V 2 2876 orig 264 88 29 72 113 0 0 0 0 136 137 224 22 0 0 0 0 40 1 0 0 0 0 0 0 0 0 0 0 0 0 0 0 0 0 0 0 0 0 0 0 0 0 0 0 0 0 0 0 0 0 0 0 0 0 0 0 0 0 0 0 0 0 0 0 0 0 0 0 0 0 0 0 0 0 0 0 0 0 0 0 77 68 79 32 101 120 116 114 97 32 100 97 116 97 32 108 111 99 107 0 0 0 0 0 0 0 0 0 0 0 0 0 0 0 0 0 0 0 0 0 0 0 0 0 0 0 0 0 0 0 0 0 0 0 0 0 0 0 0 0 0 0 0 0 0 0 0 0 0 0 0 0 0 0 0 0 0 0 0 0 0 0 0 0 0 0 0 0 0 0 0 0 0 0 0 0 0 0 0 0 0 0 0 0 0 0 0 0 0 0 0 0 0 0 0 0 0 0 0 0 0 0 0 0 0 0 0 0 0 0 0 0 0 0 0 0 51 0 0 0 73 88 0 0 1 0 0 0 0 0 0 0 0 0 0 0 2 0 0 0 0 0 3 0 1 0 0 0 0 0 0 0 255 255 255 255 0 0 0 0 0 0 0 0 data 0 oops 0
ciMethodData java/nio/charset/CharsetDecoder onUnmappableCharacter (Ljava/nio/charset/CodingErrorAction;)Ljava/nio/charset/CharsetDecoder; 2 3814 orig 264 88 29 72 113 0 0 0 0 208 138 224 22 0 0 0 0 176 1 0 0 32 0 0 0 0 0 0 0 0 0 0 0 0 0 0 0 0 0 0 0 0 0 0 0 0 0 0 0 0 0 0 0 0 0 0 0 0 0 0 0 0 0 0 0 0 0 0 0 0 0 0 0 0 0 0 0 0 0 0 0 77 68 79 32 101 120 116 114 97 32 100 97 116 97 32 108 111 99 107 0 0 0 0 0 0 0 0 0 0 0 0 0 0 0 0 0 0 0 0 0 0 0 0 0 0 0 0 0 0 0 0 0 0 0 0 0 0 0 0 0 0 0 0 0 0 0 0 0 0 0 0 0 0 0 0 0 0 0 0 0 0 0 0 0 0 0 0 0 0 0 0 0 0 0 0 0 0 0 0 0 0 0 0 0 0 0 0 0 0 0 0 0 0 0 0 0 0 0 0 0 0 0 0 0 0 0 0 0 0 0 0 0 0 0 0 0 51 0 0 0 81 88 0 0 1 0 0 0 0 0 0 0 0 0 0 0 2 0 0 0 0 0 5 0 2 0 0 0 96 0 0 0 255 255 255 255 7 0 1 0 0 0 0 0 data 12 0x10007 0xb0a 0x30 0x0 0xa0002 0x0 0x150005 0x72 0x1bd80a10 0xa97 0x1a952d10 0x1 oops 2 8 sun/nio/cs/UTF_8$Decoder 10 sun/nio/cs/US_ASCII$Decoder
ciMethodData java/nio/charset/CharsetDecoder implOnUnmappableCharacter (Ljava/nio/charset/CodingErrorAction;)V 2 2877 orig 264 88 29 72 113 0 0 0 0 96 139 224 22 0 0 0 0 40 1 0 0 0 0 0 0 0 0 0 0 0 0 0 0 0 0 0 0 0 0 0 0 0 0 0 0 0 0 0 0 0 0 0 0 0 0 0 0 0 0 0 0 0 0 0 0 0 0 0 0 0 0 0 0 0 0 0 0 0 0 0 0 77 68 79 32 101 120 116 114 97 32 100 97 116 97 32 108 111 99 107 0 0 0 0 0 0 0 0 0 0 0 0 0 0 0 0 0 0 0 0 0 0 0 0 0 0 0 0 0 0 0 0 0 0 0 0 0 0 0 0 0 0 0 0 0 0 0 0 0 0 0 0 0 0 0 0 0 0 0 0 0 0 0 0 0 0 0 0 0 0 0 0 0 0 0 0 0 0 0 0 0 0 0 0 0 0 0 0 0 0 0 0 0 0 0 0 0 0 0 0 0 0 0 0 0 0 0 0 0 0 0 0 0 0 0 0 0 51 0 0 0 81 88 0 0 1 0 0 0 0 0 0 0 0 0 0 0 2 0 0 0 0 0 3 0 1 0 0 0 0 0 0 0 255 255 255 255 0 0 0 0 0 0 0 0 data 0 oops 0
ciMethodData java/nio/Buffer clear ()Ljava/nio/Buffer; 1 1083 orig 264 88 29 72 113 0 0 0 0 104 108 209 22 0 0 0 0 32 1 0 0 0 0 0 0 0 0 0 0 0 0 0 0 0 0 0 0 0 0 0 0 0 0 0 0 0 0 0 0 0 0 0 0 0 0 0 0 0 0 0 0 0 0 0 0 0 0 0 0 0 0 0 0 0 0 0 0 0 0 0 0 77 68 79 32 101 120 116 114 97 32 100 97 116 97 32 108 111 99 107 0 0 0 0 0 0 0 0 0 0 0 0 0 0 0 0 0 0 0 0 0 0 0 0 0 0 0 0 0 0 0 0 0 0 0 0 0 0 0 0 0 0 0 0 0 0 0 0 0 0 0 0 0 0 0 0 0 0 0 0 0 0 0 0 0 0 0 0 0 0 0 0 0 0 0 0 0 0 0 0 0 0 0 0 0 0 0 0 0 0 0 0 0 0 0 0 0 0 0 0 0 0 0 0 0 0 0 0 0 0 0 0 0 0 0 0 0 84 0 0 0 57 31 0 0 1 0 0 0 0 0 0 0 0 0 0 0 2 0 0 0 0 0 0 0 0 0 0 0 0 0 0 0 255 255 255 255 0 0 0 0 0 0 0 0 data 0 oops 0
ciMethodData sun/net/www/ParseUtil unescape (Ljava/lang/String;I)B 1 488 orig 264 88 29 72 113 0 0 0 0 56 212 227 22 0 0 0 0 144 1 0 0 0 0 0 0 0 0 0 0 0 0 0 0 0 0 0 0 0 0 0 0 0 0 0 0 0 0 0 0 0 0 0 0 0 0 0 0 0 0 0 0 0 0 0 0 0 0 0 0 0 0 0 0 0 0 0 0 0 0 0 0 77 68 79 32 101 120 116 114 97 32 100 97 116 97 32 108 111 99 107 0 0 0 0 0 0 0 0 0 0 0 0 0 0 0 0 0 0 0 0 0 0 0 0 0 0 0 0 0 0 0 0 0 0 0 0 0 0 0 0 0 0 0 0 0 0 0 0 0 0 0 0 0 0 0 0 0 0 0 0 0 0 0 0 0 0 0 0 0 0 0 0 0 0 0 0 0 0 0 0 0 0 0 0 0 0 0 0 0 0 0 0 0 0 0 0 0 0 0 0 0 0 0 0 0 0 0 0 0 0 0 0 0 0 0 0 0 42 0 0 0 241 13 0 0 1 0 0 0 0 0 0 0 0 0 0 0 2 0 0 0 0 0 0 0 0 0 0 0 64 0 0 0 255 255 255 255 5 0 7 0 0 0 0 0 data 8 0x70005 0x0 0x280c730 0x1be 0x0 0x0 0xc0002 0x1be oops 1 2 java/lang/String
ciMethodData java/lang/Integer parseInt (Ljava/lang/String;I)I 2 19759 orig 264 88 29 72 113 0 0 0 0 104 103 210 22 0 0 0 0 32 6 0 0 136 4 0 0 0 0 0 0 0 0 0 0 0 0 0 0 0 0 0 0 0 0 0 0 0 0 0 0 0 0 0 0 0 0 0 0 0 0 0 0 0 0 0 0 0 0 0 0 0 0 0 0 0 0 0 0 0 0 0 0 77 68 79 32 101 120 116 114 97 32 100 97 116 97 32 108 111 99 107 0 0 0 0 0 0 0 0 0 0 0 0 0 0 0 0 0 0 0 0 0 0 0 0 0 0 0 0 0 0 0 0 0 0 0 0 0 0 0 0 0 0 0 0 0 0 0 0 0 0 0 0 0 0 0 0 0 0 0 0 0 0 0 0 0 0 0 0 0 0 0 0 0 0 0 0 0 0 0 0 0 0 0 0 0 0 0 0 0 0 0 0 0 0 0 0 0 0 0 0 0 0 0 0 0 0 0 0 0 0 0 0 0 0 0 0 0 103 0 0 0 145 17 0 0 241 86 0 0 0 0 0 0 0 0 0 0 2 0 0 0 1 0 45 0 2 0 0 0 208 4 0 0 255 255 255 255 7 0 1 0 0 0 0 0 data 154 0x10007 0x232 0x30 0x0 0xa0002 0x0 0x100007 0x232 0x100 0x0 0x1b0002 0x0 0x200005 0x0 0x0 0x0 0x0 0x0 0x240005 0x0 0x0 0x0 0x0 0x0 0x290005 0x0 0x0 0x0 0x0 0x0 0x2c0005 0x0 0x0 0x0 0x0 0x0 0x2f0002 0x0 0x360007 0x232 0x100 0x0 0x410002 0x0 0x460005 0x0 0x0 0x0 0x0 0x0 0x4a0005 0x0 0x0 0x0 0x0 0x0 0x4f0005 0x0 0x0 0x0 0x0 0x0 0x520005 0x0 0x0 0x0 0x0 0x0 0x550002 0x0 0x610005 0x232 0x0 0x0 0x0 0x0 0x6c0007 0x0 0x228 0x232 0x710005 0x232 0x0 0x0 0x0 0x0 0x7a0007 0x232 0xb8 0x0 0x810007 0x0 0x38 0x0 0x8a0003 0x0 0x48 0x910007 0x0 0x30 0x0 0x950002 0x0 0x9c0007 0x0 0x30 0x0 0xa00002 0x0 0xb10007 0x232 0x108 0xade 0xba0005 0xade 0x0 0x0 0x0 0x0 0xbe0002 0xade 0xc50007 0xade 0x30 0x0 0xc90002 0x0 0xd00007 0xade 0x30 0x0 0xd40002 0x0 0xe20007 0xade 0x30 0x0 0xe60002 0x0 0xef0003 0xade 0xffffffffffffff10 0xf20003 0x232 0x28 0xf60002 0x0 0xfb0007 0x232 0x38 0x0 0xff0003 0x0 0x18 oops 0
ciMethodData java/nio/HeapByteBuffer put (B)Ljava/nio/ByteBuffer; 1 532 orig 264 88 29 72 113 0 0 0 0 208 239 220 22 0 0 0 0 176 1 0 0 0 0 0 0 0 0 0 0 0 0 0 0 0 0 0 0 0 0 0 0 0 0 0 0 0 0 0 0 0 0 0 0 0 0 0 0 0 0 0 0 0 0 0 0 0 0 0 0 0 0 0 0 0 0 0 0 0 0 0 0 77 68 79 32 101 120 116 114 97 32 100 97 116 97 32 108 111 99 107 0 0 0 0 0 0 0 0 0 0 0 0 0 0 0 0 0 0 0 0 0 0 0 0 0 0 0 0 0 0 0 0 0 0 0 0 0 0 0 0 0 0 0 0 0 0 0 0 0 0 0 0 0 0 0 0 0 0 0 0 0 0 0 0 0 0 0 0 0 0 0 0 0 0 0 0 0 0 0 0 0 0 0 0 0 0 0 0 0 0 0 0 0 0 0 0 0 0 0 0 0 0 0 0 0 0 0 0 0 0 0 0 0 0 0 0 0 42 0 0 0 81 15 0 0 1 0 0 0 0 0 0 0 0 0 0 0 2 0 0 0 0 0 0 0 0 0 0 0 96 0 0 0 255 255 255 255 5 0 6 0 0 0 0 0 data 12 0x60005 0x2c 0x1bd80ac0 0x1be 0x0 0x0 0x90005 0x0 0x1bd80ac0 0x1ea 0x0 0x0 oops 2 2 java/nio/HeapByteBuffer 8 java/nio/HeapByteBuffer
ciMethodData java/nio/Buffer nextPutIndex ()I 2 5162 orig 264 88 29 72 113 0 0 0 0 168 115 209 22 0 0 0 0 80 1 0 0 0 0 0 0 0 0 0 0 0 0 0 0 0 0 0 0 0 0 0 0 0 0 0 0 0 0 0 0 0 0 0 0 0 0 0 0 0 0 0 0 0 0 0 0 0 0 0 0 0 0 0 0 0 0 0 0 0 0 0 0 77 68 79 32 101 120 116 114 97 32 100 97 116 97 32 108 111 99 107 0 0 0 0 0 0 0 0 0 0 0 0 0 0 0 0 0 0 0 0 0 0 0 0 0 0 0 0 0 0 0 0 0 0 0 0 0 0 0 0 0 0 0 0 0 0 0 0 0 0 0 0 0 0 0 0 0 0 0 0 0 0 0 0 0 0 0 0 0 0 0 0 0 0 0 0 0 0 0 0 0 0 0 0 0 0 0 0 0 0 0 0 0 0 0 0 0 0 0 0 0 0 0 0 0 0 0 0 0 0 0 0 0 0 0 0 0 42 0 0 0 1 160 0 0 1 0 0 0 0 0 0 0 0 0 0 0 2 0 0 0 0 0 5 0 2 0 0 0 48 0 0 0 255 255 255 255 7 0 8 0 0 0 0 0 data 6 0x80007 0x1400 0x30 0x0 0xf0002 0x0 oops 0
ciMethodData java/nio/HeapByteBuffer ix (I)I 2 158480 orig 264 88 29 72 113 0 0 0 0 8 236 220 22 0 0 0 0 40 1 0 0 0 0 0 0 0 0 0 0 0 0 0 0 0 0 0 0 0 0 0 0 0 0 0 0 0 0 0 0 0 0 0 0 0 0 0 0 0 0 0 0 0 0 0 0 0 0 0 0 0 0 0 0 0 0 0 0 0 0 0 0 77 68 79 32 101 120 116 114 97 32 100 97 116 97 32 108 111 99 107 0 0 0 0 0 0 0 0 0 0 0 0 0 0 0 0 0 0 0 0 0 0 0 0 0 0 0 0 0 0 0 0 0 0 0 0 0 0 0 0 0 0 0 0 0 0 0 0 0 0 0 0 0 0 0 0 0 0 0 0 0 0 0 0 0 0 0 0 0 0 0 0 0 0 0 0 0 0 0 0 0 0 0 0 0 0 0 0 0 0 0 0 0 0 0 0 0 0 0 0 0 0 0 0 0 0 0 0 0 0 0 0 0 0 0 0 0 48 0 0 0 1 87 19 0 1 0 0 0 0 0 0 0 0 0 0 0 2 0 0 0 0 0 3 0 1 0 0 0 0 0 0 0 255 255 255 255 0 0 0 0 0 0 0 0 data 0 oops 0
ciMethodData java/nio/Buffer flip ()Ljava/nio/Buffer; 2 1123 orig 264 88 29 72 113 0 0 0 0 16 109 209 22 0 0 0 0 32 1 0 0 0 0 0 0 0 0 0 0 0 0 0 0 0 0 0 0 0 0 0 0 0 0 0 0 0 0 0 0 0 0 0 0 0 0 0 0 0 0 0 0 0 0 0 0 0 0 0 0 0 0 0 0 0 0 0 0 0 0 0 0 77 68 79 32 101 120 116 114 97 32 100 97 116 97 32 108 111 99 107 0 0 0 0 0 0 0 0 0 0 0 0 0 0 0 0 0 0 0 0 0 0 0 0 0 0 0 0 0 0 0 0 0 0 0 0 0 0 0 0 0 0 0 0 0 0 0 0 0 0 0 0 0 0 0 0 0 0 0 0 0 0 0 0 0 0 0 0 0 0 0 0 0 0 0 0 0 0 0 0 0 0 0 0 0 0 0 0 0 0 0 0 0 0 0 0 0 0 0 0 0 0 0 0 0 0 0 0 0 0 0 0 0 0 0 0 0 88 0 0 0 185 31 0 0 1 0 0 0 0 0 0 0 0 0 0 0 2 0 0 0 0 0 3 0 1 0 0 0 0 0 0 0 255 255 255 255 0 0 0 0 0 0 0 0 data 0 oops 0
ciMethodData java/nio/charset/CharsetDecoder decode (Ljava/nio/ByteBuffer;Ljava/nio/CharBuffer;Z)Ljava/nio/charset/CoderResult; 1 797 orig 264 88 29 72 113 0 0 0 0 112 142 224 22 0 0 0 0 72 7 0 0 184 0 0 0 0 0 0 0 0 0 0 0 0 0 0 0 0 0 0 0 0 0 0 0 0 0 0 0 0 0 0 0 0 0 0 0 0 0 0 0 0 0 0 0 0 0 0 0 0 0 0 0 0 0 0 0 0 0 0 0 77 68 79 32 101 120 116 114 97 32 100 97 116 97 32 108 111 99 107 0 0 0 0 0 0 0 0 0 0 0 0 0 0 0 0 0 0 0 0 0 0 0 0 0 0 0 0 0 0 0 0 0 0 0 0 0 0 0 0 0 0 0 0 0 0 0 0 0 0 0 0 0 0 0 0 0 0 0 0 0 0 0 0 0 0 0 0 0 0 0 0 0 0 0 0 0 0 0 0 0 0 0 0 0 0 0 0 0 0 0 0 0 0 0 0 0 0 0 0 0 0 0 0 0 0 0 0 0 0 0 0 0 0 0 0 0 46 0 0 0 137 8 0 0 1 0 0 0 0 0 0 0 0 0 0 0 2 0 0 0 1 0 45 0 2 0 0 0 232 5 0 0 255 255 255 255 7 0 1 0 0 0 0 0 data 189 0x10007 0x1e 0x38 0xf3 0x50003 0xf3 0x18 0xf0007 0xfd 0x90 0x14 0x170007 0x14 0x70 0x0 0x1b0007 0x0 0x40 0x0 0x230007 0x0 0x30 0x0 0x2d0002 0x0 0x390005 0x0 0x1bd80a10 0x111 0x0 0x0 0x3e0003 0x111 0x38 0x490002 0x0 0x550002 0x0 0x5b0005 0x0 0x1bd80c20 0x111 0x0 0x0 0x5e0007 0x111 0x20 0x0 0x660005 0x0 0x1bd80c20 0x111 0x0 0x0 0x690007 0x0 0xe8 0x111 0x6d0007 0x1e 0xc8 0xf3 0x710005 0xf3 0x0 0x0 0x0 0x0 0x740007 0xf3 0x78 0x0 0x780005 0x0 0x0 0x0 0x0 0x0 0x7b0002 0x0 0x800003 0x0 0x18 0x8b0005 0x0 0x0 0x0 0x0 0x0 0x8e0007 0x0 0x38 0x0 0x970003 0x0 0xe0 0x9c0005 0x0 0x0 0x0 0x0 0x0 0x9f0007 0x0 0x38 0x0 0xa80003 0x0 0x78 0xae0007 0x0 0x60 0x0 0xb70005 0x0 0x0 0x0 0x0 0x0 0xba0002 0x0 0xc30007 0x0 0x20 0x0 0xce0007 0x0 0xd0 0x0 0xd20005 0x0 0x0 0x0 0x0 0x0 0xd90005 0x0 0x0 0x0 0x0 0x0 0xdc0007 0x0 0x20 0x0 0xe80005 0x0 0x0 0x0 0x0 0x0 0xf10007 0x0 0x40 0x0 0xf90007 0x0 0xc8 0x0 0xfe0005 0x0 0x0 0x0 0x0 0x0 0x1030005 0x0 0x0 0x0 0x0 0x0 0x1070005 0x0 0x0 0x0 0x0 0x0 0x10b0003 0x0 0xfffffffffffffb40 0x1110007 0x0 0x30 0x0 0x1180002 0x0 0x11c0003 0x0 0xfffffffffffffaf8 oops 3 27 sun/nio/cs/UTF_8$Decoder 40 java/nio/charset/CoderResult 50 java/nio/charset/CoderResult
ciMethodData java/nio/charset/CoderResult isError ()Z 1 976 orig 264 88 29 72 113 0 0 0 0 240 0 225 22 0 0 0 0 88 1 0 0 0 0 0 0 0 0 0 0 0 0 0 0 0 0 0 0 0 0 0 0 0 0 0 0 0 0 0 0 0 0 0 0 0 0 0 0 0 0 0 0 0 0 0 0 0 0 0 0 0 0 0 0 0 0 0 0 0 0 0 0 77 68 79 32 101 120 116 114 97 32 100 97 116 97 32 108 111 99 107 0 0 0 0 0 0 0 0 0 0 0 0 0 0 0 0 0 0 0 0 0 0 0 0 0 0 0 0 0 0 0 0 0 0 0 0 0 0 0 0 0 0 0 0 0 0 0 0 0 0 0 0 0 0 0 0 0 0 0 0 0 0 0 0 0 0 0 0 0 0 0 0 0 0 0 0 0 0 0 0 0 0 0 0 0 1 0 0 0 0 0 0 0 0 0 0 0 0 0 0 0 1 0 0 0 0 0 0 0 0 0 0 0 0 0 0 0 84 0 0 0 225 27 0 0 1 0 0 0 0 0 0 0 0 0 0 0 2 0 0 0 0 0 0 0 0 0 0 0 56 0 0 0 255 255 255 255 7 0 5 0 0 0 0 0 data 7 0x50007 0x37c 0x38 0x0 0x90003 0x0 0x18 oops 0
ciMethodData java/nio/charset/CharsetDecoder flush (Ljava/nio/CharBuffer;)Ljava/nio/charset/CoderResult; 1 757 orig 264 88 29 72 113 0 0 0 0 56 143 224 22 0 0 0 0 32 2 0 0 128 0 0 0 0 0 0 0 0 0 0 0 0 0 0 0 0 0 0 0 0 0 0 0 0 0 0 0 0 0 0 0 0 0 0 0 0 0 0 0 0 0 0 0 0 0 0 0 0 0 0 0 0 0 0 0 0 0 0 0 77 68 79 32 101 120 116 114 97 32 100 97 116 97 32 108 111 99 107 0 0 0 0 0 0 0 0 0 0 0 0 0 0 0 0 0 0 0 0 0 0 0 0 0 0 0 0 0 0 0 0 0 0 0 0 0 0 0 0 0 0 0 0 0 0 0 0 0 0 0 0 0 0 0 0 0 0 0 0 0 0 0 0 0 0 0 0 0 0 0 0 0 0 0 0 0 0 0 0 0 0 0 0 0 0 0 0 0 0 0 0 0 0 0 0 0 0 0 0 0 0 0 0 0 0 0 0 0 0 0 0 0 0 0 0 0 42 0 0 0 25 8 0 0 1 0 0 0 0 0 0 0 0 0 0 0 2 0 0 0 0 0 11 0 2 0 0 0 208 0 0 0 255 255 255 255 7 0 5 0 0 0 0 0 data 26 0x50007 0x0 0xa0 0x103 0xa0005 0x0 0x1bd80a10 0x103 0x0 0x0 0xf0005 0x0 0x1bd80c20 0x103 0x0 0x0 0x120007 0x0 0x20 0x103 0x210007 0x0 0x30 0x0 0x2a0002 0x0 oops 2 6 sun/nio/cs/UTF_8$Decoder 12 java/nio/charset/CoderResult
ciMethodData java/nio/CharBuffer toString ()Ljava/lang/String; 1 549 orig 264 88 29 72 113 0 0 0 0 24 203 224 22 0 0 0 0 216 1 0 0 0 0 0 0 0 0 0 0 0 0 0 0 0 0 0 0 0 0 0 0 0 0 0 0 0 0 0 0 0 0 0 0 0 0 0 0 0 0 0 0 0 0 0 0 0 0 0 0 0 0 0 0 0 0 0 0 0 0 0 0 77 68 79 32 101 120 116 114 97 32 100 97 116 97 32 108 111 99 107 0 0 0 0 0 0 0 0 0 0 0 0 0 0 0 0 0 0 0 0 0 0 0 0 0 0 0 0 0 0 0 0 0 0 0 0 0 0 0 0 0 0 0 0 0 0 0 0 0 0 0 0 0 0 0 0 0 0 0 0 0 0 0 0 0 0 0 0 0 0 0 0 0 0 0 0 0 0 0 0 0 0 0 0 0 0 0 0 0 0 0 0 0 0 0 0 0 0 0 0 0 0 0 0 0 0 0 0 0 0 0 0 0 0 0 0 0 42 0 0 0 217 15 0 0 1 0 0 0 0 0 0 0 0 0 0 0 2 0 0 0 0 0 0 0 0 0 0 0 144 0 0 0 255 255 255 255 5 0 2 0 0 0 0 0 data 18 0x20005 0x3d 0x1bd80b70 0x1be 0x0 0x0 0x60005 0x3d 0x1bd80b70 0x1be 0x0 0x0 0x90005 0x0 0x1bd80b70 0x1fa 0x1d63e200 0x1 oops 4 2 java/nio/HeapCharBuffer 8 java/nio/HeapCharBuffer 14 java/nio/HeapCharBuffer 16 java/nio/ByteBufferAsCharBufferB
ciMethodData java/nio/HeapCharBuffer toString (II)Ljava/lang/String; 1 548 orig 264 88 29 72 113 0 0 0 0 40 239 224 22 0 0 0 0 80 1 0 0 0 0 0 0 0 0 0 0 0 0 0 0 0 0 0 0 0 0 0 0 0 0 0 0 0 0 0 0 0 0 0 0 0 0 0 0 0 0 0 0 0 0 0 0 0 0 0 0 0 0 0 0 0 0 0 0 0 0 0 0 77 68 79 32 101 120 116 114 97 32 100 97 116 97 32 108 111 99 107 0 0 0 0 0 0 0 0 0 0 0 0 0 0 0 0 0 0 0 0 0 0 0 0 0 0 0 0 0 0 0 0 0 0 0 0 0 0 0 0 0 0 0 0 0 0 0 0 0 0 0 0 0 0 0 0 0 0 0 0 0 0 0 0 0 0 0 0 0 0 0 0 0 0 0 0 0 0 0 0 0 0 0 0 0 0 0 0 0 0 0 0 0 0 0 0 0 0 0 0 0 0 0 0 0 0 0 0 0 0 0 0 0 0 0 0 0 42 0 0 0 209 15 0 0 1 0 0 0 0 0 0 0 0 0 0 0 2 0 0 0 0 0 0 0 0 0 0 0 32 0 0 0 255 255 255 255 2 0 17 0 0 0 0 0 data 4 0x110002 0x1fa 0x1a0002 0x0 oops 0
ciMethodData java/nio/charset/CoderResult isUnderflow ()Z 1 975 orig 264 88 29 72 113 0 0 0 0 176 255 224 22 0 0 0 0 88 1 0 0 0 0 0 0 0 0 0 0 0 0 0 0 0 0 0 0 0 0 0 0 0 0 0 0 0 0 0 0 0 0 0 0 0 0 0 0 0 0 0 0 0 0 0 0 0 0 0 0 0 0 0 0 0 0 0 0 0 0 0 0 77 68 79 32 101 120 116 114 97 32 100 97 116 97 32 108 111 99 107 0 0 0 0 0 0 0 0 0 0 0 0 0 0 0 0 0 0 0 0 0 0 0 0 0 0 0 0 0 0 0 0 0 0 0 0 0 0 0 0 0 0 0 0 0 0 0 0 0 0 0 0 0 0 0 0 0 0 0 0 0 0 0 0 0 0 0 0 0 0 0 0 0 0 0 0 0 0 0 0 0 0 0 0 0 0 0 0 0 0 0 0 0 0 0 0 0 0 0 0 0 0 0 0 0 0 0 0 0 0 0 0 0 0 0 0 0 92 0 0 0 153 27 0 0 1 0 0 0 0 0 0 0 0 0 0 0 2 0 0 0 0 0 6 0 2 0 0 0 56 0 0 0 255 255 255 255 7 0 4 0 0 0 0 0 data 7 0x40007 0x3 0x38 0x370 0x80003 0x370 0x18 oops 0
ciMethodData java/nio/Buffer position (I)Ljava/nio/Buffer; 2 26072 orig 264 88 29 72 113 0 0 0 0 16 105 209 22 0 0 0 0 152 1 0 0 64 0 0 0 0 0 0 0 0 0 0 0 0 0 0 0 0 0 0 0 0 0 0 0 0 0 0 0 0 0 0 0 0 0 0 0 0 0 0 0 0 0 0 0 0 0 0 0 0 0 0 0 0 0 0 0 0 0 0 0 77 68 79 32 101 120 116 114 97 32 100 97 116 97 32 108 111 99 107 0 0 0 0 0 0 0 0 0 0 0 0 0 0 0 0 0 0 0 0 0 0 0 0 0 0 0 0 0 0 0 0 0 0 0 0 0 0 0 0 0 0 0 0 0 0 0 0 0 0 0 0 0 0 0 0 0 0 0 0 0 0 0 0 0 0 0 0 0 0 0 0 0 0 0 0 0 0 0 0 0 0 0 0 0 27 0 0 0 0 0 0 0 0 0 0 0 0 0 0 0 1 0 0 0 0 0 0 0 1 0 0 0 0 0 0 0 165 0 0 0 153 41 3 0 1 0 0 0 0 0 0 0 0 0 0 0 2 0 0 0 0 0 11 0 2 0 0 0 112 0 0 0 255 255 255 255 7 0 5 0 0 0 0 0 data 14 0x50007 0x0 0x40 0x6533 0x90007 0x6533 0x30 0x0 0x100002 0x0 0x210007 0x6533 0x20 0x0 oops 0
ciMethodData java/nio/charset/CoderResult length ()I 1 0 orig 264 88 29 72 113 0 0 0 0 216 2 225 22 0 0 0 0 168 1 0 0 0 0 0 0 0 0 0 0 0 0 0 0 0 0 0 0 0 0 0 0 0 0 0 0 0 0 0 0 0 0 0 0 0 0 0 0 0 0 0 0 0 0 0 0 0 0 0 0 0 0 0 0 0 0 0 0 0 0 0 0 77 68 79 32 101 120 116 114 97 32 100 97 116 97 32 108 111 99 107 0 0 0 0 0 0 0 0 0 0 0 0 0 0 0 0 0 0 0 0 0 0 0 0 0 0 0 0 0 0 0 0 0 0 0 0 0 0 0 0 0 0 0 0 0 0 0 0 0 0 0 0 0 0 0 0 0 0 0 0 0 0 0 0 0 0 0 0 0 0 0 0 0 0 0 0 0 0 0 0 0 0 0 0 0 0 0 0 0 0 0 0 0 0 0 0 0 0 0 0 0 0 0 0 0 0 0 0 0 0 0 0 0 0 0 0 0 0 0 0 0 1 0 0 0 1 0 0 0 0 0 0 0 0 0 0 0 2 0 0 0 0 0 0 0 0 0 0 0 96 0 0 0 255 255 255 255 5 0 1 0 0 0 0 0 data 12 0x10005 0x0 0x0 0x0 0x0 0x0 0x40007 0x0 0x30 0x0 0xb0002 0x0 oops 0
ciMethod java/lang/UnsupportedOperationException <init> ()V 9 1 23 0 -1
ciMethodData java/nio/Buffer limit (I)Ljava/nio/Buffer; 1 1494 orig 264 88 29 72 113 0 0 0 0 120 106 209 22 0 0 0 0 184 1 0 0 80 0 0 0 0 0 0 0 0 0 0 0 0 0 0 0 0 0 0 0 0 0 0 0 0 0 0 0 0 0 0 0 0 0 0 0 0 0 0 0 0 0 0 0 0 0 0 0 0 0 0 0 0 0 0 0 0 0 0 0 77 68 79 32 101 120 116 114 97 32 100 97 116 97 32 108 111 99 107 0 0 0 0 0 0 0 0 0 0 0 0 0 0 0 0 0 0 0 0 0 0 0 0 0 0 0 0 0 0 0 0 0 0 0 0 0 0 0 0 0 0 0 0 0 0 0 0 0 0 0 0 0 0 0 0 0 0 0 0 0 0 0 0 0 0 0 0 0 0 0 0 0 0 0 0 0 0 0 0 0 0 0 0 0 0 0 0 0 0 0 0 0 0 0 0 0 0 0 0 0 0 0 0 0 0 0 0 0 0 0 0 0 0 0 0 0 103 1 0 0 33 4 0 0 1 0 0 0 0 0 0 0 0 0 0 0 2 0 0 0 0 0 14 0 2 0 0 0 144 0 0 0 255 255 255 255 7 0 5 0 0 0 0 0 data 18 0x50007 0x0 0x40 0x84 0x90007 0x84 0x30 0x0 0x100002 0x0 0x210007 0x84 0x20 0x0 0x340007 0x84 0x20 0x0 oops 0
ciMethodData java/nio/Buffer hasRemaining ()Z 1 3042 orig 264 88 29 72 113 0 0 0 0 232 110 209 22 0 0 0 0 88 1 0 0 0 0 0 0 0 0 0 0 0 0 0 0 0 0 0 0 0 0 0 0 0 0 0 0 0 0 0 0 0 0 0 0 0 0 0 0 0 0 0 0 0 0 0 0 0 0 0 0 0 0 0 0 0 0 0 0 0 0 0 0 77 68 79 32 101 120 116 114 97 32 100 97 116 97 32 108 111 99 107 0 0 0 0 0 0 0 0 0 0 0 0 0 0 0 0 0 0 0 0 0 0 0 0 0 0 0 0 0 0 0 0 0 0 0 0 0 0 0 0 0 0 0 0 0 0 0 0 0 0 0 0 0 0 0 0 0 0 0 0 0 0 0 0 0 0 0 0 0 0 0 0 0 0 0 0 0 0 0 0 0 0 0 0 0 0 0 0 0 0 0 0 0 0 0 0 0 0 0 0 0 0 0 0 0 0 0 0 0 0 0 0 0 0 0 0 0 1 1 0 0 1 0 0 0 1 0 0 0 0 0 0 0 0 0 0 0 2 0 0 0 0 0 3 0 2 0 0 0 56 0 0 0 255 255 255 255 7 0 8 0 0 0 0 0 data 7 0x80007 0x0 0x38 0x0 0xc0003 0x0 0x18 oops 0
ciMethodData java/nio/charset/CoderResult isOverflow ()Z 1 344 orig 264 88 29 72 113 0 0 0 0 80 0 225 22 0 0 0 0 88 1 0 0 0 0 0 0 0 0 0 0 0 0 0 0 0 0 0 0 0 0 0 0 0 0 0 0 0 0 0 0 0 0 0 0 0 0 0 0 0 0 0 0 0 0 0 0 0 0 0 0 0 0 0 0 0 0 0 0 0 0 0 0 77 68 79 32 101 120 116 114 97 32 100 97 116 97 32 108 111 99 107 0 0 0 0 0 0 0 0 0 0 0 0 0 0 0 0 0 0 0 0 0 0 0 0 0 0 0 0 0 0 0 0 0 0 0 0 0 0 0 0 0 0 0 0 0 0 0 0 0 0 0 0 0 0 0 0 0 0 0 0 0 0 0 0 0 0 0 0 0 0 0 0 0 0 0 0 0 0 0 0 0 0 0 0 0 0 0 0 0 0 0 0 0 0 0 0 0 0 0 0 0 0 0 0 0 0 0 0 0 0 0 0 0 0 0 0 0 1 1 0 0 1 0 0 0 1 0 0 0 0 0 0 0 0 0 0 0 2 0 0 0 0 0 3 0 2 0 0 0 56 0 0 0 255 255 255 255 7 0 5 0 0 0 0 0 data 7 0x50007 0x0 0x38 0x0 0x90003 0x0 0x18 oops 0
ciMethodData java/nio/ByteBuffer hasArray ()Z 1 284 orig 264 88 29 72 113 0 0 0 0 136 185 220 22 0 0 0 0 120 1 0 0 0 0 0 0 0 0 0 0 0 0 0 0 0 0 0 0 0 0 0 0 0 0 0 0 0 0 0 0 0 0 0 0 0 0 0 0 0 0 0 0 0 0 0 0 0 0 0 0 0 0 0 0 0 0 0 0 0 0 0 0 77 68 79 32 101 120 116 114 97 32 100 97 116 97 32 108 111 99 107 0 0 0 0 0 0 0 0 0 0 0 0 0 0 0 0 0 0 0 0 0 0 0 0 0 0 0 0 0 0 0 0 0 0 0 0 0 0 0 0 0 0 0 0 0 0 0 0 0 0 0 0 0 0 0 0 0 0 0 0 0 0 0 0 0 0 0 0 0 0 0 0 0 0 0 0 0 0 0 0 0 0 0 0 0 0 0 0 0 0 0 0 0 0 0 0 0 0 0 0 0 0 0 0 0 0 0 0 0 0 0 0 0 0 0 0 0 0 1 0 0 33 0 0 0 1 0 0 0 0 0 0 0 0 0 0 0 2 0 0 0 0 0 6 0 2 0 0 0 88 0 0 0 255 255 255 255 7 0 4 0 0 0 0 0 data 11 0x40007 0x0 0x58 0x4 0xb0007 0x0 0x38 0x4 0xf0003 0x4 0x18 oops 0
ciMethodData java/nio/CharBuffer hasArray ()Z 1 284 orig 264 88 29 72 113 0 0 0 0 40 196 224 22 0 0 0 0 120 1 0 0 0 0 0 0 0 0 0 0 0 0 0 0 0 0 0 0 0 0 0 0 0 0 0 0 0 0 0 0 0 0 0 0 0 0 0 0 0 0 0 0 0 0 0 0 0 0 0 0 0 0 0 0 0 0 0 0 0 0 0 0 77 68 79 32 101 120 116 114 97 32 100 97 116 97 32 108 111 99 107 0 0 0 0 0 0 0 0 0 0 0 0 0 0 0 0 0 0 0 0 0 0 0 0 0 0 0 0 0 0 0 0 0 0 0 0 0 0 0 0 0 0 0 0 0 0 0 0 0 0 0 0 0 0 0 0 0 0 0 0 0 0 0 0 0 0 0 0 0 0 0 0 0 0 0 0 0 0 0 0 0 0 0 0 0 0 0 0 0 0 0 0 0 0 0 0 0 0 0 0 0 0 0 0 0 0 0 0 0 0 0 0 0 0 0 0 0 4 1 0 0 33 0 0 0 1 0 0 0 0 0 0 0 0 0 0 0 2 0 0 0 0 0 6 0 2 0 0 0 88 0 0 0 255 255 255 255 7 0 4 0 0 0 0 0 data 11 0x40007 0x0 0x58 0x4 0xb0007 0x0 0x38 0x4 0xf0003 0x4 0x18 oops 0
ciMethodData sun/nio/cs/UTF_8$Decoder decodeArrayLoop (Ljava/nio/ByteBuffer;Ljava/nio/CharBuffer;)Ljava/nio/charset/CoderResult; 1 3941 orig 264 88 29 72 113 0 0 0 0 56 110 224 22 0 0 0 0 184 8 0 0 48 2 0 0 0 0 0 0 0 0 0 0 0 0 0 0 0 0 0 0 0 0 0 0 0 0 0 0 0 0 0 0 0 0 0 0 0 0 0 0 0 0 0 0 0 0 0 0 0 0 0 0 0 0 0 0 0 0 0 0 77 68 79 32 101 120 116 114 97 32 100 97 116 97 32 108 111 99 107 0 0 0 0 0 0 0 0 0 0 0 0 0 0 0 0 0 0 0 0 0 0 0 0 0 0 0 0 0 0 0 0 0 0 0 0 0 0 0 0 0 0 0 0 0 0 0 0 0 0 0 0 0 0 0 0 0 0 0 0 0 0 0 0 0 0 0 0 0 0 0 0 0 0 0 0 0 0 0 0 0 0 0 0 0 0 0 0 0 0 0 0 0 0 0 0 0 0 0 0 0 0 0 0 0 0 0 0 0 0 0 0 0 0 0 0 0 46 13 0 0 1 0 0 0 1 0 0 0 0 0 0 0 0 0 0 0 2 0 0 0 2 0 105 0 2 0 0 0 80 7 0 0 255 255 255 255 5 0 1 0 0 0 0 0 data 234 0x10005 0x0 0x0 0x0 0x0 0x0 0x60005 0x0 0x0 0x0 0x0 0x0 0xa0005 0x0 0x0 0x0 0x0 0x0 0x110005 0x0 0x0 0x0 0x0 0x0 0x150005 0x0 0x0 0x0 0x0 0x0 0x1c0005 0x0 0x0 0x0 0x0 0x0 0x220005 0x0 0x0 0x0 0x0 0x0 0x260005 0x0 0x0 0x0 0x0 0x0 0x2d0005 0x0 0x0 0x0 0x0 0x0 0x310005 0x0 0x0 0x0 0x0 0x0 0x430002 0x0 0x4d0007 0x0 0x58 0x0 0x540007 0x0 0x38 0x0 0x670003 0x0 0xffffffffffffffc0 0x6e0007 0x0 0x4f8 0x0 0x790007 0x0 0x68 0x0 0x800007 0x0 0x30 0x0 0x8c0002 0x0 0x9e0003 0x0 0x470 0xa70007 0x0 0xe8 0x0 0xaf0007 0x0 0xc8 0x0 0xb80007 0x0 0x40 0x0 0xbf0007 0x0 0x30 0x0 0xcb0002 0x0 0xd90002 0x0 0xdc0007 0x0 0x30 0x0 0xe60002 0x0 0x1020003 0x0 0x388 0x10b0007 0x0 0x168 0x0 0x1180007 0x0 0x40 0x0 0x11f0007 0x0 0x90 0x0 0x1250007 0x0 0x60 0x0 0x1300002 0x0 0x1330007 0x0 0x30 0x0 0x13d0002 0x0 0x14a0002 0x0 0x1640002 0x0 0x1670007 0x0 0x30 0x0 0x1710002 0x0 0x18b0002 0x0 0x18e0007 0x0 0x30 0x0 0x1980002 0x0 0x1a90003 0x0 0x220 0x1b20007 0x0 0x1f8 0x0 0x1bf0007 0x0 0x40 0x0 0x1c80007 0x0 0x110 0x0 0x1d80007 0x0 0x70 0x0 0x1de0007 0x0 0x60 0x0 0x1ed0002 0x0 0x1f00007 0x0 0x30 0x0 0x1fa0002 0x0 0x2010007 0x0 0x60 0x0 0x20a0002 0x0 0x20d0007 0x0 0x30 0x0 0x2170002 0x0 0x2240002 0x0 0x25f0002 0x0 0x2620007 0x0 0x50 0x0 0x2670002 0x0 0x26a0007 0x0 0x30 0x0 0x2740002 0x0 0x2810002 0x0 0x28e0002 0x0 0x2950003 0x0 0x28 0x29f0002 0x0 0x2a30003 0x0 0xfffffffffffffb20 0x2af0002 0x0 oops 0
ciMethodData java/nio/charset/CoderResult malformedForLength (I)Ljava/nio/charset/CoderResult; 1 0 orig 264 88 29 72 113 0 0 0 0 112 3 225 22 0 0 0 0 88 1 0 0 0 0 0 0 0 0 0 0 0 0 0 0 0 0 0 0 0 0 0 0 0 0 0 0 0 0 0 0 0 0 0 0 0 0 0 0 0 0 0 0 0 0 0 0 0 0 0 0 0 0 0 0 0 0 0 0 0 0 0 0 77 68 79 32 101 120 116 114 97 32 100 97 116 97 32 108 111 99 107 0 0 0 0 0 0 0 0 0 0 0 0 0 0 0 0 0 0 0 0 0 0 0 0 0 0 0 0 0 0 0 0 0 0 0 0 0 0 0 0 0 0 0 0 0 0 0 0 0 0 0 0 0 0 0 0 0 0 0 0 0 0 0 0 0 0 0 0 0 0 0 0 0 0 0 0 0 0 0 0 0 0 0 0 0 17 0 0 0 0 0 0 0 0 0 0 0 0 0 0 0 0 0 0 0 0 0 0 0 0 0 0 0 0 0 0 0 0 0 0 0 1 0 0 0 1 0 0 0 0 0 0 0 0 0 0 0 2 0 0 0 0 0 0 0 0 0 0 0 16 0 0 0 255 255 255 255 2 0 4 0 0 0 0 0 data 2 0x40002 0x0 oops 0
ciMethodData sun/nio/cs/UTF_8$Decoder decodeLoop (Ljava/nio/ByteBuffer;Ljava/nio/CharBuffer;)Ljava/nio/charset/CoderResult; 1 659 orig 264 88 29 72 113 0 0 0 0 168 113 224 22 0 0 0 0 24 2 0 0 160 0 0 0 0 0 0 0 0 0 0 0 0 0 0 0 0 0 0 0 0 0 0 0 0 0 0 0 0 0 0 0 0 0 0 0 0 0 0 0 0 0 0 0 0 0 0 0 0 0 0 0 0 0 0 0 0 0 0 0 77 68 79 32 101 120 116 114 97 32 100 97 116 97 32 108 111 99 107 0 0 0 0 0 0 0 0 0 0 0 0 0 0 0 0 0 0 0 0 0 0 0 0 0 0 0 0 0 0 0 0 0 0 0 0 0 0 0 0 0 0 0 0 0 0 0 0 0 0 0 0 0 0 0 0 0 0 0 0 0 0 0 0 0 0 0 0 0 0 0 0 0 0 0 0 0 0 0 0 0 0 0 0 0 0 0 0 0 0 0 0 0 0 0 0 0 0 0 0 0 0 0 0 0 0 0 0 0 0 0 0 0 0 0 0 0 5 1 0 0 1 0 0 0 1 0 0 0 0 0 0 0 0 0 0 0 2 0 0 0 0 0 14 0 2 0 0 0 192 0 0 0 255 255 255 255 5 0 1 0 0 0 0 0 data 24 0x10005 0x0 0x0 0x0 0x0 0x0 0x40007 0x0 0x80 0x0 0x80005 0x0 0x0 0x0 0x0 0x0 0xb0007 0x0 0x30 0x0 0x110002 0x0 0x180002 0x0 oops 0
ciMethodData sun/nio/cs/UTF_8$Decoder decodeBufferLoop (Ljava/nio/ByteBuffer;Ljava/nio/CharBuffer;)Ljava/nio/charset/CoderResult; 1 0 orig 264 88 29 72 113 0 0 0 0 248 112 224 22 0 0 0 0 80 10 0 0 48 0 0 0 0 0 0 0 0 0 0 0 0 0 0 0 0 0 0 0 0 0 0 0 0 0 0 0 0 0 0 0 0 0 0 0 0 0 0 0 0 0 0 0 0 0 0 0 0 0 0 0 0 0 0 0 0 0 0 0 77 68 79 32 101 120 116 114 97 32 100 97 116 97 32 108 111 99 107 0 0 0 0 0 0 0 0 0 0 0 0 0 0 0 0 0 0 0 0 0 0 0 0 0 0 0 0 0 0 0 0 0 0 0 0 0 0 0 0 0 0 0 0 0 0 0 0 0 0 0 0 0 0 0 0 0 0 0 0 0 0 0 0 0 0 0 0 0 0 0 0 0 0 0 0 0 0 0 0 0 0 0 0 0 0 0 0 0 0 0 0 0 0 0 0 0 0 0 0 0 0 0 0 0 0 0 0 0 0 0 0 0 0 0 0 0 0 0 0 0 1 0 0 0 1 0 0 0 0 0 0 0 0 0 0 0 2 0 0 0 0 0 0 0 0 0 0 0 248 8 0 0 255 255 255 255 5 0 1 0 0 0 0 0 data 287 0x10005 0x0 0x0 0x0 0x0 0x0 0x60005 0x0 0x0 0x0 0x0 0x0 0xe0007 0x0 0x888 0x0 0x120005 0x0 0x0 0x0 0x0 0x0 0x190007 0x0 0xc8 0x0 0x1d0005 0x0 0x0 0x0 0x0 0x0 0x210007 0x0 0x30 0x0 0x270002 0x0 0x2f0005 0x0 0x0 0x0 0x0 0x0 0x360003 0x0 0x770 0x3f0007 0x0 0x178 0x0 0x470007 0x0 0x158 0x0 0x4f0007 0x0 0x70 0x0 0x530005 0x0 0x0 0x0 0x0 0x0 0x570007 0x0 0x30 0x0 0x5d0002 0x0 0x620005 0x0 0x0 0x0 0x0 0x0 0x690002 0x0 0x6c0007 0x0 0x30 0x0 0x720002 0x0 0x840005 0x0 0x0 0x0 0x0 0x0 0x8b0003 0x0 0x5f8 0x940007 0x0 0x258 0x0 0xa00007 0x0 0x70 0x0 0xa40005 0x0 0x0 0x0 0x0 0x0 0xa80007 0x0 0xc0 0x0 0xae0007 0x0 0x90 0x0 0xb40005 0x0 0x0 0x0 0x0 0x0 0xb70002 0x0 0xba0007 0x0 0x30 0x0 0xc00002 0x0 0xc70002 0x0 0xcc0005 0x0 0x0 0x0 0x0 0x0 0xd20005 0x0 0x0 0x0 0x0 0x0 0xdd0002 0x0 0xe00007 0x0 0x30 0x0 0xe60002 0x0 0x1000002 0x0 0x1030007 0x0 0x30 0x0 0x1090002 0x0 0x1100005 0x0 0x0 0x0 0x0 0x0 0x1170003 0x0 0x3a0 0x1200007 0x0 0x378 0x0 0x12c0007 0x0 0x70 0x0 0x1300005 0x0 0x0 0x0 0x0 0x0 0x1340007 0x0 0x170 0x0 0x1440007 0x0 0xa0 0x0 0x14a0007 0x0 0x90 0x0 0x1500005 0x0 0x0 0x0 0x0 0x0 0x1570002 0x0 0x15a0007 0x0 0x30 0x0 0x1600002 0x0 0x1670007 0x0 0x90 0x0 0x16b0005 0x0 0x0 0x0 0x0 0x0 0x16e0002 0x0 0x1710007 0x0 0x30 0x0 0x1770002 0x0 0x17e0002 0x0 0x1830005 0x0 0x0 0x0 0x0 0x0 0x1890005 0x0 0x0 0x0 0x0 0x0 0x18f0005 0x0 0x0 0x0 0x0 0x0 0x1b30002 0x0 0x1b60007 0x0 0x50 0x0 0x1bb0002 0x0 0x1be0007 0x0 0x30 0x0 0x1c40002 0x0 0x1cb0002 0x0 0x1ce0005 0x0 0x0 0x0 0x0 0x0 0x1d50002 0x0 0x1d80005 0x0 0x0 0x0 0x0 0x0 0x1df0003 0x0 0x28 0x1e50002 0x0 0x1e90003 0x0 0xfffffffffffff790 0x1ef0002 0x0 oops 0
ciMethodData java/nio/charset/CharsetDecoder implFlush (Ljava/nio/CharBuffer;)Ljava/nio/charset/CoderResult; 2 301 orig 264 88 29 72 113 0 0 0 0 208 143 224 22 0 0 0 0 40 1 0 0 0 0 0 0 0 0 0 0 0 0 0 0 0 0 0 0 0 0 0 0 0 0 0 0 0 0 0 0 0 0 0 0 0 0 0 0 0 0 0 0 0 0 0 0 0 0 0 0 0 0 0 0 0 0 0 0 0 0 0 0 77 68 79 32 101 120 116 114 97 32 100 97 116 97 32 108 111 99 107 0 0 0 0 0 0 0 0 0 0 0 0 0 0 0 0 0 0 0 0 0 0 0 0 0 0 0 0 0 0 0 0 0 0 0 0 0 0 0 0 0 0 0 0 0 0 0 0 0 0 0 0 0 0 0 0 0 0 0 0 0 0 0 0 0 0 0 0 0 0 0 0 0 0 0 0 0 0 0 0 0 0 0 0 0 0 0 0 0 0 0 0 0 0 0 0 0 0 0 0 0 0 0 0 0 0 0 0 0 0 0 0 0 0 0 0 0 3 1 0 0 1 0 0 0 1 0 0 0 0 0 0 0 0 0 0 0 2 0 0 0 0 0 3 0 1 0 0 0 0 0 0 0 255 255 255 255 0 0 0 0 0 0 0 0 data 0 oops 0
ciMethodData java/nio/charset/CharsetDecoder throwIllegalStateException (II)V 1 0 orig 264 88 29 72 113 0 0 0 0 56 149 224 22 0 0 0 0 104 2 0 0 0 0 0 0 0 0 0 0 0 0 0 0 0 0 0 0 0 0 0 0 0 0 0 0 0 0 0 0 0 0 0 0 0 0 0 0 0 0 0 0 0 0 0 0 0 0 0 0 0 0 0 0 0 0 0 0 0 0 0 0 77 68 79 32 101 120 116 114 97 32 100 97 116 97 32 108 111 99 107 0 0 0 0 0 0 0 0 0 0 0 0 0 0 0 0 0 0 0 0 0 0 0 0 0 0 0 0 0 0 0 0 0 0 0 0 0 0 0 0 0 0 0 0 0 0 0 0 0 0 0 0 0 0 0 0 0 0 0 0 0 0 0 0 0 0 0 0 0 0 0 0 0 0 0 0 0 0 0 0 0 0 0 0 0 25 0 0 0 0 0 0 0 1 0 0 0 0 0 0 0 1 0 0 0 0 0 0 0 0 0 0 0 0 0 0 0 0 0 0 0 1 0 0 0 1 0 0 0 0 0 0 0 0 0 0 0 2 0 0 0 0 0 0 0 0 0 0 0 16 1 0 0 255 255 255 255 2 0 8 0 0 0 0 0 data 34 0x80002 0x0 0xd0005 0x0 0x0 0x0 0x0 0x0 0x150005 0x0 0x0 0x0 0x0 0x0 0x1a0005 0x0 0x0 0x0 0x0 0x0 0x220005 0x0 0x0 0x0 0x0 0x0 0x250005 0x0 0x0 0x0 0x0 0x0 0x280002 0x0 oops 0
ciMethodData java/nio/Buffer remaining ()I 2 20734 orig 264 88 29 72 113 0 0 0 0 72 110 209 22 0 0 0 0 32 1 0 0 0 0 0 0 0 0 0 0 0 0 0 0 0 0 0 0 0 0 0 0 0 0 0 0 0 0 0 0 0 0 0 0 0 0 0 0 0 0 0 0 0 0 0 0 0 0 0 0 0 0 0 0 0 0 0 0 0 0 0 0 77 68 79 32 101 120 116 114 97 32 100 97 116 97 32 108 111 99 107 0 0 0 0 0 0 0 0 0 0 0 0 0 0 0 0 0 0 0 0 0 0 0 0 0 0 0 0 0 0 0 0 0 0 0 0 0 0 0 0 0 0 0 0 0 0 0 0 0 0 0 0 0 0 0 0 0 0 0 0 0 0 0 0 0 0 0 0 0 0 0 0 0 0 0 0 0 0 0 0 0 0 0 0 0 0 0 0 0 0 0 0 0 0 0 0 0 0 0 0 0 0 0 0 0 0 0 0 0 0 0 0 0 0 0 0 0 212 0 0 0 81 129 2 0 1 0 0 0 0 0 0 0 0 0 0 0 2 0 0 0 0 0 3 0 1 0 0 0 0 0 0 0 255 255 255 255 0 0 0 0 0 0 0 0 data 0 oops 0
ciMethodData java/nio/charset/CoderResult isMalformed ()Z 1 0 orig 264 88 29 72 113 0 0 0 0 144 1 225 22 0 0 0 0 88 1 0 0 0 0 0 0 0 0 0 0 0 0 0 0 0 0 0 0 0 0 0 0 0 0 0 0 0 0 0 0 0 0 0 0 0 0 0 0 0 0 0 0 0 0 0 0 0 0 0 0 0 0 0 0 0 0 0 0 0 0 0 0 77 68 79 32 101 120 116 114 97 32 100 97 116 97 32 108 111 99 107 0 0 0 0 0 0 0 0 0 0 0 0 0 0 0 0 0 0 0 0 0 0 0 0 0 0 0 0 0 0 0 0 0 0 0 0 0 0 0 0 0 0 0 0 0 0 0 0 0 0 0 0 0 0 0 0 0 0 0 0 0 0 0 0 0 0 0 0 0 0 0 0 0 0 0 0 0 0 0 0 0 0 0 0 0 1 0 0 0 0 0 0 0 0 0 0 0 0 0 0 0 1 0 0 0 0 0 0 0 0 0 0 0 0 0 0 0 0 0 0 0 1 0 0 0 1 0 0 0 0 0 0 0 0 0 0 0 2 0 0 0 0 0 0 0 0 0 0 0 56 0 0 0 255 255 255 255 7 0 5 0 0 0 0 0 data 7 0x50007 0x0 0x38 0x0 0x90003 0x0 0x18 oops 0
ciMethodData java/nio/charset/CoderResult isUnmappable ()Z 1 0 orig 264 88 29 72 113 0 0 0 0 48 2 225 22 0 0 0 0 88 1 0 0 0 0 0 0 0 0 0 0 0 0 0 0 0 0 0 0 0 0 0 0 0 0 0 0 0 0 0 0 0 0 0 0 0 0 0 0 0 0 0 0 0 0 0 0 0 0 0 0 0 0 0 0 0 0 0 0 0 0 0 0 77 68 79 32 101 120 116 114 97 32 100 97 116 97 32 108 111 99 107 0 0 0 0 0 0 0 0 0 0 0 0 0 0 0 0 0 0 0 0 0 0 0 0 0 0 0 0 0 0 0 0 0 0 0 0 0 0 0 0 0 0 0 0 0 0 0 0 0 0 0 0 0 0 0 0 0 0 0 0 0 0 0 0 0 0 0 0 0 0 0 0 0 0 0 0 0 0 0 0 0 0 0 0 0 1 0 0 0 0 0 0 0 0 0 0 0 0 0 0 0 1 0 0 0 0 0 0 0 0 0 0 0 0 0 0 0 0 0 0 0 1 0 0 0 1 0 0 0 0 0 0 0 0 0 0 0 2 0 0 0 0 0 0 0 0 0 0 0 56 0 0 0 255 255 255 255 7 0 5 0 0 0 0 0 data 7 0x50007 0x0 0x38 0x0 0x90003 0x0 0x18 oops 0
ciMethodData java/nio/CharBuffer put (Ljava/lang/String;)Ljava/nio/CharBuffer; 1 0 orig 264 88 29 72 113 0 0 0 0 128 195 224 22 0 0 0 0 176 1 0 0 0 0 0 0 0 0 0 0 0 0 0 0 0 0 0 0 0 0 0 0 0 0 0 0 0 0 0 0 0 0 0 0 0 0 0 0 0 0 0 0 0 0 0 0 0 0 0 0 0 0 0 0 0 0 0 0 0 0 0 0 77 68 79 32 101 120 116 114 97 32 100 97 116 97 32 108 111 99 107 0 0 0 0 0 0 0 0 0 0 0 0 0 0 0 0 0 0 0 0 0 0 0 0 0 0 0 0 0 0 0 0 0 0 0 0 0 0 0 0 0 0 0 0 0 0 0 0 0 0 0 0 0 0 0 0 0 0 0 0 0 0 0 0 0 0 0 0 0 0 0 0 0 0 0 0 0 0 0 0 0 0 0 0 0 0 0 0 0 0 0 0 0 0 0 0 0 0 0 0 0 0 0 0 0 0 0 0 0 0 0 0 0 0 0 0 0 0 0 0 0 1 0 0 0 1 0 0 0 0 0 0 0 0 0 0 0 2 0 0 0 0 0 0 0 0 0 0 0 96 0 0 0 255 255 255 255 5 0 4 0 0 0 0 0 data 12 0x40005 0x0 0x0 0x0 0x0 0x0 0x70005 0x0 0x0 0x0 0x0 0x0 oops 0
ciMethodData java/nio/CharBuffer put (Ljava/lang/String;II)Ljava/nio/CharBuffer; 1 0 orig 264 88 29 72 113 0 0 0 0 232 194 224 22 0 0 0 0 248 2 0 0 240 0 0 0 0 0 0 0 0 0 0 0 0 0 0 0 0 0 0 0 0 0 0 0 0 0 0 0 0 0 0 0 0 0 0 0 0 0 0 0 0 0 0 0 0 0 0 0 0 0 0 0 0 0 0 0 0 0 0 0 77 68 79 32 101 120 116 114 97 32 100 97 116 97 32 108 111 99 107 0 0 0 0 0 0 0 0 0 0 0 0 0 0 0 0 0 0 0 0 0 0 0 0 0 0 0 0 0 0 0 0 0 0 0 0 0 0 0 0 0 0 0 0 0 0 0 0 0 0 0 0 0 0 0 0 0 0 0 0 0 0 0 0 0 0 0 0 0 0 0 0 0 0 0 0 0 0 0 0 0 0 0 0 0 27 0 0 0 0 0 0 0 0 0 0 0 0 0 0 0 2 0 0 0 0 0 0 0 1 0 0 0 0 0 0 0 0 0 0 0 1 0 0 0 1 0 0 0 0 0 0 0 0 0 0 0 2 0 0 0 0 0 0 0 0 0 0 0 152 1 0 0 255 255 255 255 5 0 5 0 0 0 0 0 data 51 0x50005 0x0 0x0 0x0 0x0 0x0 0x80002 0x0 0xc0005 0x0 0x0 0x0 0x0 0x0 0xf0007 0x0 0x30 0x0 0x160002 0x0 0x1e0005 0x0 0x0 0x0 0x0 0x0 0x210007 0x0 0x30 0x0 0x280002 0x0 0x320007 0x0 0x98 0x0 0x390005 0x0 0x0 0x0 0x0 0x0 0x3c0005 0x0 0x0 0x0 0x0 0x0 0x430003 0x0 0xffffffffffffff80 oops 0
ciMethodData java/nio/Bits byteOrder ()Ljava/nio/ByteOrder; 1 341 orig 264 88 29 72 113 0 0 0 0 40 108 221 22 0 0 0 0 72 1 0 0 0 0 0 0 0 0 0 0 0 0 0 0 0 0 0 0 0 0 0 0 0 0 0 0 0 0 0 0 0 0 0 0 0 0 0 0 0 0 0 0 0 0 0 0 0 0 0 0 0 0 0 0 0 0 0 0 0 0 0 0 77 68 79 32 101 120 116 114 97 32 100 97 116 97 32 108 111 99 107 0 0 0 0 0 0 0 0 0 0 0 0 0 0 0 0 0 0 0 0 0 0 0 0 0 0 0 0 0 0 0 0 0 0 0 0 0 0 0 0 0 0 0 0 0 0 0 0 0 0 0 0 0 0 0 0 0 0 0 0 0 0 0 0 0 0 0 0 0 0 0 0 0 0 0 0 0 0 0 0 0 0 0 0 0 0 0 0 0 0 0 0 0 0 0 0 0 0 0 0 0 0 0 0 0 0 0 0 0 0 0 0 0 0 0 0 0 0 1 0 0 1 0 0 0 1 0 0 0 0 0 0 0 0 0 0 0 2 0 0 0 0 0 3 0 2 0 0 0 48 0 0 0 255 255 255 255 7 0 3 0 0 0 0 0 data 6 0x30007 0x0 0x30 0x0 0xc0002 0x0 oops 0
ciMethod sun/nio/cs/UnicodeDecoder implReset ()V 1097 1 137 0 0
instanceKlass org/robolectric/res/Style
instanceKlass org/robolectric/shadows/ShadowKeyguardManager$ShadowKeyguardLock
instanceKlass android/app/KeyguardManager$OnKeyguardExitResult
instanceKlass android/app/KeyguardManager$KeyguardDismissCallback
instanceKlass android/app/KeyguardManager$KeyguardLock
instanceKlass org/robolectric/shadows/ShadowKeyguardManager
instanceKlass android/view/InputEventSender
instanceKlass android/view/InputChannel
instanceKlass com/android/internal/view/IInputMethodSession
instanceKlass android/view/inputmethod/CursorAnchorInfo
instanceKlass com/android/internal/view/IInputMethodManager
instanceKlass com/android/internal/view/IInputContext
instanceKlass com/android/internal/view/IInputMethodClient
instanceKlass org/robolectric/shadows/ShadowInputMethodManager$_InputMethodManager_$$Reflector17
instanceKlass org/robolectric/shadows/ShadowInputMethodManager$_InputMethodManager_
instanceKlass org/robolectric/shadows/ShadowInputMethodManager
instanceKlass android/hardware/input/IInputManager
instanceKlass android/hardware/input/ITabletModeChangedListener
instanceKlass android/hardware/input/IInputDevicesChangedListener
instanceKlass org/robolectric/shadows/ShadowInputManager
instanceKlass org/robolectric/shadows/ShadowGeocoder
instanceKlass org/robolectric/shadows/ShadowEnvironment
instanceKlass org/robolectric/shadows/ShadowDebug
instanceKlass android/webkit/CookieManager
instanceKlass org/robolectric/shadows/ShadowCookieManager
instanceKlass org/robolectric/util/SoftThreadLocal
instanceKlass org/robolectric/shadows/ShadowChoreographer
instanceKlass org/robolectric/shadows/ShadowBuild$_VERSION_$$Reflector16
instanceKlass org/robolectric/shadows/ShadowBuild$_VERSION_
instanceKlass org/robolectric/shadows/ShadowBuild$_Build_$$Reflector15
instanceKlass org/robolectric/shadows/ShadowBuild$_Build_
instanceKlass org/robolectric/shadows/ShadowBackupManager$BackupManagerServiceState
instanceKlass org/robolectric/shadows/ShadowBackupManager
instanceKlass org/robolectric/shadows/ShadowBackgroundThread$_BackgroundThread_$$Reflector14
instanceKlass org/robolectric/shadows/ShadowBackgroundThread$_BackgroundThread_
instanceKlass org/robolectric/shadows/ShadowBackgroundThread
instanceKlass org/robolectric/shadows/ShadowAudioEffect
instanceKlass org/robolectric/shadows/ShadowAlarmManager
instanceKlass org/robolectric/RobolectricTestRunner$$Lambda$61
instanceKlass org/robolectric/res/android/CppAssetManager2$ResourceName
instanceKlass java/lang/invoke/LambdaForm$MH
instanceKlass java/lang/invoke/LambdaForm$MH
instanceKlass java/lang/invoke/LambdaForm$reinvoker
instanceKlass java/lang/invoke/LambdaForm$MH
instanceKlass java/lang/invoke/LambdaForm$MH
instanceKlass java/lang/invoke/LambdaForm$MH
instanceKlass java/lang/invoke/LambdaForm$DMH
instanceKlass java/lang/invoke/LambdaForm$MH
instanceKlass java/lang/invoke/LambdaForm$DMH
instanceKlass java/lang/invoke/LambdaForm$MH
instanceKlass java/lang/invoke/LambdaForm$MH
instanceKlass java/lang/invoke/LambdaForm$DMH
instanceKlass java/lang/invoke/LambdaForm$DMH
instanceKlass java/lang/invoke/LambdaForm$BMH
instanceKlass java/lang/invoke/LambdaForm$BMH
instanceKlass java/lang/invoke/LambdaForm$DMH
instanceKlass org/robolectric/shadows/ShadowMessageQueue$_MessageQueue_$$Reflector13
instanceKlass org/robolectric/shadows/ShadowMessageQueue$_MessageQueue_
instanceKlass org/robolectric/shadows/ShadowMessage$_Message_$$Reflector12
instanceKlass org/robolectric/shadows/ShadowMessage$_Message_
instanceKlass org/robolectric/util/ReflectionHelpers$4
instanceKlass android/os/IRemoteCallback
instanceKlass android/app/ExitTransitionCoordinator$HideSharedElementsCallback
instanceKlass java/util/WeakHashMap$HashIterator
instanceKlass androidx/lifecycle/LifecycleRegistryOwner
instanceKlass androidx/lifecycle/ReportFragment$ActivityInitializationListener
instanceKlass android/view/LayoutInflater$FactoryMerger
instanceKlass org/robolectric/shadows/ShadowEventLog$ShadowEvent
instanceKlass org/robolectric/shadows/ShadowEventLog$EventBuilder
instanceKlass java/lang/invoke/LambdaForm$DMH
instanceKlass java/lang/invoke/LambdaForm$BMH
instanceKlass java/lang/invoke/LambdaForm$BMH
instanceKlass java/lang/invoke/LambdaForm$MH
instanceKlass android/util/EventLog$Event
instanceKlass org/robolectric/shadows/ShadowEventLog
instanceKlass android/util/EventLog
instanceKlass java/lang/invoke/LambdaForm$MH
instanceKlass java/lang/invoke/LambdaForm$MH
instanceKlass java/lang/invoke/LambdaForm$reinvoker
instanceKlass java/lang/invoke/LambdaForm$DMH
instanceKlass java/lang/invoke/LambdaForm$MH
instanceKlass java/lang/invoke/LambdaForm$MH
instanceKlass java/lang/invoke/LambdaForm$MH
instanceKlass java/lang/invoke/LambdaForm$DMH
instanceKlass java/lang/invoke/LambdaForm$MH
instanceKlass java/lang/invoke/LambdaForm$DMH
instanceKlass java/lang/invoke/LambdaForm$MH
instanceKlass java/lang/invoke/LambdaForm$BMH
instanceKlass java/lang/invoke/LambdaForm$MH
instanceKlass java/lang/invoke/LambdaForm$DMH
instanceKlass java/lang/invoke/LambdaForm$DMH
instanceKlass java/lang/invoke/LambdaForm$BMH
instanceKlass java/lang/invoke/LambdaForm$BMH
instanceKlass java/lang/invoke/LambdaForm$BMH
instanceKlass java/lang/invoke/LambdaForm$DMH
instanceKlass java/lang/invoke/LambdaForm$MH
instanceKlass java/lang/invoke/LambdaForm$MH
instanceKlass java/lang/invoke/LambdaForm$reinvoker
instanceKlass java/lang/invoke/LambdaForm$MH
instanceKlass java/lang/invoke/LambdaForm$MH
instanceKlass java/lang/invoke/LambdaForm$MH
instanceKlass java/lang/invoke/LambdaForm$DMH
instanceKlass java/lang/invoke/LambdaForm$MH
instanceKlass java/lang/invoke/LambdaForm$DMH
instanceKlass java/lang/invoke/LambdaForm$MH
instanceKlass java/lang/invoke/LambdaForm$BMH
instanceKlass java/lang/invoke/LambdaForm$BMH
instanceKlass java/lang/invoke/LambdaForm$BMH
instanceKlass java/lang/invoke/LambdaForm$MH
instanceKlass java/lang/invoke/LambdaForm$DMH
instanceKlass java/lang/invoke/LambdaForm$DMH
instanceKlass java/lang/invoke/LambdaForm$BMH
instanceKlass java/lang/invoke/LambdaForm$BMH
instanceKlass java/lang/invoke/LambdaForm$BMH
instanceKlass java/lang/invoke/LambdaForm$BMH
instanceKlass java/lang/invoke/LambdaForm$BMH
instanceKlass java/lang/invoke/LambdaForm$DMH
instanceKlass java/lang/invoke/LambdaForm$MH
instanceKlass java/lang/invoke/LambdaForm$MH
instanceKlass java/lang/invoke/LambdaForm$reinvoker
instanceKlass java/lang/invoke/LambdaForm$MH
instanceKlass java/lang/invoke/LambdaForm$MH
instanceKlass java/lang/invoke/LambdaForm$DMH
instanceKlass java/lang/invoke/LambdaForm$MH
instanceKlass java/lang/invoke/LambdaForm$MH
instanceKlass java/lang/invoke/LambdaForm$BMH
instanceKlass java/lang/invoke/LambdaForm$BMH
instanceKlass java/lang/invoke/LambdaForm$DMH
instanceKlass android/icu/impl/CaseMapImpl$GreekUpper
instanceKlass java/lang/invoke/LambdaForm$MH
instanceKlass java/lang/invoke/LambdaForm$MH
instanceKlass java/lang/invoke/LambdaForm$reinvoker
instanceKlass java/lang/invoke/LambdaForm$DMH
instanceKlass java/lang/invoke/LambdaForm$MH
instanceKlass java/lang/invoke/LambdaForm$MH
instanceKlass java/lang/invoke/LambdaForm$MH
instanceKlass java/lang/invoke/LambdaForm$MH
instanceKlass java/lang/invoke/LambdaForm$BMH
instanceKlass java/lang/invoke/LambdaForm$MH
instanceKlass java/lang/invoke/LambdaForm$DMH
instanceKlass java/lang/invoke/LambdaForm$DMH
instanceKlass java/lang/invoke/LambdaForm$BMH
instanceKlass java/lang/invoke/LambdaForm$BMH
instanceKlass java/lang/invoke/LambdaForm$DMH
instanceKlass android/icu/impl/CaseMapImpl$StringContextIterator
instanceKlass android/icu/text/BreakIterator
instanceKlass android/icu/impl/CaseMapImpl
instanceKlass android/icu/impl/Trie2$2
instanceKlass android/icu/impl/Trie2$Trie2Iterator
instanceKlass android/icu/impl/Trie2$UTrie2Header
instanceKlass android/icu/impl/Trie2$1
instanceKlass android/icu/impl/Trie2$CharSequenceIterator
instanceKlass android/icu/impl/Trie2$ValueMapper
instanceKlass android/icu/impl/Trie2
instanceKlass java/lang/invoke/LambdaForm$DMH
instanceKlass android/icu/impl/UCaseProps$1
instanceKlass android/icu/impl/UCaseProps$IsAcceptable
instanceKlass android/icu/impl/ClassLoaderUtil
instanceKlass android/icu/impl/ICUData
instanceKlass android/icu/impl/ICUConfig
instanceKlass android/icu/util/VersionInfo
instanceKlass android/icu/impl/ICUBinary
instanceKlass android/icu/text/UnicodeFilter
instanceKlass android/icu/text/UnicodeMatcher
instanceKlass android/icu/util/Freezable
instanceKlass android/icu/impl/UCaseProps$ContextIterator
instanceKlass android/icu/impl/ICUBinary$Authenticate
instanceKlass android/icu/impl/UCaseProps
instanceKlass android/icu/text/CaseMap$1
instanceKlass android/icu/text/CaseMap
instanceKlass android/icu/text/Edits
instanceKlass android/text/method/AllCapsTransformationMethod
instanceKlass android/animation/StateListAnimator$Tuple
instanceKlass java/lang/invoke/LambdaForm$MH
instanceKlass java/lang/invoke/LambdaForm$MH
instanceKlass java/lang/invoke/LambdaForm$reinvoker
instanceKlass java/lang/invoke/LambdaForm$MH
instanceKlass java/lang/invoke/LambdaForm$MH
instanceKlass java/lang/invoke/LambdaForm$MH
instanceKlass java/lang/invoke/LambdaForm$DMH
instanceKlass java/lang/invoke/LambdaForm$MH
instanceKlass java/lang/invoke/LambdaForm$DMH
instanceKlass java/lang/invoke/LambdaForm$MH
instanceKlass java/lang/invoke/LambdaForm$BMH
instanceKlass java/lang/invoke/LambdaForm$MH
instanceKlass java/lang/invoke/LambdaForm$DMH
instanceKlass java/lang/invoke/LambdaForm$BMH
instanceKlass java/lang/invoke/LambdaForm$BMH
instanceKlass java/lang/invoke/LambdaForm$BMH
instanceKlass java/lang/invoke/LambdaForm$DMH
instanceKlass java/lang/invoke/LambdaForm$MH
instanceKlass java/lang/invoke/LambdaForm$MH
instanceKlass java/lang/invoke/LambdaForm$reinvoker
instanceKlass java/lang/invoke/LambdaForm$MH
instanceKlass java/lang/invoke/LambdaForm$MH
instanceKlass java/lang/invoke/LambdaForm$MH
instanceKlass java/lang/invoke/LambdaForm$BMH
instanceKlass java/lang/invoke/LambdaForm$MH
instanceKlass java/lang/invoke/LambdaForm$MH
instanceKlass java/lang/invoke/LambdaForm$reinvoker
instanceKlass java/lang/invoke/LambdaForm$MH
instanceKlass java/lang/invoke/LambdaForm$MH
instanceKlass java/lang/invoke/LambdaForm$DMH
instanceKlass java/lang/invoke/LambdaForm$MH
instanceKlass java/lang/invoke/LambdaForm$DMH
instanceKlass java/lang/invoke/LambdaForm$MH
instanceKlass java/lang/invoke/LambdaForm$BMH
instanceKlass java/lang/invoke/LambdaForm$BMH
instanceKlass java/lang/invoke/LambdaForm$DMH
instanceKlass java/lang/invoke/LambdaForm$MH
instanceKlass java/lang/invoke/LambdaForm$MH
instanceKlass java/lang/invoke/LambdaForm$reinvoker
instanceKlass java/lang/invoke/LambdaForm$DMH
instanceKlass java/lang/invoke/LambdaForm$MH
instanceKlass java/lang/invoke/LambdaForm$MH
instanceKlass java/lang/invoke/LambdaForm$MH
instanceKlass java/lang/invoke/LambdaForm$MH
instanceKlass java/lang/invoke/LambdaForm$MH
instanceKlass java/lang/invoke/LambdaForm$DMH
instanceKlass java/lang/invoke/LambdaForm$DMH
instanceKlass java/lang/invoke/LambdaForm$BMH
instanceKlass java/lang/invoke/LambdaForm$DMH
instanceKlass java/lang/invoke/LambdaForm$MH
instanceKlass java/lang/invoke/LambdaForm$MH
instanceKlass java/lang/invoke/LambdaForm$reinvoker
instanceKlass java/lang/invoke/LambdaForm$MH
instanceKlass java/lang/invoke/LambdaForm$MH
instanceKlass java/lang/invoke/LambdaForm$DMH
instanceKlass java/lang/invoke/LambdaForm$MH
instanceKlass java/lang/invoke/LambdaForm$DMH
instanceKlass java/lang/invoke/LambdaForm$MH
instanceKlass java/lang/invoke/LambdaForm$BMH
instanceKlass java/lang/invoke/LambdaForm$BMH
instanceKlass java/lang/invoke/LambdaForm$DMH
instanceKlass java/lang/invoke/LambdaForm$MH
instanceKlass java/lang/invoke/LambdaForm$MH
instanceKlass java/lang/invoke/LambdaForm$reinvoker
instanceKlass java/lang/invoke/LambdaForm$DMH
instanceKlass java/lang/invoke/LambdaForm$MH
instanceKlass java/lang/invoke/LambdaForm$MH
instanceKlass java/lang/invoke/LambdaForm$MH
instanceKlass java/lang/invoke/LambdaForm$MH
instanceKlass java/lang/invoke/LambdaForm$BMH
instanceKlass java/lang/invoke/LambdaForm$MH
instanceKlass java/lang/invoke/LambdaForm$DMH
instanceKlass java/lang/invoke/LambdaForm$BMH
instanceKlass java/lang/invoke/LambdaForm$BMH
instanceKlass java/lang/invoke/LambdaForm$DMH
instanceKlass android/animation/AnimatorSet$AnimationEvent
instanceKlass android/animation/AnimatorSet$SeekState
instanceKlass android/animation/AnimatorSet$Builder
instanceKlass android/animation/AnimatorSet$Node
instanceKlass java/lang/invoke/LambdaForm$MH
instanceKlass java/lang/invoke/LambdaForm$MH
instanceKlass java/lang/invoke/LambdaForm$reinvoker
instanceKlass java/lang/invoke/LambdaForm$DMH
instanceKlass java/lang/invoke/LambdaForm$MH
instanceKlass java/lang/invoke/LambdaForm$MH
instanceKlass java/lang/invoke/LambdaForm$MH
instanceKlass java/lang/invoke/LambdaForm$MH
instanceKlass java/lang/invoke/LambdaForm$BMH
instanceKlass java/lang/invoke/LambdaForm$BMH
instanceKlass java/lang/invoke/LambdaForm$MH
instanceKlass java/lang/invoke/LambdaForm$DMH
instanceKlass java/lang/invoke/LambdaForm$BMH
instanceKlass java/lang/invoke/LambdaForm$BMH
instanceKlass java/lang/invoke/LambdaForm$BMH
instanceKlass java/lang/invoke/LambdaForm$DMH
instanceKlass android/animation/Keyframes$IntKeyframes
instanceKlass android/animation/KeyframeSet
instanceKlass java/lang/invoke/LambdaForm$BMH
instanceKlass android/animation/Keyframes$FloatKeyframes
instanceKlass java/lang/invoke/LambdaForm$BMH
instanceKlass android/animation/FloatEvaluator
instanceKlass android/animation/IntEvaluator
instanceKlass android/animation/PropertyValuesHolder$PropertyValues
instanceKlass android/animation/PropertyValuesHolder$1
instanceKlass android/animation/PropertyValuesHolder$PropertyValues$DataSource
instanceKlass android/animation/TypeConverter
instanceKlass java/lang/invoke/LambdaForm$BMH
instanceKlass java/lang/invoke/LambdaForm$BMH
instanceKlass android/animation/AnimationHandler
instanceKlass android/animation/ValueAnimator$AnimatorUpdateListener
instanceKlass org/robolectric/shadows/ShadowValueAnimator
instanceKlass java/lang/invoke/LambdaForm$MH
instanceKlass java/lang/invoke/LambdaForm$MH
instanceKlass java/lang/invoke/LambdaForm$reinvoker
instanceKlass java/lang/invoke/LambdaForm$DMH
instanceKlass java/lang/invoke/LambdaForm$MH
instanceKlass java/lang/invoke/LambdaForm$MH
instanceKlass java/lang/invoke/LambdaForm$MH
instanceKlass java/lang/invoke/LambdaForm$MH
instanceKlass java/lang/invoke/LambdaForm$BMH
instanceKlass java/lang/invoke/LambdaForm$MH
instanceKlass java/lang/invoke/LambdaForm$DMH
instanceKlass java/lang/invoke/LambdaForm$DMH
instanceKlass java/lang/invoke/LambdaForm$BMH
instanceKlass java/lang/invoke/LambdaForm$BMH
instanceKlass java/lang/invoke/LambdaForm$DMH
instanceKlass java/lang/invoke/LambdaForm$MH
instanceKlass java/lang/invoke/LambdaForm$MH
instanceKlass java/lang/invoke/LambdaForm$reinvoker
instanceKlass java/lang/invoke/LambdaForm$DMH
instanceKlass java/lang/invoke/LambdaForm$MH
instanceKlass java/lang/invoke/LambdaForm$MH
instanceKlass java/lang/invoke/LambdaForm$MH
instanceKlass java/lang/invoke/LambdaForm$MH
instanceKlass java/lang/invoke/LambdaForm$BMH
instanceKlass java/lang/invoke/LambdaForm$MH
instanceKlass java/lang/invoke/LambdaForm$DMH
instanceKlass java/lang/invoke/LambdaForm$DMH
instanceKlass java/lang/invoke/LambdaForm$BMH
instanceKlass java/lang/invoke/LambdaForm$BMH
instanceKlass java/lang/invoke/LambdaForm$DMH
instanceKlass android/animation/Keyframe
instanceKlass android/animation/PropertyValuesHolder
instanceKlass android/animation/Keyframes
instanceKlass android/animation/AnimatorInflater
instanceKlass android/graphics/drawable/InsetDrawable$1
instanceKlass java/lang/invoke/LambdaForm$MH
instanceKlass java/lang/invoke/LambdaForm$MH
instanceKlass android/graphics/drawable/InsetDrawable$InsetValue
instanceKlass androidx/recyclerview/R$styleable
instanceKlass androidx/recyclerview/widget/ChildHelper$Bucket
instanceKlass androidx/recyclerview/widget/RecyclerView$5
instanceKlass androidx/recyclerview/widget/ChildHelper
instanceKlass androidx/recyclerview/widget/OpReorderer
instanceKlass androidx/core/util/Pools
instanceKlass androidx/core/util/Pools$SimplePool
instanceKlass androidx/recyclerview/widget/RecyclerView$6
instanceKlass androidx/core/util/Pools$Pool
instanceKlass androidx/recyclerview/widget/AdapterHelper
instanceKlass androidx/recyclerview/widget/OpReorderer$Callback
instanceKlass java/lang/invoke/LambdaForm$MH
instanceKlass java/lang/invoke/LambdaForm$MH
instanceKlass java/lang/invoke/LambdaForm$reinvoker
instanceKlass java/lang/invoke/LambdaForm$MH
instanceKlass java/lang/invoke/LambdaForm$MH
instanceKlass java/lang/invoke/LambdaForm$DMH
instanceKlass java/lang/invoke/LambdaForm$MH
instanceKlass java/lang/invoke/LambdaForm$MH
instanceKlass java/lang/invoke/LambdaForm$BMH
instanceKlass java/lang/invoke/LambdaForm$BMH
instanceKlass java/lang/invoke/LambdaForm$DMH
instanceKlass androidx/core/view/ViewConfigurationCompat
instanceKlass androidx/recyclerview/widget/RecyclerView$4
instanceKlass androidx/recyclerview/widget/RecyclerView$2
instanceKlass androidx/recyclerview/widget/GapWorker
instanceKlass androidx/recyclerview/widget/GapWorker$LayoutPrefetchRegistryImpl
instanceKlass androidx/recyclerview/widget/RecyclerView$LayoutManager$LayoutPrefetchRegistry
instanceKlass androidx/recyclerview/widget/RecyclerView$ViewFlinger
instanceKlass androidx/recyclerview/widget/RecyclerView$1
instanceKlass androidx/collection/LongSparseArray
instanceKlass androidx/recyclerview/widget/ViewInfoStore
instanceKlass androidx/recyclerview/widget/RecyclerView$Recycler
instanceKlass androidx/recyclerview/widget/RecyclerView$SimpleOnItemTouchListener
instanceKlass androidx/recyclerview/widget/RecyclerView$SmoothScroller
instanceKlass android/database/Observable
instanceKlass androidx/recyclerview/widget/RecyclerView$ItemAnimatorRestoreListener
instanceKlass java/lang/invoke/LambdaForm$MH
instanceKlass java/lang/invoke/LambdaForm$MH
instanceKlass java/lang/invoke/LambdaForm$MH
instanceKlass java/lang/invoke/LambdaForm$reinvoker
instanceKlass java/lang/invoke/LambdaForm$DMH
instanceKlass java/lang/invoke/LambdaForm$MH
instanceKlass java/lang/invoke/LambdaForm$MH
instanceKlass java/lang/invoke/LambdaForm$MH
instanceKlass java/lang/invoke/LambdaForm$DMH
instanceKlass java/lang/invoke/LambdaForm$MH
instanceKlass java/lang/invoke/LambdaForm$MH
instanceKlass java/lang/invoke/LambdaForm$BMH
instanceKlass java/lang/invoke/LambdaForm$BMH
instanceKlass java/lang/invoke/LambdaForm$MH
instanceKlass java/lang/invoke/LambdaForm$DMH
instanceKlass java/lang/invoke/LambdaForm$DMH
instanceKlass java/lang/invoke/LambdaForm$BMH
instanceKlass java/lang/invoke/LambdaForm$BMH
instanceKlass java/lang/invoke/LambdaForm$BMH
instanceKlass java/lang/invoke/LambdaForm$DMH
instanceKlass java/lang/invoke/LambdaForm$DMH
instanceKlass java/lang/invoke/LambdaForm$BMH
instanceKlass java/lang/invoke/LambdaForm$BMH
instanceKlass java/lang/invoke/LambdaForm$BMH
instanceKlass java/lang/invoke/LambdaForm$DMH
instanceKlass android/graphics/Interpolator
instanceKlass androidx/recyclerview/R$attr
instanceKlass androidx/recyclerview/widget/RecyclerView$3
instanceKlass androidx/recyclerview/widget/RecyclerView$OnChildAttachStateChangeListener
instanceKlass androidx/recyclerview/widget/RecyclerView$ChildDrawingOrderCallback
instanceKlass androidx/recyclerview/widget/RecyclerView$OnItemTouchListener
instanceKlass androidx/recyclerview/widget/RecyclerView$RecyclerListener
instanceKlass androidx/recyclerview/widget/RecyclerView$EdgeEffectFactory
instanceKlass androidx/recyclerview/widget/RecyclerView$OnFlingListener
instanceKlass androidx/core/view/NestedScrollingChildHelper
instanceKlass androidx/recyclerview/widget/RecyclerView$ViewCacheExtension
instanceKlass androidx/recyclerview/widget/RecyclerView$State
instanceKlass androidx/recyclerview/widget/RecyclerView$RecycledViewPool
instanceKlass androidx/recyclerview/widget/RecyclerView$ItemDecoration
instanceKlass androidx/recyclerview/widget/RecyclerView$LayoutManager
instanceKlass androidx/recyclerview/widget/RecyclerView$ItemAnimator$ItemHolderInfo
instanceKlass androidx/recyclerview/widget/RecyclerView$ViewHolder
instanceKlass androidx/recyclerview/widget/RecyclerView$Adapter
instanceKlass androidx/recyclerview/widget/RecyclerView$OnScrollListener
instanceKlass androidx/recyclerview/widget/AdapterHelper$Callback
instanceKlass androidx/recyclerview/widget/ChildHelper$Callback
instanceKlass androidx/recyclerview/widget/RecyclerView$AdapterDataObserver
instanceKlass androidx/recyclerview/widget/ViewInfoStore$ProcessCallback
instanceKlass androidx/recyclerview/widget/RecyclerView$ItemAnimator$ItemAnimatorListener
instanceKlass androidx/recyclerview/widget/RecyclerView$ItemAnimator
instanceKlass androidx/core/view/NestedScrollingChild3
instanceKlass androidx/core/view/NestedScrollingChild2
instanceKlass androidx/core/view/NestedScrollingChild
instanceKlass androidx/core/view/ScrollingView
instanceKlass android/graphics/fonts/FontVariationAxis
instanceKlass org/robolectric/shadows/ShadowFontFamily
instanceKlass androidx/core/content/res/FontResourcesParserCompat$FontFamilyFilesResourceEntry
instanceKlass androidx/core/graphics/TypefaceCompatBaseImpl$StyleExtractor
instanceKlass androidx/core/content/res/FontResourcesParserCompat$FamilyResourceEntry
instanceKlass androidx/core/provider/FontsContractCompat$FontInfo
instanceKlass androidx/core/graphics/TypefaceCompatBaseImpl
instanceKlass androidx/core/graphics/TypefaceCompat
instanceKlass java/lang/invoke/LambdaForm$MH
instanceKlass android/view/HandlerActionQueue$HandlerAction
instanceKlass android/R$styleable
instanceKlass java/lang/invoke/LambdaForm$BMH
instanceKlass java/lang/invoke/LambdaForm$BMH
instanceKlass java/lang/invoke/LambdaForm$DMH
instanceKlass android/text/TextDirectionHeuristics$1
instanceKlass android/text/TextDirectionHeuristics$FirstStrong
instanceKlass android/text/TextDirectionHeuristics$AnyStrong
instanceKlass android/text/TextDirectionHeuristics$TextDirectionHeuristicImpl
instanceKlass android/text/TextDirectionHeuristics$TextDirectionAlgorithm
instanceKlass android/text/TextDirectionHeuristics
instanceKlass android/text/method/PasswordTransformationMethod
instanceKlass android/text/method/TransformationMethod2
instanceKlass android/text/method/ReplacementTransformationMethod
instanceKlass androidx/appcompat/widget/AppCompatTextClassifierHelper
instanceKlass androidx/core/content/res/ResourcesCompat$FontCallback$2
instanceKlass java/lang/invoke/LambdaForm$MH
instanceKlass java/lang/invoke/LambdaForm$MH
instanceKlass java/lang/invoke/LambdaForm$reinvoker
instanceKlass java/lang/invoke/LambdaForm$DMH
instanceKlass java/lang/invoke/LambdaForm$MH
instanceKlass java/lang/invoke/LambdaForm$MH
instanceKlass java/lang/invoke/LambdaForm$MH
instanceKlass java/lang/invoke/LambdaForm$MH
instanceKlass java/lang/invoke/LambdaForm$BMH
instanceKlass java/lang/invoke/LambdaForm$BMH
instanceKlass java/lang/invoke/LambdaForm$BMH
instanceKlass java/lang/invoke/LambdaForm$MH
instanceKlass java/lang/invoke/LambdaForm$DMH
instanceKlass java/lang/invoke/LambdaForm$DMH
instanceKlass java/lang/invoke/LambdaForm$BMH
instanceKlass java/lang/invoke/LambdaForm$BMH
instanceKlass java/lang/invoke/LambdaForm$BMH
instanceKlass java/lang/invoke/LambdaForm$BMH
instanceKlass java/lang/invoke/LambdaForm$DMH
instanceKlass java/lang/invoke/LambdaForm$MH
instanceKlass java/lang/invoke/LambdaForm$MH
instanceKlass java/lang/invoke/LambdaForm$reinvoker
instanceKlass java/lang/invoke/LambdaForm$DMH
instanceKlass java/lang/invoke/LambdaForm$MH
instanceKlass java/lang/invoke/LambdaForm$MH
instanceKlass java/lang/invoke/LambdaForm$MH
instanceKlass java/lang/invoke/LambdaForm$MH
instanceKlass java/lang/invoke/LambdaForm$BMH
instanceKlass java/lang/invoke/LambdaForm$BMH
instanceKlass java/lang/invoke/LambdaForm$MH
instanceKlass java/lang/invoke/LambdaForm$DMH
instanceKlass java/lang/invoke/LambdaForm$DMH
instanceKlass java/lang/invoke/LambdaForm$BMH
instanceKlass java/lang/invoke/LambdaForm$BMH
instanceKlass java/lang/invoke/LambdaForm$BMH
instanceKlass java/lang/invoke/LambdaForm$DMH
instanceKlass java/lang/invoke/LambdaForm$MH
instanceKlass java/lang/invoke/LambdaForm$MH
instanceKlass java/lang/invoke/LambdaForm$reinvoker
instanceKlass java/lang/invoke/LambdaForm$DMH
instanceKlass java/lang/invoke/LambdaForm$MH
instanceKlass java/lang/invoke/LambdaForm$MH
instanceKlass java/lang/invoke/LambdaForm$MH
